0
0
441128148342
441128148342
0
0
0
0
441128148342
271725465452
312748942786
0
584474408238
196711196174
0
1020654243502
905727744680
905727744680
271725465452
0
509460138960
0
6976888140
1304172162405
216998183518
553918048626
473314234032
816411970660
441128148342
6976888140
13695068520
456496496504
0
673494680022
0
1235719823228
1063179549376
176085854306
0
730776136872
846181365858
846181365858
2972838071205
656593916186
211563977746
356344847214
784215171898
394530302544
1308079036162
1005225400880
146387402280
313073459592
846181365858
1181782183976
0
0
0
983747662292
0
1348062452756
0
509261500750
2314996656040
827147361560
1056202661236
1005225400880
0
983747662292
1099650417488
982575734782
380290397966
0
1222957251522
0
221010228982
2314996656040
985430768470
509261500750
0
1732220063620
774474757560
415806017158
509261500750
0
976755858418
1063179549376
509261500750
394184359594
1241218753810
981136165732
983747662292
447540368312
1596493235900
541498027154
518940761302
342280418510
336235567634
0
921788425120
179776061232
1348062452756
0
0
179776061232
1063179549376
0
681488863624
944284537186
197540209294
839687458714
1359685243120
402786510032
402786510032
1383922675764
0
944284537186
1851778153234
402786510032
359257118466
850326878344
402786510032
973186264502
2085444537650
0
0
2115633528168
1408011910912
1383922675764
1165294766168
0
402786510032
2115633528168
101975054100
2085444537650
0
101975054100
0
0
1383922675764
1636855797408
359257118466
101975054100
0
402786510032
0
402786510032
0
0
1359685243120
504761564132
0
1080607485630
549325265384
402786510032
0
0
402786510032
1383922675764
2695034850436
27432159990
402786510032
98290840725
858314812654
2009444665748
851512458312
0
0
181632547334
1641166022205
724350525562
0
1001483808730
0
0
846024687180
1641166022205
1847874140305
977779849550
402786510032
1001483808730
2574308795690
1405830109585
724350525562
0
193242392736
219588961430
240944966016
1190554850810
517658317308
1824000943050
1452958158110
1001483808730
0
181632547334
517658317308
402786510032
1713520602538
749711938010
0
1162616753080
30657687418
846024687180
2020390747064
1647321406004
765374449274
0
0
60071765728
2531645399967
791959383820
724350525562
791959383820
0
718364596582
866119731984
2256422934880
0
193242392736
0
2178861632734
1708339493092
219588961430
956564395966
359257118466
0
1104564146512
0
30657687418
223022720124
2371819682684
2297048243038
0
846024687180
2267077084984
402786510032
477905991070
223075619988
0
0
954071821214
1286311859370
95757008560
1753891475236
318832628548
95757008560
1040041545746
30657687418
979109601094
1519404201678
30657687418
0
1503768919472
0
109596512072
0
300933317126
109596512072
2143065688158
318832628548
0
0
2148079405854
0
1420331943712
486876536806
0
1647321406004
0
95757008560
0
0
0
0
1207439744712
1905118092344
181632547334
288999401296
2597981560164
0
1601941725768
0
0
0
1288745512226
1292290646302
2096712639368
30657687418
2299949253660
0
0
814121605142
460548269610
0
2710563925501
0
453703062980
1034066329838
724350525562
2230011641376
0
0
95757008560
0
109596512072
0
411386874958
1405830109585
2073322250304
0
350275494868
0
165918256222
351076297000
529082469462
30657687418
691785911328
486876536806
529082469462
437740732000
295104959580
901091216394
855313360900
498543518592
0
719553747574
724350525562
564579787156
0
95757008560
529082469462
0
1008923716413
875136340317
0
0
1288745512226
318832628548
603462435602
564579787156
1183228486374
0
0
201260680750
10343917394
0
1109186390702
4058003027280
437740732000
564579787156
95757008560
0
1482200174030
95757008560
1405830109585
602548699836
318832628548
49727848334
613415325868
95757008560
1585476180482
1382386689066
1273961472866
1382386689066
0
802769766224
1168882752532
2736340231258
1964494401148
1070350165568
350275494868
95757008560
74730692042
613415325868
1951453021500
49727848334
0
0
1185584431780
429918704006
10343917394
291072827106
979109601094
430710132200
0
1144514977512
1016964951296
27432159990
529082469462
763694282482
0
0
1185584431780
0
229932878824
868861385660
1717866916660
1986138377612
10343917394
1131344148244
1569819025754
613415325868
27432159990
10343917394
2148079405854
10343917394
868861385660
12453170200
520811085122
95757008560
939914496566
1592674025732
429918704006
95757008560
388551961990
1099775403328
1109186390702
429918704006
318832628548
10343917394
95757008560
95757008560
608140923420
939914496566
1292290646302
0
0
0
674217812382
0
362427514734
95757008560
95757008560
1728692269473
318832628548
144155543210
109596512072
3576348843162
0
613415325868
0
488659370538
0
1585476180482
0
30657687418
0
142110239214
0
2575854994112
0
30657687418
430710132200
34928632122
796745002358
0
613415325868
0
0
373866125790
142110239214
429918704006
0
388551961990
0
0
1413770187112
1924265261034
10343917394
979109601094
95757008560
538515775736
0
498543518592
1951453021500
430710132200
608140923420
3576348843162
373866125790
3068723764160
1053921223278
388551961990
1220996824496
0
376774278460
0
291072827106
142110239214
429918704006
1242595383562
939914496566
159427473724
142110239214
30657687418
3314653491370
373866125790
145453164056
290807678574
0
429918704006
1086907664722
826580015122
0
132650150260
952916594950
10343917394
579367843918
95757008560
93979084986
373866125790
572759664006
30657687418
131215937746
290807678574
10564918770
1892749404342
1244582942904
1234476009684
0
373866125790
373866125790
0
0
1944122155606
75554386658
245323545886
734694442956
373866125790
1068619558062
0
1109186390702
0
535464782106
544635618116
846024687180
373866125790
4058003027280
0
0
734694442956
409763398172
2736968938890
753276712718
845731416834
2174870502492
75554386658
4058003027280
376774278460
388551961990
2243021150214
1036063425010
388551961990
448878609556
376774278460
1244582942904
1109472072622
0
1310941097637
2087976840044
887716392380
11346482382
55374530034
11346482382
11346482382
142562420128
390967790518
549862258118
11346482382
365879583493
89257298502
3587695325544
11346482382
388120760842
11346482382
105325567368
385212608172
11346482382
634734100164
172130869803
11346482382
1098254147104
231442529220
698688700720
937918294150
864595096903
302419309488
864595096903
295079516034
245717697660
596810064268
1108595832608
298498325136
705753078948
571091995798
256670028268
705753078948
1252160817724
590051901348
558090790170
222943938478
5039376433810
0
68176204696
141173291792
590051901348
2279834568224
705753078948
646415605030
590051901348
590051901348
692835346006
302419309488
2879745620458
0
596810064268
313112294478
1578826487416
797974773748
381631763856
705753078948
754588617660
685808909908
402181667842
1030698854206
876605857602
16864993684
222943938478
141173291792
1125824237896
938638748242
701142440586
152072949796
511636718438
1212333633430
543202298358
594941403848
57832287302
677892842456
222943938478
222943938478
0
642578093364
399898444372
236344652416
222943938478
467067620300
2279834568224
2409814038910
1186412016592
2270566868188
1753129954368
402181667842
2079841499842
511636718438
3293817012708
1256942865238
1151430711866
610927661274
822607697300
222943938478
571883423992
222943938478
590051901348
0
1761480793992
546121610478
859692781540
402181667842
1065267705660
642578093364
411173506274
1176436361048
864595096903
786294281903
596810064268
1935749889838
0
0
908884529896
222943938478
0
571091995798
399898444372
694169123470
2627940219634
21690399776
1847457598258
1499611351710
1581921226090
1581921226090
0
596810064268
378913768214
1120818555004
596810064268
222943938478
3337391093934
0
0
222943938478
2090334162262
644013821482
1034118109686
0
629248353528
222943938478
222943938478
0
642578093364
129826809410
0
1030698854206
222943938478
0
222943938478
222943938478
642578093364
685564294764
685808909908
222943938478
236930300352
222943938478
411173506274
792526730258
205540999392
701142440586
222943938478
306451441962
937918294150
1108595832608
180549187928
0
141173291792
590051901348
2409814038910
222943938478
1499611351710
1300091994608
222943938478
1266855172380
1383567805254
222943938478
590051901348
524280717062
115761438630
0
791615226382
590051901348
372290411450
3337101840990
435070798882
596810064268
152072949796
0
3518605831460
222943938478
435070798882
222943938478
372290411450
772502844546
988174323662
1080199496138
2703950266501
222943938478
0
222943938478
464873672430
938638748242
180549187928
1452077900694
0
0
2446349631832
222943938478
260653505540
0
131332442404
692835346006
57370732450
298498325136
0
1810603353758
222943938478
429845051636
372290411450
3298753507010
429845051636
429845051636
546121610478
397218837238
0
516429853070
684941151076
312701626718
655499397330
3235359349828
0
222943938478
685808909908
429845051636
933062594266
429845051636
660251983896
222943938478
0
0
644370301034
1256605403470
0
642578093364
0
579955277366
452323802542
407210116012
222943938478
1401721998514
0
751115796820
152072949796
559742388770
57832287302
312701626718
428683129702
1377619372026
0
933062594266
847625845066
2114958158254
59916872562
0
0
435070798882
3482377933632
2129317674920
850244155154
57832287302
222943938478
0
0
546121610478
222943938478
260653505540
236930300352
428683129702
1842118533314
3032673384124
0
2038449579480
0
0
884222145396
16864993684
0
652461795040
251422854878
792526730258
0
0
87728900230
0
1240948695120
59916872562
222943938478
1189945544840
1059446490162
0
0
0
0
2235595568156
222943938478
105325567368
59916872562
222943938478
218792176700
464873672430
0
559591959384
642578093364
397346054968
222943938478
592582418230
428683129702
222943938478
1120818555004
0
618392886946
1346823401776
422445889908
382371412202
2860828120818
354544207682
0
745173612884
0
0
612897973766
652461795040
760504911672
1120818555004
0
1277157985724
1706451314152
0
0
0
222943938478
0
559591959384
2114958158254
1991175753342
1010781914224
0
488706240228
610927661274
1091261635734
592582418230
222943938478
59916872562
59916872562
642578093364
1029222711408
313112294478
117287605012
222943938478
416282608138
1035299672252
1034942123474
1581921226090
979581127412
0
1097264973456
559591959384
298498325136
2685310952084
0
671133786780
222943938478
588337809828
584298535306
1724867084920
1711954708514
847625845066
596810064268
0
3086887653460
0
0
139735061876
5206037466474
326584428896
755471553344
205540999392
528187035194
222943938478
0
819620902425
760504911672
772502844546
222943938478
4330246582082
883828886378
172130869803
0
443872033908
3631551964044
3861564744530
0
2004732486826
1676174833546
1582266722662
509378005408
0
0
1004800895402
483423802976
3232114205314
131332442404
2295865787716
652461795040
668152874496
0
751115796820
683002977800
0
0
1200075544920
103195541780
222943938478
1004800895402
0
0
260653505540
0
0
1325745338268
0
3702024783550
429845051636
1319853595046
692929978142
0
3032673384124
509378005408
1313946674972
72165931260
1292899059516
879317790310
0
0
1175138293824
1256605403470
0
184872358858
668152874496
755471553344
443872033908
2105423970552
716410353698
0
0
0
832592726782
427714935820
222943938478
1521355766294
1703346755162
1744702784106
528828480380
429287525514
397387568122
1842118533314
586454541046
428683129702
0
0
509378005408
4646503366232
0
0
428683129702
932153768658
378913768214
845895237560
716410353698
0
603796819386
245314618326
2523423042824
722146310998
0
1056513786702
1066793872042
0
386501301458
1419601222926
0
222943938478
0
442339618234
1109066761398
1416008706735
272542783570
0
1419581186604
0
0
0
222943938478
0
0
0
443872033908
0
668152874496
945079982782
586454541046
394570922942
1619324577844
0
646457564562
2463604373422
921217061280
982908732770
668152874496
380122559838
26747862516
0
0
733693663480
1007920220488
1483143577604
0
0
559742388770
0
1034923821976
2010547477661
152931334690
816269129700
1651783363789
760504911672
741511974150
124478308214
1034118109686
222943938478
167037772246
824850746750
883828886378
1641417164198
652461795040
1842118533314
854462124136
692929978142
222943938478
2906841657814
428683129702
3184169167166
743668426268
444348765612
592721241788
309239518950
85569323466
2004756646465
1165659010616
245314618326
1314692126232
592582418230
1553168233598
631911891054
0
2434498277362
394570922942
146149067358
655527072766
1138108323714
0
0
875900893072
146149067358
146149067358
784161584304
1481294679928
3904321346588
327206679828
448575518894
1494425178532
368826601990
0
488325479794
989281225098
338076007786
146149067358
1082678233172
0
982706077158
636446198778
1034118109686
596810064268
873700569558
751115796820
1132339571184
1536470571752
261128607516
668152874496
59916872562
595620020520
327206679828
2137810033586
586454541046
0
146149067358
4908571126210
861595244576
606956682586
522142184318
1306869351782
146149067358
0
1763316746706
0
0
1122737087648
0
321955042658
146149067358
235955410800
3081635671576
0
0
829152045158
655527072766
0
222943938478
427714935820
668152874496
1555802756554
146149067358
146149067358
588294957540
146149067358
1568155374948
1060246399538
1049352990826
872050310092
1874587631911
364941244058
1840416494
5850085838490
0
2641550623882
699497091278
668152874496
1840416494
0
572521298154
2093571295518
1513618696420
1711427982474
428683129702
146149067358
3483207306214
1463805075034
93537617144
655527072766
374539710192
0
374539710192
0
518848361056
372699293698
599749463398
818134989740
1599133620966
374539710192
327206679828
473224065676
372699293698
518848361056
0
961156286452
2731834192810
778868902592
884222145396
2145391317538
1626510370888
222943938478
0
854990189310
748337986526
372699293698
374539710192
1258970760492
0
759200595156
1219225999750
518848361056
327206679828
1786940409600
782464477382
2298240340342
289926528402
1950332166342
724594247950
289926528402
595620020520
1031438502552
2095379126418
1977564348988
2271683222148
1082678233172
3348650567085
1513618696420
955542190346
1561291866820
2065886039202
4748670284324
498909548552
372699293698
737640537756
0
644086404626
4118753332112
1176129699362
1022415238746
816571327606
327206679828
2790539655426
289926528402
2582613634602
0
0
985392379962
585753934656
1073308216536
392154232450
372699293698
2116072764120
693936560532
1186263819096
26747862516
1144388652538
770568278922
3108659052283
767861840540
327206679828
1889648862754
815038911932
518848361056
519589794914
327206679828
327206679828
327206679828
1161103276748
512870466880
327206679828
372699293698
0
1097509588600
0
327206679828
518848361056
372699293698
1332204874306
512870466880
1769685221632
0
810630482804
1174832524894
512870466880
374539710192
1686182628306
438032516912
374539710192
1615113894170
1716330105670
372699293698
0
958079402898
466192719420
0
99983648160
323137016804
1041952489964
1026202934990
852201367556
327206679828
2731834192810
0
0
916067198294
374539710192
518848361056
793868096148
0
516191072822
1547451470552
0
1204500592286
1839299123990
2401228850836
1463720270572
540427834732
518848361056
2850629722652
682204407558
394570922942
0
854990189310
458268617164
2790539655426
516191072822
1514468155504
321955042658
518848361056
327206679828
1316022779050
0
444865224958
787155017406
2594988486261
518848361056
0
808803301061
516191072822
949417437808
839759505687
793868096148
810630482804
759200595156
759200595156
0
3032246430681
1294727423804
1647060274874
327206679828
518848361056
2030553434990
518848361056
372741699608
1909473402490
0
512870466880
0
0
466790419562
1144437307740
0
0
518848361056
854990189310
518848361056
521214610834
0
0
723951910008
958079402898
327206679828
518848361056
0
1667964846032
1762659678290
2474492871976
0
518848361056
240550425932
970453001058
680849203950
1887087545790
692566180072
837572966128
1977564348988
0
518848361056
289926528402
327206679828
0
4120692385262
0
1547451470552
0
289926528402
717641464222
0
240550425932
1118642908632
2682352358700
0
1722137906157
1369412712496
903343193404
518848361056
327206679828
1352210285619
1160951061850
1695852514920
518848361056
2564294663068
518848361056
518848361056
1452617125318
988179616874
512870466880
518848361056
0
0
642165025269
104035981326
508207602292
0
1840376766358
805561860614
982706077158
289926528402
0
1947630685130
0
897290685774
0
756714269696
403688193592
1890015785470
1105557783940
518848361056
0
0
900098025344
1205161678104
703720719914
1702949478742
717641464222
521214610834
0
289926528402
0
624861350544
0
1186594585194
240550425932
2419366974488
1698022358378
902209393284
1374559004458
0
756714269696
372699293698
1219225999750
512870466880
878261213584
588424853538
1075528596746
3290051367900
0
289926528402
0
0
0
102504904786
0
327206679828
504031736102
1390236246196
1964648847936
1938512523280
599749463398
0
1132339571184
590687989998
140327405482
0
0
1845729284956
533665432388
327206679828
0
0
1250491364004
1986023212088
0
2623751408482
806196108618
327206679828
924049329690
0
1425859442486
0
289926528402
1294479237636
1105557783940
1173853347970
901764354418
57882804896
684292117464
1653729834994
240550425932
0
53662224026
838546962924
906087525348
1115005820688
1935170044816
53662224026
57882804896
760031750992
53662224026
588424853538
1720272516166
518848361056
2408763913172
1082004648770
432825071164
756714269696
3349600871368
1294727423804
53662224026
958079402898
53662224026
289926528402
954570871818
2354266314212
2019670739350
5188272692198
289926528402
2068835539302
793868096148
432825071164
730911389406
518848361056
432825071164
432825071164
2830132491270
518848361056
1005346369318
672297940604
982908732770
1005346369318
1258281106482
1585396347517
240550425932
0
126574321040
3435731291980
432825071164
1487249808826
684292117464
1524598256086
2361126697694
760031750992
1028445091684
793868096148
3191251400514
432825071164
432825071164
432825071164
0
445849042070
372699293698
974045897580
0
1099509808418
3056576479646
46735273236
0
726843546692
285439090368
958079402898
0
0
432825071164
512870466880
512870466880
0
1359258505752
1544678570416
3146840220013
482440878620
477668205044
1812887947426
518848361056
518848361056
1861321609521
2702503647132
518848361056
0
0
1493725414472
1890015785470
822364867668
2242352653942
53662224026
4196189449704
432825071164
512870466880
3480508375341
0
518848361056
1294727423804
394570922942
0
848411470346
742765403574
756714269696
1065348500078
477668205044
826522878738
432825071164
432825071164
644086404626
372699293698
2097528310446
432825071164
0
2414779547782
681878105240
53662224026
1186263819096
1452064509354
392154232450
518848361056
726843546692
394570922942
588424853538
950892270720
954039681998
1032574534562
432825071164
477668205044
0
432825071164
2073406169368
1452064509354
432825071164
1895920920032
2872918268948
518848361056
1268211231470
518848361056
760031750992
953759943605
793868096148
1841997564876
102504904786
372699293698
1365599751620
185066533288
477668205044
648107377650
711175232514
1651462008332
1032574534562
2908415586642
1075528596746
756714269696
1683316435168
1489122810914
958079402898
2612447332010
628572537236
289926528402
1188622034070
518848361056
432825071164
2989892214805
576994005714
432825071164
3268289720114
518848361056
960526447094
824415974578
975767131148
1770791346316
432825071164
2157707779314
0
1420150267866
805566770772
2681367202454
1258108710198
151221260572
726694010062
1001330836972
1215273775524
759200595156
954039681998
432825071164
518848361056
53662224026
1324210244326
432825071164
0
1510545205152
243797379504
432825071164
1151161992310
955542190346
874222831818
538386326116
905328236370
462701150704
2684663409446
1137093050506
518848361056
298234515738
1685129176226
1102904066730
1359258505752
2409993929244
3057163913094
1614874710552
53662224026
661894208558
432825071164
2014892709238
5402120567738
2705152007806
1219980088570
53662224026
432825071164
906087525348
1815163105028
185066533288
53662224026
1935229971942
1456354648312
432825071164
0
2356951277882
737640537756
0
1136818528036
432825071164
756714269696
5615780736572
432825071164
0
1770791346316
1685129176226
935186014412
788238376812
1910289567486
2659601811174
872059237652
1383261042346
954967255482
1713986174792
788238376812
1028211635990
53662224026
0
3232117539340
518848361056
2135774549906
26747862516
381041248360
1069372266319
445849042070
4392636720738
1841997564876
1147246989912
445849042070
26747862516
599208006884
1306525640722
1399166038086
231013113584
53662224026
1125391251236
3659466003304
243797379504
432825071164
418075849288
0
756714269696
1931633473338
310570171768
1888417248585
2198375493382
681331738568
1462090159234
508336681486
518848361056
1186263819096
432825071164
432825071164
0
366963336398
793868096148
1186263819096
231013113584
2198375493382
1653729834994
2624631219520
372699293698
760031750992
102504904786
661894208558
518848361056
1773480327388
1477885691142
788238376812
0
2548897835284
432825071164
1011182315290
518848361056
737640537756
756714269696
0
1224396106124
902209393284
346880790178
2478523218938
2371337594444
990117737470
1115301769302
432825071164
1796938384044
0
506892572704
571877174700
760031750992
366963336398
306086304758
518848361056
1044739227818
3632551850764
2494008071758
3505212292842
518848361056
1005346369318
710822147516
681900424140
0
906834315742
1194408432084
647280239216
432825071164
661894208558
2320146072648
760031750992
498311848410
0
1370705869562
1115005820688
0
0
1163840913022
432825071164
872059237652
783820573746
0
2371337594444
924453301780
57961736922
0
1651462008332
4237144961840
366963336398
788238376812
366963336398
760031750992
1841997564876
1125391251236
1797748113736
0
2088634354838
518848361056
0
432825071164
657495153368
0
805566770772
1514927923094
432825071164
2594911339713
1602575936586
728865639032
0
531082242902
523247416246
53662224026
1047246086666
2445709079402
3063294914924
987626948230
1845474403118
873533582214
432825071164
290531816970
0
788238376812
1322695683772
5440610849922
458008378790
243797379504
1156288689506
1605297595572
231013113584
1715005702144
2000859924052
2494008071758
0
467524553170
53662224026
0
961929413148
987626948230
432825071164
1318758183434
1005346369318
760031750992
545525903766
0
67023742491
0
1344376709610
657495153368
2879498773424
0
657495153368
53662224026
138402623546
437794652236
1415378487046
0
1415531148322
1149728226174
1426541954448
0
556738132937
657495153368
599208006884
1047246086666
781771200523
809380178026
760031750992
651009433344
138402623546
2548540449264
644199338260
2052825465300
0
1164342641894
45359593226
440302795420
987626948230
498311848410
432825071164
0
166341868944
2361126697694
3941946900714
0
0
432825071164
0
548416507141
2118613547696
2896430783720
987626948230
890267889028
1713488016944
1693104165574
1011182315290
2340848086948
389663443210
0
987916647552
803950903870
1440035283868
1938367742942
553584604260
2122992515876
0
1009120048930
445849042070
1739127076508
64412345400
1252888860242
3359010973252
1725677707368
1028211635990
2188903042147
1534689077154
432825071164
0
1614874710552
1624840435932
576684794434
0
789952468332
2329497245370
987916647552
2575208247360
1711344509788
3487107312581
0
0
1501232153298
231013113584
1383261042346
1931158445730
751866604616
760031750992
300206167364
0
0
3225317786826
1812823191552
995023603946
2907412222523
2143547330020
1167636465156
553584604260
471429626116
828682901880
1900127364438
1732689859370
204508080700
1568651596528
1266315464104
760031750992
794563553072
306086304758
1870765734220
1870765734220
1151109193728
2508977804366
1020612496918
1384663216866
0
1623902630612
0
306086304758
2011484397642
7428037118536
2528305971766
1172789006410
231013113584
1186263819096
3353362747339
1189103675932
432825071164
0
0
663231110668
579212504374
306578213314
731813451408
820214664842
64412345400
531082242902
1636782867802
0
3015730898307
432825071164
760031750992
432825071164
429845051636
657495153368
458008378790
440302795420
1482830666626
2538413755198
2781169288450
1164342641894
788238376812
1225782556192
464578754136
987916647552
1410745083406
0
646257140840
760031750992
1752277818766
760031750992
782813991356
1276454831864
0
0
1594232777708
987916647552
0
0
898995025306
1611582597812
2829020857590
2262263791010
0
0
5142322820736
1128104783098
530528734182
755858069044
6772893394
94155404296
1137093050506
458008378790
57961736922
1161123810136
0
231013113584
57961736922
883295464668
0
987916647552
306086304758
2781169288450
53662224026
1362702758400
1318940305658
1318131022344
866835275918
2284061321506
2605925749430
298972378572
1917145301176
2257348722852
1348319580332
0
4358445232023
782813991356
0
315720481132
432825071164
2239079364068
1364212855174
3225317786826
1957287181960
0
0
751866604616
1225782556192
0
225143689262
3309262103230
2334313217612
432825071164
0
1023513061162
1240806746916
1133435429174
432825071164
1872498127238
766783218242
1378623722526
67023742491
586806286910
306086304758
0
432825071164
1092082971254
1370705869562
560100830304
1157419319114
359632916882
215516208558
1692185519650
1195911833188
588040075702
3349102713520
0
1710063851306
0
0
2017195858258
432825071164
231013113584
458008378790
560100830304
1245182144072
0
1477885691142
2830132491270
203816641178
4887036710700
645473329120
2281240658924
1938941938916
1304094219756
1071291659520
545525903766
0
2656829034066
41516725024
3443469597664
657495153368
788238376812
2450764310252
2494077260348
560100830304
568756992480
1829065101460
0
2545437066650
0
0
231013113584
431140440592
1266315464104
984138950538
2026224461146
0
1392363683744
306086304758
727450620772
688258185994
1661225634326
0
883295464668
3835454756176
760031750992
290378262938
3607386844636
0
3722876439064
0
922789204596
1861573472066
1483912686898
0
555627676366
1344376709610
657495153368
1060999885602
0
788238376812
1801045508022
1392363683744
657495153368
1408795750680
1249975797414
657495153368
0
1601515881156
0
2414779547782
962061987414
679621357347
1524598256086
432825071164
1225782556192
324399408586
985392379962
0
0
688258185994
0
306086304758
1006510969520
514449752244
53662224026
0
2473321785277
0
1657256887528
0
1108727010809
1217810988225
431140440592
2179928029776
1864932020138
0
809461418822
0
688258185994
298759456266
348416330498
432825071164
823440638648
35658013774
1995978780622
0
794563553072
0
987916647552
1507815782420
1607657596058
0
860346725310
0
170522198914
89230069444
1805223159724
0
657495153368
0
1011182315290
0
788238376812
1856985598982
256916875302
0
760031750992
306086304758
1260350961268
2667858465040
760031750992
1741270583664
0
3314935602266
987916647552
586806286910
0
1387286580372
1144208315826
1296259393100
0
1471334394858
688258185994
1379683870276
794563553072
1266315464104
456000570546
134778034186
711175232514
1844749485246
0
3001665289976
2396551702152
2137093150518
1888930640552
0
1594232777708
3239069643764
1433996467048
1848141958046
1175495842602
0
1591804481388
0
432825071164
1849906936658
586806286910
1125391251236
5440955900116
1519599268864
4208940567910
1249975797414
1683236087128
987916647552
1382280451102
94155404296
1239529659458
1356214654170
407307426416
1391688760208
657495153368
1245450549690
987626948230
1393373390780
1225782556192
1249975797414
348416330498
0
0
1175495842602
88612282292
0
1186594585194
0
131023548828
4887036710700
38035519704
995720674126
1386375076496
1507815782420
1107972688920
888171251562
156970609212
1408795750680
0
615216907476
0
0
788238376812
946838712102
2130847429542
432825071164
0
2908415586642
354790608338
2090843479560
421698206758
1918425513280
1212611280546
256916875302
0
938166095010
0
1819711696848
1276970506964
389663443210
60009272808
131023548828
0
946838712102
1720558198086
0
2214909334502
4551012753612
0
0
1740884913072
0
6432396467303
0
1406215239462
3294547103037
329785405534
644199338260
1866744314818
1636782867802
0
560100830304
568756992480
788238376812
290378262938
1416519875592
1339044724400
1161313074408
1087093804348
1551467979796
1322347062554
0
1584370502176
0
1850828707228
1590428744392
3100734482842
0
1326619792770
2318577946734
1720558198086
7976492952138
788238376812
389663443210
346880790178
987916647552
860346725310
0
0
231013113584
506622067636
665495586262
2141556484140
850423295992
2614563610108
1844749485246
1943011567142
407307426416
615216907476
958561663938
839210601408
0
443467169062
0
1584370502176
359632916882
407307426416
362664269880
0
0
1344376709610
615216907476
1050037288300
131023548828
42242535652
89230069444
815167022418
37780069382
0
181955278628
0
347771760666
0
1920546255158
1151309743428
946838712102
1387286580372
2862019950078
0
42242535652
976451875000
2504560890136
809461418822
3554251682238
615216907476
788238376812
1612649261210
820214664842
4621596495522
530671128764
286373805900
1998062026748
1821351689620
2722368807266
0
256916875302
1092082971254
432825071164
2044154126272
158972168164
1225782556192
124261814884
131023548828
286373805900
134778034186
0
1309335340764
2248031474858
285589966132
347771760666
432825071164
3053200239420
0
3124175963966
0
1045347194654
0
1107972688920
181955278628
1786863632584
131023548828
946838712102
1376220869752
348416330498
631775745764
286373805900
0
2876225483550
388751939334
0
131023548828
344144046660
788238376812
3050094624708
459249756008
809461418822
644486805692
0
1871192917966
576684794434
568756992480
1350259753786
177762559488
0
2447315593824
788238376812
568756992480
366917359464
688258185994
1974402653614
971110515852
26338087512
42242535652
946838712102
647698495402
407307426416
0
1493352381001
42242535652
889367779243
1722171411848
131023548828
4239598701706
688258185994
615216907476
2108890542100
4551012753612
834381809806
1207718084910
3439981579665
0
688258185994
139460539406
0
2540215975497
179096673916
0
89230069444
2981351361663
530671128764
1216226942346
1337656488820
0
181955278628
2699970005604
2410685815144
2226639866398
946838712102
2614563610108
3310959758
42242535652
1276970506964
1239529659458
2398909024370
519875023920
2126680490912
987916647552
1426482586174
93342996336
388751939334
0
946838712102
0
2907602763168
1933177413424
954039681998
1238262838694
946838712102
0
0
2068835539302
1691770834488
0
42242535652
936183669242
2893645831378
1658462554506
1819711696848
615216907476
2449029685344
344144046660
1195911833188
468357652720
1360861449150
665495586262
181955278628
999000659670
0
407307426416
2234194649614
1425154611624
0
1028211635990
1480714388528
1802184218300
2940073605622
407307426416
2108890542100
387464585182
3552828739964
422115806267
560402135454
1009377609036
3807868149398
0
1908365492294
181955278628
6772893394
1357995702390
348416330498
456000570546
387464585182
2870760024289
131023548828
583286150002
1387286580372
348416330498
688258185994
363490515558
782063629938
1222054853514
174360156958
1983932823914
1107972688920
757016467602
1107972688920
1786863632584
256916875302
1938719196294
1107972688920
2239079364068
0
1011182315290
0
1796254532948
688258185994
2047977353842
3005616672026
174360156958
1083907111806
0
860346725310
407307426416
0
688438076328
432825071164
93342996336
152332741792
1428741705232
231013113584
0
0
139460539406
0
1774638678298
3068309525376
675137797440
124261814884
568990448174
533913172178
231013113584
53393259872
2620770496198
0
946838712102
1637568939460
3353428562718
2042348527262
0
1747996607368
0
0
521192738312
675137797440
235955410800
2529358531090
152332741792
760031750992
569148912364
3385152149080
1465100086088
760031750992
267339986240
1908365492294
1740884913072
1317479756842
788238376812
51534786478
399951116976
688258185994
575939214500
3189140032574
1255790317242
89230069444
51534786478
725683410270
188915650782
210506954642
1266315464104
2090843479560
443467169062
1928259149374
946838712102
1239529659458
836614146184
1720558198086
2434146103690
93777322130
1048229457400
286702786486
976451875000
1343291118314
51534786478
51534786478
5364892519
1906389823266
892379256968
231419111733
1011182315290
2538413755198
0
860996205300
51534786478
1908365492294
3518089818492
51534786478
51534786478
188915650782
308451661780
6134474650840
458842212894
308451661780
282547900062
51534786478
51534786478
188915650782
1501094222496
3006392432996
8087026129090
1782353429272
1035026042538
282547900062
3287110008504
1339599572254
1588791312826
1643274985754
644335037172
509243199252
211991607870
3755386148804
1980346176684
51534786478
1146760258852
3041635315230
513196769198
1214615517766
712826131856
476478974763
2181786747768
2020625988270
51534786478
1049927032934
51534786478
51534786478
1709031159646
211991607870
633316642620
1916152556504
51534786478
51534786478
3538114781950
1282978754844
1433417068404
3181372162618
1604700341808
1740432285780
845434575464
225894943436
74923940298
1429006407386
885879100532
490645752638
471442837130
490645752638
415025302036
190271300768
743940796124
51534786478
1156148861792
1537910587180
3974651039806
400396155842
1413410852822
885879100532
1028306714504
0
458702050202
470944501796
2975961951980
1965561690946
772201800784
3250594677346
637071574356
191974232838
755124271260
51534786478
4555160679448
1983083812958
1441859415518
2185914838096
0
892799745044
1097870163446
221816834028
1282978754844
2751547197992
1917104234400
51534786478
182558335306
225894943436
6312381119430
2135537523188
451576071810
1066573807688
490021269816
497498994072
1413410852822
188915650782
51534786478
287250492292
235959874580
1463694888144
93777322130
1438283927738
845434575464
1487362296082
51534786478
51534786478
51534786478
745454384646
630378136246
1974341499828
2383805824740
51534786478
746703387720
188915650782
399951116976
1879353600562
5787785023624
2027227360770
282547900062
286702786486
1188204670640
3763472286274
587042420872
108789738154
51534786478
291859791520
2059307766616
1601874769068
433216098292
31803539744
93777322130
1082575345506
1295087548228
144877782814
188915650782
399951116976
93777322130
1601874769068
490021269816
1140582833710
2803667144997
231419111733
225894943436
490645752638
2081683803000
845434575464
51534786478
51534786478
1341331518894
51534786478
144877782814
1302378342724
0
1676582376660
845434575464
1739514015200
484928989592
224678132560
2603865268582
2298290959390
2842068192612
0
225894943436
666751693954
766469860886
0
3393494112864
0
1004034910754
688971944416
0
1243790783846
1662078662684
435542174050
2485923719800
490645752638
644335037172
0
0
0
1959569477670
5271621513060
225894943436
1334166705616
745454384646
586763434622
1006889813752
490021269816
57196198652
281472575460
51534786478
0
644335037172
532804369226
726672583918
1845480652410
0
1446196424166
0
1716215832902
51534786478
51534786478
0
538981794368
490645752638
1045112846204
57196198652
908730083108
1582155997674
670108902892
235959874580
51534786478
0
93777322130
141878569032
51534786478
2141600675562
168996925288
0
93777322130
909368403648
1255107358902
51534786478
639574862180
51534786478
0
2013234861346
144877782814
947464087680
513196769198
612823875018
2233352334328
1491192665700
1780797355564
282547900062
1541628915920
0
777263727304
633316642620
182558335306
2245351867724
188915650782
1149279169906
914899027068
666751693954
979735431568
3880684007026
745634274980
1666148154714
210506954642
51534786478
258228629564
0
1361307380772
2704562342468
1889727527200
513196769198
845434575464
413924087510
225894943436
0
1548384684110
395694634240
51534786478
726672583918
209528940444
0
0
2509879179060
668985109501
225894943436
880636837300
3107054243020
225894943436
1851112157258
1015166238940
899434638067
188915650782
201631174490
535410323990
2115356773808
1140582833710
845434575464
6108517362524
268994971226
51534786478
51534786478
863585644078
5628426178934
1372564141176
3005279166264
385657647038
146426268096
51534786478
1945238993362
0
182558335306
661827698236
1491192665700
2259049423032
1446961516058
589848352980
1612936908664
917542923962
9177430892
2177772916792
57196198652
51534786478
51534786478
2085132518360
745454384646
1839549627924
524431657080
187903265478
2222499099636
2066705589210
190271300768
745454384646
182558335306
188915650782
379151241310
93777322130
3827693129056
2030513707348
2316397836582
3535131637776
308451661780
1745992767678
225894943436
1146431278266
1786850773744
419390432498
399951116976
539375946142
385657647038
0
4314340419556
281472575460
1252392715201
282547900062
1131278530678
3391803679378
2367883967858
2887328689922
1282978754844
51534786478
1062542567970
0
984071115822
1234219891730
1264914283562
747689218228
225894943436
1282978754844
57196198652
3441948202939
449244193138
541906909402
0
2724632836482
2674883115626
3772612768580
282547900062
961467411918
1400487316966
736815184834
740934361018
188915650782
188915650782
745454384646
981672265710
411097622014
1379126695716
90334402674
235959874580
93777322130
1004034910754
1197100984180
643740461676
745454384646
639574862180
1655378975282
107128934488
2354259618542
251484455042
1645515431984
1705002817542
419390432498
337908592378
2004491403104
1947146357242
979735431568
169572623220
203461848000
1557290403588
1372564141176
1158421884102
1523355539734
266872443836
2207770857526
3217905077272
188915650782
187903265478
966512376074
92512286878
490252493620
1195331988166
600498485682
92512286878
817227949644
582205915242
419362310684
278247940788
171802411018
1915789204812
2181786747768
1004034910754
3465234199512
228446440084
419362310684
1211592645950
1004034910754
817227949644
845434575464
266872443836
3126028196869
419362310684
845434575464
230132409790
2262457072684
772838782190
2041290165024
0
1103276792360
4429649095066
1453989870942
1066316247582
845434575464
1851112157258
399951116976
372211402544
495469313306
1856848114558
223535835706
817227949644
1888343207104
607265576162
838852731854
93777322130
1296725858110
856334472856
2291106948969
613751448502
966512376074
1067258551540
180191192772
479904112446
199364020628
611635616782
92512286878
470944501796
559321900694
677081773630
568850731860
419362310684
490645752638
92512286878
806635399704
3641507086200
1491192665700
266872443836
1543823310168
5213933265618
419362310684
1839549627924
732630535650
3136464372956
1211592645950
1651428976360
116732882244
841672392495
3593916942108
51534786478
308451661780
554159539124
0
2549503488092
797754709394
2045470494994
702326235042
2913881038874
51534786478
1418168349546
51534786478
3529851398560
917542923962
0
332837291920
1223362741054
51534786478
419362310684
1062542567970
57196198652
1541628915920
266872443836
486792617742
0
954772634674
419362310684
2054735925064
92512286878
419362310684
1211387089846
1694692378498
979735431568
436547863684
0
188915650782
188915650782
486792617742
1851112157258
1481373429130
1836090644802
1438149121582
451576071810
1040002710860
1605318676816
1004034910754
363619072422
266872443836
2117832386196
776001816698
1004034910754
995294443574
1798719432264
607265576162
419362310684
1561199912952
582454226174
419362310684
638304470392
0
755721078646
92512286878
266872443836
940491663320
541543557710
92512286878
983131475392
1990686076676
1531522275651
419362310684
51534786478
419362310684
3358220430548
3417156610644
253327996182
0
5202048381442
419362310684
499820254720
334116164890
30809898000
1009770868054
817227949644
1413410852822
440847376580
934362000624
0
0
0
813202959218
568850731860
188915650782
2545819612596
0
1470702129988
1101587698008
307639253820
5934197702284
282547900062
611635616782
1004034910754
2216536828690
633316642620
0
753744963240
304334271108
223535835706
2524752356508
223535835706
3412855120170
1179097224090
1334166705616
1607789839383
3939175148256
3699650945346
419362310684
129037166728
209528940444
92512286878
1307354564668
3110951506153
1741738120218
988174323662
282547900062
1120153451784
419362310684
1133062257166
1489175929896
2545819612596
895743161576
51534786478
426635147438
92512286878
508099578816
490021269816
419362310684
805330636810
0
954772634674
0
1786980905760
0
1642645150076
51534786478
1996533182098
888827873600
1709031159646
223535835706
282547900062
337124752610
92512286878
51534786478
180571953206
5301918080676
1489175929896
4564477073886
2206481764031
918287928844
1065915400138
2819040890726
2180838640896
1548384684110
499820254720
1011235880650
1764522648290
419362310684
311137518206
402358433530
4650170936814
0
0
1949023832424
268994971226
2289764096854
1379126695716
3521350163404
917542923962
186165962302
607265576162
0
885534943094
1131278530678
699956414240
885916596284
434356147704
51534786478
266872443836
251484455042
1023725090712
3406462286520
860311907826
419362310684
1400487316966
0
1486901633986
419362310684
699956414240
0
396608638512
93777322130
1099772725060
92512286878
92512286878
1140784150188
1558290421148
419362310684
0
0
2537593312434
2411872287868
92512286878
2773109040904
0
1420776536200
419362310684
282603697312
1690992020192
419362310684
92512286878
3927401035750
1950798631352
424113558116
327680286886
2912171857512
2305968214612
2351361152930
2142140792942
92512286878
2958567940454
282547900062
974868572234
1381068088454
419362310684
0
3010324576798
744551808330
289764046810
589145307630
700179156862
51534786478
92512286878
515648277174
774473447460
223535835706
399951116976
3406462286520
2293590152672
433216098292
1211592645950
1794948622959
446859641862
93777322130
0
518504649996
2722455404598
0
92512286878
2232776060330
4993026233182
242608674890
702326235042
93777322130
3313666861280
1282978754844
1575757271522
1663730707662
57196198652
247839332294
419362310684
0
0
2362281923958
0
2352775411692
1156148861792
251484455042
709965931188
1642645150076
1277324484718
531546476022
2234588801388
402372271248
3543071809640
218224383884
307639253820
515648277174
281472575460
1269039709038
426635147438
433973155380
308451661780
613751448502
2745081412662
531546476022
1080709259814
732590663442
549231972382
287154967400
1328016063154
1776827710660
3608170595222
1170678977604
1258960493798
1372567712200
2508430991316
0
1338724423192
51534786478
3815725760353
0
0
51534786478
92512286878
2762521401122
419362310684
51534786478
2384592789154
4754476156585
732590663442
411097622014
2345091014422
1839549627924
1489175929896
3393341540828
682978427010
1141103310458
51534786478
2322226194128
51534786478
235959874580
589145307630
0
1033226246442
266872443836
0
1080709259814
978171769434
490778773282
1657542123070
939460530140
1400487316966
51534786478
1687471767970
415025302036
334116164890
51534786478
661349292880
0
92512286878
51534786478
419362310684
0
1541628915920
92512286878
92512286878
2301780742594
419362310684
0
314629979678
638510250650
2553717378550
40977500400
415025302036
93777322130
939460530140
0
93777322130
2865641414792
1482921979648
0
1011235880650
4253570333106
0
385439814574
2431280327955
1117515804182
51534786478
223535835706
525822570928
92512286878
644335037172
802428285676
479863045670
278247940788
92512286878
482863660528
1011235880650
2696479329644
0
247839332294
1608982892340
759354149188
607265576162
479863045670
2369007947662
0
827245564720
697169676386
2141519881144
2180838640896
1429006407386
1828109852540
1587423423202
1432352010496
1936330181238
140987152166
638510250650
92512286878
362673197440
188915650782
733319598716
1309529764662
1282978754844
93777322130
0
2234588801388
188915650782
415025302036
308451661780
0
726672583918
223535835706
314629979678
956911231672
419362310684
320991758934
97896944692
3063555153298
1639762440952
405409873538
419362310684
1969510797112
0
93777322130
419362310684
4040561536918
51534786478
736815184834
755721078646
51534786478
0
304334271108
0
730431979434
2276782681838
0
1023725090712
223535835706
308451661780
559321900694
419362310684
0
729751252984
0
2591201078344
1612200151289
1016701779260
589958573365
0
0
93777322130
726672583918
422728447182
3332467990972
5202048381442
0
0
389078688030
51534786478
978785985562
512715827077
321672039006
1491192665700
660999431840
4656759029716
486792617742
180571953206
1289856100690
390306227530
0
1919955697064
0
353109995168
354813819994
314629979678
2311079242712
452284920074
589145307630
559321900694
2634494530340
58864313238
954772634674
954772634674
308451661780
1629248638056
2762521401122
75596497320
1812294680000
1185317497736
0
1080877990698
51534786478
0
0
0
1491192665700
1954590612462
314629979678
4361536226344
188270634572
0
1256310793990
0
390306227530
0
4907827460462
57196198652
446781525712
607265576162
0
92512286878
697169676386
1760613035160
554602346100
682978427010
2927643765370
1381068088454
149013474984
411097622014
1048856172112
959469870368
2404732538710
2710484618981
3330560617778
620525234652
2339768353846
682268239612
2169407793072
533342701094
388001619812
0
4532615058624
1218041915294
2533443336168
3346762800044
2589836947176
59031704988
554602346100
1885516741608
954772634674
2367883967858
2682725084330
1474535177874
0
3516986818454
493291881422
451576071810
51534786478
1264914283562
549375706098
2312665223746
813483730980
638510250650
1004034910754
1561199912952
198419484780
697169676386
490645752638
2834926144612
0
815754902244
2216536828690
815750884842
419362310684
0
0
434356147704
0
0
867693660812
1930021967342
1776238619820
51534786478
0
400994748740
393866538458
1066671732934
0
51534786478
0
0
0
1993383985308
146426268096
1672928326352
554602346100
0
512715827077
666751693954
0
725683410270
1243606876110
2816195230976
1209350935634
853428759066
1448884958860
472531287020
1415191901042
1489175929896
419362310684
2289764096854
0
4280680208180
251484455042
1185317497736
682978427010
435542174050
0
859760630996
2157464949682
954772634674
415025302036
337567113208
93777322130
1764522648290
2068983009766
245224449970
771580888986
40977500400
5005646737098
0
72677230332
1954590612462
515849593652
223535835706
408110460438
423292668974
545521678446
504147794382
4993026233182
1028225473708
0
1219224508554
266872443836
0
1045112846204
222167240758
223535835706
93777322130
956903196868
684803220274
1831834876950
399951116976
797754709394
85792066088
0
1947735585516
0
728525945374
0
9456417334
85792066088
369925947184
954772634674
750702004414
419362310684
58628179276
0
85792066088
1489175929896
340289126252
481264226212
85792066088
1077238224486
223535835706
1412023509998
278247940788
755721078646
948930885788
2602107432018
419362310684
340289126252
51534786478
1119333901776
92512286878
3535131637776
0
340289126252
415025302036
85792066088
771188522724
419362310684
541543557710
435794823998
1330022978642
1159406147592
237335506884
337567113208
74362111020
1399163359818
575216974896
149013474984
51534786478
554602346100
85792066088
838852731854
358267000202
611635616782
2930361178142
0
198419484780
755721078646
0
129037166728
3345908359357
885916596284
1836607996904
702492734036
2015971158486
517303000420
939460530140
605698789382
185036179584
991547039826
0
3034480768646
85792066088
1019258186066
1202914164874
396608638512
0
314629979678
684803220274
1466757487602
1256293831626
1120153451784
0
624144080789
1352613374164
794913513424
0
340289126252
419362310684
440847376580
3848271607690
437332149830
3473224881698
408110460438
817227949644
340289126252
92512286878
51534786478
866206775694
85792066088
539314345978
448080485692
554602346100
755721078646
0
815750884842
95496220056
253350858178
311583881420
0
554602346100
950128071584
51534786478
85792066088
1195570800396
1480405727750
0
670189250932
2457155996834
85792066088
434356147704
1063286233718
75596497320
0
1605135560358
797261461704
3826872692748
1099772725060
823976665788
0
85792066088
2523287790290
817227949644
808205311130
0
0
457076341526
354813819994
3921840951382
2751547197992
3009877306042
1489292065057
913194309486
917542923962
580334078853
85792066088
1931607055620
1099772725060
0
1558290421148
702492734036
272046113140
33918478708
85792066088
552120930798
1959668608590
268976223350
898127712852
1644065524872
93777322130
1493596411230
515849593652
2682725084330
324429315912
611635616782
552120930798
531546476022
61615924714
971788730490
711707492590
51534786478
1195331988166
84785483698
767053723310
33918478708
2506645925694
0
979735431568
3463702676594
0
389628625726
435674748316
788841433490
218224383884
0
541906909402
202887728560
358289765480
701356255648
3905306930608
1703422193044
5721014796450
326771277080
2375549170874
2112982042848
3391803679378
998612310810
0
85792066088
58628179276
439243986804
85792066088
2451315587082
1781196584054
446781525712
1369889890578
2109010171404
928087265078
398852134340
1672188678006
512960188858
664540337342
1485108979938
1271877780362
3205748705626
0
398852134340
1140784150188
3026429448660
740037587616
9203867982
684803220274
2190972314252
0
755721078646
5286914068170
513196769198
607265576162
1096182506806
1959668608590
401436662960
939460530140
1747640397724
0
1057898004880
571767365712
767046134884
0
2138590748708
2030513707348
772646393272
2229616501646
826504577240
2235621720080
473232993236
2491932414058
956163994900
0
1216269348256
934337003456
0
2819040890726
270413114132
0
85792066088
0
1937864654869
185498161596
222167240758
1404090593095
0
755721078646
1709478843670
8761040808714
1646075118628
1371970012058
1720672917232
93777322130
1369889890578
396908158150
2501758863799
51534786478
419362310684
314629979678
0
827134615174
3649286561984
780894119578
2927924249490
866206775694
85792066088
3093825830990
1497060750888
85792066088
808236111212
751916152574
0
0
0
730431979434
554602346100
270413114132
554602346100
214149147380
0
0
1491192665700
358289765480
666751693954
5606774614044
819620902425
0
4047767533280
515849593652
0
1284307622150
85792066088
1794954233834
490645752638
605698789382
2471936378031
0
390306227530
623136992330
1219773861934
755721078646
1371420520740
0
1218320008788
2824118886854
0
166757000484
385439814574
2267407404704
2695063149288
51534786478
1221538840546
725683410270
408033237044
767053723310
444773271090
2430246991860
51534786478
1675374031414
1022746630136
711243528348
0
1369889890578
2299850157744
1699986421578
0
1708951030952
1297013325542
0
0
633922823944
796855257724
170093676034
678983343910
85792066088
6822497349300
2562531110377
93777322130
1481823857360
85792066088
501506575756
500820492770
1947735585516
0
51534786478
424598771002
85792066088
998892189816
416440320296
1429184065830
287154967400
0
1371970012058
3011918146258
0
1780214385896
270413114132
270413114132
0
3097984734816
1407776082856
1296725858110
399951116976
419362310684
1444349312002
697782107002
2071374256712
218878327654
0
419362310684
2863825897932
1231552884598
401436662960
479863045670
653210817324
2252163596004
301633684208
4750734990056
260294888798
939551591252
350075517524
1762995932774
607558400130
2041495602832
1433769260646
567019689304
1341662284992
914488805686
0
0
652303777228
1383998113646
554602346100
0
167131511626
85792066088
1839549627924
0
1185317497736
3473224881698
586011287692
104358210488
2090711131392
85792066088
541543557710
0
3169914978492
51534786478
697782107002
0
314629979678
85792066088
1221538840546
3818874467454
0
167131511626
0
286753673578
85792066088
446781525712
1269039709038
0
1004034910754
500663367714
2103941102836
855784295772
3567304778504
3008172805386
416440320296
85792066088
0
0
1768177356748
945616082760
877857241494
971839451126
3752108841528
1808590635356
672876446492
1045112846204
980817898218
939460530140
666049987738
51534786478
85792066088
611635616782
363624875336
705951270780
732590663442
767053723310
993055563185
651750480792
2243506541072
2183876689564
1931847653362
0
981866886518
0
270413114132
852722589070
0
308451661780
198419484780
2590814068618
2016836685428
2137354281648
1825287404446
912601073124
0
57196198652
57196198652
2468544438748
416440320296
479863045670
85792066088
0
1179924805118
1019042585492
439243986804
0
5271621513060
85792066088
607265576162
0
245126246810
0
2054735925064
250681867398
0
1045112846204
705951270780
245126246810
1287754553066
0
1972465182042
363624875336
0
2729759698476
7285675472242
0
654369614612
879257082902
5271621513060
875070503640
444773271090
1298759109900
281156986214
1444482779024
57196198652
3239638329336
767651423452
0
0
607265576162
85792066088
766787682022
2807206845474
518189953506
1349342218482
0
579376771478
905093887920
541543557710
1573215515956
675062359558
60617686022
1023725090712
562446546694
0
1425830427916
444773271090
150130312740
963745278852
0
954772634674
1985884834908
0
1225685245788
530166924609
1010163515014
705951270780
1358768382708
1013974409680
85792066088
615669088390
4739115684089
1004034910754
1619828092228
359042358788
480949540288
2395224620358
287825427156
444773271090
1077238224486
1243790783846
2773109040904
4877900047452
1086058207388
1550921613124
905206821554
537007464474
2773109040904
1096182506806
287825427156
0
921105298790
2863624232610
85792066088
1060563327918
518189953506
910703073868
307449989548
701461600856
0
767053723310
705951270780
1006897086490
0
399951116976
1875537608154
4242801106420
0
531546476022
871320677583
2596141143670
1058913514830
363624875336
2017599991808
270413114132
908476540404
792160700298
1582633645378
1694171127858
3495597277450
504147794382
855784295772
444773271090
978594489400
0
559321900694
980005043880
245126246810
149013474984
2454481299858
48368627324
1606890718654
1923111416420
2182288030262
1390898224770
400965287792
57196198652
0
397543354044
301828379384
879257082902
0
1197906346362
705951270780
466147635242
1057898004880
755721078646
1755335508066
1159406147592
0
0
1491192665700
1386399757720
4690407028952
1013832015098
397543354044
2169407793072
1990686076676
494268110108
963745278852
0
575216974896
3451539133085
2958567940454
0
0
4330333734196
0
0
514290395298
966742260744
287825427156
1081987240028
782531593598
0
270413114132
0
0
1500977717838
1429681330922
85792066088
2299850157744
223524229878
0
3500144530136
1437285826530
569143555828
490645752638
1243616761835
0
1561199912952
0
2055181166229
463927351070
2345091014422
332141388618
0
600817645952
2677966694850
223524229878
0
354813819994
4033151108596
688577792642
0
803995520212
0
562446546694
270413114132
1342216686468
2239167125895
419824758292
419362310684
897293878748
1282978754844
0
419362310684
1784357220114
0
106976719590
877032334950
0
850947343764
0
0
1489175929896
85792066088
0
97896944692
358289765480
60617686022
419362310684
667198518332
798837622422
419362310684
444773271090
547957563192
3051539996672
0
1489175929896
979735431568
0
755721078646
270413114132
659165053466
1974898257232
0
785271748624
0
1269454840578
1079482210858
785271748624
838951254999
358836132152
993655729498
0
767046134884
60617686022
3578822670038
0
1243790783846
927350741378
667198518332
0
2589836947176
85792066088
245126246810
363624875336
1107369185864
0
3524482397830
0
4376961264512
0
0
463927351070
505902952678
1790117281826
461549033966
419362310684
510541968775
1549515076046
705951270780
505040550382
478821963696
2893846701478
813983674340
628981865862
2812573319884
270413114132
0
287825427156
357362221078
0
0
1630607255720
0
308451661780
363624875336
659165053466
705951270780
1937996831206
794913513424
1619424295878
1511781850950
270413114132
1243790783846
2117029352174
696870603126
2863624232610
221729343940
0
1962886227840
55953162395
782318511776
0
0
509157048298
964286288988
1920171744016
1831834876950
505902952678
2199633832964
0
299981639230
664540337342
0
1931074080288
650990086774
444773271090
1269039709038
5286378549952
566710297301
541655152210
314629979678
0
939460530140
1022335379823
0
566374226716
0
2427201354766
5302357763006
1099077115671
2832004600602
6043092587446
1437285826530
1168327458300
0
308451661780
881063574668
85792066088
716030039642
7503237599735
0
0
3405771739754
664471595130
270413114132
359568288659
1492618843410
158535610480
0
0
0
2451315587082
0
1805116921760
1282978754844
0
124405102222
2099174678552
1611938807456
2307767117952
0
419362310684
1199184676684
705951270780
2238321028142
444422864360
1489175929896
0
964201030790
374598632088
0
2573437912212
963745278852
2118704162430
2250820444602
0
505040550382
0
113883972762
1209955331446
1696433699076
202883711158
1349452920226
419362310684
638522302856
686000406070
51534786478
280476259764
2905872571176
309316295966
0
2840725933966
295916474784
1577721701866
484928989592
1489175929896
0
1711650853644
385439814574
1206988256880
850947343764
321433673154
1542170009598
1936190911302
1988354644382
0
51534786478
85792066088
463927351070
1838018105006
1318047103280
0
0
444773271090
0
1989130002968
464322395600
612429276866
1455331549936
3531931107516
1006897086490
1485108979938
897293878748
444422864360
0
492278603362
0
0
0
2916542964835
7918129363516
419362310684
2666226953450
0
97896944692
1257959641336
1699914108342
0
569143555828
60738654460
659165053466
2210514296714
304334271108
1540877661746
858623259852
2145435062582
707413957175
226765380536
251553643632
1203402502406
3495597277450
0
419362310684
2560314845390
0
321433673154
0
505040550382
1282978754844
1937996831206
741808461868
979735431568
0
0
6384745404100
978594489400
1063286233718
761757894718
363624875336
486792617742
479863045670
653342997330
778203352994
0
2958567940454
631444533288
4157892098040
2900008949768
2056066169580
463927351070
1760596965552
419362310684
0
674367349012
309316295966
855784295772
905093887920
813079758890
0
0
0
309316295966
1145556823764
1060563327918
363624875336
2009481715122
2174914312080
351761487230
351761487230
0
4084271209912
903101256528
0
351761487230
307449989548
351761487230
1597109237540
1458795889594
358289765480
467772451162
1386348293816
688971944416
794913513424
351761487230
3547676139009
1469621448850
1237591932560
486792617742
911932398880
1837160412138
598612092254
645372866022
1091027733662
505902952678
398852134340
5914713760434
0
762126156568
1002568466316
1495189087934
419362310684
837490832576
1136958690728
0
1258960493798
0
0
3524482397830
726672583918
1838018105006
419362310684
964222260984
2076925413520
253673939132
931673465930
1442908850196
351761487230
198419484780
640061414200
1277734706100
1931607055620
351761487230
3405771739754
291038456000
896124368388
351761487230
0
0
3733278831976
374841015342
351761487230
897330928122
1046883627730
919420861608
351761487230
521727499156
