0
0
0
0
0
421159335030
0
335092555440
335092555440
1181444187990
1181444187990
1183409010660
2364853198650
2364853198650
421159335030
0
1424388626550
291493616550
0
1528586218350
421159335030
712652951580
291493616550
2705311957020
3598045802640
2562835810350
0
3104621960850
0
659618375667
3746244821010
291493616550
712652951580
291493616550
291493616550
3746244821010
2755640885220
1685215976660
3547081698570
2700730066020
913083730530
2320117771110
36384706590
4126879576170
36384706590
6737048117370
375663852630
3427068497130
2048052384420
5471887390350
2620622439960
3698763852510
5396310445920
2283079920450
2641465551960
2328036356850
4212527696700
6101918066280
2106846916440
4970243995470
0
5558640555180
2328036356850
4920779337690
2950373947950
2479509927230
622337591100
2950373947950
4834865287800
4331539170990
392563843140
5752385366910
4619685476340
3173212869120
1443416950350
4989522077250
7913199772050
4483418975130
6779884306170
0
5907644989470
5895548797230
6165058321080
5036816176470
119775122790
4131911570580
6319316216490
4131911570580
1014425276940
6616468917630
5629603265850
4261531470150
4407587780670
6126848045370
5846157729550
3350289480120
5764207544100
1443416950350
5625864981840
7005979963590
7397748713880
5241058909050
6688803500370
7626768695850
7768527911340
7746543818640
6951098791920
7447359812490
8689132231980
6571081244430
5679067923630
7708449437820
6928090511820
7903906619010
0
8127042913890
3999176883540
7250764345830
466102295280
7763901998250
7680442451606
8268605377590
1913498303520
3942382098570
8894755820730
5065569788520
7833638379270
8063015928420
2971937584770
6373903772129
9903584003370
5629603265850
9101970493590
6813585462090
5377600159260
5991998554277
2842437173730
9797237414850
8773717533480
9554437620300
8819802372840
10969630122090
7356862973190
8827662561930
4872357099930
9497091211590
11401462567920
913083730530
10996940887680
1443416950350
6289753137030
9117960394770
9962015691360
5827347798900
9878989131210
5588289882000
7817869486950
13182332196780
5737318132800
9837481690800
9336353084850
622670002800
11802685286640
7449777433800
7451825808600
10766055806550
8080134232560
8359904497020
11139098997210
15359494968690
11639910464430
2801285503680
9364104071340
14891443123710
7522762465380
11812786110270
9145856025270
5835822500430
14340255112560
2374618915350
8746728398670
9364104071340
15222385024950
11460969652680
12880913844960
6007042376640
11036085509790
13359910401258
12413797244790
2341172907870
9805964066052
14274170768190
13737114746340
12873271969500
10707537871200
13151476305330
15854438920200
15976481629830
10221578918100
0
8687482751220
292535772150
7691620383909
13085154780720
16318767754140
13353101071170
5142783983267
16926413646510
6243022170065
1497192214569
11284636925160
14457894714780
8200079868486
19516581784290
15123720740340
8079212463900
17143681527270
8200079868486
15206311571640
5418594607560
19644005302848
7880414994330
17715796202550
19546059514800
15165423135720
15952382679990
2637824296230
16022040000930
18525587938560
19585364053890
1114702207500
13727871005850
16447411082040
16177818904470
22180484227590
15938911022040
11725688854410
2217568761660
0
7633710905264
7781251193760
22317809789730
1838928476700
17385953878401
13002959249820
19110447458100
14273316380280
13279420670250
23174414975610
1830583146210
13772967594210
12380041718844
12937187444477
9238420105980
20034891583080
21506957929920
6656502965640
10285027327530
26413693322490
3389809637610
4006179091080
6626922816390
15929523535950
12566871934230
6257137260390
21122107642060
4963984773000
25755197424120
18374702674290
5682954445290
6751214246250
10133710826460
14823990500910
14433112074930
1661809640430
21099819588655
26915696979780
22882636563090
20711707858170
25602301518270
5716483106490
26966845257900
17555242249860
12168144998490
23965775830470
14475168443850
12203996049540
12878379430350
0
22346471763960
28421710646880
14737321786620
18489741379560
3612865974000
28137246190170
14286271452480
2125531149210
25066818612330
21828984010320
25572819295710
19943569104990
25661248893600
11311797643894
3570558050280
25832696965950
1683535889460
14314774340010
22591190562270
7071897203700
7889356869060
16410888918720
17251136753730
28151238838203
18494250499350
24892308719235
15326181925890
24880473105360
20664843198930
25007297153010
3824392116450
31272958527480
30441349803030
26440285413195
6877623228480
31441860463768
30340869831810
27666517981800
17074984606620
26242595630040
29417561297070
31082189249670
17512037712960
28712006682900
25026712691520
12150603543240
25547956697370
19296304230030
12646243262078
6448981934970
11511600446640
21902182863480
33976780022310
30269355497400
30639457293720
30257232352860
30858404302770
15589787749852
27713726732070
25610760048420
10673463875130
6732992103320
13960451386650
32794206532950
30809415802290
13659257948270
25378502196810
3592389413280
30564787743390
14881192265610
33946083149430
29722066373480
27007117384560
33963496132050
27988919597580
27418399600050
37362054486240
38757068699430
20648609828640
24222003260880
12800139620750
1315493248860
39358706924130
19306788674730
35445257221200
10595609461350
1658976953700
25597251555660
6624911276400
24040816424130
16215875552070
34532194154100
13675313122440
39385625982960
27474071898705
31141715201040
25578149562240
17089116595920
11279993942280
2377077863520
34019085250800
26087217417360
36963541372080
15011654873760
17546896020960
14521377593582
36223785187620
39849414872490
30842784759510
39958010181240
4995883718460
40417103081700
46010332218757
42717463020090
10446965730030
8991924252690
21739155588060
41698648111890
30010670915640
32587370989110
6640915500391
42960168481590
8540944892940
42631370186610
40263894529170
11118108545970
17396979242670
33198186471960
37655233519950
40738638630240
42315650944410
41182609493580
12234497069040
13290900553230
45210872400870
45593710057350
45238264921770
2392409230170
36815690038380
26514812961630
39265100687820
30360204513420
44362990776090
47127557364660
20090002747710
45774726196200
46152427642710
48474468011220
38498128070820
33149806195050
48833115978450
22474998298560
30137933387370
38541236477850
20471666182320
28926813818670
49835011131120
47486597038650
40161370675200
5525977961220
14685562602902
27170201259810
51911010241800
56413506714190
49603676844990
48602637877050
50260587948120
25732619482410
1274284080570
34197496000650
41464767731820
37130411147070
50308180319460
25030391680470
14967140455080
34367926174470
54548122997310
48419787184980
23118832145730
51603804332760
37252287650850
21704375441730
52517332776240
28415886254850
49752766187670
37252287650850
40534335704190
18515351665082
39000914243220
56734015619190
44662482936870
45501684124230
16059839703270
52427287837170
54815894097810
33104225363700
52703160799050
33253617470550
52639187718180
54610258829730
21977207285760
53080660103310
51213314918310
32482039603890
51101002887390
52966381452900
55413611661270
44472148489500
53743445909430
52768160762550
54456834658800
52960794241110
51933857706510
0
54193225891830
35963363080920
53364077013960
6105106523370
50952104007630
46168135443150
54211347719940
51323114096460
52753933541790
28880359732800
54688416906090
3816926329350
55243402496310
60130985584500
27375022568430
51841651192980
37905725500920
57976760118300
47645172925553
60727418421660
42238502680890
51864841850310
16836431596140
24331853648400
63665801291340
52482955117590
24764978007810
18997443001490
35971459551840
43934661230850
15699863886060
7587595324620
35584917750930
8620384038430
58879587600270
13814165083170
59188546307220
50918773895040
40574526946094
36931440284370
8097487021710
55671963831330
24671671840440
26591254263338
52212524723490
33727351758780
7538089339980
34279739147280
18214670697810
29208289787622
3029666154922
30776805316110
54517857361230
68271940377240
10131132389760
66136910339100
67381455586525
64244245265070
69388349563740
18948011336460
36246242742390
64060024497750
46349950268490
11554600146060
36716429209530
61075927832040
39690793771682
24524696456490
30406230956130
67423680521850
48611150311800
39690793771682
3799672677670
70088922494460
14922255985380
12043062069420
60747026219910
60848120703570
60680124610302
13583540540940
48134993011800
26197590679500
33181621730862
64263298744350
9149050771230
36914410218918
14003478038370
5597405149860
39669951186120
34747088435640
49377542555940
42026872502806
58411092839160
24199100993160
57640011793230
57640011793230
28095009240840
43033609007040
62918551469070
56846884664310
46673322167070
14101123526040
13289811680310
44907712917967
73274934112440
46081073225280
33981620655390
20194707042750
3833437748695
45835139776650
70048471584210
49508177658810
55669720501560
17576345002350
70672838258681
62208746477190
64160853686312
60938222242470
48595022953890
29039925434490
28757600990400
61783429300680
61553877459990
45305433976226
40715111967570
28456479804153
51275414814330
19779684746430
34649234516850
58632946019689
46943915173380
63104981426580
35270128363080
52593418372430
53936392034670
12292466585211
29440999915560
45558589413630
39997810642650
35832300334890
72174380065620
5278588189980
62876929032180
53493298019490
14883320221668
45361228501650
26687282526150
12255077845320
12292466585211
61285142365560
74177693315250
16805027674590
68456392934340
33970722942090
33217616385030
2548193524170
23022766062840
74865063212610
46000713146010
39359990752020
45784690303713
49507741929960
45507420472080
35073976710960
7757981476350
41922672934260
54810980693520
11480129144340
76143458417340
1551119239560
48330972169200
45195819541320
80107110372660
72342795017226
10142398451160
46522622873670
48706646802750
68463270262890
82816121982060
62229804309180
44278297665390
18013171138208
46825051038330
45626524482600
71901249051060
69510528006936
80422870941720
6361498362810
48660738539572
78488277971400
50073204712764
32216820886200
62198144340780
29187223347630
49163201694960
78488277971400
32983360469580
63904293976956
82174722825990
52048560406440
41457429518940
11029649300550
42552887784240
78045254032200
51352128247410
72317571346650
69965913994080
70588434860820
37178384444250
11726673511770
72474173193750
49862643527490
70783197571080
78611718606990
72474173193750
37342183453860
16900609514490
39899356585980
82163979639210
37218778754670
54219611295120
19644738573568
2878310685030
76968513240840
83459065959293
42414844392510
43638759499395
51306746248470
22024682863800
29766604362990
60386950679190
47854217426550
16242048032190
77115331403040
70652820311880
25959197586000
43200374566470
77809382775570
8540667284250
87476115357000
75431662548900
83447284654590
80053178820360
51831916920630
46773812020800
84900791647650
83578304276940
58002150083310
28341916818306
85165589011050
65364294808890
85165589011050
64810684684380
5406196549560
85913597989770
27133094231580
79463785025550
61289890462410
55410769990440
83582214157260
57293543371327
16426777299570
78323724297390
56488092053070
63302746623060
10517109989190
21487510048650
52699367712030
63664177864470
20127529967470
68921621076690
50283971763600
7817989873890
53544871245540
63583745912400
63818233617630
64991168066100
63124023226530
48368339736330
54724156554300
89408073290790
90929086874287
48657016837530
51236643032370
81505440617160
30982763113380
89679164016240
52323548434470
68071792597440
43249858989270
38977588824390
67096296324210
13323790444920
30065569157100
88286175717600
21958651995714
68864477708640
59580482161770
59580482161770
44985409224090
84467731075350
83447632339260
66962152031880
37329199632540
23751084589590
69277509128400
21533980305900
27071352801150
90587564335440
67249018836930
41222334488550
46037782441020
68177461784820
89468204770500
91325451827100
93189920303280
1039009368180
89902200587610
88843268977680
35726888092770
73237542288240
95387528191560
20192716166190
89055598298670
78606143793984
57096311131020
15020758462290
74125588230480
44272968297270
90690612860850
79815436175700
60531882180390
54202124642880
93010062214920
46169007799260
77559405504933
96196072036080
40110304152390
71009579821290
86794026313620
73379385055860
97340198967900
93725429263110
5999382532980
60651458754570
101789030954850
50095054108800
49892671725116
77058692043000
98506709784870
80496976290570
70427383188990
80873228601750
35844400967781
100977110885550
55560101903820
76599653945550
26280931592859
72769351189710
86284234340040
7325715098490
87257998478790
41773409300040
48338087576400
79215701696178
23228919713490
48661101907800
65084484115980
72398694176010
16231731881283
81882191545890
97210054396890
51256054078830
85979136100860
77072551814070
47208354242970
76746584409000
85030650524280
64707819154068
21092648971140
83180306850120
55905975755170
21467996583450
36068062883910
7020635725920
83175083494380
9858635652660
8881525835070
87672249084915
84361103284500
59395299501694
95522172898260
24127215350766
84083690447880
79905571192440
86839540662630
98481383606970
86503699731660
62597475805005
87459917923110
4467349115460
43589916413794
85112295329850
46697043784710
84784109750490
68647457789040
12551453421810
82845810838920
102681975028410
103405445734800
15009248033370
66822756533100
5671549744921
42135952773030
101903247614970
13382259866130
101540075254980
89755176689520
58222930541454
52823600745240
101418517686750
73642267009140
28056005669100
103969047975330
95803944820200
94392125847960
77268394413150
66312606052449
11101105238310
53360897540970
89562155996250
57463712306880
26625557267100
78586784135850
72081360491040
92755263256410
107516840316210
58354917058680
93308703581430
60793461439170
68892507202230
109023911411880
55342189863090
87238573956180
60075540211350
56003573251200
90106579878510
18855497566710
105926313220410
74769315166860
93117184131270
108139464500100
16803934309620
55546692236160
78548277384840
47286746595144
63947535480060
92717470741350
29304615887100
41713362270870
88382558939220
14040023560350
39866056120920
92492039008920
5668896125610
31934360782200
96083846252520
89316623238480
108980047442040
89443062766650
78149020387200
64891178424714
45262351293870
108451314290430
108880707553110
64678725325170
99239254432260
83693519070570
52628148954510
13707538190730
41859321553110
27478574203440
110908515052980
63511411904427
18149626712220
20793418247670
57286936663230
59880712815570
112586448457680
94139067622517
71201965338690
34433952122190
53145504641880
99857781866550
44172464967390
32943038930370
74354127563100
50357670604520
85541163921090
54347800418492
112012237791870
31585764753642
49621513877130
60980456496570
109404595579590
77210707507050
54349536654090
22996152463410
87647744908170
51948606903480
11476676554710
52304805805050
103397716713570
90250196107470
38400115133460
22624612312680
83615206467690
75784649336316
101206936904632
71797249109460
106811857090800
104384447603850
68487669281670
93471022011360
111064738669470
67117612855688
114347760229668
34629138043728
10105773869100
107842644210660
107013277019160
93082165906290
13327369978787
49986770548320
113015702466810
46093921386690
42865285604670
87588651990420
110352235752360
66866647455240
57947938227090
112170932035860
117749590962660
51268797593760
105873147113430
12226358372850
109177710219780
65493780845370
93581344962540
117175600407300
18263386588826
112149085399890
89990441519400
69196221786642
108384216539580
98044700104461
109881136500660
104809968719430
114441178169460
104016776006580
21067100885970
85753134988360
16092856270770
51460646292900
18814627985955
28146722618850
10768601900490
111483405815160
23711512324320
84553877813430
108576391829040
109774159228320
109257620195640
75330046089030
97299242252820
75117956643510
94334105631750
106958789351070
23852910378990
36493223737080
38100238107566
43999546197870
100695232052820
59066559331811
112020192314010
102795766740600
110703099895350
101743888547580
106085072119461
121537628918460
103780939544238
13327369978787
74010486601477
39417392862150
111814910121060
98820372566580
94691203841730
100651073329882
31282055827140
30348239489040
91979268806190
50874405640353
68261218752300
116577801986940
101992247703210
34192882665300
100211197592226
15792894610397
104927389109610
12845434735650
13563874346040
65139459620700
112674078470670
111537510760590
113986926800490
1368692597010
51880507425480
83020896573360
116808756245640
113305930511611
118402256180130
41974753761960
107994612957390
48765781351206
58006997005260
17040205358700
115733229206190
112988434824900
114117000397110
68017988619360
112166273780010
61967177504340
114299181679400
121032148414470
103613522881260
77340182762610
52245433726459
112988434824900
85528766761500
107552885423820
112576827384990
106368751396290
79657933223370
24511842006210
102175570060530
122745642683790
77264645348220
41016533014620
4951448359860
22883671531410
70685670921920
6331685525370
9245594808240
30370149912120
114313326340770
31505148916938
50115069120486
19009813858770
108337363559670
44786553357870
120680293325250
124825486989270
19504654493130
96545231895300
60142824831480
105085743696154
34034940390480
121072829317680
110443444132380
41175925323180
104047099140900
36975435422070
122765725740930
121812883774260
41315151022470
32617721974140
23748406270900
101309840622690
124765454334660
104770072128150
121499477937810
112405664108610
124274402295270
19331874977160
24488812164270
39221301403500
60579417951900
50360392315020
110971980532200
124547307808920
9846000414420
97631192170080
20016901821240
120107916314250
123866532240960
78361193384850
955137404220
121829982313380
128002127292540
120926813435610
35023205765040
91433562342240
60787425022380
63763595016660
86403388661520
121692705265380
117065826327248
123732916213710
108824658056446
106066697868600
126107564776590
74463390905218
124920824461650
44169012377760
29227037285190
105481965923280
53190667712580
124003183097190
127356322333830
5671549744921
73876990097790
20443213537620
81112336829610
19974292930170
89227272770340
117155285560380
120166516004910
115976894169570
6625101739320
108835640879298
41652314412960
125237458285230
116340139300770
89294701136070
38422619405550
54786898813470
106093450307903
61874250465990
109082431144050
109907551808062
62012959955802
127387138695240
81743729495100
124495128156120
130127215525620
126561604120800
81911144604960
42656979363660
91480156563256
131718123547260
132071918999810
27110177589300
68392677697140
94681895415720
128254124110260
115974676893690
97933113631500
32740327986840
0
52714578691740
68050708711560
119690869900200
132287693925420
133771877127930
131877222974160
26374537021050
30543381328320
128774981799810
36955264320750
125892170979090
103252493229120
74862812695560
3682717351500
129157043230050
38700467072610
120844805672400
25392613522680
38852400781350
23327421385890
126109294215840
108785834558700
135225194556480
115421166492690
4537337051280
58673008103280
43163773343070
129156373914600
68808399854850
126211873771230
128600382105180
59336345533140
8364841259970
2194582941810
71441561470300
129897899966760
128229617871098
134524167928710
97820420674740
56333767675320
130995832453200
130952923493190
24679523943840
55251008435370
86075984698860
37597746959280
126105155240970
97550994703020
135640650784830
86180477867550
135648065362560
133327849664760
116625880468609
130738130731980
40543161684030
114709149615390
100080890310720
21541057979880
55727215147920
129554486337900
84651119016600
49735237310160
100374350546760
129358438901340
135551861822940
135349813905990
134780202200970
87033668197020
118208279578620
112765312006170
130984420849380
131166844796700
68874789658620
43239680902380
133552379393550
130922908513500
122538569061300
83786439820050
107242971707040
120602652733050
53215313525220
75374523672900
91544831869770
132254835478080
135153291210540
82154395401330
34512641158860
137520232314030
108083781946710
58302643971240
131935783134780
115618876537554
130952490459570
139259991599700
17121554684845
25239066269580
25387258100670
138166918612950
41647053324000
1211414247180
126172322169390
75030999539610
83624419662240
59805280518262
135441331522950
101855652548400
54470196790785
133403335869780
120810090211590
93127466433720
126272079986849
78866115976230
139625211436080
127343738933040
99385237971570
83329258736070
133909991494050
29055357487896
45393711413610
63437108969394
90004873577640
58339241917194
85223270226150
53088706263270
112739212297260
50948408847300
31758391910730
139399071756570
138499371639810
85433983608090
118515390256200
64716589713030
136148346767880
134421356583540
103147418975589
43984379240250
83713458510492
138529651650450
120582230975340
65418038593500
56892860796060
117649697822606
105049396781250
141758044861770
138973732119810
122614672473990
110355071145704
140993050189580
135263255696130
142118097942240
123589727791980
60944432052390
145806410591220
30963709015344
105127921408890
61776338253316
38241016176210
40231477201140
40379544153240
138557787156420
89965635520890
48098041408500
80842501283684
53134932153000
137560300501620
98624329622070
146995744615830
140769075133770
141458570669190
118285153827090
7757981476350
129629547567020
139020687518460
149987869473300
116894654124150
78220028622340
65817051223620
150038550578220
145251838269600
59818718033520
150316422502350
143666797763670
149496339479790
93665367859380
25078072095990
84541129375530
70380988581930
65635362175680
91841470680390
66509893336290
120052266103620
47037894249840
142549344624750
110782440279270
70966409423970
79844116824157
73001924383230
150641257012410
114137643163680
47284293973260
100380856831980
131561620525260
84941972965230
149931416084130
101754310103580
111399654238140
17799696017220
148001811984540
48159375859200
144715739054400
12396838857630
99037078060095
118396878297870
47862264484920
105208977755910
147615652906290
59118102450109
158572310886390
77223968038650
92329772686770
132997522275960
145271691333780
51205479884700
132243210951090
136983514996700
137880990646350
101235107285250
93694238264730
139663840580468
51159651990600
21767354881140
147762853791150
3611752844010
149139719223930
75407484538980
19394166234510
153007872891480
107972317116420
63007559643000
160533350351880
8404780974930
54978758769193
154771574803650
143371671875490
145188699811620
158031774424200
142436742407400
145545283232670
87304856849160
98277945849750
158445164309550
19479392102340
98828522043690
161260958236320
117932574619410
122772537485550
147087647466780
99751527814260
148413478719510
161426860983412
146253195274680
115216957899690
131821674283860
162992225750670
3885515551472
157719001966800
79177198113582
157463291122140
18724140558007
147944390109390
140000683927380
147912100523308
120577329250380
143747842431360
36930744016620
96232154876910
71156868362507
144808880812740
161727120725070
161147404602780
15904996044540
128501967578550
133070897217480
150943889116140
119658649323960
81229447268340
82323294678540
90226903929810
100080244765128
130710833442540
60472255607100
152900294582850
39727110725550
134390282378460
152414215242810
123737476632858
33322804024650
153740732880780
160749879739620
109142850114960
123431348725830
154098292873500
158720828840310
33008419819710
116503468441950
42303964427130
77985134755586
47692793812980
143873517412620
75789099459450
135637051128545
146053449982560
161467324810140
36807626103846
82987594574664
121474264061160
22343363437206
161751230455830
166460144950500
101534222113830
160314428498310
133289487557760
113050246331310
125563492172640
149286143882550
162025945367220
118071564899515
81133527626280
119857055985180
163360599006150
13629331600230
73820954179315
36807626103846
134598737755530
91605297558000
55160180270350
160333472095080
45174023216310
109199790442350
43993727196300
79301940057690
150740521199190
0
91828299989790
118381218189876
164286022398030
158444376403980
137084567251140
8241576712740
51354136193760
51856002122920
81042068589870
152842914932970
9505058311470
155137291460760
166019972564640
109072330320420
98504752149480
138676688126280
154706775185580
88433895883440
18105656730000
138735769614252
166814892919920
171884401337880
145856221136850
161112660392850
52096639975056
108086146561830
150035077927862
158614208236740
146797862626050
107194743261420
27168100529454
68494897888530
28781308233480
157956953042580
130358176073190
131036570854650
137798043146280
175260372766260
144735907460490
65601045608910
80706136021080
65568355164240
69509735535660
145207394825310
172646431801470
73936654404300
58600443527580
78214730033205
122747649731730
94908964051170
44142026836590
104581200292260
171311954250900
177941511205410
173899451415750
166079725813740
162368207234460
74954484839340
65166357117690
34744374339030
69191713668630
174311882697630
68151934363080
69443926104750
37152273056010
44449933505430
146842330327410
53960158572810
160678079710830
134376606781440
119854959994650
115522942869540
3659881331123
176619591629820
94333470455880
102289934059890
175312866862560
120421409296470
104681320602974
148883225864160
178164804722040
115094868472740
176335961796000
154779638033400
165547079188170
172373642515340
65868548084820
71684796028170
149641274574630
152987710774260
44942566746420
105679259454510
178422800223330
114714195085950
176440756830450
75829804619730
68834250704190
55713484747890
176869700888130
22296162600780
177488906621970
181852698711960
152271861279900
152271861279900
156122506733370
177747571438710
130482155414403
92611904871120
24951888614670
67336547329590
47278465987590
168918552277680
48601037808840
62042437310040
121656712265550
181011391651560
107676355706940
18348600270150
155435645336070
50568198141660
141617226281550
181795412496720
124241609933568
177225358048470
116068239107910
163669163311110
159209129948280
7458421036410
25056752826690
183500146370130
164530148245740
91423332698190
141992581081140
158617003190250
137235572003940
115093270201350
52892925654480
144688640081112
165068806132620
123592439927700
33791094846690
181556639375790
3630973427550
177828173190270
116028179904420
11350287337500
162627482071590
20330692177170
131125454149590
178390032526650
144978882444990
183367953424320
141310496529810
165755760066150
132040919565030
107847031146690
158435415662640
124602149450550
163244784074640
153361287620460
166604272374750
125633269880520
11447614788030
80938134232200
51689783068170
57492945812190
173933096870250
57402756086790
155549819770920
24112501456440
135226268814532
95565904801830
146156700650220
90547853715030
61091953669620
61368963120150
140197023347190
147530143140900
185864087682630
21301944372497
175471932149880
185258700393000
38546424795600
59022883096860
114344496675720
182649337725570
9643922849940
125147001706206
169761661548540
86615986607100
42319011896220
105831258747180
182674349459970
176766200462490
108359996304390
30280572146250
55204619035020
186108856791900
43343343940230
168684421241220
70419100747200
94379740367700
180085804749060
93690064150780
168170126436720
174264247202610
143671955127516
156123105972840
157579195894650
24045144963510
148433703725430
138350090037390
14957481649170
169570935394410
189465918486600
195306051558210
195306051558210
118886062542870
161977836410130
137805257378580
157577974057050
97429770444900
87829416060646
138532815850470
25860091283670
5980815174080
151096637474874
131294324683650
45239428362720
96247913340232
133207711584330
115733624843100
27321380304150
72570257244840
158958740386050
192856564543920
160592475612390
79893834747782
18945084316680
13508032774080
190256367455310
170266546406700
114180598841010
146228361190083
40665394856580
194822161027998
170844130602060
79709344735620
12794306222550
90491379662430
130878890017140
180253977218550
187555918591620
4140071828610
192718227372120
188773672918170
140083861420410
191005474291050
168469469461440
187267387931250
163708810144410
154583025496950
159217366571160
74113484850960
187643899882920
51242306609010
143392002893790
191082330571320
186977323685010
162935545962180
58338427641540
175757840351460
169451996691330
102684049457100
194549139336390
190739156817930
5049716445660
10044141146280
192580756267560
187278441967890
192511928179050
31286965515828
104221532629680
142979301141042
163019515852830
171065735107890
14685295761930
156387601470480
92939908073250
118804281178980
158977164028601
109057005242640
58176070579980
195373831202250
27198722183670
110573687528490
197161577261250
181266264181690
51768699402570
114682667183820
201627850979940
197487265260810
91241577167910
90828187282560
40991899510830
66684144243171
189467440393140
99935705457900
7558286495190
169235102549130
76360419940290
67519376459820
159688795539330
138199935180450
2194582941810
164405492989668
187258501757940
119999229367680
152259595288170
140290435526940
72489360814800
144299420352450
191508777947610
0
0
191508777947610
93314342002590
139202965923360
161716862189778
38746447640265
46005095589990
42207133797330
191870531718210
131121094663140
66377526098940
88013610483201
151822678740150
177502895764080
191847114661560
173652332065920
174254957643210
166586151445050
80542818559230
150898165786480
3142537558080
193025132109777
177140771848560
168129662948730
205207458714150
55532208968550
155241508817580
122271166308900
50063553158970
106316828688750
140618385722880
165112239886240
93218822152980
175952966917770
16832768778570
204254768578770
200068868856060
11275483924080
143349275412600
195612757543122
98544810592404
137537298510390
158769446297460
114068111620140
112703195040360
56595249007410
206339082913515
113237643876390
157204895828400
66333993642390
202620413449530
197893251349350
211433131859520
179936678571570
17107855631700
167563652070990
65382189360605
125249740005418
204141247287990
132548523910260
163297542303480
169606971517920
165372116535900
131232403571220
198303586640700
177916180108017
63267372627720
15766636412490
172729566170820
133123076870280
66631690779990
108925591218300
170592372761400
81295667272620
161840937592740
172249054277550
174034460876910
178070581278060
97506850836017
144057032029680
164041353012270
205020911064930
68309673597240
65334511618980
211298905811880
174969658071180
39887302619010
189037798270890
210130546965540
36655080384270
10008097835490
67234249874940
206611591788840
181547696602650
135936976948770
165497732222100
111690289873140
184696834779000
74675686470300
128320776141636
28062005251080
208295933552070
165033132966750
163729631694570
73098378938392
193660330644060
2056589861040
112983938282850
43212189556380
102989613072660
206955000925650
67309414449180
190736816459880
58423373205450
94307405442780
89738216505540
145956425296200
118141623845490
133409891567550
138383109300120
214742525716440
117283493159430
159485535667290
207426650902680
93601564578000
181537506836430
114763721734020
89874678695670
57337564425063
93499215913980
219155899257510
25097968283850
182521781473770
201018757749060
94083757396380
43753381857870
104293172741490
169702288326870
174200333416800
192955669867743
213841764577470
164592374817570
200312514054420
126774563227200
210539000986350
117448001912940
151919888498970
213934069017690
202282294150800
96051570873270
186183660205320
195340773307890
212866490211510
122811253566090
195970792304490
205615070026380
38914654305480
132641108345100
29922842932590
183992438558296
182397998543970
192527230796580
174869234699790
202643288764950
180936367229280
208055899961910
167592451501950
2624975236410
149080090853820
226531790554500
173407708499070
220683778427190
198046774501674
5395427308890
185284847717640
218854795349190
151338071894100
84057221492460
217512510615720
156026892550710
175319712746760
132575365705830
205273500580158
180590138881890
162172693453440
124347974886990
30367066569000
227299330068210
91341241382850
203301373191540
16110994270260
202101949124220
186885552001920
61750551986730
188416732828350
206805538742820
226389850758600
160962191092410
172979010605730
129686885019600
226158287377920
181850338588890
121916929534770
39430756710900
69759561794820
105022787673870
109863494423490
115402825609290
197249695110870
122888701000140
8525482358430
230605038647310
30417931847970
109863494423490
143048910895710
111979301875538
227648746872690
38227535064510
41869872480150
19772824487670
126696971149140
216967336561110
81118783819770
105689967603300
226674958476870
34909499401800
222356694212040
149123103130980
188930092388040
218162928011370
101484032474755
99966334950030
176990975152250
194546233878450
24842952871407
75768820548930
218170872804424
78445136323200
79259547650010
58583956805670
141114941421930
175569646815120
207392236409220
181884399108810
176046888478968
180115826916030
135645433021260
191851391991570
152685570100800
121923141608928
65015745868470
229046076288450
99243081658860
218192621360280
230204769141600
219666128756760
203313970696560
218261785454130
207695741767470
141714199758540
184107566761590
229603077012300
205668625144890
17240138418510
215854103162810
122532457178070
70167015885300
216047823808620
228602456703420
204357614961930
203137880304340
97082687709600
187153702231440
2200489987560
3752821182210
85696374131100
83588263151790
203229543515220
162074074812960
126185651878560
174187775441820
189059889274380
184900360580400
159929917104000
187118551863888
221291444084580
84365133772970
249425174243418
236058065716530
63451435274880
226607066531580
241897496252678
170793471058980
233170828429740
74718565782780
233411820623370
137862796536390
232754442347040
91972529832780
97567998010680
117580159820760
178038966230160
140401941792505
104325600850440
171383329331760
193204822399500
225328792612200
159771243523440
142967724279240
76460183878740
145889872129158
233712123149970
132755001886920
29557133706517
99472738613520
219865194850920
147330741041400
40248210087390
91640416432355
219731137704360
243910331728740
193031337631680
87755294467680
7232847355200
131968165424820
220796718446700
196056845607930
202826504211480
199467349427000
244893288398610
193097820870090
234956684234100
187361912768961
184551730783080
100681757699640
136282980693660
234852379731510
227740634450670
178720102958940
191475653570910
212959999419540
234757113233520
207194009430000
194491543169700
233451172778190
233293399404450
224290977230910
98698452040710
128254153757790
156869749368360
47596887342428
131841959370780
22284178777563
199644823828110
177445650855254
224946892895760
236738183648370
209486252234040
183436937836170
216404280553860
166395775670820
197221857877020
196854419866350
84669473532900
237773825775870
11742110890800
198282335650560
108561154795440
143160612906240
218961268353780
200643201705630
171437549273670
104206374656160
241858941864780
222779356587000
109797173797290
57515855124870
85433498466690
109023846726360
75199917689400
171235041370800
161567177691180
197805717824382
141025312446690
227743880406000
103704113155200
193044949441590
123735517110660
41391634462590
172519389440190
235852614622500
234554752669890
234328428816330
184020990583530
251584501434600
245589976604490
220976171352150
83442294885450
199568470657440
68512016192670
63749429782764
240436453375380
81190627870650
244253500990080
228812490586860
73973256526110
25832732902350
191279982568140
155038353161100
218393492360130
156679000753980
224436181848750
200169430582590
158321709299400
231491750633184
225984912038090
107794528284372
223573834026150
79867869180120
236492424491280
150742328137410
235743147856050
102150414580530
207979522534170
223300951871160
105401847516300
251524286402760
14307121751760
218347777665690
167930821819194
228129028773000
184212015009780
107427043338300
201724373455110
187594394796690
238851610519650
64454613898074
176142511662750
243123052350510
207989217276480
226168770924210
8719806644610
203095570819200
190890655696230
7261538687280
16687477014960
142923102051360
258946433237010
172776211618020
225379789059030
64181229889260
249599774491050
224286701697720
250121677031430
106724877526650
249127851397380
2965730470080
252572534120970
80552343502050
45036351766320
250362381733860
160332218813130
131450569814604
163886642318220
131932023288930
141293950512840
206959831676220
129732251130960
56195804242080
43222919836893
205799826246060
242532341486640
176898602737830
194064237811860
256951407819630
244045533449640
235474291476270
243408366232264
85418461778520
128637586161690
250175329178220
206584028570040
40257883267860
180273673060980
189910043876460
167489536839630
229521645129900
47079328020630
49827100631070
199868164062060
116415213135600
76763166362370
212720905566240
263772177519042
26062777970130
35220498397860
191649316223910
235055059230690
76854018863670
238811007615288
196923484236690
137085683974770
261113541004200
121302225649711
247160140339230
253509529932060
128259157003080
171164455093920
173322695978430
162733905923370
82926229592436
122120227140030
176821851779694
192012446241336
237091501349070
14866980317820
141978305346240
2753027410530
16112848588500
234042712874490
131676003751990
233962183894140
201305330774040
170879108398590
189581129686590
246024807942900
110349223736970
227517817091340
117998189910992
206649705036270
264403787947200
260712571637100
247091598843510
204811457554350
13868561113440
216829122471480
245065199152110
24262141524450
205414083131640
90657402236790
173287234630854
193909220760000
224180151170130
97862341351721
152269953057060
70511821374115
190164695495730
130856881667370
187838095696470
56235071047950
256562599330290
199079552341800
264090895102860
248260365567990
60144562356420
248297881372770
200079552747780
240543483653910
22106298021840
135394592457210
257392457952060
107463567485412
10363127007240
206778273796140
209596658737350
104266923416094
41952651977550
82772797956630
182726633328330
128976318176040
147545542786710
180629155929780
34891143987090
75692472557310
58535215367940
173231751933790
266193324537330
249798199120470
187178943060390
127281253181431
210009258021900
102735926345730
104857387697640
241546203546960
51344762183820
65035147930830
188970282887735
34606011113340
245488175970570
132014435336640
73974595157010
244725646889430
31104077212500
104825369263650
31911330940260
221950688358480
145358622955173
4089362872980
173851980329760
209594542788534
85921509388230
250703736207000
239346422404890
224039301534786
249459836352630
232051811159010
271102185567960
200226476023950
15702183580680
122094033098070
247049153463060
155656850049450
47753717690310
71199453384330
253372981494570
272270087123610
103237319084220
88387537927440
165304307244330
171022183784730
198973849014840
251336899638600
118220374872450
197849280659520
96497402343720
258026029261800
255952775692080
238310171155410
139234538290422
271079673210180
212121057872670
243706135713480
190751833383030
64294201353120
142802631648480
201838240633740
134568586217520
256889537916570
180861387627205
195139064520125
252255495114480
218249824921800
264809390414670
77500852610190
212780572567980
254038540692360
259819053479550
239909104673580
78883129166400
251827161975600
268588967145090
169191128973270
185242586511240
203505601549560
241512771015630
260793880437330
25731041874450
90329921010870
176828610309960
12181854735090
210828709462230
128850788737200
243767807966340
98077875333210
265834343259990
264833768770020
214897777253310
154451174845350
196730704317300
134095116061830
63571371063282
173715403501935
271738846509690
245846853585330
275458432810770
262140179266680
201654976673070
256769631625920
190082302314630
117334862131148
257281760363910
106895886276510
251657402454030
91320115271700
264066594010770
240498777873900
260676004553280
159827994286320
253895492258520
186923305885350
79161620095020
91264013160840
258087148992510
121265960515380
224787405355740
267084576006450
271435830768294
227136064714140
258521218479240
216725425294050
177753774061350
145257730440204
170783703545460
218537900088300
98472397710150
264762563488650
229421002546470
193605320101350
258484306405980
249455953328925
106167796844310
16602471257580
195615695941745
235656690821922
100005848818650
143256663407478
212172920386740
243548657916630
13748252335110
254609854884330
208647232525500
263647836125670
260783941327500
95390045536380
202483412213400
202340963019030
180363803349000
173617490827710
183258031164000
219798843012780
126045160438722
260796546918210
269117871893010
106997190988110
189963939492360
180609095332890
210581755419840
75945965439090
96967140504270
213677218989150
170915776104330
265266087255660
258059891233110
262663803160620
262267879264080
248274181316970
113358135031950
256044064929000
223266278635620
153820434830790
248588544612101
275309922044130
121589867866320
225528198305340
120306878192850
78248509412190
19839598810920
108581263906470
273972823831590
205365319233660
163455509733780
199132713956730
261253692964200
198393974772390
171445152185222
85504764607833
144872832331770
281062373893380
229189083395430
278276854586790
85078133771095
281062373893380
258974866116690
198996144855810
79835529115350
282945448440660
22612266362460
43846420299060
238301597628780
198854484465420
168006998539380
151275272136690
233517688359360
3303432243536
124170294544470
236164383169450
53204454712440
123148868856810
263153371925100
197705776541010
85719328506600
24151748497290
279206931742470
244627766916750
250070016659610
92440908699000
272579741199900
238953019446810
256000936400745
100517729595480
113379890030100
127386615820620
286340812947300
209754320708250
272459380313790
3195866277270
277231280536740
269653003520640
267959794450710
272942376310710
273141795480000
247048441023930
221954355668100
181452358209585
203494752350400
250934969871210
82365493002210
250600526866200
282825157630530
201981330394440
206503844579130
107222332803084
246190360648830
113931379907010
165278344012122
154123385464800
262802601216750
236609851170330
37397051341172
33100664276051
256204881217410
269445820292130
136156033006560
284314218300930
227975375691602
222389033378400
95769135026340
229134100703430
288813048601200
119511493907450
88476604498020
216848693405615
255309134104650
148769977690020
272417834367552
266829414988710
198463362570330
285502346659320
246225586711851
26770553453820
271927474876470
234454645538820
40073582542050
288159109438350
283132553104080
272129732122950
135539994618576
284864374038990
290283700850700
281891175984990
188403927790620
275795998795188
233422380534510
136598416038300
49959480446160
287929590838830
239513850092490
289844434960530
185265889469820
100913267175720
271857002697660
4604800455000
280941447907380
207783114835200
280039852145520
254077781444340
255514978702260
282108634328670
173349235592418
114587044915470
206507070583488
121490356381080
286941284137410
275410098352770
143676901087986
243086717954880
255816420412740
287811607145580
239001808500270
290539703678610
288972570280800
108792466621320
208295345991930
252909028196010
266897127330502
146959591154303
225789521517270
286178501704650
85354377294810
189161021491260
278298991409190
280229264824230
141870582393600
189485963860842
250943270281200
133727207284320
66034685655660
202978725411420
163713633707700
288310321723860
243383824837110
244125497330100
97901709709950
274055113695540
19445898479130
126444667973610
289385978134350
288770490021090
285768030753390
284845574809740
220334512390831
162674558755590
295587774237150
117378821647710
230601009278460
259372237351740
255149451609660
295465595867610
231860657361720
281787172449750
281468731923660
297210591985170
67941669176627
279846295861010
284090047936140
135197780473740
290385753039420
230543109917800
166700639424990
114341008233597
276536100761250
209589251346900
196775936565570
214403187802305
15151702618200
2753027410530
275130188834760
289264938948690
293115736233450
100783874573880
167017909322850
288840347687460
255319522419480
66763845992580
293745684255660
286278704965590
76033218119880
195597695209230
169181006587800
94945173567810
78712081784910
80687386204380
288486858390450
299570742905880
0
236866546672350
294707324351460
297103487138610
109542345191250
235514577079080
166905245115210
46257794964330
68358059799550
279312367343250
79476101328240
222789702676560
217190550119250
13040543333760
289733253129390
269487404995800
50394847236930
92038376996910
288270671296920
70832823044250
93175707457080
293890995784290
300010201055790
75157236027120
9153211307940
145579075128000
6916917885060
311387622085869
64073064020490
231815786274270
252414846994590
259483517109570
103900616984040
293094506805150
270508592604810
297545394700608
243960996662280
191163081458940
12315176083860
298880335484310
292324352918340
109084907162010
73133447234931
289343946864502
248250221620680
151829285647290
133782700273200
102574212646910
263507314919160
172302892806888
231214811076150
128106899866740
157961446889400
182162272829760
263328360631260
275839329003240
292589143992870
293093840184930
296572162074150
291018930845580
248782334590710
266028323455140
268255716330150
297819984386580
239224273682880
277845598920180
72558057735450
52626373696350
247853092956330
186657908384070
298715525763450
224880275794260
296220879272100
93400561511880
117296273041680
272286238173210
273660036999630
232236696749730
202425129164508
244670305731840
91253964444990
186846000400080
89785154566032
227760163188840
34903144947870
299451434956290
163095749534970
304337937257250
208924241077620
295732149622560
115941294673320
299623169621430
71205120525294
237608418612360
264783695888670
237628329149865
208734812227530
5062826044380
78350025250140
139158925262659
138636002731020
304596929095230
304410887250840
104032732666590
267130368862560
238545905853720
309818992023240
260247868166190
306875212404690
176149467152970
250660769748750
280192832501910
253900550306820
306625546960920
248850515824020
47779766189850
305764883657070
42576651002610
266948257561920
199608387013740
303264182780730
244616103758130
91067862407130
257707793573190
179804159502930
299131958437196
276879889925490
204236719521870
304972668414300
260773898002110
262244890749000
267849812895330
239801566793400
284550881056770
113375590239840
298755094435080
213017963798200
286151862949740
305055534159060
101928245873220
301955172458430
150912044075280
294911491617600
177487389207480
312932345630880
289705932481290
270088198715100
286365488676360
306048839613720
233297435062170
279231224207745
264331576446630
289583297719470
310520083336530
240770834390100
121672197260310
58424315637540
113893960232100
85487283578160
301973262694936
49245655344906
145072220955120
151460276317530
67548622400550
271715431718373
188185696814340
291574885820190
123679149070440
141026938568790
305749401357540
289459326123570
102885358881030
287561468239740
305792973344130
305346577672200
307012107628440
313835773250730
254207039284680
312472278853980
313268023051230
7690936731690
187130160295800
319118949078550
263831767579093
251317710594898
30754495998990
91848756785490
208562207003100
273757490227560
113239831747725
154580664475470
140542431446250
49800533926586
313037074182990
134670659069670
312355694883510
127520010839010
314086356869520
314952380087430
221390615970840
316846894089240
272801449921290
290622333141540
313704816517080
76204838438382
212394159239700
276657260333850
278220379635780
297183741205500
314977988366070
297299346719160
214953773351790
291138154344630
318876889217460
227756390306118
129454677478950
293959073700450
317068826514720
318399593631990
238676926374480
270449116065990
225113058317310
296797602790680
147672073054290
246637517274030
330374514865254
108417379547910
224576985156000
285284710430460
249822213619770
318126017006070
143826013085460
317724195979673
285050498537100
321428385296790
316698289887960
252550836621060
145819813970010
318947533890990
227479710132780
183057886606254
272072657932470
139789587224910
310097441625000
208164163757370
38985075274920
288450932771370
33340687049424
121185530360130
290438840189667
223657842548430
150340023733050
265820246695636
150137363998890
322023107108880
233485208251823
319193838382950
289878095688000
200636210743882
126716896086120
264167839427310
4025467055370
146212717412130
236669419346970
2855009523270
322738887878100
309601244391540
288670616476620
239821616609370
322133929130040
323587686779490
332891503536684
203739121667220
279046351735890
266805703253580
327242453697480
203419038707451
153603251893710
135883653822240
320407808606580
238744023900231
100242102797940
322694748994800
140174298964650
288675982679550
216169468522620
325494599737710
104243037869850
136003010605570
195130282133760
77765051632530
327683499337860
262317757814457
284041768281150
307279545272338
326186604532260
241145808263850
140681562812490
135453953101140
83740269998343
245309439097890
57731521140600
327837879417030
333107710804740
266331536911230
329227957765680
139841951950170
258939448997670
297425500641270
332062520375760
329991133702020
326077390219020
299199562119150
300934045042890
336357590389620
316245468104073
299263124626650
139561407256290
264620556312000
73242340696050
195899003955030
260925810168062
327881916780000
326335657938540
77921900542380
246505756463430
331828799014260
332667710913600
330205439525010
158187643168740
231699296636850
309033141116910
229924312491900
205044806974110
231279150708300
8584701951990
338390977015590
309428336402940
132300553316115
300181163986740
184565895115140
278921554501200
187957456652250
42002491272300
200999370061260
313694415624510
136160690022870
263348314317360
110851199190210
192890964662820
337736138544330
202959346707720
182592072089991
327536497900020
108458904956520
313419222759000
304457434771350
95880055420170
287248571801760
31129256043403
95129366484420
48930837830970
311219897110800
316470183588960
108833611104090
225053875967562
188849990152440
207109567160638
83141112815460
330657375691410
158587685376720
285313029212070
323116982828190
330828359285790
97845788179500
314346244422270
339366588285300
331069063089810
314695346783250
336799910873790
52075986168510
214565488635480
301286560463460
274388665575066
99369947033370
97256655822000
328238299855620
326610367459470
319754923278660
62133611349485
280131188945100
76616676552897
324139042793310
172972055609292
295521507515550
156042821360010
28714690468000
257314810918506
272776820011140
322011808258740
181159879957950
88358725918740
71277182919120
351100289160090
296687458540922
326390611881420
329245494728880
83774581706460
338995281721170
251536394274330
271724638155540
150926399768670
340309297983990
331620533201700
39495427856340
225789551164800
100383680024754
128074990140360
322888960979730
333816908471460
188890779763260
7681354290630
85958767349340
280603004282640
354063196825950
231592367878650
81262338956850
125593308286469
329903225181930
345961163849640
208821148530120
142329198238350
231598447419120
8943357106500
14837333686230
125344283726280
14605822413330
339413437671570
122737312701988
163116873587918
337688247900870
345373375513500
218282131745400
150542599016670
86652223076040
338980541508300
282545815009230
145385919673230
276215112425216
22867568430570
334144685274270
69071278214490
194263319837850
216281724268170
256591458056310
59022333269940
333788838549420
251381504796690
291033647699790
358789000530210
332077504956150
358111214870730
346451515129230
349274891636400
314710856035080
279543583823844
230582210947620
307620847784190
157085655259560
310064416495170
349058817742530
349632146169720
333868269672750
35118032042130
346135945023090
226145193052170
140364316273290
113408213729914
46496030836080
199101711624450
106595280555276
98896581991650
117868295114543
254391878737656
344542357942830
226829064540990
40271911041600
355280766978450
213277295371290
294032185407840
353175576730050
333312616563900
230127145619190
259900311968820
164984954832090
120106819355640
14664896464470
209903742462630
342337288759500
151984525228266
297157703486880
173094968384430
218060498490450
133297943600377
103881336694755
227404624618620
28697544078720
356254598497950
227772607964160
355942331845380
166789392406428
350556445650690
357388275124650
306114278899710
119053618769934
309150982861380
260679219064260
303661548625320
34068478934190
295832395108770
358003172084130
296273447038020
226831178499720
329984402814300
364520341541280
360626150155110
113512245720223
139576418788980
32727290438286
286693400401850
357128108166390
150821439426780
360441732636000
351535390021500
353250396314850
342005599381140
353625267769860
192557037750945
197364159599676
82363541655690
364246058765100
244901578027680
372135587230470
231670514275680
362354596662060
212213049666210
119053618769934
367628086375290
243409667600760
311750082092970
268990631881530
191146660807026
160728812025120
76767396076650
230281859906880
356581268459640
226661033121870
106983042827430
370799122396980
355449528804900
316061904758100
120499284506704
88281817530690
352384349738280
368529189808470
364722809907577
186087409491904
242177420124090
114599281259670
207763180617900
361867121103860
307613885106690
366594893313450
366588378044130
119411808844944
370875155733690
241832365998570
381126247420290
341556305228633
367673837006130
129448406577150
121470600761758
373504950041340
129362036134980
363584314216170
18405058151370
189316712350620
137279275158390
379582002814050
17346039395670
369706079956170
370810361506080
347439624180450
41297531405550
61632693172470
371176065585450
364364115229560
252248376113640
377634011855400
374328084364821
239754906073230
378296297247150
377682987778140
370512141493860
332368358006370
373245942031980
343204327180710
341925986028888
288033788416034
91068117555570
374884060600710
333068259824820
376467904424520
383670921872490
269618625861990
274043006722380
341186235086580
332788295503800
367263315743910
363573355410990
163113890229690
374162414565030
45965761403370
335474767803120
324393387156360
357853147496640
150850595526510
380033673051090
311573069269080
335545699967850
141880090266630
383297962233960
320040194507550
330095247741690
383963443270080
109086259269060
399792162129705
271956295869270
168390696872640
57374143525110
129798051577770
269146341607500
84434609393880
245188818571290
383679880817010
117402438151380
118451253706842
270374056605720
340461098728050
281985029284050
103823096778780
129376991584900
351508441315140
386966314009560
380848627050960
332107657392570
383494850582280
325181953057710
139949138552040
148734296438460
192206222614710
272691702850920
141057370410720
266012314687350
148734296438460
343181122148820
277968487932030
322409533467330
21148603742760
389375749906050
10340225637930
311307067137870
376915921726500
387739179297750
360984128806890
391292875090740
197513261652570
277964551099410
302294954714070
356736840728880
139552580378040
287620770487020
189155682240630
382089377978280
142067887604160
379526844932100
215336869750350
200200455375120
147865605524019
362179160451102
51742190917110
301782573522870
341198556779730
391185779228280
24327573623160
395158344309210
326098523517450
247877444359380
178329212853630
225710783068050
380654081755920
362319041187900
302402294944050
231397808209050
190620440022120
351700405478250
387852370224654
394978721604270
335169475507380
162354430117110
16976658124170
401533129257510
349785871308000
274333956800880
368961636766740
271822263878190
147703998952050
154544403749460
42763387044060
33220202907420
236177949053603
391695450814920
100518355787250
375805237208520
367896228519120
133686048426990
208022037092190
394185425574270
383827485986370
95565085451910
199573536791430
188331484500270
352114038832710
285871309271760
329965865022360
275954418917880
293989537739572
402612702735600
383251109110378
288361206767850
155802423015390
68593467840090
90882028993860
204803114020680
401191987707540
348742463324460
91859756917530
57080579542806
403482089600550
146989143997560
18521289046710
402356718774300
183396809455110
282788546524620
372556675591110
91914389229630
175958138165730
409156231542150
295804107771510
398890151097824
42839566821600
355991360849795
230375034007980
361828911815580
257074941897120
330270178051200
353787630221880
301335578032296
285589319934600
152580007824210
384700170914430
372760896761850
192582447075180
408954604979490
401155569759780
210188980450350
243202498746810
301653273245822
265456385276431
396580247933700
158244272120870
400502297217150
83757229815720
364250766433500
392724756456690
77840715722730
323776930557120
336928696150470
182619997451790
146510198931330
60987209844540
76014466962090
399765025136340
406722773060670
402947136756510
402996827813610
407851216449120
312106605320550
134545374896760
201575785425210
334780290584250
345583920592230
236288238358530
14590154142930
308755561176030
350072273635080
401190277134900
389422384572330
246935854079550
402305774435250
309938812066530
412777250586900
217598319213228
403823839374090
150397789699230
394280853786060
396758098974120
410737106120910
369651383856960
412818786776430
412870846940700
326094713360640
368591891639190
2916766226670
387362133690540
333074420704164
342430822224600
287833755087183
231665617013658
374049370329960
408424514330370
18308398219470
386151707694360
53723988145650
161042947370490
136527806402760
413156480228820
295992683132100
313720969030470
84313047333600
200006690798370
276460287534990
316093009509120
370222660315710
234090715819200
220395670772140
374889667577520
29790129821608
406804854493500
372844881925470
395684275320030
404934123201210
404707521738960
356001259455690
407999770339440
223131598663788
263476373549937
87355656544200
218933088187050
231311110745640
308445255752490
392033402110980
119953071757110
269130202570260
410442030543690
385516407843780
412000930912260
379103196102960
368277130102050
69301060048140
222860009856182
93562010280930
241042335688920
189709164790920
321918158000340
14439759621883
322553738154840
85942542963150
369267451038690
411910516726680
264386455972053
393294988064610
366498546028230
37543160466090
410793497011364
379213346559420
125246695736850
378649340986392
409673734568760
146505185803530
413804880694020
42800689027260
77867111906940
38728885577730
272977024003976
380163730476330
416260681733790
419499615091230
410183293854150
233253418018284
382777036265250
353311652603880
337100931077003
144016122930330
372804944007330
127502712451415
411331465427790
410019746399340
381413046844590
416304612185970
153390679103610
138694427231730
417439355225340
412934721196470
394120237843080
380956566520410
416713241396730
394447709186490
415536349452210
422953088756670
419803064748060
65993086577430
350044691549670
386610102530250
222952711085370
417532715297310
303651615370782
419871965607780
402998597681310
406274156519220
243818684026230
321754440314438
422651761144260
419869093391010
382342716122130
106022306532090
170821138493340
422483127790440
34346956386660
293176225280340
80628154033080
424316932634910
395249116636022
417935722258290
270565331688360
422935080128220
419150504644560
362343648826769
423805330365180
202300098355953
424628859688500
423529356781380
348646770081720
386643590645077
158354881291830
353873397830940
261580199415270
43786946455470
382928125468590
181680903863886
424178081572590
79968018978412
39063219875130
154783139137170
387677045262150
272321875968060
263727486461040
422150096187540
17129901889100
1685055100770
397427815114980
430910280072780
186859561899030
406187494093800
295916423396070
181314755959440
423754335715170
409960765782840
413022505735980
432481059218370
407992282092090
395270560210260
114819238979970
423461056957950
18288435916543
214099784893731
432881874957360
361352870410470
340220547159306
201844183615890
409327817969640
275607495201150
170846984215046
3274116889860
383288568459000
266400421518480
399567825938160
422882471933850
287005297151096
401568271463070
38267603252100
427479069007140
343036475443590
275178683209740
113788573145460
432945542578830
438252059640480
232211206162800
386187147273630
387174123429840
103283821684230
122037722556090
429382435042680
399667418280300
413093690353920
374759150166360
346213166956230
115803463641449
429081179303070
288507658378770
359795514408690
204241266374880
369570369735210
409009109717370
182769348231780
307439711745714
107327127099690
407445128840250
378949339796820
433379733350910
272865343043670
200547262298550
408598135656510
164071263776400
252103107350010
60816582020520
66434424201060
132165255016980
405202900520910
251284521437190
433653017095170
431446049571510
366497243333730
428131794418080
418589884226820
88922240651310
127797451526340
50427484233380
151881185894580
209249710763550
289743294657960
64234512606472
386871499411800
404926426522740
347433792698118
435279962138730
158376962412810
163379876189520
1490634684720
379459805577900
230629869801300
328935112042080
24367778369070
285398092467690
436105352967570
31129831033560
380290493432100
356361488624520
92330978352990
436354708459890
360984869995140
433662117090060
383889797907150
390605171883270
416489073727170
446410909862010
436184576558190
400564937955990
432968923699080
79301053327020
407697039984198
320807281785763
438200568169740
263423401628340
160994110701300
434094636945630
434709844628880
437080085592300
442749579160560
185784761297647
22536833163630
364786602414570
439101261029550
78087245715600
419279148870870
440414633132400
270535208601517
125972609220030
89413164214440
440349623286390
286690702315440
402179202840810
337860285330180
413760815480340
291249310121880
416281045094850
211834744488180
368408350968240
423282865420140
139273684266510
176304345731211
316841920491480
441039541074510
404687892378870
389528770690890
429483320196810
380506720781370
401469969237690
417671364217380
368255757826560
32336002159980
435623438656290
445519069934340
438461900365770
366817282933203
307314162765253
416738823621480
450948405033450
395126948473350
73988037167430
390548236946340
340701242822640
51173378796990
288580168151460
415046952284040
370286209347060
50501606195640
214617427514400
174171568796090
440689562763780
214856531250210
173072342826990
393376729000050
445104879565680
265579621842644
393216322386600
334518162034078
452692102050150
89501273445780
368745818021310
52022590351863
450091204201740
325542977319390
270059030037630
372401792402340
442903456130130
341103857178450
309999216662880
406883017061910
457116619628844
286862456745600
238028331852720
46576929062940
29516670294630
433725387614310
116945183699413
427927687345410
304611757352280
212170491086100
417228696641040
317359167471240
411683740972890
276756427407196
108060387350310
439179694917780
264217818874020
452796778494480
412465225606620
255898199081400
460742614537122
33223864826580
181452390574620
351017768404770
342516883613730
453417650778870
279770446498920
160792607220810
437665314358350
146934039121800
116945183699413
410555710853040
337361812424190
431182041012090
394753641150150
291233954226012
443856230716050
353268360921210
111975756955410
445767886380660
39828892492860
463624509249120
448073914387740
366029247190170
457622883386370
372709938702960
88979440082970
41502976210710
421391644090980
247872862468380
421203198101430
429348435614640
242355416706930
392564300430690
324400294132440
395652635116650
424227544433550
122495348353020
464684800153380
9904029614730
195355660860000
462454511702940
437377761168060
459524477757390
114575547962700
183597249218160
315306872010
218073572152770
66712099373400
398222993313930
254245115697300
360401889050910
2167751028750
352861279670880
222129596827470
411722437288410
441307808995740
466540553154150
342835519094790
491101960408446
404772018592860
355377311015460
389273520730560
80976781011922
281022380273820
383694573414150
14351354069700
464364717333810
297883837978920
151218219426675
391110723361650
63323897889690
304102253991149
110571699347160
465919213696560
437304681803430
441898001477040
180255331744590
408965082236910
154879320744216
422932085727690
444395520185160
245396097091188
474026538307770
194269524496860
56155163767320
70923720288867
329962314252832
438731279018982
228255280533480
107673953215860
110681914489140
390584368301310
200869562394000
467166417902910
27286004511990
470055760164330
116354624365200
470099746317930
250759244468850
456422613915240
223424011580910
436981512437611
281326523503170
11755971232740
113456480381010
20300326422778
165790709991278
453231555928290
272874577381005
420408322666650
360644722086630
447577182600330
327475348521780
466012604314470
473657642177670
130709356456500
297719414574360
475977778815390
357667794272920
448119389206710
403114093677270
439404458233170
478249325846670
245311321266840
248704168428660
82761504942930
136323849364560
321688702289520
272366375113770
335925767826300
159209274592290
349470821381250
397961802168270
467205216637170
119065597203630
332303488312320
446140858138904
344956432405734
85012906926780
453391980509940
347991924423180
186684391714050
279104909553775
130279720623120
455543925811560
429278937312270
451093250287290
292704674128410
474841085327910
345429811832880
34893909293070
341894473251420
280024634164944
264526128928950
157077173370750
48320326909110
435173264129598
411702629144730
53127229185660
119109724407600
403425135797010
437225966712870
404338922982570
407933835131130
194593766954730
350362071053550
263528794105440
432298839210120
375499312432140
470078334512400
159900831978660
221961007495740
375674730578280
373171990311240
273949834418100
304590459438508
155353302465930
202227989758350
428386265819968
22165772763840
107747721803700
410648952334890
260687134056360
84664554738150
199425948691860
395685286929690
4964564247450
313682019363330
228625837823670
113743021063230
336654553374770
468111154414560
464257780489920
210807778306050
446752133167290
236329402606320
241469361347663
302563988080620
426900326761290
383723185077420
113743021063230
464257958375100
264271090993380
212394554204829
200055283100040
74194500769530
335220247420353
485039787133770
213878316388320
484731528288210
357916585807851
463549414750860
476742759352425
185165580196500
484503992479560
43161698914380
482197636552830
483656499866310
475211559065970
487621598261730
128718908438070
364327308270270
271510729215240
322188843901927
419494739420160
153841477568830
478714127244270
262347915101260
374248158815430
418143454415310
275098207235580
352769324712150
226517869691550
428715263198940
39439590776430
485302625064960
339887330978370
112244390529510
481448550380520
473019073911510
260968258224690
234741478204290
475472758297320
158602125520650
482169278506156
113564823236550
467663825294640
47607722471670
420353722697310
226457292600480
350075663336010
212575044210690
459267685227090
438291546556800
476871516184980
434733662376390
430636733992800
213158516585190
164715304257870
99688893392745
397306129972530
90323170358130
104917587456510
467793973459290
152732873042314
291709619469480
435232705772730
391761661835100
468779584032300
480813637744650
475828913176800
287306561470173
26390771289750
476775530060580
166974632913150
144446867401650
294478977278580
262363789023630
76391193178020
494310873427350
143916511721580
290449297578720
473863225337970
315474007714350
314123858903256
460970654623260
235290559443990
209363233851150
205847397953970
337344023007780
499331290926090
448042787819402
409429803676020
366357167738580
311975809250412
442568482164810
398500442086950
376102001796540
411124119587070
234676863796475
375052266311370
182872365880804
495099456398490
426890566435050
495405179931030
95857995861030
147325882440120
357078261684360
428130368641410
496736133019170
477444637079460
341361119577180
374344109003430
496902666788820
245579495049850
55326242187180
411765770297940
476934127276290
154921701884760
444042480991560
445729403886720
148370757527190
429187993963200
271520081180592
370340050159950
430217964428370
500858260904850
478748187764190
106985615873670
314924220324390
494892744835230
180097424784000
281776171419300
434750186831520
175408103713020
438656716082220
488451746171520
114694756188780
219050684665590
295609371115140
500861044179030
298862801216340
141035383176655
443995864293480
8581966746524
291186720592410
101762473056840
63859677270930
27201930405780
452195557132020
264706333803570
479957685702840
327907216005600
287089054909218
440106639317790
494685385518360
472440977622450
492941308474230
395839817043330
501205892568660
35412180460230
387372578605200
381236966570280
504701153080020
71388646851000
111716482118280
484057036199790
284728808937090
379025661523140
26739048011940
391995676976670
405741997040400
463946897388750
123093479185080
107205238487040
427961483732790
246768450649020
426885601821390
151547508334890
416654830372170
254539930984248
437876540431860
16046170395120
16118955344947
484388988812280
282621133211580
465735176204880
185866100121030
54116654778435
459421287283200
444458497827750
447150791823870
475347834386820
448047909011880
475911557912700
392804189376840
174072386356650
432817018739460
461352884954580
388576266526380
348779509260810
387665628267870
136599603736320
467099296153974
156142760488410
227307486732600
204568268748270
493232388822180
124074152995140
466557967035180
514310373945300
429401655626220
177965103452010
415776445931070
349782298331430
217962601447980
40812821242350
197842872110190
94299344316016
156633957171810
450303434697630
235003071837630
495959785493820
30689938483063
505548516322230
145088286322740
413728031601030
418727241233310
451208452503180
444782140147740
407326110178680
484111067475600
159922568310869
270628414444920
477163629704430
310389282926220
477054590581140
267894145852870
495200159175390
69109566651870
325786865986860
8560839283980
330830630466270
89396967927270
333629090133105
492383486603640
336855081333480
412692028312710
379553496264750
332850546332700
507523413761970
415914840601110
491383222065120
491126150129310
86359955928480
244460503638180
513392025532170
437310605918970
185787438519562
496406739078360
183527555960820
323462544555360
480375715875840
232504581948300
491496100615392
468462755253750
410580206001690
341996242440990
88502028602610
480419858352780
298314776506800
375574137407400
504164734929270
433920975910926
516577086632370
507563170201290
510360349072860
521245619394360
40573198225560
519427446926836
269114811010140
446250575121360
506437820038470
512855488791300
369026910745290
240569222202000
92190108270574
154502035912788
297448068700470
512000329147110
531500121445320
404222394713520
205698441426313
48793038806760
180047196350991
518784468323040
535541084276370
473250823263060
534600254051400
523249134786240
224188918753320
390834407483640
44832797215800
44045393856990
388087779447540
98801485293150
375990963711000
510883982849310
102161242217850
197267561790540
396319105302180
506684188317540
45751496260470
429297179527320
477206843225430
272580379071000
523694774895360
358207257594960
312734910150870
365383536564510
523528129722870
220234825880400
515110048686300
120661092350154
107207751339810
518242570769700
462700912324770
451969149726330
422427457814790
330424346592009
513861909235140
398049097972740
465548190131580
115411227831125
527866027839840
481797821642580
479704290959160
477720058141110
445647671036970
475100800385940
374523654076824
249990106683750
327306448770658
13960711925550
106329689427900
165347618692020
519286079375160
423645330731460
91258578678750
333646464821490
125077091201820
354923579845313
378455395572073
509241631871070
182217819723240
193354101306690
465324387076320
516241522411680
519974601034140
511529491332720
363092936952360
521026328294280
447102522949800
300614141905320
534867693638610
539390315632500
366251827369260
420895468419360
485001769117800
260578440820920
474231964246320
351637178976090
399035871986700
268854900098730
16075202514270
327097237400310
472027286769750
67408741760370
288274210133910
173277628613580
530178851420160
531952160928870
358508786451210
506513513776200
448433120267580
292339639364490
535954638570750
56905495135890
496783266303000
169552853994750
385315732697310
76895151404044
504080992336350
524504238711720
522819963430830
310980460064880
37740321032640
534582876106770
400236997186674
489422803400940
281557486284495
247213439410890
117715412108933
504076559581410
286149896330250
533948804382660
458812477051470
287215391723640
257034021111180
447712451701980
216580902569400
534022369787100
145099522736610
508503444310470
301781105520930
549954523867530
504814826202090
402543488330790
393979573789380
374491024193910
249181427179320
271361983279710
422268882160920
540158316030540
220739451098070
51235171436790
416662318983510
26216708844300
168208700568480
194280964400942
540027719559300
550644553956900
108421498757760
276507692394033
43706585477790
466109850908100
131598014215950
487364010754365
500926022580690
458944755346230
312659778817800
342952269271110
536477969583030
506870738661990
221312516675734
451112794298430
231745713887910
34417925386200
107830823830290
344492647120710
285675269022480
194683790331960
7108733810520
424643934109890
497710224179160
234009743024310
454717690477320
139806259019280
368756005092300
490495534588470
533831030018940
511871982344286
380333410477800
428549908143210
120150409310430
492146265935190
278661853817730
404238337897380
505619311598181
455783429339820
519230268349140
453259959160440
422925990015840
325817724573540
507976558289820
327211522773144
67282869128910
484237406381850
404292751895850
427485786418710
455922831127470
292109778470760
555784953212730
58987854989370
546037945900980
331822293627450
494351050071270
398675251111110
250116618983130
517631828058060
427706096315730
538184487698700
355195669583250
171982820356560
334771715260800
189781964750040
525820041013620
241366488305790
149524823568840
438661368665673
392857070687850
508314418846470
65430364326108
472340333242200
115586211596970
461588048264130
499963113929970
294885468273540
357996625370460
159536923820880
478257544501350
246206531130420
559299070451580
262848175419990
328538566445820
248612890871070
471561873554940
557201150136900
373624741335510
279257383752840
250155667990734
123145294290161
466025540520060
467388227246220
519853246506570
100633152820230
466679154458490
464382903847440
232921034513340
539970541153260
541341764571240
508049961082050
472304596289220
469741676028330
546636754134180
539787078643980
517957648123890
59794104083213
520514049521820
340210758578370
539507815082760
181355688417450
429245447282700
533329367757450
28308698754570
341616858272550
502773694383510
359334914561798
87319394021370
230872600418280
376438148186910
145626298884326
527714364552510
298779175416720
164892477897150
69334770188160
280114654660530
560672151781440
255795476678820
525530280429960
459087545936400
432642367835460
423226692334890
344507581735953
549329330231040
161753227608768
418488279446280
250657585783710
532198822089600
117814602605490
260991230568390
423059610535140
173903750485821
428869654957440
546026271063030
354162835065137
307336700854638
273537526218390
428366977492650
449490302673240
545488616700120
302708037343200
403699485055530
325082521530960
509427494931870
533551777238640
296459616456630
232451918673378
310227911420430
570453290587500
317301142762980
146532475007280
555034654186920
412560861351120
307210285452780
212792133307860
518485990467150
505575583618710
286362856335060
515398484115210
133081472401590
537229773445590
569141931821460
383237669723676
278061361964190
18303268298370
480254041514310
255841645968720
321062038854270
362369514760110
400316449429320
255273967642020
21148101797346
221001980874630
520584642087570
282612506678760
482472540130320
274830617613900
236021977485240
75691690253610
265504186569090
100637042935530
312327086813880
403340690147954
522011122212600
477548936191590
553411843626180
339010339072770
142798250013660
447021084778530
519841257225120
178313286739560
374278708349070
557932953596040
491307588520860
522524716257300
491067539657730
280422040251570
406622390117730
151090470996510
547784092881750
434411450325120
46918101158850
435500007004800
355743224424360
45053277560926
492527472977520
247430370053632
189266121985110
195772099948890
566845197865830
568697159576400
265441736293170
494787580554270
542025226385100
244478372114670
300531319284240
241084505601130
320447016117390
4168829743272
565413292242810
296578859720700
535626185265210
552857182361970
188775649420170
514907157162360
465504493266000
245423825557500
8857019707300
402197596328895
438498371319720
537677599386240
532058566812450
136803001065090
428523374502270
41708648313600
560570038500840
491224462237200
346784945299327
420161182653390
279998079674160
564166612707900
14168314711530
563461208128200
55554305362500
218721263728044
49940213145300
273489072271860
439253791282530
467406009475350
238600424966160
567023611310910
72124603992132
503873378769450
502063291050570
438267568892310
563675240834550
157079390788086
581921637084690
551980812156090
123521134024410
550775979929186
253654937590560
279881957486430
572035943119650
418345073790690
162801014455140
380129132707230
308315703233670
