0
0
222231313133
0
0
0
0
0
0
0
0
0
23880911549
130793061438
0
484487808325
0
251309330033
226143931109
0
0
0
0
226143931109
514847535330
263538205297
648369234212
263538205297
263538205297
263538205297
469905845230
469905845230
263538205297
423500070033
0
263538205297
600254529092
0
263538205297
0
514847535330
0
263538205297
0
449840531894
0
248267941656
0
263538205297
0
263538205297
394124052062
263538205297
69040988111
0
0
263538205297
845168252774
263538205297
500556814818
263538205297
0
0
263538205297
0
263538205297
0
0
0
0
0
0
0
0
0
0
845168252774
0
0
0
42721633502
0
0
0
608524852430
263538205297
245343754073
0
0
0
0
0
263538205297
0
263538205297
500556814818
0
0
0
0
6053893146
0
263538205297
0
0
0
88403003643
263538205297
423500070033
263538205297
689233773724
0
0
0
0
28240669995
0
0
0
143267417039
263538205297
0
0
0
263538205297
608524852430
0
0
263538205297
0
233459815743
0
0
826014326731
0
0
1435354894100
591858564564
0
0
0
201679792860
0
88403003643
0
143267417039
0
0
93165188512
0
277577305147
0
93551506769
0
263538205297
245428460808
0
0
93551506769
0
0
0
0
0
263538205297
0
0
681680705869
119071840799
0
0
175509577650
263538205297
0
263538205297
0
0
449840531894
0
0
0
0
259648916389
0
226257521452
196757914966
0
0
0
0
0
0
0
73871771549
27615506518
0
0
922596318558
0
0
0
0
0
0
0
0
0
0
0
0
0
0
0
0
37014899106
0
0
0
0
273670241711
179344709793
0
253201761811
94596593470
500556814818
263538205297
0
199896785520
0
0
143267417039
0
0
0
0
0
274254579319
0
0
458263714077
0
208839039466
0
0
0
0
208839039466
0
0
128721743141
0
0
0
267738548445
0
263538205297
208839039466
0
0
374488282037
0
263538205297
208885419875
826014326731
0
263538205297
0
263538205297
0
0
86486131889
0
276599150653
806524207086
0
0
0
50146387120
175509577650
0
681680705869
263538205297
0
0
263538205297
0
526976428874
0
0
93165188512
190104409227
0
1663384381071
0
0
0
76017490351
0
133036787540
0
0
475423987831
0
0
0
196757914966
1351987400953
0
0
0
483661848227
478173407253
0
0
459670317245
0
263538205297
0
0
0
0
0
0
0
0
0
0
0
0
144285841948
483661848227
0
478173407253
0
18185563960
0
661416185410
0
51442261302
0
0
0
0
0
0
0
0
0
0
0
670332721465
425507758516
0
0
0
0
0
263538205297
0
0
0
0
0
0
475423987831
201679792860
0
0
0
0
0
1351987400953
0
0
0
0
263538205297
51442261302
139079849333
161443538281
257953115327
0
0
0
0
0
0
0
489682136406
0
279561664562
0
0
0
0
0
30360282459
0
0
40097391079
0
0
0
192800305216
0
0
562805711417
0
0
55627329465
65962662043
181053841751
0
451331925884
0
0
141607998214
0
0
0
930147747798
0
208885419875
0
0
1351987400953
222567085076
0
0
0
0
0
0
670332721465
0
0
151077100279
0
0
318744494869
0
0
257953115327
0
260518479626
0
400615642960
0
379026256888
0
0
0
0
196757914966
0
0
0
0
0
0
400615642960
0
0
0
0
0
0
69040988111
0
371637885507
193910102308
223777141615
0
0
0
0
0
0
0
0
0
0
188496092170
0
0
0
0
600254529092
0
263538205297
72994154229
0
0
0
0
257953115327
272983145113
0
53619640982
0
0
128721743141
0
112106725366
0
0
0
0
0
286246831179
430536561305
0
0
0
274460375026
257953115327
310097748212
0
0
0
0
0
199094432217
0
0
0
0
0
0
0
32963695357
0
0
0
0
130611397649
0
223777141615
493598642560
0
0
0
681680705869
0
0
181053841751
0
664215097257
0
0
0
0
0
0
0
0
0
0
0
0
0
0
0
70360785631
0
527904314781
0
328671019064
0
0
0
562805711417
0
197041196506
0
0
114565720224
0
0
0
0
181081892178
0
0
0
156813829191
0
0
0
0
0
0
600254529092
0
0
0
0
0
109818810340
81369011914
104205947670
0
0
0
0
0
226645228344
201679792860
0
0
0
0
0
0
0
0
94996242623
181474320429
0
287584086684
0
179491905103
0
0
0
527904314781
175509577650
0
0
639286441072
0
162452798199
0
182208075163
0
0
0
661416185410
0
211056134107
10461142909
0
179344709793
181081892178
263538205297
183203726458
81765050616
0
204139620899
318744494869
0
0
247156200475
0
318744494869
175509577650
0
0
250401440470
0
0
263538205297
0
229879636986
0
0
0
0
0
183521446146
247156200475
0
0
0
0
106478587711
0
0
0
0
0
0
251265171440
0
0
0
0
0
23600685006
0
0
33780768191
415061890592
478173407253
0
0
211056134107
0
0
600254529092
0
0
0
0
0
0
0
263042055648
0
0
0
0
0
0
0
0
0
147539136026
0
0
0
0
0
0
64585136123
0
0
410958499289
0
0
0
0
0
0
0
0
0
0
277966956128
0
0
0
0
95468933977
0
0
0
0
0
0
0
139079849333
0
98011246935
0
0
0
0
930147747798
0
0
0
0
0
0
0
0
0
3287732226
0
0
149861766927
0
0
0
0
18185563960
0
0
14502345822
0
296017011756
0
0
0
0
0
0
0
0
0
0
0
0
0
0
0
0
2474547570
1069947155678
0
0
0
0
0
0
0
0
0
0
0
0
80687747583
0
0
149861766927
0
0
0
0
231234389292
262919984995
0
0
0
0
0
181053841751
0
0
0
0
465116855432
0
0
0
76350485024
0
0
0
0
0
0
0
200511117644
0
139079849333
0
0
0
233622563765
0
0
0
0
0
661416185410
0
600579360687
0
0
0
157290686450
0
448368853989
0
0
164844860850
205213313481
0
0
0
0
0
469905845230
138921544943
0
0
0
0
0
0
0
335502825537
0
275511571721
0
222567085076
0
0
0
0
0
50256922466
153881865252
0
249677406181
0
0
0
0
0
162916324562
0
0
231853998229
0
14052986624
0
0
0
0
0
0
0
0
0
0
0
0
0
270964933512
195444821710
37292070652
0
0
0
0
0
265409889501
0
0
2160826999086
0
0
0
0
0
0
0
0
0
0
0
0
0
53619640982
60933581527
0
0
0
0
263538205297
108342413608
0
0
0
0
0
0
0
0
0
191802154378
263538205297
0
0
0
0
0
0
0
0
0
0
0
0
268601723961
0
404529371844
0
0
0
0
369916987559
181474320429
260518479626
0
0
234823177586
0
0
0
0
0
0
221261212722
0
209477811566
0
0
102328235423
0
0
0
0
0
164413550819
0
0
0
0
107052093966
0
0
0
0
0
0
0
0
0
0
32703187431
0
0
0
0
0
191756051696
116024897882
0
0
0
0
0
0
0
0
0
0
170240818733
0
0
0
0
0
0
0
0
0
210819510703
0
0
0
0
6053893146
0
0
0
0
25160399838
38862061383
0
0
0
0
0
0
76350485024
175589563026
0
0
0
266958135575
0
0
0
105162439458
249677406181
0
0
0
0
0
0
0
0
0
0
0
0
0
0
0
0
106478587711
200511117644
0
172209347709
0
0
0
0
0
0
0
174728609326
0
0
0
256883310923
284006962924
0
0
0
404529371844
210819510703
0
0
0
0
169235446993
112106725366
0
0
0
0
76017490351
0
48780803461
208865978985
0
0
0
0
0
0
0
0
42721633502
0
0
0
248267941656
243306904255
0
0
0
0
118745511574
0
0
0
178832858932
0
60195938615
0
64046623470
0
222864808420
0
355004537750
156540545823
0
0
0
0
0
0
0
0
0
0
0
0
0
0
20453760369
0
0
318518348500
0
0
44519082646
183203726458
0
274653673018
0
233986386135
0
114565720224
0
0
0
0
0
0
0
0
0
0
0
0
0
425507758516
0
0
0
0
208865978985
0
0
0
0
0
0
0
0
0
0
0
489682136406
0
0
0
0
0
0
0
0
0
97561606922
0
0
0
246665734593
0
0
0
0
0
0
244164525231
0
114089418419
66469791545
0
0
0
0
0
0
181081892178
262919984995
0
0
0
157290686450
0
0
0
159997136065
0
0
0
0
0
0
0
227111531977
0
0
0
0
0
0
10461142909
0
0
0
258536342027
212764432884
0
0
0
0
0
273167755800
0
0
0
0
0
0
229608946624
0
0
200336427361
0
0
95300631415
0
72071267408
0
0
0
0
0
0
0
132784611424
0
0
0
0
0
254829242031
0
0
0
172986983309
94631587072
0
622831915246
0
277080173817
0
580042729980
250401440470
0
0
66371753914
189750585029
0
0
175589563026
0
104692525374
98011246935
0
0
203410309797
0
0
0
0
0
0
0
0
0
0
0
0
0
0
0
0
426530349330
0
93653432578
0
0
0
0
0
0
0
0
775266980028
0
0
0
0
0
0
0
0
231853998229
0
0
115924916162
0
0
0
0
0
199624613060
0
0
0
0
0
156540545823
356760050117
225332412815
73871771549
0
0
0
0
0
0
0
0
0
0
0
0
0
275329660536
0
0
0
0
0
152146904683
0
242335137482
0
0
0
0
0
198421777423
0
0
0
495418587591
14437915822
0
0
242574008644
0
0
0
314335029051
272352427096
0
0
0
183979140242
0
0
311569145858
0
0
0
657703916409
0
0
0
0
0
0
0
0
0
0
0
182489412614
421592682093
0
82013060827
0
0
0
0
806524207086
0
0
53153337349
0
0
0
311491276408
0
0
0
0
0
0
0
141882670217
263538205297
0
0
269941756736
0
2502597997
210788683006
0
0
32352019764
0
0
0
0
0
0
233172090571
0
348721915375
0
0
0
0
0
0
0
0
98011246935
32703187431
0
6053893146
0
279561664562
184176604139
0
0
0
0
107352316853
0
0
0
36839097915
0
0
0
0
108342413608
0
0
0
0
215100906582
0
0
46629807846
0
0
0
0
0
0
158929831204
0
0
0
0
0
149912868695
122001582922
0
0
418518460500
0
0
0
232782777074
0
0
0
0
0
43117394477
532448206228
194123952098
0
0
0
0
0
0
0
0
0
248144353141
0
0
0
0
0
0
0
230231794822
0
0
0
0
0
256376459148
0
497691505359
0
0
166179061358
202789312225
0
171523917473
0
153042296531
0
0
0
0
0
0
293606596679
0
0
0
0
0
0
519633326994
0
601592231056
0
0
0
0
0
0
0
0
0
527019172490
0
0
296353872163
0
0
0
0
0
0
0
0
0
72994154229
345814551320
267044230945
0
0
0
210129081381
0
43117394477
0
98742502126
0
215100906582
0
0
0
0
0
0
0
0
0
0
0
0
0
0
0
0
0
0
97253607679
179376648398
0
0
116455930186
0
131203951580
0
0
87517609967
0
0
0
76406585878
117503238703
0
0
0
0
0
0
0
0
0
0
136545479960
0
292622054464
0
0
0
0
267044786399
0
367884311171
526055632354
0
196149137382
197864934788
73871771549
0
0
149912868695
0
0
0
0
0
356760050117
211056134107
787899001285
75652279346
242644803087
0
0
210191847683
66321485327
0
321308198567
262616151657
0
0
0
0
390645243660
0
0
0
0
0
98011246935
0
0
0
0
0
0
116017399253
201902252187
149601536728
0
0
0
0
0
0
0
0
0
0
0
0
0
0
0
0
519633326994
0
0
0
34628946449
0
0
262979418573
0
200511117644
0
0
0
0
622831915246
0
0
118745511574
166590652772
0
0
0
142373569470
0
36839097915
0
22227602718
0
0
4390030689
404529371844
0
0
0
0
0
107352316853
0
0
974179739908
0
0
0
0
0
0
0
0
0
0
0
0
0
0
129032519654
172533177391
162428358223
268715203935
0
128721743141
180844713320
0
0
0
0
0
191802154378
0
0
0
0
0
0
268601723961
0
0
390705232692
0
0
0
0
186504511853
28283172041
0
0
143038847718
0
172693148143
0
0
0
0
0
251308774579
0
0
684227160707
0
0
0
0
170646022426
0
95300631415
0
371080209691
0
0
681110991761
0
0
0
171037617496
208225818250
0
212764432884
0
0
521801706658
0
0
0
0
484711445728
0
0
0
0
0
184555979221
141663543614
222537090560
0
0
266958135575
0
0
0
0
0
286139309264
0
0
0
0
0
0
0
0
0
0
0
173705463058
0
0
0
0
342869811939
0
0
0
0
0
428429446556
91905418840
501503308434
0
0
98283974849
0
0
0
0
0
0
0
2502597997
0
0
6742933833
0
44790144198
0
0
0
396000076040
0
0
0
0
0
900868916756
0
0
0
0
171523917473
175830630062
0
0
105923133711
0
0
0
0
33098948406
47472987018
0
0
0
240939559307
0
0
1603695992080
0
0
0
21425804869
0
0
0
0
0
14437915822
32352019764
0
0
267183372172
0
51442261302
0
0
0
0
0
0
183521446146
118979357708
231234389292
0
0
0
0
80605818118
90077697453
174728609326
0
0
399098975813
0
0
0
0
0
0
0
0
180627808533
0
0
439403551234
0
0
0
0
0
0
0
0
0
0
0
0
184176604139
0
0
0
381193916123
70419069485
0
538534315706
130271428125
240939559307
0
78845306665
0
0
179590220461
0
0
0
0
156531103105
0
0
0
0
104731129427
520545104735
0
0
773658342765
554336423711
0
0
12424117345
0
0
213012443095
0
311569145858
0
0
1600971807680
0
0
0
225332412815
0
0
0
0
0
0
183521446146
0
0
0
0
125110736687
0
184791318963
41269954473
62791019703
0
0
0
0
0
0
105765940229
0
0
0
142097908642
0
0
0
0
233431487589
121875799262
0
0
0
0
0
0
0
0
0
0
0
0
0
0
0
0
0
0
0
0
0
96303781339
0
0
0
0
0
0
0
17717593965
0
0
0
0
0
0
141607998214
943132077797
0
191809653007
0
0
0
23338232991
0
122965673312
250401440470
0
0
896602070801
0
624026740389
0
0
0
0
0
0
0
0
0
0
571774349428
0
60195938615
0
0
0
0
0
0
0
594533799351
0
0
341936649219
0
0
0
126354953647
0
0
0
0
22189554119
0
0
263538205297
0
0
0
0
0
0
0
0
0
0
0
8861569071
0
0
0
0
0
0
0
151936557246
0
0
0
0
172693148143
0
0
225740949232
0
311491276408
18185563960
0
0
0
0
0
0
0
0
160126556847
0
445558814735
66477845628
103178080043
0
0
0
0
127476137546
271552295609
0
0
0
0
0
0
12792105620
44790144198
410958499289
268645882554
0
170625192901
0
0
0
0
0
0
0
0
0
0
0
0
61785092509
0
60470055164
0
0
0
0
0
574903499537
0
240783754460
149912868695
0
0
0
0
0
0
0
0
0
0
0
279898269686
0
0
103536903327
242830324723
65707430930
0
0
0
0
0
0
154429820623
0
0
0
0
0
0
0
0
203147302328
213012443095
0
0
0
0
1234751216955
126766545061
0
0
301113002035
0
0
0
0
0
0
0
179879056541
0
0
44797365100
16732496296
0
0
218818603757
0
0
0
267140046760
0
0
200336427361
0
0
271248462271
0
0
0
0
0
163104345741
0
0
0
0
0
0
0
0
0
0
0
0
260792596175
0
0
0
0
0
0
0
274653673018
124169242157
0
0
0
44797365100
0
201093788890
0
0
0
0
0
0
0
17148809069
0
0
0
0
0
0
0
0
0
0
0
0
276601211916
0
0
0
115692458663
0
242808106563
0
0
0
0
0
0
0
86219571160
160824484798
0
0
252186669626
0
0
159661641849
0
0
0
0
0
0
0
0
0
0
36568591817
639286441072
0
193445327680
0
248144353141
0
0
197041196506
173312757080
0
0
0
0
0
260792596175
44519082646
3782919467
0
75340391925
0
0
126354953647
0
0
0
0
0
0
0
176018216612
0
0
0
191802154378
0
0
0
0
27344167239
0
0
0
223487750081
0
0
0
0
179894609253
0
0
274690888436
0
0
0
0
66477845628
0
0
130159813547
0
0
0
0
0
0
0
773658342765
0
64046623470
0
276601211916
0
98742502126
105319303705
0
0
0
146802048568
0
0
84926139330
0
0
279838339944
0
0
0
35610155940
0
0
0
52679320953
439403551234
0
0
0
0
0
0
221604761021
0
475423987831
0
0
0
0
0
0
0
210788683006
0
0
0
200336427361
0
0
0
0
0
0
0
0
0
0
0
0
0
161750148889
0
0
123365777946
0
0
0
0
0
179955153739
153926301572
26479880815
2860885890
0
48257010339
198421777423
0
0
0
0
0
0
1090658462797
0
242648413538
0
0
138921544943
0
0
0
151174027002
0
151174027002
171841914888
129032519654
0
0
0
112494597477
268978877227
0
0
468417448158
69785018744
0
0
0
0
80127294497
0
0
0
0
230231794822
0
0
0
314561654283
272156629561
0
0
0
622831915246
0
0
0
0
0
0
0
347227904023
0
0
0
0
452166545270
0
0
0
262176787543
0
0
0
0
0
0
0
76321045962
0
197018429816
0
17145198618
0
0
121310598146
0
8514832093
121441407563
221474229331
0
52818120860
0
0
478543895071
0
0
0
0
0
23338232991
138835171846
0
0
0
0
0
148028491
72071267408
270964933512
237507409041
38626826614
0
128244885882
0
0
62791019703
0
514790855215
0
0
0
1406165444125
0
0
0
97003097925
0
0
0
2012965296
162904937755
0
0
0
0
0
53698237723
0
0
0
0
0
383000252531
288980220313
0
103178080043
0
0
0
0
0
0
0
0
0
0
23905906979
0
0
0
0
0
0
0
233474535274
0
0
0
293878769139
0
0
0
0
0
10066770569
0
0
267142546303
0
0
0
143820926950
0
0
0
0
0
0
0
0
0
0
205029180480
0
0
0
24407204214
91688236326
0
0
24407204214
0
0
33618853350
12259425234
73535999606
0
0
111106074985
911703946868
0
219013012657
0
0
0
0
0
0
0
0
0
0
762387203378
221261212722
0
0
0
118727459319
21425804869
0
242574008644
179879056541
0
0
43117394477
0
95629182456
0
0
0
0
0
0
0
0
0
0
0
0
0
0
0
0
0
0
0
0
520583986515
263234371959
188451655850
0
262919984995
292622054464
0
29174943623
0
160620633180
276601211916
0
130271428125
335675466065
96630666018
0
0
0
0
0
0
0
0
0
0
0
0
0
0
0
0
242648413538
0
0
0
0
0
0
310306291462
0
0
0
0
0
267183372172
0
0
0
0
0
231617930279
127476137546
0
0
0
258565225635
118776894725
0
0
421592682093
0
0
314561654283
0
0
0
172533177391
0
252206665970
0
36991014584
257953115327
0
0
0
0
0
0
0
0
0
0
0
0
0
0
0
0
0
245727017333
127476137546
0
0
0
0
0
0
0
226645228344
0
0
0
256883310923
0
0
0
263754832357
0
202050558405
0
0
0
0
0
0
0
0
174964399549
0
0
0
0
0
0
0
0
1614588802668
0
0
0
6742933833
0
0
0
68534136336
35295213522
0
0
0
0
257940617612
0
0
0
0
0
0
0
199057216799
0
113046831261
0
0
0
0
0
0
0
0
0
0
0
0
0
0
62791019703
0
0
0
252525496566
13512807185
0
0
151736424177
0
0
179773520281
6173038029
0
0
42273659851
32600150714
138089197124
167319130693
0
0
0
232268089186
0
237050567043
0
0
0
0
232159220202
9653235066
0
0
135155566823
0
0
0
0
238213113348
0
0
0
87103241283
0
0
0
0
0
146996530197
105162439458
119050178093
0
0
0
143565695837
0
0
0
0
0
0
0
0
0
0
0
0
0
468098304874
0
0
287958184953
0
0
0
158929831204
146802048568
269941756736
0
0
0
0
690262717082
207334036853
10461142909
0
0
0
0
0
242574008644
0
0
554336423711
0
0
0
0
0
36839097915
0
0
0
153881865252
159997136065
0
0
0
0
0
0
0
63900816795
204077687778
159598320093
0
0
0
381193916123
0
0
0
0
0
183203726458
0
111106074985
0
0
0
0
0
0
0
0
0
0
0
0
0
0
0
12324135625
0
0
146802048568
222383785256
338059024845
0
478543895071
0
1016017788970
0
0
0
0
0
0
0
0
117839010646
0
232782777074
0
0
0
0
46629807846
0
0
0
0
0
0
0
0
0
208885419875
0
0
0
0
0
0
0
0
0
0
0
102490705718
79773470299
0
0
0
0
0
0
0
0
0
0
0
0
0
242644803087
154331782992
0
0
0
0
0
0
0
0
0
0
0
0
0
0
0
439403551234
236923349160
0
0
0
286139309264
0
266958135575
0
0
53153337349
0
0
0
0
36991014584
216885068383
274653673018
9653235066
0
0
127723036849
0
0
0
35824838911
117122752713
275004719946
0
0
0
814286806071
0
0
0
131888941849
52679320953
42399747909
194123952098
0
0
0
112042292702
0
0
153889435447
0
0
0
0
0
0
71946567985
1090658462797
121310598146
0
0
0
0
0
0
0
0
0
0
0
324232788407
335502825537
0
0
0
0
0
89383935407
0
0
0
0
0
0
448790542996
0
0
0
0
335675466065
0
0
0
0
202595181052
0
0
0
0
0
0
0
153889435447
0
0
161305785689
0
0
248020209172
0
159124795558
0
0
0
0
106478587711
258728529111
0
0
118412239174
0
0
179818789782
0
0
535754268436
174964399549
195183202876
144558847589
0
0
224751963385
0
0
0
0
0
0
0
0
0
0
0
46629807846
0
0
0
0
0
0
221604761021
164529918432
0
0
0
0
138319432807
0
39512775744
0
0
0
0
0
0
900868916756
0
0
213344326860
241906604721
0
0
303003211113
0
0
0
77738286843
0
0
0
0
0
0
0
0
0
0
0
560937096138
0
0
0
1306983262
56964029516
86486131889
0
0
0
0
20940060346
226950728044
0
0
0
0
0
0
181821479179
0
0
0
0
0
0
0
0
0
0
349258088393
275316885094
133110385195
0
130342002459
0
174712501160
0
301216871933
0
0
0
0
0
0
0
0
0
0
75580625780
72071267408
0
0
0
92504753706
0
709638534918
225740949232
73634870418
0
0
0
63161785248
180844713320
0
0
0
0
0
0
141607998214
943132077797
0
0
0
0
0
0
260045788272
0
0
0
0
0
11537335034
0
0
0
0
0
0
0
0
201093788890
0
0
0
0
0
0
241560001425
0
13401438658
236731162076
0
0
0
0
0
0
0
0
0
0
0
0
0
0
0
159997136065
0
0
172268225833
217757686617
0
0
0
0
0
0
0
0
0
0
0
0
84089347879
1219461614560
267738548445
0
123501308722
0
0
0
379148179041
0
11827282022
0
0
0
0
0
0
0
0
0
0
0
0
0
0
0
0
0
0
86312327563
0
0
0
0
0
0
0
0
819101982964
0
0
0
0
167319130693
261282784330
0
0
0
0
0
427144959181
0
194894366796
0
0
208225818250
0
0
136936907801
0
0
66688918148
17717593965
0
0
0
763106335129
0
0
0
448790542996
104271230700
0
0
165711646817
0
0
0
0
194900476790
538534315706
0
156918809997
0
0
425102554823
0
0
52688700078
0
240680568304
239999453412
12424117345
0
0
0
0
0
257276850082
0
0
256712231091
95143715660
0
578808896611
0
199094432217
262616151657
0
0
232653018808
0
0
0
0
0
0
0
0
0
0
0
0
0
0
0
0
0
0
0
154429820623
0
0
0
0
0
24088651345
233622563765
0
33880194457
0
0
0
0
0
0
0
179894609253
96204910527
0
0
0
145938039871
0
0
170562148872
353362337999
0
0
0
0
0
0
0
0
0
492422746442
25685859322
0
0
0
0
0
0
0
13840525045
0
0
0
289156854685
0
0
0
140394331224
0
0
0
0
147539136026
377163264172
0
265842506216
0
0
0
0
0
0
1441627494606
256926914062
26804821405
0
0
0
5180719458
0
0
48266175330
0
0
0
0
0
0
26768161441
0
0
298057727308
0
0
180003755964
0
0
0
0
0
0
0
130342002459
0
0
0
0
0
315002129305
0
0
0
0
0
573389431717
184555979221
5685904871
0
0
0
0
0
22772225365
0
113503414449
0
249583534455
0
0
0
0
0
0
98741113491
143537645410
0
0
0
121310598146
140074667447
0
0
0
0
0
178891181602
0
158289670469
0
0
0
214567992022
0
664215097257
0
91755168533
0
0
0
0
0
0
0
0
0
125891149557
235600813186
0
172662598173
0
200075641708
40877526222
0
0
67784273436
0
0
0
0
0
0
0
0
0
109818254886
0
0
0
315635624592
0
0
0
164953452107
0
207334036853
0
0
0
0
0
49347366541
0
0
0
0
0
0
0
0
0
0
0
0
0
0
59284994055
102296852272
61154652219
0
910812028175
0
236354564264
0
0
0
320665871088
0
0
0
0
0
0
96249097502
0
0
0
3954277026
0
0
0
0
0
0
0
131457909545
47604629616
0
346173381068
0
0
0
78374559400
0
149274652049
0
170625192901
0
181882579119
603436734290
124988536807
0
0
11485400085
215131293352
0
156733288361
0
0
0
18590767653
0
271248462271
0
0
104692525374
235913533788
0
237680710689
0
271424541189
0
0
303003211113
179894609253
0
0
216439594275
0
0
0
281104160320
0
339846753544
0
73057198258
0
177571700625
201635356540
222618742298
166995301011
0
421509087051
0
0
0
0
0
0
0
0
0
0
0
0
25204002977
355035087720
0
0
0
0
0
0
0
183667252821
65962662043
243807646036
0
242830324723
0
0
0
0
0
196473244791
0
0
0
210748690318
207235999222
48066211890
25858883243
0
0
0
0
54660006324
0
0
0
0
0
0
0
0
0
114714026442
86879115594
0
0
0
0
118384744201
0
0
0
0
0
95300631415
355035087720
0
246282193606
0
240680568304
0
0
0
0
303003211113
0
0
146536541556
0
0
276601211916
0
0
0
0
0
706200605149
2160826999086
273271148012
42399747909
0
0
0
78279576766
0
0
546455522117
0
63566155760
0
183979140242
0
0
0
154477311940
0
0
0
0
0
0
138495511725
117333269779
0
106478587711
264078939766
0
80660252610
0
0
0
226645228344
0
0
0
0
0
114568219767
0
0
42377529749
122735059929
0
0
0
0
0
0
0
33112834756
0
0
238240264832
0
535754268436
255908211426
0
0
0
0
14424029472
232600528405
0
961994500738
62791019703
0
0
0
0
0
0
0
0
0
0
85293016697
0
0
0
0
0
0
0
0
0
68257520244
0
0
0
0
0
0
0
0
0
0
0
0
0
0
0
0
0
0
0
138202787467
0
0
56054195864
0
0
0
0
0
0
68534136336
0
0
0
156918809997
0
0
120911782174
0
328118667250
0
0
0
0
0
0
390645243660
213012443095
0
356760050117
0
0
0
0
0
331259156977
0
26804821405
0
34522997860
1441627494606
0
137397656894
256076236261
85089720533
0
0
0
250975779906
0
0
603436734290
0
0
162904937755
0
0
33880194457
0
0
0
0
0
0
0
1441627494606
0
263234371959
0
0
242648413538
0
0
257485700786
0
159208946839
0
21043374790
0
286139309264
0
0
0
107037374435
650340818185
0
0
0
202779591780
0
0
0
0
197815499382
0
0
231853998229
117894833773
29110233232
2474547570
0
0
0
329795663018
0
0
0
0
0
0
207657866535
183868604896
0
0
0
0
66477845628
379148179041
0
286182398515
0
0
0
0
0
0
0
7102868025
127457529837
0
0
0
0
0
71276135007
0
0
0
245590931103
0
0
0
0
0
0
0
0
0
0
0
0
0
0
0
120328277747
336754263399
0
0
0
0
0
0
0
0
228703376549
0
0
0
0
0
293606596679
0
0
0
0
59284994055
0
0
0
130946614138
236923349160
0
0
0
0
265842506216
0
0
0
0
0
203147302328
0
0
0
0
0
0
0
0
0
270099227945
0
0
118727459319
0
0
141607998214
0
0
230001559139
0
81420391409
369854600440
80597208581
0
176018216612
0
0
0
0
0
0
0
0
0
0
298057727308
0
0
0
0
0
175960328571
0
0
0
0
0
0
0
0
0
256376459148
0
0
0
0
0
468098304874
0
0
0
0
0
33226425099
0
0
0
0
156714958379
0
0
137817580118
0
0
0
0
0
0
0
0
156216160687
0
266260763078
0
0
0
0
0
0
6143598967
254952552819
0
0
0
0
0
0
43117394477
0
0
199722650691
196757914966
0
0
160126556847
0
216609840926
20940060346
223834532768
0
166756178064
0
0
0
0
141607998214
0
0
0
122735059929
68534136336
0
0
224126799908
220109756580
212535863563
0
180627808533
0
0
0
0
236731162076
0
0
0
0
0
0
0
0
0
52818120860
0
1018702636
0
0
281110825768
0
0
0
0
0
0
0
532301803648
275808739611
18185563960
94884040915
208007524828
0
148460078758
0
0
0
0
0
10461142909
0
0
425192538371
310225780359
226458595800
0
0
0
80641089447
117241619869
0
0
0
0
0
0
0
0
203862727080
0
0
268154305764
0
0
0
0
0
0
430432969134
0
268911667293
0
230863901474
0
186353983819
0
0
0
175656495233
0
0
146775664503
0
0
0
42273659851
0
0
0
0
0
0
0
0
0
0
180675299850
0
0
0
178165203224
0
0
303003211113
0
112814651489
206021776778
0
0
0
0
0
276708852818
0
198918088237
0
0
0
0
0
0
0
45609994302
200922431331
242974187309
88618039021
489682136406
0
0
267738548445
9653235066
0
0
78279576766
0
0
144024778568
0
0
0
122196269549
0
0
0
0
0
0
0
0
0
0
458810003086
0
0
0
0
0
0
0
0
0
0
0
0
86625273116
0
0
0
0
0
0
0
0
0
0
0
0
0
0
0
0
0
0
0
0
52688700078
140612346919
0
194894366796
0
0
44519082646
624026740389
0
0
0
0
0
0
0
0
0
0
0
0
0
229496651453
0
0
83858001288
107286217827
0
275050822628
0
291414775195
14783685937
0
0
18590767653
268911667293
220338603628
0
0
37523139516
0
0
0
311569145858
0
2220555085
0
184555979221
0
0
0
0
0
0
0
0
0
0
0
0
0
306670874759
45609994302
0
145872698949
0
0
0
0
0
0
0
0
256336744187
0
0
143820926950
0
0
0
0
0
0
0
0
0
0
0
42377529749
0
0
0
0
45586109780
275032770373
0
0
252819331732
0
0
133589741997
0
0
33112834756
0
200178678425
73535999606
0
0
0
166995301011
275004719946
0
0
0
0
0
0
0
0
431358077771
279368345943
0
0
0
0
0
0
0
0
0
0
0
0
0
0
0
0
0
101178328832
156918809997
0
0
0
0
0
0
0
15410515776
0
211027250499
0
0
0
0
0
0
0
0
0
0
0
177684180060
85734602627
0
0
0
0
0
0
246709615459
0
165116477856
74760220222
0
0
0
0
0
22162627120
0
0
0
127476137546
0
0
225457969875
0
0
40111277429
0
0
0
0
0
0
111139402225
0
184267976322
36568591817
348907596919
0
0
0
0
90360145812
0
0
0
0
0
0
327069922909
18185563960
0
399098975813
776067954758
0
0
0
231152737554
0
0
0
0
0
0
0
0
0
0
24787412477
0
483337740818
0
0
0
0
237050567043
0
0
0
0
0
0
0
0
0
0
0
0
0
231496285853
0
0
0
0
0
141882670217
0
0
0
367884311171
119502595376
0
0
129003080592
171042616582
0
0
0
0
0
201950298958
337474687237
266713180361
291025878650
0
0
0
0
0
0
466122832723
387139519965
0
0
0
0
0
0
0
105765940229
0
0
0
0
0
0
105319303705
69929714511
0
53951247020
0
0
0
0
166528164197
