Timothy
111.639724

Timothy
3779.372092

Timothy
5253.519443

Timothy
8978.246800

Timothy
6024.415221

Alex
1190.361301

Timothy
5916.213385

Alex
1688.159162

Timothy
9790.354112

Alex
317.754930

Timothy
7841.799945

Alex
1787.017438

Timothy
5458.070869

Timothy
1473.865015

Timothy
11644.551823

Timothy
4533.006895

Timothy
3621.805036

Timothy
9961.355035

Timothy
8445.172800

Timothy
10863.407620

Alex
1118.647050

Alex
152.821432

Timothy
9081.613541

Alex
2986.654870

Timothy
2565.786214

Timothy
9253.930448

Alex
510.702984

Timothy
8362.149825

Timothy
2923.837485

Timothy
7608.882007

Timothy
1898.500263

Timothy
8735.539996

Alex
4482.131125

Timothy
6421.841974

Timothy
8746.162668

Timothy
1208.984289

Timothy
7998.948028

Timothy
11320.508055

Alex
5559.238257

Timothy
10274.506743

Timothy
10690.388157

Timothy
8620.489053

Timothy
8332.502062

Timothy
6262.141314

Alex
4754.164608

Timothy
8213.991103

Alex
3353.944794

Timothy
3437.017994

Timothy
10990.949394

Alex
1944.400627

Timothy
11822.394734

Timothy
11173.091276

Alex
2414.360816

Timothy
10169.013079

Alex
390.211269

Timothy
10565.180944

Timothy
2554.375844

Timothy
1773.149744

Alex
61.093638

Timothy
9520.724498

Timothy
11256.252909

Timothy
2672.823128

Alex
1567.389563

Timothy
907.739455

Timothy
7846.464071

Timothy
1875.273389

Timothy
6942.995105

Timothy
9343.416567

Alex
2186.244948

Timothy
5710.330941

Timothy
598.347282

Timothy
8314.294465

Timothy
12060.129962

Timothy
455.734483

Timothy
6711.364699

Timothy
456.166421

Alex
3771.605399

Timothy
7321.231443

Timothy
5725.849795

Alex
2365.675881

Timothy
9523.737874

Timothy
9157.943207

Timothy
6359.287201

Timothy
6760.734439

Timothy
11178.710541

Alex
1985.260040

Timothy
7480.369421

Timothy
8250.248287

Timothy
10665.922518

Timothy
8891.034887

Timothy
6927.953742

Timothy
1549.079838

Timothy
415.410779

Timothy
11964.121274

Alex
2973.374654

Timothy
418.790182

Timothy
9327.973323

Alex
1799.894746

Timothy
9764.927855

Timothy
2095.643159

Timothy
1296.127890

Timothy
12373.772688

Timothy
7045.783933

Timothy
8376.875152

Alex
1697.253984

Timothy
536.685291

Timothy
715.814467

Timothy
2348.311886

Timothy
3741.405643

Timothy
1015.810082

Timothy
5761.466262

Alex
627.953136

Timothy
2725.202223

Timothy
11039.382783

Timothy
7464.769342

Timothy
4714.584775

Timothy
8507.956500

Timothy
9257.500189

Timothy
3898.762170

Alex
2668.888507

Alex
1299.307335

Timothy
8821.926939

Timothy
4580.506303

Timothy
9295.573038

Timothy
8820.700323

Timothy
12261.654075

Timothy
10494.746161

Timothy
10566.286810

Timothy
449.235794

Timothy
2039.254053

Alex
943.369551

Timothy
10505.817734

Timothy
2074.308346

Timothy
12668.386421

Alex
14.595929

Timothy
6774.066255

Timothy
8100.560968

Alex
370.710988

Timothy
1801.845981

Alex
4562.842872

Timothy
2546.766836

Timothy
12491.348375

Alex
4200.581508

Timothy
11634.834614

Timothy
12198.437092

Timothy
2060.715513

Timothy
2916.736498

Timothy
4240.597371

Timothy
12671.181074

Timothy
4876.792095

Timothy
7760.665038

Timothy
10898.292483

Alex
3147.499958

Timothy
4374.465007

Timothy
10516.718877

Timothy
6378.756643

Alex
970.732133

Timothy
2755.860621

Timothy
11487.165977

Timothy
2771.602224

Timothy
9296.095274

Timothy
6695.801684

Timothy
833.933661

Timothy
4608.546884

Alex
1279.253830

Alex
6383.048403

Timothy
2047.736847

Alex
31.704288

Alex
71.630363

Timothy
8210.472634

Timothy
11097.017875

Timothy
3267.454941

Timothy
5931.501186

Alex
1704.464364

Alex
4262.660294

Alex
756.583382

Alex
4966.199344

Timothy
6195.383185

Timothy
12197.201901

Timothy
2816.027095

Timothy
11399.227257

Alex
84.373042

Alex
5150.558467

Timothy
7570.574739

Timothy
9294.768894

Timothy
12714.735720

Timothy
8020.764212

Alex
219.805377

Timothy
7791.618898

Timothy
9180.549343

Timothy
11199.595292

Timothy
10148.390429

Timothy
3884.614893

Alex
3980.943259

Timothy
10879.843458

Timothy
5065.804581

Timothy
8761.820552

Timothy
10206.268348

Timothy
8328.624023

Timothy
5309.451647

Timothy
9273.604041

Timothy
1513.212634

Timothy
11185.733525

Timothy
3187.388780

Timothy
10842.551306

Timothy
9901.730493

Alex
262.646158

Timothy
8451.293221

Timothy
12207.161607

Timothy
9468.647784

Alex
869.379514

Timothy
1825.825084

Timothy
9397.206658

Alex
1259.429324

Timothy
5989.944333

Timothy
3678.006780

Timothy
8809.952972

Timothy
10086.879618

Timothy
11838.519469

Timothy
6018.227160

Timothy
7086.061117

Timothy
1514.268461

Alex
248.612629

Timothy
11208.219309

Timothy
4171.058613

Timothy
2488.231724

Alex
684.312059

Timothy
4246.041287

Timothy
1623.907948

Timothy
3870.744666

Alex
261.864865

Alex
58.831924

Timothy
7614.211844

Timothy
8410.044070

Timothy
2285.433596

Timothy
8171.830121

Timothy
5410.674145

Timothy
6124.580538

Timothy
7939.569946

Timothy
6107.970194

Timothy
10293.177084

Timothy
8288.163113

Timothy
1354.928957

Timothy
10172.785341

Alex
2262.372311

Alex
1036.339468

Timothy
4169.809115

Timothy
6218.357771

Timothy
7628.242776

Alex
4776.951420

Timothy
4951.068501

Timothy
10922.048138

Timothy
9194.959772

Alex
860.026201

Timothy
5455.130733

Alex
4816.909159

Alex
5709.360296

Alex
1059.397182

Timothy
5700.918155

Timothy
10725.691321

Timothy
10640.046461

Timothy
10900.787553

Timothy
7448.991627

Alex
863.000173

Timothy
9100.351799

Alex
56.995529

Timothy
1534.715714

Alex
3893.528396

Timothy
9448.405955

Timothy
8198.346283

Timothy
7511.536326

Timothy
8986.570194

Timothy
3790.195928

Timothy
3289.668618

Alex
478.147186

Timothy
4027.740069

Alex
136.733519

Timothy
7603.217455

Alex
314.500732

Alex
4820.909832

Alex
508.494194

Timothy
4548.585377

Timothy
2776.249285

Alex
5927.316232

Alex
909.795887

Timothy
4972.100490

Timothy
7189.176991

Timothy
8153.303367

Timothy
10683.443536

Timothy
10143.093708

Alex
2703.706916

Timothy
10581.261838

Timothy
7659.523039

Timothy
3469.186055

Timothy
12692.172245

Alex
973.352898

Timothy
9089.420937

Timothy
9061.451383

Alex
482.891404

Timothy
2330.952818

Timothy
723.063357

Timothy
5184.042634

Alex
803.787858

Timothy
8781.894643

Timothy
4687.369450

Timothy
7368.808308

Timothy
9123.872746

Timothy
11869.737911

Timothy
2673.724854

Timothy
6693.025482

Timothy
11655.762097

Alex
142.461187

Timothy
5850.754101

Alex
875.629575

Alex
1298.975099

Timothy
9278.828775

Alex
506.291454

Alex
157.429272

Timothy
10172.530960

Alex
859.664006

Timothy
9606.394943

Timothy
12538.768535

Timothy
7244.369494

Alex
222.406784

Timothy
8538.887567

Timothy
7474.706328

Alex
7531.626073

Alex
3298.944765

Timothy
10918.026931

Timothy
11834.841547

Alex
165.782937

Alex
2418.303241

Timothy
12363.900495

Timothy
1629.211012

Timothy
956.537760

Timothy
7697.878372

Timothy
464.590493

Alex
179.169673

Timothy
2637.230595

Timothy
6304.111476

Timothy
4356.556115

Timothy
9322.553271

Alex
183.813285

Timothy
10841.300536

Timothy
6966.396095

Timothy
11245.350026

Timothy
6022.577789

Timothy
6199.947441

Timothy
9224.749757

Timothy
12401.281858

Timothy
5043.042536

Alex
366.742929

Timothy
1645.084300

Timothy
9202.609498

Alex
2613.632573

Timothy
9564.074225

Timothy
145.768143

Timothy
2024.047396

Timothy
8384.536641

Timothy
10586.439857

Timothy
9282.772894

Timothy
11255.508033

Timothy
499.699359

Timothy
11729.916161

Timothy
3831.458828

Timothy
4271.979575

Alex
192.367717

Timothy
5334.272963

Timothy
10114.134567

Timothy
552.137159

Timothy
9712.853794

Timothy
1189.051595

Alex
2448.407705

Alex
3405.403114

Alex
1177.252238

Timothy
5563.374052

Timothy
9795.825839

Timothy
9852.066987

Timothy
5650.341674

Timothy
7518.257132

Timothy
5866.081230

Timothy
8147.859829

Timothy
5827.337716

Timothy
10136.743893

Timothy
746.289853

Alex
2850.717180

Alex
2518.012567

Timothy
849.874459

Timothy
5524.269057

Timothy
840.882522

Timothy
12052.130900

Alex
122.331455

Timothy
8580.572799

Alex
805.080074

Timothy
8762.375017

Timothy
4049.055932

Alex
3559.233512

Timothy
3566.079509

Alex
749.318119

Timothy
10754.660152

Timothy
11530.398638

Timothy
7998.986545

Alex
124.038512

Timothy
9109.145876

Alex
690.424105

Timothy
3877.857352

Timothy
11857.255559

Timothy
1729.813976

Timothy
6803.628509

Timothy
5716.963375

Timothy
10008.882382

Timothy
12011.665192

Timothy
3789.736776

Timothy
5256.070657

Timothy
3681.638987

Timothy
9541.083744

Alex
47.368051

Timothy
5494.175573

Alex
190.403363

Timothy
11599.199897

Timothy
8554.750840

Timothy
5947.775555

Timothy
6806.918877

Timothy
5533.943819

Timothy
180.735621

Timothy
7044.806830

Timothy
12348.642742

Timothy
9318.815210

Timothy
11800.574692

Alex
2630.799062

Timothy
10836.752434

Alex
2074.370714

Timothy
4742.974773

Timothy
4402.630089

Alex
2102.037029

Timothy
10617.636727

Alex
2056.976943

Timothy
10064.198530

Timothy
1017.623542

Timothy
9136.531742

Timothy
9721.140759

Alex
1748.427979

Timothy
5176.813374

Alex
5062.737999

Alex
358.273528

Timothy
5430.523078

Timothy
11597.293109

Timothy
3353.434174

Timothy
8382.227475

Timothy
1920.629254

Alex
7250.272337

Timothy
955.766691

Alex
16.878266

Timothy
2951.700498

Timothy
6972.446874

Timothy
3389.541160

Timothy
5174.886480

Timothy
1259.096857

Timothy
462.860779

Timothy
6445.855307

Timothy
8438.352730

Timothy
12662.439898

Timothy
10460.408228

Timothy
11403.863040

Alex
5557.318575

Timothy
5958.971886

Timothy
7381.797266

Timothy
1947.044041

Alex
84.828904

Alex
396.043794

Alex
1931.781407

Timothy
3368.108281

Timothy
1585.630445

Alex
104.250548

Timothy
2582.644041

Timothy
11942.742069

Timothy
453.064613

Timothy
3259.302432

Timothy
61.707939

Timothy
1396.395910

Timothy
12442.374842

Timothy
2149.033439

Alex
5558.637668

Alex
6752.066803

Timothy
10595.458129

Timothy
7709.294264

Timothy
1118.674877

Timothy
8998.756880

Alex
6388.200073

Timothy
6279.149778

Timothy
12374.312819

Alex
4078.022893

Timothy
7712.843373

Alex
4124.759029

Timothy
11543.093591

Alex
1167.677012

Alex
228.411306

Timothy
4071.383370

Timothy
3706.913363

Timothy
2914.400140

