Timothy
8976.457512

Alex
816.184810

Timothy
6421.559422

Timothy
1975.338618

Timothy
7887.465606

Timothy
3384.082144

Timothy
2076.946645

Timothy
2409.546072

Alex
5825.364607

Alex
7483.264018

Timothy
12440.205187

Timothy
3140.581129

Timothy
6490.822489

Alex
1025.046203

Timothy
11589.821229

Timothy
11266.253388

Timothy
9364.669132

Alex
6016.177400

Timothy
8564.063373

Alex
2557.125484

Timothy
11021.560363

Timothy
3045.001108

Timothy
8573.698829

Timothy
9420.720966

Timothy
503.255062

Timothy
7203.898550

Timothy
9356.859842

Timothy
6784.505214

Timothy
511.143756

Timothy
917.045649

Alex
1949.242655

Timothy
3387.810568

Timothy
6409.274883

Timothy
1143.134362

Timothy
12713.306941

Alex
602.616182

Timothy
12107.724959

Timothy
7296.178157

Timothy
1869.891695

Timothy
1999.229314

Timothy
780.818088

Alex
4553.024261

Alex
4325.847710

Timothy
3327.140408

Timothy
10615.234610

Timothy
12639.565836

Alex
171.825870

Timothy
8233.167622

Alex
2925.639265

Timothy
4151.149684

Timothy
11950.907253

Timothy
6498.210868

Timothy
2643.367506

Timothy
11640.282337

Timothy
2748.585231

Timothy
5726.364149

Timothy
6458.320146

Timothy
10204.706951

Timothy
6302.953593

Timothy
12446.908801

Alex
310.285662

Timothy
3639.772521

Timothy
507.248709

Timothy
7738.981545

Timothy
648.597909

Timothy
5489.399933

Timothy
945.768972

Timothy
84.029286

Timothy
4547.155176

Alex
4953.581664

Timothy
12099.882823

Timothy
511.495404

Alex
1185.547119

Timothy
7972.315663

Timothy
5841.117891

Timothy
10167.667990

Timothy
5996.150046

Timothy
8723.600330

Timothy
4038.526020

Timothy
12643.168295

Timothy
11009.023308

Timothy
5073.288831

Timothy
10509.245775

Timothy
4286.553782

Timothy
604.863258

Timothy
8696.433107

Timothy
254.375521

Timothy
3501.444866

Timothy
138.470763

Timothy
10808.402813

Timothy
5781.098594

Timothy
7584.617140

Timothy
5685.488459

Timothy
2941.554976

Timothy
10892.810319

Timothy
6417.499213

Alex
2814.937258

Alex
333.535719

Alex
4969.534746

Timothy
2563.198394

Timothy
656.760674

Alex
43.750863

Timothy
9436.458086

Timothy
613.821868

Timothy
1128.199624

Alex
5396.994367

Timothy
11402.436012

Alex
1090.153250

Timothy
1139.173124

Timothy
10187.316982

Timothy
48.705150

Timothy
199.273867

Timothy
6546.762425

Timothy
10265.595843

Timothy
7616.582710

Timothy
4710.200150

Timothy
9488.408839

Timothy
9308.368575

Timothy
3488.349832

Alex
807.536637

Timothy
4850.611650

Alex
1711.175158

Timothy
9989.493467

Alex
245.176400

Timothy
5296.009474

Alex
253.694023

Timothy
2790.080619

Alex
46.348417

Timothy
10771.844716

Timothy
3280.992572

Alex
6694.509758

Alex
1725.371261

Timothy
4491.697510

Timothy
7906.650654

Timothy
8440.528994

Timothy
11947.839858

Timothy
7395.367259

Timothy
1851.728913

Timothy
5394.445901

Timothy
2379.498185

Timothy
8464.035808

Alex
898.566919

Timothy
9924.134492

Alex
543.875549

Timothy
10172.075203

Timothy
2765.182915

Timothy
5352.733562

Alex
4503.024243

Timothy
509.306511

Timothy
8214.241021

Timothy
10516.590863

Timothy
2376.567023

Timothy
3034.118611

Alex
1788.600449

Timothy
1394.119179

Alex
4.847352

Timothy
8984.954898

Timothy
3679.993521

Timothy
9747.333371

Alex
4541.810476

Timothy
2085.465637

Alex
21.484894

Timothy
10955.318035

Alex
429.001104

Timothy
3952.778270

Timothy
5200.310369

Alex
145.192030

Timothy
11204.441070

Timothy
10744.143399

Timothy
1966.241702

Alex
1887.346229

Alex
467.833062

Alex
1633.450632

Alex
714.320294

Timothy
8295.616014

Timothy
6793.524346

Alex
7925.663866

Timothy
116.715123

Timothy
12229.736068

Alex
3392.025911

Timothy
1295.301348

Timothy
10692.435236

Timothy
9971.440108

Timothy
2314.079691

Timothy
3584.642132

Timothy
12445.397532

Timothy
9826.436595

Timothy
2456.007355

Timothy
8145.169481

Timothy
9930.729288

Timothy
1036.941836

Timothy
10434.432077

Timothy
9952.293223

Timothy
10711.151058

Alex
980.366364

Timothy
11299.707311

Timothy
4096.494815

Alex
36.394911

Alex
2080.073756

Timothy
8846.003610

Timothy
1439.529021

Alex
860.260712

Timothy
3944.130460

Alex
899.686745

Timothy
1511.188726

Timothy
9690.065848

Timothy
8919.595265

Timothy
10638.428735

Alex
3203.953618

Timothy
767.442075

Alex
87.836063

Timothy
4353.410077

Alex
1624.347536

Timothy
5937.064896

Timothy
1131.635302

Timothy
5373.540715

Timothy
5286.100525

Timothy
3752.741598

Timothy
9412.613290

Timothy
856.800662

Alex
2412.594820

Timothy
11604.730389

Alex
3178.105684

Alex
19.458350

Alex
1448.496636

Timothy
11072.894704

Timothy
7718.516551

Timothy
12259.395888

Alex
151.727281

Timothy
11337.753887

Timothy
12480.798267

Timothy
7465.339671

Timothy
12145.606795

Timothy
2022.567176

Timothy
10761.889868

Timothy
5374.446698

Timothy
10179.365821

Timothy
5840.824286

Timothy
11745.634648

Timothy
8270.505345

Timothy
12450.865979

Timothy
1773.770449

Timothy
3633.816774

Alex
4071.233757

Timothy
760.546741

Timothy
4290.658318

Timothy
5204.323978

Timothy
1815.555953

Timothy
7340.360482

Timothy
9591.280969

Timothy
6874.767910

Timothy
5020.084484

Timothy
5551.220028

Timothy
11384.960239

Timothy
8612.357804

Timothy
2753.743927

Timothy
11743.976849

Timothy
3202.262133

Timothy
42.640173

Timothy
411.834523

Timothy
9601.841808

Alex
159.459819

Timothy
870.273571

Alex
5988.276250

Timothy
6161.849221

Timothy
5121.771499

Timothy
10924.694637

Timothy
9145.180756

Timothy
2166.892116

Timothy
6382.412480

Timothy
1610.961028

Alex
1.061601

Timothy
5226.732885

Alex
480.457314

Timothy
10242.407184

Timothy
1355.069817

Timothy
3003.147307

Alex
4519.318619

Timothy
11716.644261

Timothy
4316.439208

Timothy
11256.048949

Timothy
9975.485586

Timothy
1818.941124

Timothy
11465.381658

Alex
784.486070

Timothy
9048.826958

Timothy
10824.809357

Timothy
11433.279677

Alex
6213.844305

Timothy
11230.194129

Timothy
10674.039185

Timothy
160.178856

Timothy
5170.418639

Timothy
3473.836526

Alex
428.292634

Timothy
9855.180741

Timothy
11500.553555

Timothy
11701.248350

Timothy
4070.163950

Timothy
2311.081472

Alex
3293.802401

Timothy
8755.317768

Timothy
11263.988967

Timothy
4265.041387

Timothy
4074.512072

Alex
62.453000

Timothy
4533.223673

Timothy
11857.797105

Timothy
4312.163202

Timothy
1481.606078

Alex
2673.966389

Alex
357.406698

Alex
2553.076482

Timothy
2816.096825

Timothy
4066.116797

Timothy
7289.053702

Timothy
4582.656485

Alex
241.456829

Timothy
9177.693895

Timothy
1126.534365

Timothy
8288.937220

Timothy
7953.674695

Timothy
9391.620965

Alex
324.618180

Timothy
2849.914984

Timothy
9700.746179

Alex
1142.273873

Timothy
1731.427225

Timothy
7781.049695

Timothy
9474.278910

Timothy
1865.022141

Timothy
9223.603761

Timothy
10743.285752

Alex
3896.739987

Alex
2718.670949

Alex
64.222038

Timothy
2251.563977

Timothy
11521.246906

Timothy
5761.842543

Timothy
2564.767611

Timothy
7910.389330

Alex
5882.942006

Timothy
2693.510027

Timothy
654.430561

Timothy
1537.435685

Timothy
7228.561629

Alex
1336.538729

Alex
5315.562856

Timothy
6216.210324

Timothy
9525.929764

Timothy
11188.635959

Alex
975.886510

Timothy
10170.187707

Timothy
4141.975172

Timothy
9664.064935

Alex
4157.227199

Timothy
12289.761949

Timothy
8235.992283

Alex
3075.740099

Alex
6696.210459

Timothy
9601.600436

Alex
2608.721261

Timothy
554.384733

Timothy
7617.166850

Alex
5979.988180

Timothy
9902.888561

Alex
383.473246

Alex
1130.728820

Timothy
3027.880348

Timothy
1679.504429

Alex
2395.160434

Timothy
671.418233

Timothy
5014.714805

Timothy
10324.387739

Timothy
7723.385627

Alex
4717.919164

Timothy
6164.840101

Timothy
7056.065924

Timothy
8795.414546

Timothy
594.074854

Timothy
2741.767371

Alex
353.114581

Alex
1166.861142

Alex
2619.285587

Timothy
3169.888284

Timothy
12579.541606

Timothy
2427.431983

Alex
722.354896

Alex
3222.245707

Timothy
9502.419654

Timothy
480.475206

Timothy
10400.755948

Timothy
8982.264019

Timothy
4645.421520

Timothy
10893.607829

Alex
1359.417052

Timothy
8114.081712

Alex
1918.769277

Timothy
7338.676552

Timothy
9720.000689

Timothy
10402.552190

Alex
2326.871057

Timothy
4295.272180

Timothy
8184.934723

Timothy
4530.382687

Timothy
454.255311

Timothy
2414.619543

Timothy
2809.468467

Timothy
11306.012324

Alex
494.944788

Timothy
7431.407313

Timothy
3736.966050

Timothy
11458.038809

Alex
3476.356161

Timothy
8658.236378

Timothy
10313.569110

Timothy
6480.733738

Alex
567.573921

Timothy
1908.548222

Timothy
10474.982291

Timothy
11436.131617

Timothy
7625.220229

Timothy
5411.491689

Timothy
6416.031614

Timothy
3167.010801

Timothy
6918.000096

Alex
4031.989353

Alex
1601.021667

Timothy
4575.760185

Timothy
7249.465712

Alex
1172.985742

Alex
314.820347

Timothy
8142.411122

Timothy
5169.246830

Alex
199.291883

Timothy
11663.427921

Timothy
7508.345417

Timothy
8689.255387

Timothy
6343.755371

Timothy
5274.983843

Alex
6878.169219

Timothy
3799.584801

Timothy
10107.502963

Timothy
992.715688

Alex
196.408394

Timothy
8764.781749

Timothy
5427.942088

Timothy
4913.526948

Timothy
12509.413756

Timothy
2619.327163

Timothy
628.921720

Timothy
10990.230311

Alex
3212.242978

Timothy
5065.779482

Timothy
7334.716480

Alex
459.333166

Alex
3299.982405

Timothy
2319.918506

Alex
4682.969332

Alex
377.165282

Timothy
2391.389068

Timothy
9770.092816

Timothy
8653.358801

Alex
1919.114876

Timothy
11281.890361

Alex
3038.944083

Alex
5014.557135

Timothy
8689.280762

Timothy
956.903889

Timothy
5226.301891

Alex
201.435008

Timothy
1184.479650

Timothy
5032.742564

Timothy
9547.914452

Timothy
7076.968438

Timothy
11777.245167

Timothy
9898.870161

Timothy
7382.474561

Timothy
12209.747041

Timothy
8900.489774

Alex
49.407345

Timothy
2281.740433

Timothy
10291.411876

Timothy
5534.852056

Timothy
10824.309616

Alex
5699.807455

Timothy
12281.751461

Timothy
49.476503

Timothy
6394.748479

Timothy
8350.059134

Timothy
2884.351266

Timothy
2092.486372

Timothy
7077.477648

Timothy
12686.524554

Alex
3170.031430

Alex
3595.694860

Timothy
3077.552427

Alex
700.143082

Timothy
11109.555889

Timothy
6995.109886

