Timothy
3831.593297

Timothy
9971.993135

Timothy
3512.171188

Timothy
7668.327025

Alex
1530.734147

Timothy
8104.908683

Alex
1409.501677

Timothy
9832.040442

Alex
6097.991565

Alex
119.220248

Timothy
3405.151388

Timothy
4669.958631

Alex
2860.264698

Alex
2828.526019

Alex
482.850035

Alex
2375.369786

Timothy
5883.600830

Timothy
11034.895695

Timothy
2866.326334

Timothy
3297.872273

Timothy
9971.993135

Timothy
9543.193794

Timothy
9971.993135

Timothy
999.725798

Timothy
7308.510952

Timothy
10437.635348

Timothy
6079.956923

Alex
1479.187827

Timothy
7308.510952

Timothy
2757.873561

Timothy
8018.800423

Timothy
8359.504147

Alex
2882.923492

Alex
561.762649

Timothy
8526.062186

Timothy
2212.625080

Timothy
5784.746948

Timothy
6846.271610

Timothy
3725.400262

Alex
3046.548876

Alex
2888.048508

Timothy
9760.938294

Timothy
8930.985846

Alex
2741.766344

Timothy
11640.396221

Timothy
10242.744118

Timothy
5284.021298

Timothy
12463.556729

Alex
416.012398

Alex
898.745201

Timothy
1883.387517

Timothy
8526.062186

Timothy
4043.095932

Timothy
5182.638306

Timothy
8690.023104

Timothy
8443.104654

Alex
1083.134454

Alex
1402.686498

Alex
575.594860

Timothy
9902.393841

Timothy
1773.343652

Timothy
9971.993135

Timothy
7032.781067

Timothy
11090.072278

Alex
4122.186312

Alex
3.997083

Alex
6090.381868

Timothy
2322.045066

Timothy
2974.560826

Timothy
4358.020666

Alex
3612.913030

Alex
2529.620302

Timothy
12389.937526

Alex
1759.281733

Timothy
1221.266579

Alex
103.188364

Alex
1100.378123

Timothy
11500.741693

Timothy
6846.271610

Timothy
4566.324413

Alex
4286.927131

Timothy
5182.638306

Timothy
8190.399723

Timothy
222.378563

Timothy
9009.954606

Alex
862.564471

Timothy
11935.077035

Timothy
1773.343652

Timothy
5784.746948

Timothy
111.193515

Timothy
4773.237213

Alex
968.917222

Timothy
3512.171188

Timothy
4043.095932

Timothy
6657.676712

Timothy
8190.399723

Alex
2028.164449

Timothy
1331.901679

Timothy
7668.327025

Timothy
10242.744118

Timothy
9469.151366

Timothy
7489.559685

Timothy
2103.036594

Timothy
11250.518228

Alex
2914.627648

Alex
197.661052

Timothy
7125.235976

Timothy
1883.387517

Timothy
2103.036594

Alex
795.718932

Timothy
10746.493803

Alex
640.733733

Timothy
4148.389424

Timothy
3831.593297

Timothy
6752.231265

Timothy
7489.559685

Timothy
10437.635348

Timothy
11353.205131

Timothy
333.546675

Alex
959.323120

Timothy
6939.790584

Timothy
5182.638306

Timothy
10746.493803

Timothy
6752.231265

Timothy
1552.859174

Alex
2647.583668

Timothy
8771.014003

Timothy
8359.504147

Alex
2038.126689

Alex
4445.396385

Alex
1267.944303

Timothy
6079.956923

Timothy
7579.231949

Timothy
3082.568794

Timothy
4566.324413

Timothy
11814.176675

Timothy
9616.509471

Timothy
3512.171188

Timothy
12118.362131

Timothy
8526.062186

Timothy
7844.758519

Alex
237.641124

Alex
3502.022136

Timothy
333.546675

Timothy
4669.958631

Timothy
8018.800423

Alex
631.305561

Alex
6172.198751

Timothy
8771.014003

Timothy
6467.053821

Timothy
3618.923522

Alex
3984.917973

Timothy
3082.568794

Timothy
4876.152295

Timothy
4043.095932

Timothy
6939.790584

Timothy
4253.367000

Timothy
8018.800423

Timothy
3405.151388

Timothy
6846.271610

Alex
1647.756856

Timothy
6467.053821

Timothy
2431.288219

Alex
1411.274098

Timothy
555.798234

Timothy
9318.908866

Alex
445.433911

Timothy
2974.560826

Timothy
12011.137879

Timothy
12548.420389

Timothy
10040.833022

Timothy
8104.908683

Timothy
10922.025746

Timothy
9088.237223

Timothy
5784.746948

Timothy
1663.164741

Alex
4765.816461

Timothy
5385.001891

Timothy
10501.015895

Timothy
11973.563374

Timothy
8526.062186

Timothy
11034.895695

Alex
2431.833664

Timothy
11895.681794

Timothy
12363.508144

Alex
1470.584552

Timothy
9009.954606

Timothy
6752.231265

Timothy
12415.423365

Timothy
4148.389424

Timothy
10922.025746

Timothy
8690.023104

Timothy
4566.324413

Timothy
444.689387

Alex
1081.803044

Timothy
5585.725152

Timothy
11197.887650

Timothy
6562.615151

Timothy
10501.015895

Timothy
2757.873561

Timothy
6274.461003

Timothy
9009.954606

Timothy
2649.210764

Timothy
2212.625080

Timothy
12248.396530

Timothy
10922.025746

Timothy
5585.725152

Alex
2283.570696

Timothy
8190.399723

Timothy
12486.200586

Timothy
2974.560826

Timothy
3725.400262

Timothy
12278.579235

Timothy
1552.859174

Timothy
10501.015895

Timothy
2540.346220

Alex
1839.084228

Timothy
5685.452535

Alex
1303.713803

Timothy
7932.081500

Timothy
9165.827736

Timothy
10308.494542

Alex
1456.484118

Alex
4470.420722

Timothy
10686.340377

Timothy
6562.615151

Timothy
9971.993135

Timothy
1552.859174

Timothy
12389.937526

Timothy
1663.164741

Alex
2387.854074

Timothy
222.378563

Timothy
5585.725152

Timothy
4462.342452

Timothy
7844.758519

Timothy
11594.726514

Timothy
6939.790584

Timothy
1110.538474

Alex
1915.859882

Timothy
111.193515

Timothy
4773.237213

Timothy
6562.615151

Alex
1354.094353

Timothy
7756.838128

Timothy
1663.164741

Timothy
2322.045066

Timothy
6371.000000

Timothy
6177.444181

Timothy
6846.271610

Timothy
10746.493803

Alex
1578.360690

Alex
1181.561197

Timothy
5182.638306

Timothy
5685.452535

Timothy
3831.593297

Timothy
888.836988

Timothy
12507.893571

Timothy
2431.288219

Timothy
4978.696039

Timothy
10437.635348

Timothy
10563.596749

Timothy
1110.538474

Timothy
12083.540015

Timothy
10805.828841

Timothy
6752.231265

Timothy
7932.081500

Alex
2094.715990

Timothy
5284.021298

Alex
2331.656698

Timothy
11685.179468

Alex
2468.318462

Alex
6360.291554

Timothy
3937.494542

Timothy
9971.993135

Timothy
666.864754

Timothy
8359.504147

Timothy
6467.053821

Timothy
6657.676712

Timothy
6274.461003

Timothy
11090.072278

Timothy
11403.253636

Timothy
7668.327025

Timothy
7399.317062

Alex
6529.950481

Alex
1898.034480

Timothy
1110.538474

Alex
65.701209

Timothy
6752.231265

Timothy
12585.124836

Alex
2307.653176

Timothy
3082.568794

Timothy
7756.838128

Timothy
6846.271610

Timothy
4462.342452

Timothy
7932.081500

Timothy
3190.342012

Alex
1724.873023

Timothy
12011.137879

Timothy
8771.014003

Timothy
5485.572396

Timothy
8771.014003

Timothy
6657.676712

Alex
2347.601670

Timothy
9088.237223

Timothy
2540.346220

Alex
1802.349471

Timothy
2974.560826

Timothy
10922.025746

Timothy
10437.635348

Timothy
1883.387517

Timothy
2431.288219

Timothy
2322.045066

Timothy
10805.828841

Timothy
11302.292036

Timothy
7756.838128

Timothy
2649.210764

Timothy
555.798234

Timothy
8690.023104

Timothy
12011.137879

Timothy
2649.210764

Alex
1471.187945

Timothy
10864.340974

Timothy
9902.393841

Timothy
222.378563

Alex
2188.167455

Timothy
11500.741693

Timothy
2974.560826

Timothy
1993.287954

Timothy
8104.908683

Timothy
7668.327025

Timothy
9543.193794

Timothy
11302.292036

Timothy
2866.326334

Alex
4962.147365

Timothy
7668.327025

Timothy
3725.400262

Alex
316.528903

Timothy
5485.572396

Alex
7224.920079

Timothy
3405.151388

Timothy
8851.336956

Alex
5257.643365

Timothy
11500.741693

Timothy
111.193515

Timothy
999.725798

Timothy
6177.444181

Timothy
6657.676712

Timothy
7125.235976

Timothy
3190.342012

Timothy
10308.494542

Timothy
12307.826879

Timothy
222.378563

Timothy
9165.827736

Timothy
2649.210764

Timothy
7399.317062

Timothy
7489.559685

Alex
90.562131

Alex
268.885874

Timothy
2757.873561

Timothy
6177.444181

Timothy
1552.859174

Alex
594.838666

Timothy
3405.151388

Alex
401.659497

Timothy
7844.758519

Timothy
2757.873561

Timothy
1442.435350

Timothy
6467.053821

Timothy
5585.725152

Timothy
10864.340974

Timothy
3618.923522

Timothy
10501.015895

Timothy
9242.720235

Timothy
9616.509471

Timothy
6177.444181

Timothy
10108.908262

Timothy
10563.596749

Timothy
8771.014003

Timothy
7756.838128

Timothy
5080.860636

Alex
1031.396539

Timothy
7217.148271

Timothy
10176.213669

Timothy
7489.559685

Timothy
12415.423365

Timothy
6274.461003

Timothy
4358.020666

Alex
1585.552960

Alex
864.123561

Timothy
5585.725152

Timothy
888.836988

Timothy
4462.342452

Timothy
11855.380651

Alex
112.541798

Timothy
1110.538474

Timothy
4358.020666

Timothy
555.798234

Timothy
2974.560826

Alex
434.341849

Timothy
12585.124836

Timothy
6079.956923

Alex
3304.394867

Timothy
12083.540015

Timothy
5982.006653

Timothy
4253.367000

Timothy
3512.171188

Timothy
333.546675

Timothy
9088.237223

Timothy
3618.923522

Timothy
4773.237213

Timothy
2212.625080

Timothy
4566.324413

Alex
91.687964

Timothy
7932.081500

Alex
6717.463213

Timothy
10922.025746

Timothy
111.193515

Timothy
5284.021298

Timothy
10805.828841

Alex
205.039345

Timothy
2757.873561

Timothy
1993.287954

Timothy
6177.444181

Alex
5753.695498

Timothy
8018.800423

Timothy
3297.872273

Timothy
777.880491

Timothy
888.836988

Alex
1345.222686

Timothy
7756.838128

Timothy
5585.725152

Timothy
11973.563374

Timothy
12083.540015

Timothy
11685.179468

Alex
2231.260172

Timothy
1331.901679

Timothy
7125.235976

Timothy
8771.014003

Timothy
6562.615151

Timothy
444.689387

Alex
301.934715

Timothy
10686.340377

Timothy
9242.720235

Alex
5432.671252

Timothy
999.725798

Alex
1912.537673

Timothy
5080.860636

Timothy
6079.956923

Alex
4258.841353

Timothy
11973.563374

Timothy
11640.396221

Alex
274.736647

Timothy
4148.389424

Alex
4576.756159

Timothy
999.725798

Timothy
9009.954606

Alex
2232.569983

Timothy
999.725798

Alex
3017.396785

Timothy
9616.509471

Alex
2522.769293

Timothy
777.880491

Timothy
4253.367000

Timothy
9543.193794

Timothy
6657.676712

Alex
7383.988491

Timothy
3082.568794

Alex
287.629159

Alex
604.269294

Alex
4000.785940

Timothy
4462.342452

Timothy
555.798234

Timothy
3618.923522

Timothy
1442.435350

Timothy
8526.062186

Alex
2345.699879

Timothy
6274.461003

Timothy
12463.556729

Alex
2521.717932

Alex
47.705290

Timothy
333.546675

Alex
210.700811

Alex
3311.863476

Alex
3030.456973

Timothy
4358.020666

Timothy
11250.518228

Alex
442.258969

Timothy
8443.104654

Timothy
7217.148271

Alex
1003.342848

Timothy
10108.908262

Timothy
12463.556729

Alex
1276.902332

Timothy
9832.040442

Timothy
9165.827736

Timothy
11935.077035

Alex
148.782424

Timothy
7217.148271

Timothy
8526.062186

Timothy
4876.152295

