Timothy
4566.324413

Alex
2869.037230

Timothy
777.880491

Alex
103.719712

Alex
680.843198

Timothy
10176.213669

Timothy
10373.459935

Timothy
9088.237223

Alex
4196.074781

Timothy
6371.000000

Timothy
11500.741693

Timothy
4773.237213

Timothy
222.378563

Timothy
11090.072278

Alex
1625.087344

Timothy
6079.956923

Alex
3775.015215

Alex
184.127472

Timothy
12693.512843

Timothy
8608.370425

Timothy
6371.000000

Alex
710.968866

Timothy
2212.625080

Alex
1929.321593

Timothy
1331.901679

Timothy
3405.151388

Alex
5147.463356

Alex
463.739573

Timothy
12683.338360

Alex
1287.531267

Timothy
11640.396221

Timothy
8851.336956

Alex
4224.180621

Timothy
777.880491

Alex
8603.286002

Alex
3962.844863

Timothy
9760.938294

Timothy
9009.954606

Timothy
10308.494542

Timothy
4669.958631

Timothy
5982.006653

Timothy
12185.235200

Timothy
1552.859174

Timothy
3725.400262

Timothy
10040.833022

Timothy
3937.494542

Timothy
3831.593297

Timothy
9242.720235

Timothy
11403.253636

Timothy
6846.271610

Timothy
9616.509471

Timothy
10625.373145

Timothy
4462.342452

Timothy
9242.720235

Timothy
4462.342452

Timothy
5585.725152

Timothy
444.689387

Timothy
8690.023104

Timothy
1221.266579

Timothy
2974.560826

Timothy
1442.435350

Timothy
10686.340377

Alex
257.701337

Timothy
2103.036594

Timothy
12118.362131

Timothy
7217.148271

Alex
908.037599

Alex
949.836748

Timothy
2540.346220

Timothy
8851.336956

Alex
4505.164135

Timothy
8608.370425

Timothy
4358.020666

Timothy
5784.746948

Alex
73.404073

Timothy
12389.937526

Alex
1923.228818

Timothy
9543.193794

Alex
3975.368239

Alex
3219.073719

Alex
2.330248

Timothy
4978.696039

Timothy
3937.494542

Alex
611.046627

Timothy
2540.346220

Timothy
1110.538474

Timothy
6177.444181

Timothy
4253.367000

Timothy
9242.720235

Timothy
6752.231265

Timothy
11250.518228

Timothy
5982.006653

Timothy
7932.081500

Timothy
888.836988

Timothy
222.378563

Alex
117.138516

Alex
5964.716452

Timothy
9832.040442

Timothy
5385.001891

Timothy
3512.171188

Timothy
1993.287954

Timothy
8930.985846

Alex
3214.306644

Timothy
9543.193794

Alex
1510.924836

Timothy
10437.635348

Alex
752.954860

Timothy
1883.387517

Timothy
6274.461003

Timothy
8608.370425

Timothy
3082.568794

Timothy
7756.838128

Alex
867.193251

Timothy
9009.954606

Timothy
7844.758519

Timothy
4978.696039

Timothy
10563.596749

Timothy
2212.625080

Alex
216.880262

Timothy
10686.340377

Timothy
10746.493803

Alex
2668.729524

Timothy
4978.696039

Timothy
8104.908683

Timothy
4148.389424

Timothy
999.725798

Timothy
7932.081500

Timothy
6177.444181

Timothy
888.836988

Timothy
12118.362131

Timothy
5485.572396

Timothy
9009.954606

Timothy
10373.459935

Alex
1973.324130

Alex
156.616958

Alex
1129.861930

Timothy
10922.025746

Timothy
9009.954606

Timothy
8359.504147

Timothy
12693.512843

Timothy
8359.504147

Timothy
7217.148271

Alex
5687.664906

Alex
121.841509

Timothy
1883.387517

Timothy
2540.346220

Timothy
1883.387517

Timothy
6467.053821

Timothy
6177.444181

Timothy
6079.956923

Timothy
6657.676712

Timothy
5080.860636

Timothy
12363.508144

Timothy
12083.540015

Timothy
7125.235976

Alex
2281.380484

Timothy
8771.014003

Timothy
4043.095932

Timothy
3618.923522

Timothy
11548.173822

Timothy
7217.148271

Alex
66.457761

Timothy
6846.271610

Alex
957.994437

Timothy
11895.681794

Timothy
9543.193794

Timothy
3725.400262

Timothy
11452.433738

Timothy
11772.073003

Timothy
5485.572396

Alex
1729.011818

Timothy
1663.164741

Timothy
5284.021298

Alex
428.660311

Timothy
1221.266579

Timothy
1993.287954

Timothy
7032.781067

Timothy
6657.676712

Timothy
6752.231265

Timothy
12528.634032

Timothy
1773.343652

Alex
2446.608807

Timothy
10864.340974

Timothy
8930.985846

Timothy
7579.231949

Timothy
7668.327025

Timothy
2866.326334

Timothy
2649.210764

Timothy
4978.696039

Timothy
111.193515

Timothy
10176.213669

Alex
1303.498830

Timothy
12439.963723

Timothy
9009.954606

Timothy
11144.404308

Timothy
10746.493803

Timothy
5883.600830

Timothy
12217.281062

Timothy
6562.615151

Alex
6114.552641

Alex
634.549134

Alex
2461.677610

Timothy
9616.509471

Timothy
7932.081500

Timothy
10922.025746

Timothy
8359.504147

Timothy
2431.288219

Alex
2359.946984

Timothy
11302.292036

Timothy
6467.053821

Timothy
7125.235976

Timothy
9009.954606

Timothy
7756.838128

Timothy
10040.833022

Timothy
2649.210764

Timothy
4148.389424

Timothy
1331.901679

Timothy
7932.081500

Timothy
8443.104654

Timothy
6467.053821

Timothy
9165.827736

Timothy
7932.081500

Timothy
12011.137879

Alex
193.619593

Timothy
4773.237213

Timothy
11250.518228

Alex
651.607800

Timothy
3618.923522

Timothy
9088.237223

Timothy
3190.342012

Timothy
4566.324413

Alex
1421.558519

Timothy
6079.956923

Timothy
10176.213669

Alex
284.241791

Timothy
4148.389424

Timothy
9902.393841

Timothy
1663.164741

Timothy
333.546675

Timothy
9242.720235

Alex
1105.994209

Timothy
10108.908262

Timothy
10437.635348

Timothy
12415.423365

Timothy
11729.072843

Alex
370.775541

Timothy
6079.956923

Timothy
6562.615151

Timothy
9469.151366

Alex
4557.119150

Timothy
11685.179468

Timothy
9902.393841

Timothy
8443.104654

Timothy
9543.193794

Timothy
8930.985846

Alex
14.402841

Timothy
3405.151388

Timothy
4043.095932

Timothy
9832.040442

Timothy
5883.600830

Alex
2851.570306

Alex
742.832416

Timothy
7932.081500

Timothy
3297.872273

Timothy
2757.873561

Alex
2844.413551

Timothy
7125.235976

Timothy
7032.781067

Alex
2218.196479

Timothy
999.725798

Timothy
8104.908683

Timothy
4978.696039

Timothy
1331.901679

Timothy
11973.563374

Alex
162.925177

Timothy
5182.638306

Timothy
5982.006653

Timothy
3725.400262

Timothy
4566.324413

Timothy
1993.287954

Timothy
6846.271610

Timothy
4253.367000

Timothy
10501.015895

Timothy
9543.193794

Timothy
9088.237223

Timothy
3190.342012

Timothy
3937.494542

Timothy
444.689387

Timothy
444.689387

Timothy
8526.062186

Alex
1422.897073

Timothy
1993.287954

Timothy
2974.560826

Timothy
11500.741693

Alex
6625.388498

Timothy
11034.895695

Timothy
111.193515

Timothy
11090.072278

Timothy
8608.370425

Timothy
7308.510952

Timothy
12632.990424

Timothy
9394.387826

Timothy
2866.326334

Timothy
10501.015895

Timothy
11855.380651

Timothy
10922.025746

Timothy
3190.342012

Timothy
888.836988

Timothy
6371.000000

Timothy
10108.908262

Timothy
12548.420389

Timothy
10176.213669

Alex
4248.257523

Timothy
8443.104654

Timothy
555.798234

Timothy
6657.676712

Alex
1782.015359

Timothy
777.880491

Alex
286.170361

Timothy
10437.635348

Timothy
7932.081500

Timothy
5685.452535

Alex
1182.260365

Alex
4806.800778

Alex
4847.399800

Timothy
3512.171188

Alex
5361.896437

Alex
72.048453

Timothy
4358.020666

Alex
3613.439891

Timothy
5982.006653

Alex
6890.934805

Alex
1402.789555

Alex
727.398517

Timothy
9088.237223

Timothy
10242.744118

Timothy
6752.231265

Timothy
6371.000000

Timothy
7217.148271

Timothy
5385.001891

Alex
212.532322

Timothy
4358.020666

Timothy
10922.025746

Timothy
3405.151388

Alex
1059.012127

Timothy
4773.237213

Timothy
4669.958631

Timothy
5883.600830

Timothy
4978.696039

Alex
2380.153732

Timothy
6079.956923

Alex
114.859606

Timothy
5080.860636

Timothy
12217.281062

Timothy
4566.324413

Timothy
5883.600830

Timothy
2431.288219

Timothy
7579.231949

Timothy
9971.993135

Timothy
8018.800423

Timothy
3512.171188

Timothy
4462.342452

Timothy
10805.828841

Timothy
4669.958631

Timothy
333.546675

Timothy
6177.444181

Timothy
1663.164741

Timothy
4358.020666

Timothy
9971.993135

Alex
4161.230595

Timothy
7756.838128

Timothy
4566.324413

Alex
391.132651

Alex
313.637712

Alex
1196.251321

Timothy
11090.072278

Timothy
7308.510952

Timothy
2757.873561

Timothy
2649.210764

Alex
2386.324813

Alex
6737.910574

Alex
190.787088

Alex
2602.485565

Timothy
5182.638306

Timothy
3190.342012

Alex
1330.082574

Alex
3035.592982

Alex
242.075654

Timothy
4462.342452

Alex
1698.487956

Timothy
12724.537532

Alex
264.872339

Timothy
12647.023064

Timothy
10922.025746

Alex
2612.923284

Timothy
1883.387517

Alex
79.059755

Timothy
5284.021298

Timothy
3297.872273

Alex
8007.444311

Timothy
9543.193794

Timothy
1331.901679

Timothy
10308.494542

Timothy
9009.954606

Timothy
3937.494542

Timothy
2322.045066

Timothy
6846.271610

Alex
38.876836

Timothy
10625.373145

Timothy
6846.271610

Timothy
11729.072843

Alex
7212.043538

Timothy
11729.072843

Alex
165.087993

Timothy
2757.873561

Timothy
12729.872439

Alex
7315.177830

Timothy
9318.908866

Timothy
8443.104654

Timothy
12118.362131

Alex
1813.414557

Timothy
12567.251135

Timothy
12567.251135

Alex
1814.514415

Timothy
7668.327025

Timothy
1773.343652

Timothy
11729.072843

Timothy
5585.725152

Timothy
10746.493803

Alex
301.796613

Timothy
1773.343652

Alex
234.147251

Timothy
8526.062186

Timothy
8359.504147

Timothy
12152.261386

Timothy
5982.006653

Alex
1091.551031

Timothy
2866.326334

Alex
170.372393

Timothy
3512.171188

Timothy
777.880491

Timothy
7125.235976

Timothy
1110.538474

Timothy
9242.720235

Timothy
1110.538474

Timothy
11452.433738

Timothy
4358.020666

Timothy
6752.231265

Timothy
8443.104654

Timothy
1993.287954

Timothy
10864.340974

Timothy
12118.362131

Alex
5258.841516

Timothy
10176.213669

Timothy
11090.072278

Timothy
9394.387826

Timothy
4462.342452

Timothy
7399.317062

Timothy
12439.963723

Timothy
9394.387826

Timothy
1773.343652

Timothy
6846.271610

Timothy
9469.151366

Timothy
7032.781067

Timothy
5385.001891

Timothy
12047.797690

Alex
1813.414493

Alex
4861.741595

Alex
4404.764834

Alex
5718.452852

Timothy
6371.000000

Alex
1142.061442

Alex
4090.049442

Timothy
7932.081500

Timothy
3831.593297

Timothy
2974.560826

Timothy
6079.956923

Timothy
3512.171188

Timothy
11500.741693

Alex
3943.402004

Timothy
4773.237213

Timothy
1110.538474

Timothy
4978.696039

Alex
604.707026

Timothy
7756.838128

Alex
412.757733

Timothy
1663.164741

Timothy
9971.993135

Alex
368.105820

Timothy
8608.370425

Timothy
12463.556729

Timothy
5685.452535

Timothy
4978.696039

Alex
5528.365946

Timothy
10501.015895

Timothy
3831.593297

Alex
108.369352

Timothy
7932.081500

Timothy
11772.073003

Timothy
2757.873561

