Timothy
3777.695298

Timothy
5078.373720

Timothy
10728.976564

Timothy
5377.844796

Alex
1429.836808

Timothy
9129.846714

Timothy
7893.064167

Alex
354.568107

Timothy
12730.005571

Timothy
128.438862

Timothy
1228.730386

Alex
199.197655

Timothy
1197.392983

Timothy
5707.985988

Timothy
10293.499084

Timothy
12013.584502

Alex
1151.940271

Timothy
7891.740143

Timothy
6464.804286

Timothy
12227.970865

Timothy
5765.310494

Timothy
4024.806070

Timothy
11024.228024

Timothy
10501.092858

Timothy
3460.304193

Timothy
5946.594095

Timothy
12733.171218

Timothy
5081.226919

Timothy
4918.619200

Timothy
5429.603965

Timothy
10750.951844

Timothy
6767.648622

Timothy
1399.004385

Timothy
11700.982219

Timothy
4125.351943

Alex
204.167837

Alex
1010.650098

Timothy
3565.729683

Timothy
8522.677204

Timothy
8344.130610

Timothy
7271.401878

Timothy
8414.799649

Timothy
10593.195993

Alex
2569.442566

Timothy
1210.362303

Timothy
8831.499601

Timothy
1446.785973

Timothy
8917.478419

Timothy
9836.741818

Timothy
9343.067341

Timothy
1784.129211

Timothy
1582.247983

Timothy
11612.692489

Timothy
6107.601605

Timothy
9160.006074

Timothy
9802.737718

Timothy
11575.707980

Timothy
2510.614364

Alex
2041.823272

Timothy
10609.045167

Timothy
10769.208792

Timothy
920.832291

Alex
2054.624062

Timothy
3931.493231

Timothy
100.357499

Timothy
5711.290464

Timothy
3580.124678

Timothy
6331.246842

Timothy
5647.003773

Alex
916.793334

Timothy
5686.934521

Timothy
11231.010841

Timothy
8340.407178

Timothy
7283.903793

Timothy
12065.928173

Timothy
4087.224040

Alex
994.464708

Alex
3745.282404

Timothy
2623.011264

Timothy
11471.345452

Timothy
4596.513839

Timothy
11974.945537

Timothy
8840.127457

Timothy
6313.490564

Timothy
6362.104557

Timothy
669.367418

Timothy
10565.632072

Timothy
12594.670665

Timothy
11924.326339

Alex
1485.896492

Timothy
10994.287135

Timothy
10689.495292

Timothy
538.895321

Timothy
4733.359197

Timothy
911.296270

Timothy
7547.098853

Timothy
1793.035266

Alex
1671.636218

Timothy
12178.863645

Timothy
560.411283

Alex
2652.249827

Timothy
6064.230720

Timothy
9862.319351

Timothy
11507.181254

Timothy
8885.193778

Alex
3530.884447

Timothy
2927.026216

Timothy
6242.407472

Timothy
12349.208097

Timothy
4544.207107

Alex
3637.280610

Timothy
10183.556812

Alex
597.469141

Timothy
2977.625254

Timothy
2712.149362

Timothy
519.624986

Alex
188.125907

Timothy
1675.234666

Alex
162.426032

Timothy
7679.226713

Timothy
3278.136585

Timothy
9195.441258

Timothy
8209.825005

Timothy
4130.632988

Timothy
8219.831992

Timothy
10471.640524

Timothy
6896.750018

Timothy
4368.426860

Alex
696.422970

Timothy
1859.051714

Alex
3.099252

Timothy
11775.703331

Timothy
9772.486178

Alex
1038.876149

Timothy
8353.313326

Timothy
8293.916297

Alex
1044.796575

Alex
6295.344797

Alex
2169.103500

Alex
3163.478209

Timothy
12067.440599

Timothy
8860.797809

Timothy
10005.414437

Timothy
496.503949

Timothy
9910.987927

Alex
2153.463768

Timothy
2729.656418

Timothy
9127.843720

Timothy
7737.372844

Timothy
1545.670117

Alex
3125.402588

Timothy
1320.946001

Timothy
12260.768520

Timothy
1537.350249

Timothy
5428.058886

Alex
797.639653

Timothy
6163.402039

Timothy
3804.528946

Timothy
4275.393612

Timothy
1691.014724

Alex
3702.659493

Timothy
7168.958083

Timothy
5719.500862

Timothy
2150.963724

Alex
3322.673071

Alex
1468.236346

Timothy
4321.702349

Timothy
5381.227814

Timothy
9564.695491

Timothy
5043.970136

Timothy
6398.630872

Alex
580.270364

Timothy
12062.121412

Timothy
10699.097807

Alex
678.448740

Alex
2265.290666

Timothy
7890.192815

Timothy
3538.741525

Alex
51.369027

Timothy
8465.857852

Timothy
8446.905637

Timothy
7062.851535

Timothy
10647.428917

Timothy
10209.964674

Timothy
2101.036516

Timothy
5605.537243

Timothy
8692.730624

Timothy
3512.363905

Alex
3315.033214

Timothy
1557.486941

Alex
3178.352744

Timothy
3718.312109

Timothy
5865.506628

Timothy
4790.803459

Timothy
11984.001589

Timothy
5441.133288

Timothy
5269.324973

Timothy
7827.620977

Alex
5375.162044

Timothy
11154.654847

Timothy
134.176661

Timothy
2339.009548

Timothy
11822.458441

Alex
4039.624517

Alex
7414.379911

Timothy
3988.943688

Timothy
6697.282845

Timothy
548.964397

Timothy
625.782163

Timothy
10425.259011

Timothy
12179.219797

Timothy
11545.124100

Alex
2035.022154

Timothy
6007.945487

Timothy
4671.562286

Alex
2010.131904

Timothy
9684.182200

Alex
1911.892013

Timothy
4886.823600

Timothy
3789.298639

Timothy
11629.724720

Alex
2271.207182

Timothy
1138.497549

Timothy
11892.509843

Timothy
9504.314982

Alex
2422.385197

Timothy
12359.216767

Alex
227.848521

Timothy
8788.335586

Timothy
3091.261965

Timothy
2047.742883

Timothy
3631.871479

Timothy
1310.510178

Timothy
9391.264904

Timothy
6915.280019

Timothy
1367.137631

Timothy
4208.191458

Timothy
1265.163692

Timothy
3066.074230

Timothy
9872.689658

Timothy
11528.491326

Timothy
6149.662733

Timothy
8573.293701

Timothy
8168.155241

Timothy
11909.488375

Timothy
2083.990108

Alex
6998.878385

Timothy
7168.768162

Timothy
8351.973638

Timothy
160.069115

Alex
1933.459484

Timothy
3447.690616

Timothy
1481.255649

Timothy
11531.628866

Timothy
3550.947335

Alex
1705.229879

Alex
540.608493

Timothy
4884.554425

Timothy
6454.712538

Alex
1929.900553

Timothy
5543.678326

Timothy
8896.135140

Timothy
9554.703229

Timothy
1451.670222

Timothy
12423.319609

Timothy
3103.196025

Timothy
4017.757427

Timothy
7247.175594

Timothy
10377.785466

Alex
2579.174480

Alex
1342.903117

Alex
2743.218254

Alex
1024.582530

Timothy
9983.959049

Timothy
10267.665385

Timothy
2212.273675

Timothy
1506.185151

Timothy
4976.880398

Timothy
3254.806531

Timothy
9624.690118

Timothy
2101.194774

Timothy
9034.688567

Timothy
5887.376297

Timothy
2721.223369

Timothy
8117.057705

Alex
580.774996

Timothy
3911.039726

Timothy
11276.299212

Timothy
6383.095965

Timothy
11258.198776

Timothy
11052.886828

Timothy
1970.361901

Timothy
12508.487020

Alex
1680.688572

Alex
969.749066

Timothy
4472.414767

Timothy
10159.303866

Timothy
6989.083612

Timothy
1251.907235

Timothy
11228.323760

Timothy
8659.249069

Timothy
12677.506790

Alex
506.168179

Timothy
10217.084363

Timothy
12699.947503

Timothy
5953.943181

Timothy
2910.967723

Timothy
2366.809529

Timothy
8309.382309

Timothy
5572.613590

Alex
7955.999259

Timothy
2960.678183

Timothy
12522.302326

Timothy
11967.107896

Timothy
9288.818227

Timothy
11078.176663

Timothy
1584.563101

Timothy
7969.208103

Timothy
7742.991931

Timothy
7087.802478

Alex
997.000175

Timothy
11801.628577

Alex
49.785261

Timothy
11789.604165

Timothy
784.985124

Timothy
8588.820891

Alex
729.281650

Alex
582.820961

Timothy
6617.480470

Alex
2392.911849

Timothy
6999.164193

Timothy
1490.359581

Timothy
9857.588072

Alex
7236.030519

Timothy
2147.627231

Alex
48.964152

Alex
3836.960541

Timothy
7829.847261

Timothy
5702.472224

Alex
2826.747557

Alex
1820.808092

Timothy
8260.301056

Alex
1626.504292

Timothy
8710.517581

Timothy
2177.896144

Timothy
3636.485596

Timothy
3724.353580

Alex
4787.842087

Timothy
8703.442995

Timothy
12619.858756

Alex
107.308462

Timothy
5940.934100

Alex
3294.783347

Timothy
8878.325623

Timothy
7965.192131

Alex
4061.628122

Timothy
12076.646835

Timothy
1586.032600

Timothy
10425.142077

Alex
124.674607

Timothy
4471.076689

Timothy
10491.671049

Timothy
7324.970844

Timothy
8626.249719

Timothy
6153.626786

Timothy
11721.109211

Timothy
1151.107665

Timothy
5781.195109

Timothy
6581.909039

Alex
1499.903837

Timothy
319.317285

Timothy
2430.193961

Alex
3323.588852

Timothy
4482.013937

Timothy
11788.242425

Timothy
1422.326815

Timothy
10829.520252

Timothy
7961.003478

Timothy
1967.179927

Timothy
7477.089101

Timothy
8955.268029

Alex
383.953097

Timothy
6522.970453

Timothy
5887.434775

Timothy
6253.199605

Timothy
8818.197178

Timothy
3338.351906

Timothy
8020.359331

Timothy
12372.258641

Alex
133.298717

Timothy
7861.440864

Timothy
6415.881745

Alex
1571.582351

Timothy
9335.276014

Timothy
5235.755023

Timothy
7414.260475

Timothy
9842.229116

Timothy
5034.670039

Timothy
8366.299401

Timothy
1580.291847

Alex
2350.199093

Timothy
7549.014280

Timothy
11749.598781

Timothy
12585.535762

Timothy
2628.299141

Timothy
162.730130

Timothy
6939.532636

Timothy
8626.478372

Alex
1551.520324

Alex
1376.216574

Alex
859.842923

Timothy
6966.043876

Timothy
10706.078191

Timothy
150.586449

Alex
2890.526032

Alex
1509.820507

Timothy
6919.244233

Timothy
11007.345795

Timothy
2168.129320

Timothy
11101.093936

Timothy
5310.824198

Timothy
3645.759473

Timothy
7840.246905

Timothy
11885.862591

Timothy
125.431411

Alex
1187.997208

Timothy
2479.943276

Timothy
1936.747883

Timothy
641.508105

Timothy
1922.674814

Timothy
9336.034154

Timothy
8164.271501

Timothy
12539.723195

Timothy
11543.476246

Timothy
12.515432

Alex
330.220959

Timothy
8456.510065

Timothy
9994.815130

Timothy
9383.659402

Timothy
11239.166218

Timothy
10521.255081

Alex
1657.542351

Timothy
4429.783968

Timothy
7015.284106

Timothy
6311.678436

Timothy
517.302825

Timothy
3663.121644

Timothy
9001.206369

Timothy
9509.345360

Timothy
5592.234728

Timothy
3556.592935

Timothy
10028.304816

Alex
508.367784

Timothy
8033.770624

Timothy
3096.980846

Timothy
7017.586831

Alex
3797.977297

Alex
108.138617

Timothy
203.266712

Timothy
7940.318475

Timothy
2241.819942

Timothy
11372.400948

Timothy
6489.739863

Timothy
9409.642378

Alex
14.202225

Timothy
11076.509893

Timothy
5712.496445

Alex
1084.734348

Timothy
10599.551202

Timothy
7105.507374

Timothy
12489.471646

Timothy
4991.940320

Timothy
102.053279

Timothy
9012.073189

Alex
178.375417

Timothy
5920.790066

Timothy
5836.082271

Timothy
6534.979936

Timothy
1298.371869

Alex
288.815533

Timothy
4009.063446

Timothy
3354.004551

Timothy
8082.298896

Timothy
5885.510244

Timothy
8283.687524

Timothy
12427.502686

Timothy
9119.367297

Timothy
6785.999807

Alex
2490.587527

Timothy
11006.969712

Alex
381.215443

Timothy
10424.555447

Alex
2269.084255

Timothy
12545.740747

Timothy
9556.160950

Timothy
1213.255099

Timothy
11919.252494

Alex
820.687444

Timothy
7308.292254

Timothy
1302.725644

