Alex
1372.314876

Timothy
11895.681794

Alex
469.845343

Timothy
7308.510952

Timothy
3405.151388

Timothy
10373.459935

Timothy
12507.893571

Alex
2966.506573

Timothy
10437.635348

Timothy
6079.956923

Timothy
12617.995732

Timothy
11640.396221

Timothy
6177.444181

Timothy
5982.006653

Timothy
9165.827736

Timothy
12507.893571

Timothy
8690.023104

Timothy
10746.493803

Alex
7224.063147

Timothy
10746.493803

Timothy
6371.000000

Alex
894.732215

Alex
941.211775

Timothy
4358.020666

Timothy
777.880491

Timothy
5585.725152

Timothy
333.546675

Timothy
2431.288219

Timothy
12336.137234

Alex
6934.367620

Timothy
5485.572396

Alex
307.594797

Timothy
1331.901679

Timothy
6467.053821

Timothy
10864.340974

Timothy
8104.908683

Timothy
3618.923522

Timothy
9469.151366

Timothy
8930.985846

Timothy
10686.340377

Timothy
9165.827736

Timothy
6467.053821

Alex
1605.910410

Timothy
3618.923522

Timothy
4358.020666

Alex
581.335350

Timothy
11640.396221

Alex
1466.099525

Timothy
4358.020666

Alex
2264.966030

Alex
200.858568

Timothy
3831.593297

Timothy
1110.538474

Timothy
5485.572396

Timothy
2757.873561

Timothy
12660.092585

Alex
5012.604878

Alex
600.777412

Timothy
111.193515

Alex
1929.538343

Timothy
7844.758519

Alex
4880.974173

Timothy
888.836988

Alex
1120.634616

Timothy
7032.781067

Timothy
6752.231265

Timothy
6079.956923

Timothy
5883.600830

Timothy
6274.461003

Timothy
9971.993135

Timothy
9971.993135

Timothy
5182.638306

Timothy
8771.014003

Timothy
9616.509471

Alex
2961.930945

Timothy
9902.393841

Timothy
4043.095932

Timothy
1221.266579

Alex
2692.933342

Timothy
12693.512843

Alex
3729.508735

Timothy
11452.433738

Timothy
9616.509471

Timothy
11814.176675

Alex
1224.579044

Alex
192.608377

Timothy
11500.741693

Timothy
3618.923522

Timothy
6467.053821

Timothy
8190.399723

Alex
415.220789

Alex
149.335858

Alex
107.301805

Alex
153.740487

Timothy
2103.036594

Timothy
8930.985846

Timothy
10864.340974

Timothy
12083.540015

Timothy
11685.179468

Timothy
1993.287954

Timothy
3082.568794

Timothy
10978.878762

Timothy
2103.036594

Timothy
10040.833022

Timothy
1552.859174

Alex
1423.765443

Timothy
2757.873561

Alex
6114.841456

Timothy
9760.938294

Timothy
12248.396530

Timothy
11197.887650

Alex
3561.418317

Timothy
1552.859174

Timothy
11855.380651

Timothy
8359.504147

Alex
1971.512255

Timothy
3618.923522

Timothy
8190.399723

Timothy
222.378563

Timothy
7489.559685

Timothy
6657.676712

Timothy
1883.387517

Timothy
8018.800423

Alex
1892.895237

Alex
149.395282

Alex
1465.497426

Timothy
2431.288219

Timothy
1221.266579

Timothy
1442.435350

Timothy
6371.000000

Alex
1654.254228

Alex
19.374716

Timothy
7125.235976

Alex
7482.226032

Alex
100.215522

Timothy
5784.746948

Timothy
11197.887650

Alex
3083.561888

Timothy
12363.508144

Alex
1959.503541

Alex
1190.835648

Timothy
12567.251135

Timothy
7308.510952

Timothy
10242.744118

Timothy
4566.324413

Timothy
9242.720235

Alex
3920.453010

Alex
6465.001963

Timothy
12336.137234

Timothy
10625.373145

Timothy
8930.985846

Alex
3278.193922

Timothy
888.836988

Timothy
777.880491

Timothy
6939.790584

Timothy
10040.833022

Timothy
11640.396221

Timothy
9543.193794

Timothy
2540.346220

Timothy
9760.938294

Timothy
10176.213669

Timothy
9971.993135

Alex
382.051990

Timothy
7217.148271

Timothy
9009.954606

Timothy
666.864754

Timothy
999.725798

Timothy
4876.152295

Timothy
1993.287954

Alex
2319.881505

Timothy
5080.860636

Timothy
5385.001891

Timothy
11302.292036

Alex
3751.780117

Timothy
8018.800423

Alex
7116.169981

Timothy
10437.635348

Alex
1725.550533

Timothy
2974.560826

Timothy
10108.908262

Alex
541.545834

Timothy
1773.343652

Timothy
10437.635348

Timothy
6177.444181

Alex
800.849179

Timothy
5685.452535

Alex
242.146958

Alex
377.160928

Timothy
10864.340974

Timothy
5182.638306

Timothy
9394.387826

Timothy
3512.171188

Timothy
12702.720666

Timothy
12248.396530

Timothy
8526.062186

Timothy
3190.342012

Timothy
1993.287954

Timothy
555.798234

Timothy
10563.596749

Timothy
9009.954606

Timothy
10746.493803

Timothy
9543.193794

Timothy
4876.152295

Timothy
9165.827736

Alex
2146.534340

Timothy
1883.387517

Alex
311.728745

Timothy
8443.104654

Timothy
4773.237213

Alex
4575.362520

Timothy
10978.878762

Timothy
6657.676712

Timothy
10978.878762

Alex
1093.254669

Timothy
3082.568794

Timothy
5685.452535

Timothy
1993.287954

Timothy
6467.053821

Timothy
3082.568794

Timothy
12415.423365

Timothy
7668.327025

Alex
1340.039996

Timothy
4462.342452

Timothy
10922.025746

Timothy
8443.104654

Alex
530.165975

Alex
5421.023660

Alex
2088.681436

Timothy
4253.367000

Timothy
8690.023104

Timothy
333.546675

Timothy
8359.504147

Timothy
12363.508144

Alex
152.873652

Alex
33.408957

Timothy
9616.509471

Timothy
7756.838128

Timothy
5485.572396

Timothy
5685.452535

Alex
1612.805046

Timothy
6657.676712

Timothy
5982.006653

Timothy
10242.744118

Alex
453.774704

Alex
147.679771

Alex
1732.582399

Alex
3877.177959

Timothy
2212.625080

Timothy
11729.072843

Timothy
10437.635348

Timothy
7125.235976

Timothy
11500.741693

Timothy
8526.062186

Timothy
5385.001891

Timothy
7756.838128

Timothy
6562.615151

Timothy
9543.193794

Timothy
1993.287954

Alex
5875.198804

Alex
661.642510

Alex
86.739244

Timothy
2103.036594

Timothy
11197.887650

Timothy
999.725798

Timothy
4669.958631

Timothy
7668.327025

Alex
858.032583

Timothy
11814.176675

Timothy
8018.800423

Alex
1382.253039

Timothy
1663.164741

Timothy
10242.744118

Timothy
9971.993135

Timothy
9088.237223

Alex
2799.548124

Timothy
3512.171188

Timothy
12118.362131

Timothy
3831.593297

Timothy
4876.152295

Timothy
111.193515

Timothy
2649.210764

Timothy
3725.400262

Timothy
11452.433738

Alex
157.691487

Timothy
6177.444181

Timothy
6079.956923

Timothy
12389.937526

Timothy
12439.963723

Alex
3540.982340

Timothy
10805.828841

Alex
299.527378

Alex
4082.091886

Timothy
3082.568794

Timothy
222.378563

Timothy
6371.000000

Timothy
4773.237213

Timothy
12307.826879

Timothy
9543.193794

Timothy
12363.508144

Alex
666.792791

Timothy
6562.615151

Timothy
444.689387

Timothy
2540.346220

Timothy
2757.873561

Timothy
5982.006653

Timothy
888.836988

Timothy
6079.956923

Timothy
4043.095932

Timothy
10176.213669

Timothy
444.689387

Timothy
111.193515

Alex
3220.084433

Timothy
8104.908683

Timothy
8018.800423

Timothy
3190.342012

Timothy
10922.025746

Timothy
11814.176675

Alex
7176.366936

Timothy
6177.444181

Timothy
7844.758519

Timothy
8526.062186

Timothy
4669.958631

Timothy
8771.014003

Timothy
6371.000000

Timothy
9832.040442

Alex
395.282123

Alex
1424.002212

Timothy
2431.288219

Timothy
4876.152295

Timothy
9394.387826

Timothy
2103.036594

Timothy
9469.151366

Timothy
2866.326334

Timothy
8771.014003

Timothy
8104.908683

Alex
2142.534967

Timothy
4876.152295

Alex
2169.022786

Timothy
2974.560826

Timothy
5982.006653

Timothy
12152.261386

Alex
1138.956992

Alex
1986.784997

Alex
1836.422289

Timothy
1331.901679

Alex
161.226716

Timothy
7844.758519

Timothy
5883.600830

Alex
1610.734800

Timothy
10922.025746

Timothy
7579.231949

Timothy
11973.563374

Timothy
666.864754

Alex
7.982083

Timothy
10308.494542

Alex
39.578262

Timothy
4876.152295

Timothy
12548.420389

Timothy
10308.494542

Alex
1810.519143

Timothy
9543.193794

Timothy
1773.343652

Timothy
10242.744118

Timothy
10108.908262

Alex
0.000000

Timothy
8851.336956

Timothy
9394.387826

Alex
3422.156710

Alex
231.222152

Timothy
9971.993135

Timothy
2974.560826

Timothy
5080.860636

Timothy
10864.340974

Timothy
9469.151366

Timothy
4566.324413

Timothy
11353.205131

Timothy
2103.036594

Timothy
12724.537532

Alex
2786.757999

Timothy
7399.317062

Timothy
12011.137879

Timothy
5685.452535

Alex
3776.890736

Alex
3914.165633

Alex
3966.409564

Timothy
4566.324413

Timothy
5982.006653

Timothy
2431.288219

Timothy
8930.985846

Timothy
3405.151388

Timothy
444.689387

Alex
3369.700944

Alex
99.521929

Timothy
9543.193794

Alex
198.299237

Timothy
8443.104654

Timothy
2431.288219

Timothy
3190.342012

Timothy
10108.908262

Timothy
9009.954606

Alex
979.034392

Timothy
2212.625080

Alex
5077.799927

Timothy
11197.887650

Alex
736.678665

Timothy
7308.510952

Alex
613.624904

Timothy
11144.404308

Alex
6394.540421

Alex
6258.087897

Timothy
12548.420389

Timothy
6467.053821

Alex
411.083257

Timothy
10805.828841

Alex
63.125495

Timothy
5485.572396

Alex
2603.922515

Timothy
11594.726514

Alex
1414.315795

Timothy
4978.696039

Alex
2157.693915

Alex
3211.155579

Timothy
2649.210764

Timothy
1552.859174

Timothy
5585.725152

Alex
1857.800943

Timothy
111.193515

Timothy
7308.510952

Timothy
10563.596749

Timothy
4876.152295

Timothy
3618.923522

Timothy
2649.210764

Timothy
11090.072278

Timothy
12185.235200

Timothy
3082.568794

Timothy
3831.593297

Alex
88.978660

Timothy
10805.828841

Timothy
9318.908866

Timothy
9689.092814

Timothy
7308.510952

Alex
436.468787

Alex
4600.846771

Timothy
10625.373145

Timothy
333.546675

Timothy
2431.288219

Alex
968.728503

Timothy
11594.726514

Alex
4193.676180

Timothy
8190.399723

Alex
3642.852510

Alex
4165.162860

Alex
283.650065

Alex
1942.201072

Timothy
3297.872273

Timothy
6079.956923

Timothy
11197.887650

Timothy
6657.676712

Alex
3319.717813

Timothy
6752.231265

Timothy
11548.173822

Timothy
888.836988

Alex
1226.752669

Timothy
12047.797690

Alex
1204.559502

Timothy
9543.193794

Timothy
5485.572396

Alex
5187.673996

Timothy
12152.261386

Timothy
8930.985846

Alex
544.592467

Timothy
5485.572396

Timothy
3082.568794

Alex
4320.828406

Alex
805.489765

Timothy
10242.744118

Timothy
1993.287954

Timothy
6177.444181

Timothy
11197.887650

Timothy
2757.873561

Timothy
8690.023104

Timothy
6371.000000

Timothy
8443.104654

Alex
8022.383157

Alex
2991.280713

Timothy
12307.826879

Timothy
2103.036594

Alex
2345.860942

Timothy
4148.389424

Timothy
12528.634032

Timothy
2866.326334

Timothy
6657.676712

Timothy
8526.062186

Timothy
5080.860636

Timothy
12617.995732

Timothy
11814.176675

Timothy
12336.137234

Timothy
3831.593297

Timothy
3618.923522

Timothy
8018.800423

