Timothy
1442.435350

Timothy
10686.340377

Timothy
5784.746948

Alex
2520.043838

Timothy
12118.362131

Timothy
11302.292036

Timothy
10805.828841

Timothy
8690.023104

Timothy
5685.452535

Timothy
6274.461003

Timothy
7308.510952

Timothy
1773.343652

Alex
1057.856134

Timothy
3082.568794

Timothy
3831.593297

Timothy
3297.872273

Timothy
4978.696039

Alex
1546.787949

Timothy
5685.452535

Timothy
11548.173822

Timothy
8018.800423

Alex
0.000000

Alex
1010.658506

Timothy
8526.062186

Timothy
2322.045066

Timothy
4773.237213

Timothy
2103.036594

Timothy
9616.509471

Timothy
12617.995732

Timothy
5883.600830

Timothy
4253.367000

Alex
6673.671850

Alex
3248.436647

Timothy
5883.600830

Timothy
8275.267032

Timothy
6467.053821

Timothy
11500.741693

Alex
5336.963778

Alex
1519.132289

Timothy
1883.387517

Timothy
4978.696039

Timothy
2649.210764

Timothy
777.880491

Timothy
11302.292036

Alex
106.690930

Alex
1085.451045

Timothy
3512.171188

Alex
803.132443

Timothy
7579.231949

Alex
102.951011

Timothy
10437.635348

Alex
792.693942

Timothy
9543.193794

Timothy
8526.062186

Alex
2945.677356

Timothy
7668.327025

Alex
862.637824

Alex
6408.488815

Timothy
7217.148271

Alex
6160.330724

Timothy
11548.173822

Timothy
9009.954606

Timothy
5485.572396

Timothy
1663.164741

Alex
2443.571027

Timothy
6846.271610

Alex
1045.593586

Timothy
11548.173822

Alex
1024.233122

Timothy
6846.271610

Timothy
11090.072278

Alex
3009.904148

Timothy
12734.237918

Timothy
12548.420389

Alex
169.201048

Timothy
12389.937526

Timothy
999.725798

Alex
4177.407849

Timothy
12507.893571

Timothy
3297.872273

Timothy
4876.152295

Alex
661.586024

Timothy
555.798234

Timothy
2540.346220

Timothy
9009.954606

Timothy
6467.053821

Timothy
11500.741693

Timothy
111.193515

Timothy
12083.540015

Timothy
7032.781067

Timothy
10176.213669

Alex
577.778877

Timothy
2431.288219

Timothy
11302.292036

Timothy
2757.873561

Timothy
111.193515

Alex
1974.434074

Timothy
12548.420389

Timothy
111.193515

Timothy
2974.560826

Timothy
1773.343652

Alex
240.052450

Timothy
12011.137879

Timothy
10373.459935

Alex
307.512361

Timothy
7125.235976

Timothy
10625.373145

Timothy
1663.164741

Timothy
9543.193794

Alex
3438.455106

Alex
493.518993

Alex
5726.475602

Timothy
10864.340974

Timothy
9543.193794

Timothy
333.546675

Timothy
3297.872273

Timothy
1442.435350

Alex
2911.464506

Timothy
1663.164741

Alex
793.708729

Timothy
7579.231949

Timothy
2540.346220

Alex
2631.610777

Timothy
12602.040131

Timothy
10437.635348

Timothy
4043.095932

Timothy
333.546675

Timothy
7125.235976

Timothy
10746.493803

Alex
3429.812780

Timothy
9616.509471

Alex
78.943855

Timothy
10308.494542

Timothy
4253.367000

Timothy
5080.860636

Alex
1116.878333

Timothy
9009.954606

Alex
2059.586055

Timothy
3405.151388

Timothy
10625.373145

Alex
4172.961038

Alex
3932.118021

Timothy
11500.741693

Timothy
8018.800423

Timothy
6562.615151

Timothy
6371.000000

Alex
2810.967598

Timothy
1773.343652

Alex
335.129382

Alex
3414.949134

Timothy
4566.324413

Timothy
9009.954606

Timothy
10108.908262

Timothy
12083.540015

Alex
374.607879

Timothy
888.836988

Timothy
12278.579235

Timothy
10040.833022

Timothy
6657.676712

Timothy
6079.956923

Timothy
5585.725152

Timothy
9009.954606

Timothy
11729.072843

Timothy
8771.014003

Timothy
2866.326334

Timothy
11302.292036

Timothy
999.725798

Timothy
1110.538474

Alex
21.219059

Alex
2966.745992

Timothy
12617.995732

Timothy
2431.288219

Alex
7970.277643

Timothy
8018.800423

Alex
56.601054

Alex
655.079282

Alex
436.575605

Alex
6627.690354

Alex
87.360095

Timothy
10978.878762

Timothy
9009.954606

Timothy
5385.001891

Timothy
12647.023064

Timothy
7844.758519

Timothy
11034.895695

Timothy
9009.954606

Timothy
10373.459935

Timothy
9009.954606

Timothy
12248.396530

Timothy
777.880491

Timothy
8608.370425

Alex
84.653629

Alex
1695.231055

Timothy
6657.676712

Timothy
4043.095932

Timothy
9971.993135

Alex
1611.077363

Timothy
4566.324413

Timothy
4358.020666

Timothy
10563.596749

Alex
3185.436543

Timothy
7217.148271

Timothy
2649.210764

Timothy
6657.676712

Alex
1459.424910

Timothy
6371.000000

Timothy
9760.938294

Alex
619.156371

Timothy
10805.828841

Timothy
3190.342012

Timothy
11973.563374

Alex
6151.016168

Timothy
6467.053821

Timothy
8690.023104

Timothy
7125.235976

Timothy
8104.908683

Timothy
1331.901679

Timothy
10040.833022

Timothy
111.193515

Timothy
9009.954606

Timothy
5585.725152

Timothy
4876.152295

Timothy
2212.625080

Alex
662.820232

Timothy
12278.579235

Alex
2540.060646

Timothy
10864.340974

Alex
272.866295

Timothy
1442.435350

Alex
1329.995747

Timothy
9469.151366

Alex
668.013054

Timothy
4773.237213

Timothy
7668.327025

Timothy
8104.908683

Alex
1578.221329

Alex
4922.276843

Timothy
1993.287954

Timothy
2649.210764

Timothy
444.689387

Timothy
4669.958631

Timothy
1442.435350

Timothy
333.546675

Timothy
1663.164741

Timothy
8018.800423

Timothy
6657.676712

Timothy
4978.696039

Timothy
2322.045066

Timothy
5784.746948

Timothy
9318.908866

Alex
774.229080

Timothy
11500.741693

Alex
4729.673147

Timothy
11685.179468

Timothy
5982.006653

Timothy
8608.370425

Timothy
2866.326334

Alex
70.506295

Timothy
11197.887650

Timothy
9971.993135

Timothy
10308.494542

Timothy
2866.326334

Timothy
4148.389424

Timothy
10108.908262

Alex
2412.008288

Alex
3327.017679

Timothy
6562.615151

Timothy
11855.380651

Alex
658.094770

Timothy
10373.459935

Alex
6082.732289

Timothy
7125.235976

Alex
502.515699

Alex
576.857862

Timothy
7489.559685

Alex
152.755165

Timothy
2974.560826

Alex
15.775816

Timothy
4566.324413

Alex
246.075619

Alex
2479.298660

Timothy
3937.494542

Timothy
1552.859174

Timothy
7399.317062

Alex
5198.893198

Alex
2298.688296

Timothy
7579.231949

Timothy
9394.387826

Timothy
1883.387517

Timothy
7217.148271

Timothy
7399.317062

Timothy
2103.036594

Timothy
10176.213669

Timothy
8690.023104

Alex
1983.954943

Timothy
4566.324413

Timothy
8359.504147

Timothy
2757.873561

Timothy
1221.266579

Timothy
3512.171188

Timothy
3725.400262

Alex
108.546650

Timothy
8930.985846

Timothy
7217.148271

Timothy
11814.176675

Timothy
9543.193794

Alex
726.174285

Alex
1379.782775

Timothy
8690.023104

Timothy
11548.173822

Timothy
5080.860636

Timothy
7579.231949

Timothy
7217.148271

Alex
1727.474707

Timothy
12647.023064

Timothy
1663.164741

Timothy
10746.493803

Alex
1827.283784

Alex
3903.007115

Alex
5215.468775

Alex
623.133013

Timothy
4358.020666

Timothy
11302.292036

Timothy
10308.494542

Timothy
12152.261386

Timothy
1552.859174

Alex
858.449643

Timothy
2212.625080

Timothy
9616.509471

Timothy
9971.993135

Timothy
3831.593297

Timothy
3512.171188

Timothy
12011.137879

Timothy
12278.579235

Timothy
11729.072843

Timothy
1110.538474

Timothy
12278.579235

Timothy
3082.568794

Timothy
3512.171188

Timothy
9318.908866

Timothy
6274.461003

Timothy
12486.200586

Alex
966.661342

Timothy
12047.797690

Alex
3937.940089

Alex
6932.737535

Timothy
6939.790584

Timothy
2866.326334

Timothy
5784.746948

Timothy
1993.287954

Timothy
8526.062186

Alex
0.000000

Timothy
6274.461003

Timothy
12463.556729

Alex
1566.242706

Timothy
12118.362131

Timothy
2103.036594

Timothy
9242.720235

Timothy
1993.287954

Timothy
11090.072278

Alex
102.282504

Alex
5998.166380

Timothy
4773.237213

Timothy
8018.800423

Timothy
2540.346220

Timothy
8018.800423

Timothy
11855.380651

Alex
690.574126

Timothy
8930.985846

Timothy
4462.342452

Timothy
2974.560826

Timothy
3190.342012

Alex
666.592584

Alex
2494.274376

Timothy
6657.676712

Timothy
777.880491

Timothy
12585.124836

Timothy
12336.137234

Timothy
7308.510952

Timothy
5485.572396

Timothy
7489.559685

Timothy
777.880491

Timothy
10805.828841

Timothy
333.546675

Timothy
11034.895695

Timothy
3297.872273

Timothy
10242.744118

Timothy
3082.568794

Timothy
5685.452535

Alex
275.396703

Timothy
9009.954606

Timothy
2212.625080

Alex
368.630345

Timothy
7489.559685

Timothy
666.864754

Alex
1059.381588

Timothy
8771.014003

Timothy
2649.210764

Timothy
11034.895695

Timothy
12548.420389

Timothy
1663.164741

Alex
3606.448156

Timothy
7756.838128

Timothy
4043.095932

Alex
1279.002695

Timothy
7125.235976

Timothy
3082.568794

Alex
1479.442449

Timothy
8443.104654

Timothy
12152.261386

Timothy
12278.579235

Timothy
7217.148271

Alex
141.570452

Timothy
1883.387517

Timothy
555.798234

Alex
4804.435530

Alex
4382.931586

Timothy
8275.267032

Timothy
9394.387826

Timothy
5982.006653

Alex
340.895294

Timothy
8771.014003

Alex
1062.066738

Timothy
8608.370425

Timothy
4358.020666

Alex
193.543796

Timothy
9689.092814

Timothy
9165.827736

Timothy
10176.213669

Alex
144.929990

Timothy
4876.152295

Timothy
3405.151388

Timothy
222.378563

Timothy
6562.615151

Timothy
10176.213669

Timothy
4773.237213

Timothy
8771.014003

Timothy
7932.081500

Timothy
9971.993135

Timothy
7579.231949

Alex
291.645124

Timothy
9760.938294

Alex
1602.425224

Timothy
3512.171188

Alex
569.409439

Timothy
10978.878762

Alex
2634.792802

Timothy
3618.923522

Timothy
11302.292036

Timothy
9088.237223

Timothy
7217.148271

Alex
1395.015924

Timothy
444.689387

Timothy
11302.292036

Timothy
10373.459935

Alex
1097.846910

Alex
2043.840520

Timothy
3725.400262

Timothy
888.836988

Alex
712.712030

Timothy
3405.151388

Timothy
9318.908866

Timothy
6562.615151

Alex
3878.876046

Timothy
8443.104654

Timothy
12702.720666

Timothy
4876.152295

Timothy
2866.326334

Timothy
10176.213669

Timothy
6846.271610

Timothy
10437.635348

Timothy
11640.396221

Timothy
12083.540015

Alex
2234.168453

Timothy
7844.758519

Timothy
3937.494542

Timothy
2540.346220

Timothy
2649.210764

Timothy
3405.151388

Alex
2226.579940

Timothy
7125.235976

Timothy
444.689387

Timothy
12585.124836

Timothy
6939.790584

Timothy
1993.287954

Timothy
6562.615151

Timothy
6467.053821

Alex
305.659790

Timothy
7844.758519

Alex
1806.306990

Timothy
5080.860636

Alex
5423.572174

Timothy
2431.288219

Timothy
1993.287954

Timothy
6274.461003

Timothy
12217.281062

Alex
6803.027973

Alex
589.311351

Timothy
11594.726514

Timothy
11500.741693

