Timothy
7173.906050

Timothy
6552.764781

Timothy
10497.355573

Timothy
1705.406896

Timothy
11316.055221

Timothy
7426.001787

Alex
1597.214737

Timothy
7580.520013

Alex
4367.831381

Timothy
12299.207218

Alex
2784.041275

Timothy
12266.065303

Timothy
629.334861

Alex
3905.449774

Timothy
3198.640052

Timothy
7881.184566

Timothy
5903.625625

Timothy
2742.473420

Alex
1095.329924

Alex
612.856609

Timothy
8259.675282

Alex
1781.363703

Alex
1833.821726

Timothy
3428.276193

Alex
828.356759

Timothy
5853.604997

Timothy
1286.459376

Timothy
11753.008155

Timothy
4618.322281

Timothy
540.842040

Alex
22.382982

Timothy
3809.610085

Timothy
9265.970508

Timothy
1170.499589

Alex
4731.612797

Timothy
11429.321560

Timothy
6160.497281

Timothy
8279.280151

Alex
5317.589304

Timothy
6734.977431

Timothy
10320.577948

Alex
7978.325047

Timothy
4151.862343

Timothy
12558.117082

Timothy
8557.783253

Timothy
527.042762

Timothy
11553.853584

Timothy
8129.898399

Timothy
8643.178441

Timothy
1659.579661

Alex
1417.697825

Alex
1527.023012

Timothy
7514.412843

Timothy
8072.152096

Timothy
4957.870129

Alex
5312.055625

Timothy
4013.679598

Alex
580.968460

Timothy
10401.018410

Timothy
11623.320245

Alex
28.118851

Timothy
2539.978688

Timothy
5870.762667

Timothy
11693.863743

Timothy
11921.324881

Alex
4763.190479

Timothy
10430.878762

Timothy
3304.357099

Timothy
9765.919419

Timothy
11342.732142

Timothy
10078.776482

Timothy
10497.716206

Timothy
10954.500156

Timothy
7696.004420

Timothy
6546.669033

Alex
2152.362981

Alex
1232.235098

Timothy
5385.766272

Timothy
5015.161612

Timothy
4206.301783

Alex
321.231248

Timothy
10626.867757

Timothy
6287.554809

Alex
6154.704996

Timothy
7370.798910

Timothy
20.099587

Timothy
235.722910

Timothy
10759.629205

Timothy
11977.091296

Timothy
11959.858830

Timothy
4371.689483

Timothy
4683.257764

Timothy
5421.365909

Alex
277.414306

Alex
3226.309928

Alex
3046.564224

Alex
1289.928431

Timothy
10788.116187

Timothy
11009.045479

Timothy
6359.179860

Timothy
9470.624943

Timothy
3801.294830

Timothy
2109.092873

Timothy
12275.929238

Timothy
11329.707053

Alex
173.739913

Timothy
11328.036237

Timothy
9654.392451

Alex
1130.220699

Alex
3460.908957

Alex
3140.251769

Timothy
12223.756658

Alex
1109.547883

Timothy
1183.787689

Timothy
9741.890707

Timothy
11693.780580

Timothy
10904.716051

Timothy
2877.954070

Timothy
11820.696766

Timothy
5000.674769

Timothy
4305.372297

Timothy
12610.452780

Timothy
4659.300291

Alex
2498.353399

Timothy
5794.003422

Timothy
4166.352695

Alex
4254.152512

Timothy
10000.425886

Timothy
4576.856577

Timothy
4511.662871

Timothy
6265.646121

Timothy
6377.553759

Timothy
12117.147164

Timothy
12572.002080

Timothy
8481.160719

Timothy
4443.590943

Alex
408.920954

Timothy
9794.113216

Timothy
7171.127483

Timothy
1859.724062

Timothy
3238.587718

Timothy
11337.013879

Timothy
9393.595096

Timothy
7030.337421

Timothy
8861.628087

Timothy
1513.535577

Alex
1377.239123

Timothy
4695.465638

Timothy
8707.636624

Timothy
2114.970257

Timothy
5296.781530

Timothy
8149.430695

Alex
1161.712288

Timothy
6041.971245

Timothy
8235.238497

Alex
3767.484773

Timothy
12711.006496

Alex
4241.155526

Timothy
8639.774977

Timothy
8437.645097

Timothy
9114.563621

Timothy
12136.242562

Timothy
10099.161635

Timothy
11198.391977

Alex
64.877854

Timothy
1215.897126

Alex
1323.915329

Timothy
1357.394409

Alex
1040.481489

Timothy
2723.949146

Alex
4574.381271

Timothy
12044.759511

Timothy
2498.916597

Timothy
6585.746122

Timothy
8731.997932

Timothy
2236.239211

Timothy
8660.324789

Timothy
10459.686631

Timothy
1185.195410

Timothy
5665.950103

Timothy
10900.950953

Timothy
11504.577098

Timothy
10307.510412

Timothy
822.547747

Timothy
9031.916099

Timothy
11102.778398

Timothy
2300.901587

Timothy
8230.175547

Alex
127.402607

Timothy
3540.016944

Timothy
6382.371963

Alex
1803.383525

Alex
157.429355

Timothy
4948.807993

Alex
4350.133940

Timothy
11197.870565

Timothy
12192.651319

Alex
1236.115525

Timothy
9064.421211

Alex
855.524291

Timothy
6830.066949

Timothy
6984.725840

Alex
1390.751654

Timothy
12201.499476

Timothy
7222.662364

Timothy
9427.907411

Alex
908.885658

Timothy
2550.703553

Alex
1624.351878

Alex
30.355396

Timothy
1643.880427

Alex
26.959506

Timothy
10950.843480

Timothy
3776.528828

Alex
6416.558605

Timothy
5494.775321

Timothy
1916.799726

Timothy
6404.529152

Timothy
8823.922471

Alex
4033.386374

Timothy
1509.891619

Timothy
8303.927066

Alex
570.782047

Timothy
7408.220867

Timothy
6258.049306

Timothy
8795.735397

Alex
2141.767326

Timothy
10482.944773

Timothy
6068.090012

Timothy
9743.619157

Alex
1652.048449

Timothy
9091.942605

Alex
168.399149

Timothy
873.358212

Timothy
4534.719459

Timothy
5463.552176

Timothy
5379.855087

Alex
1.612682

Timothy
6147.541041

Alex
1562.295649

Timothy
10144.596338

Timothy
4702.564436

Alex
4247.917312

Timothy
1797.461154

Timothy
4028.544553

Timothy
12726.562159

Timothy
3576.295761

Timothy
9695.665826

Timothy
5559.761367

Timothy
4333.466840

Timothy
6887.649730

Timothy
3986.653768

Alex
6048.236425

Timothy
7133.460476

Timothy
9844.520362

Timothy
544.192082

Timothy
1788.860722

Timothy
9634.465124

Alex
1577.187417

Timothy
5729.458668

Timothy
2583.308356

Timothy
5955.099069

Timothy
2916.894207

Timothy
11207.564927

Timothy
10938.192481

Timothy
5222.593224

Timothy
10850.978436

Timothy
4652.990102

Alex
4337.287172

Alex
486.487416

Timothy
3755.220104

Alex
661.900240

Timothy
2288.447162

Timothy
3137.800187

Timothy
8945.244336

Alex
532.498348

Alex
1187.839764

Timothy
9063.801237

Timothy
8840.091741

Timothy
5924.005873

Timothy
9557.597059

Timothy
11638.602679

Alex
6197.324037

Timothy
7873.271221

Timothy
9657.272836

Timothy
6875.509754

Timothy
6798.666611

Timothy
589.769814

Alex
1424.466552

Alex
222.859447

Alex
1402.917260

Timothy
1997.934553

Timothy
11519.219505

Timothy
11308.142233

Timothy
12679.611497

Timothy
10285.808720

Timothy
7324.305093

Alex
131.041692

Timothy
11392.640912

Alex
3648.943617

Timothy
524.132601

Timothy
10008.853411

Alex
1425.645980

Timothy
912.594912

Timothy
10494.688965

Timothy
12475.004022

Timothy
9308.582172

Timothy
7241.485381

Timothy
592.482271

Alex
4547.527707

Alex
2748.708155

Timothy
495.086620

Timothy
8772.292509

Timothy
6699.255262

Timothy
468.219130

Timothy
9736.083100

Timothy
4656.395377

Alex
5214.895557

Timothy
8739.640746

Alex
2063.808845

Timothy
9378.036652

Timothy
3966.791079

Timothy
8887.695723

Timothy
5918.446358

Timothy
7209.993467

Alex
5695.876841

Timothy
272.670398

Alex
1527.540744

Timothy
1137.549746

Timothy
10829.312069

Timothy
12586.563478

Alex
2428.571612

Alex
1300.936957

Alex
2269.968962

Timothy
3831.493081

Alex
2565.523349

Timothy
10173.893866

Alex
861.602436

Timothy
9266.955374

Timothy
7391.844163

Timothy
4183.381806

Timothy
4951.572383

Alex
171.514091

Timothy
11728.157427

Alex
3292.148801

Alex
2042.493576

Timothy
9265.824950

Timothy
11568.606168

Timothy
3055.377877

Timothy
5757.378539

Timothy
6864.317003

Timothy
8875.793019

Timothy
2503.739273

Timothy
9425.350718

Timothy
6666.185506

Alex
824.196933

Timothy
2571.259604

Alex
4650.126000

Timothy
9628.305155

Timothy
75.713514

Timothy
12284.927308

Timothy
8695.674579

Timothy
9179.461185

Alex
4471.442719

Alex
129.280568

Timothy
5633.099395

Timothy
3491.565924

Alex
1609.954213

Timothy
6187.848365

Timothy
7747.170339

Timothy
11251.160885

Timothy
1120.092337

Timothy
10354.843575

Timothy
12723.725280

Timothy
4257.846371

Timothy
184.916676

Timothy
11124.669518

Timothy
7675.437748

Timothy
11462.436859

Alex
168.822595

Timothy
12127.045370

Timothy
10674.272003

Timothy
1965.691616

Alex
3134.037920

Timothy
10747.569199

Alex
95.702036

Timothy
2360.444073

Alex
2856.337545

Alex
1427.536466

Timothy
6525.136520

Timothy
6843.552308

Timothy
5297.308524

Timothy
5480.101595

Timothy
8243.404984

Timothy
8272.838571

Timothy
12344.216625

Timothy
2361.290366

Alex
3123.037321

Timothy
2980.566579

Alex
2381.423004

Alex
45.995387

Timothy
9930.285819

Timothy
1532.779204

Timothy
10670.285430

Timothy
8796.178681

Timothy
4935.498713

Timothy
7964.706350

Timothy
8052.773113

Timothy
12105.228161

Alex
1225.340695

Timothy
10763.874738

Timothy
4240.485489

Alex
5260.123835

Timothy
5105.756860

Timothy
12454.816142

Timothy
9268.151497

Timothy
8653.299789

Timothy
6245.965801

Alex
5160.567958

Timothy
10236.204362

Timothy
11791.324875

Timothy
4993.147201

Timothy
5016.631187

Timothy
1421.145343

Alex
5120.451284

Timothy
3259.514198

Alex
3249.135324

Timothy
5574.927209

Timothy
7509.877812

Timothy
10414.161588

Timothy
10017.122387

Timothy
10046.156637

Timothy
7644.783921

Timothy
849.795908

Timothy
7078.101586

Timothy
9516.848871

Alex
1381.629089

Timothy
9585.504523

Timothy
2562.445194

Timothy
9274.397604

Timothy
4977.492722

Timothy
11332.627929

Timothy
3115.628016

Timothy
6813.194017

Timothy
9236.424612

Timothy
525.776888

Timothy
11059.419380

Timothy
1334.165459

Timothy
8959.522519

Timothy
12038.896416

Timothy
9496.706067

Timothy
3708.021884

Timothy
8163.299767

Timothy
5962.552238

Timothy
3834.332856

Alex
1071.760688

Timothy
5438.936238

Timothy
10122.997434

Alex
867.204770

Timothy
9551.003984

Timothy
4184.059881

Alex
668.538715

Timothy
223.076538

Timothy
4410.674627

Alex
2449.553355

Timothy
4352.298662

Alex
982.994930

Timothy
3907.985847

Timothy
10906.944511

Timothy
11520.505850

Timothy
1809.915727

Timothy
12539.002788

Timothy
3003.560752

Timothy
7253.281837

Timothy
2529.291183

Timothy
12209.028806

Timothy
8981.117212

Timothy
11891.873551

Alex
888.128360

Timothy
3405.099741

Timothy
6520.525369

Alex
211.492758

Timothy
12385.766801

Alex
549.180902

Timothy
10532.336868

Timothy
10355.521453

Timothy
9007.435841

Timothy
11451.002561

Alex
7.664662

Alex
435.760053

Timothy
12224.427838

Alex
5866.879919

Alex
4209.112513

Timothy
5604.756550

Timothy
11321.368222

Alex
483.692625

Timothy
12003.710909

Timothy
12096.991592

Alex
1206.571119

Timothy
10099.564771

