Timothy
10236.454661

Timothy
750.098591

Alex
1582.381451

Timothy
9056.123191

Timothy
6539.877951

Alex
898.162075

Timothy
9.439336

Timothy
8471.795729

Alex
3389.363414

Timothy
6874.563158

Alex
1367.082051

Timothy
10283.669870

Timothy
11804.514698

Timothy
4113.242878

Timothy
184.019983

Timothy
8202.884186

Alex
269.193765

Alex
3225.332531

Timothy
1987.576031

Timothy
12251.604725

Timothy
5041.121986

Alex
1466.290592

Timothy
12390.319291

Timothy
7099.893017

Alex
511.222002

Timothy
2717.875959

Timothy
2913.443225

Timothy
10451.807907

Alex
486.244212

Timothy
6230.720221

Timothy
11000.410833

Timothy
981.158332

Alex
186.956236

Timothy
1499.613027

Timothy
11285.568596

Timothy
39.886111

Timothy
7460.376444

Alex
2309.405707

Timothy
6031.182500

Timothy
4031.793325

Timothy
10859.916416

Alex
4957.484129

Alex
337.752085

Alex
410.041229

Timothy
10011.662732

Timothy
1951.363667

Timothy
10997.793763

Alex
758.169637

Timothy
2765.131139

Timothy
8000.709463

Alex
1427.289490

Timothy
5952.849956

Timothy
295.125639

Timothy
6004.872106

Timothy
8998.429460

Timothy
6975.745786

Timothy
6294.006141

Timothy
1643.301641

Timothy
9348.175005

Timothy
7098.993478

Timothy
9687.638464

Timothy
2243.507473

Alex
53.338209

Timothy
5143.990961

Timothy
10305.082270

Timothy
12131.505297

Timothy
11358.625479

Timothy
7246.020892

Timothy
851.872054

Timothy
8619.250229

Timothy
2698.751529

Timothy
8577.249368

Timothy
6422.738295

Timothy
12019.139076

Timothy
6937.286752

Timothy
8793.645090

Timothy
9028.774322

Alex
3123.489832

Timothy
2326.737473

Timothy
5315.205974

Timothy
11768.746368

Timothy
299.065872

Timothy
12359.998532

Timothy
11087.660158

Timothy
3438.097066

Alex
1569.265044

Timothy
496.236617

Alex
4587.420321

Alex
2379.857578

Timothy
5622.734934

Timothy
7757.356745

Alex
168.994099

Timothy
7720.389470

Timothy
5501.675256

Timothy
12502.271248

Timothy
8457.813194

Timothy
1798.955848

Timothy
12613.208514

Timothy
12536.810551

Timothy
12407.014209

Timothy
12028.686753

Alex
2767.602508

Alex
495.333429

Timothy
1877.101305

Timothy
5860.673788

Timothy
6653.058331

Timothy
3097.798314

Timothy
4842.961746

Alex
780.185421

Timothy
4139.215031

Timothy
1938.843266

Timothy
9551.985193

Alex
7601.534705

Timothy
1748.305707

Alex
7902.939715

Timothy
85.909884

Timothy
11101.093336

Timothy
9171.652459

Timothy
11243.879883

Timothy
4591.619785

Timothy
4558.931264

Alex
2627.407277

Alex
3027.306893

Timothy
5705.379306

Timothy
11534.209835

Timothy
3102.132319

Timothy
12022.063317

Timothy
8880.124411

Timothy
4601.202322

Timothy
10391.769374

Timothy
6159.627768

Timothy
9709.018373

Timothy
7571.672401

Timothy
4259.143180

Timothy
2196.992315

Timothy
11259.654451

Timothy
5865.562697

Alex
158.545548

Timothy
6959.623278

Timothy
8811.122485

Timothy
11254.000547

Alex
974.875298

Alex
556.167924

Timothy
10712.539300

Alex
2307.572098

Alex
412.875452

Timothy
1047.239345

Timothy
9165.723844

Alex
3461.365121

Alex
625.644157

Timothy
2535.242306

Timothy
2326.272839

Alex
1452.882770

Timothy
12167.787469

Alex
1068.736737

Timothy
12323.574241

Timothy
10884.506530

Timothy
6572.554779

Timothy
5704.600694

Timothy
9650.262773

Timothy
6866.258790

Alex
150.833560

Timothy
7308.011613

Timothy
6436.206689

Timothy
5639.632950

Timothy
10522.155962

Timothy
11033.612393

Timothy
4654.764519

Timothy
6452.524799

Timothy
11944.589628

Alex
126.354599

Timothy
1028.941315

Timothy
3636.011249

Alex
5991.476129

Alex
341.633500

Timothy
11554.787718

Timothy
5368.484310

Alex
6152.963168

Alex
1892.551394

Timothy
6920.677806

Timothy
8875.299485

Alex
6767.688092

Timothy
9992.258879

Timothy
1376.036812

Alex
1675.720845

Timothy
4272.954451

Alex
3681.199775

Alex
2799.623240

Timothy
5737.664268

Timothy
3169.129107

Alex
2428.729205

Alex
1834.589024

Alex
1353.720878

Timothy
9331.509157

Timothy
10332.654145

Timothy
12218.509524

Timothy
7387.509468

Timothy
4972.598768

Alex
5128.270605

Timothy
1544.707764

Timothy
4928.201793

Timothy
10780.828209

Timothy
4253.215435

Alex
2450.446936

Timothy
1171.952733

Timothy
3463.064588

Timothy
10434.855816

Timothy
165.066253

Timothy
4906.937730

Timothy
2760.615264

Alex
1863.982807

Alex
2804.602392

Alex
422.196572

Timothy
10585.680927

Timothy
5442.278692

Timothy
11407.036727

Timothy
2071.360886

Timothy
6828.508341

Timothy
2662.923126

Alex
2859.543085

Timothy
12390.912877

Timothy
7675.887740

Timothy
10070.951010

Timothy
3651.126387

Timothy
1023.701433

Timothy
8548.022956

Timothy
1633.857424

Timothy
10345.156237

Alex
269.469295

Alex
1265.286065

Alex
4546.925208

Alex
2940.163916

Timothy
11563.268413

Timothy
5534.765821

Timothy
2811.067662

Alex
444.011118

Alex
831.162572

Alex
1743.127544

Timothy
7720.694742

Alex
3448.767018

Timothy
10665.755646

Timothy
6750.598501

Timothy
5480.559249

Alex
127.258196

Alex
3781.640460

Timothy
7201.782836

Timothy
7230.360692

Timothy
4589.222932

Timothy
3264.066826

Timothy
3400.655754

Alex
3408.022937

Timothy
2408.545350

Timothy
11610.159212

Timothy
1212.703753

Timothy
3389.997245

Alex
1162.640380

Alex
885.279185

Alex
8658.485186

Timothy
5955.550868

Alex
1262.975160

Timothy
11273.248183

Timothy
695.742844

Timothy
4650.514624

Timothy
11488.811975

Alex
3230.629742

Timothy
10948.504291

Alex
1859.899383

Timothy
8587.345843

Timothy
8044.046084

Timothy
2373.526155

Alex
141.757493

Alex
1107.990835

Timothy
1073.973908

Timothy
11181.912384

Timothy
7335.008438

Timothy
1135.435384

Timothy
5101.732184

Alex
146.197111

Alex
164.320643

Timothy
12422.590979

Timothy
11296.206965

Timothy
6828.493132

Timothy
6871.244826

Timothy
9371.066574

Alex
363.068024

Alex
5165.422071

Timothy
6226.452700

Timothy
7618.032629

Timothy
10618.449349

Alex
697.662070

Timothy
6552.419082

Timothy
5445.337800

Timothy
9748.838073

Timothy
10795.179421

Timothy
3648.312667

Timothy
9220.664526

Timothy
9078.423771

Timothy
5318.584946

Alex
887.214477

Timothy
7330.340978

Timothy
4559.463617

Timothy
9998.882997

Timothy
4508.236901

Timothy
7319.074677

Timothy
11522.308788

Alex
129.917971

Timothy
11986.755567

Timothy
2359.307324

Timothy
4443.996021

Timothy
11545.084296

Timothy
7247.718113

Timothy
7299.812935

Timothy
10555.109615

Timothy
3362.607500

Timothy
11744.926221

Timothy
10570.421558

Timothy
11150.281467

Timothy
9643.005057

Timothy
6273.753341

Timothy
11587.071405

Timothy
10947.379318

Timothy
9328.461213

Alex
963.575565

Timothy
2456.798178

Timothy
2109.624398

Timothy
4758.384118

Timothy
4180.067072

Timothy
279.503390

Alex
312.928509

Timothy
4573.796958

Timothy
54.434421

Timothy
5052.236971

Alex
1728.221235

Alex
840.365802

Timothy
4172.669171

Timothy
3370.947047

Alex
8051.280140

Timothy
6087.530200

Timothy
5935.368640

Alex
2906.590434

Alex
2175.395242

Timothy
11737.727823

Timothy
5635.597115

Alex
2667.121470

Alex
1687.391895

Timothy
2537.088259

Timothy
8263.535210

Timothy
399.843568

Alex
949.966379

Timothy
147.668005

Timothy
9460.294951

Timothy
6246.994476

Timothy
837.927500

Alex
342.895665

Timothy
3795.463317

Timothy
11002.102727

Timothy
5090.981939

Alex
2218.684627

Timothy
6375.122346

Alex
4084.812865

Timothy
11064.505737

Alex
2465.861876

Timothy
1589.590133

Alex
622.293573

Alex
669.226536

Timothy
355.359479

Timothy
4349.448522

Timothy
9613.813380

Alex
2056.514912

Timothy
12591.148219

Alex
3396.329068

Timothy
2727.263070

Timothy
12639.515201

Timothy
7740.392552

Timothy
754.049341

Timothy
7649.151089

Alex
3122.075224

Timothy
9063.045065

Timothy
12594.583569

Timothy
7155.262098

Timothy
8199.182747

Timothy
10147.577645

Timothy
9661.499751

Timothy
4391.232301

Timothy
8910.255996

Timothy
6143.785339

Timothy
1005.343465

Timothy
8738.099887

Timothy
820.026651

Timothy
11385.505015

Timothy
7298.354280

Timothy
4810.912950

Alex
718.207462

Timothy
651.366279

Timothy
7551.291649

Timothy
2667.748461

Alex
2125.016823

Timothy
11522.750353

Timothy
5879.444907

Alex
3498.016983

Timothy
5304.019340

Timothy
9666.998001

Timothy
1929.832388

Timothy
10997.014483

Timothy
7899.952063

Alex
707.176839

Timothy
6119.841607

Timothy
3502.254840

Timothy
7472.618395

Timothy
11530.358317

Alex
409.410114

Alex
731.908157

Timothy
92.838492

Timothy
5773.698096

Timothy
5338.719617

Timothy
10711.336190

Timothy
9541.233281

Timothy
10804.065811

Timothy
4572.925469

Timothy
4633.985969

Timothy
5337.052542

Timothy
555.202573

Timothy
9684.533835

Timothy
434.282067

Timothy
5950.364527

Alex
1834.794872

Timothy
5683.358205

Timothy
12525.155569

Alex
313.744776

Timothy
12008.624258

Alex
604.301454

Timothy
8563.696486

Alex
3281.442945

Timothy
10870.021612

Timothy
12160.062286

Timothy
11813.638717

Alex
4523.276222

Timothy
9829.461318

Timothy
11432.119780

Timothy
3457.497818

Timothy
10281.610583

Timothy
2843.761584

Timothy
3393.794090

Alex
153.660419

Alex
650.515051

Alex
2485.930588

Timothy
8169.322928

Alex
299.625899

Timothy
12698.537148

Timothy
2741.810916

Timothy
377.975050

Timothy
2729.982475

Timothy
8068.731008

Alex
804.983594

Alex
1230.604393

Alex
294.501205

Timothy
3445.809222

Timothy
1954.178497

Alex
6284.601834

Alex
1683.286467

Timothy
8696.791179

Timothy
3616.617996

Timothy
10785.582976

Alex
413.876176

Alex
573.219273

Timothy
9961.689092

Timothy
10953.028082

Alex
1216.156138

Timothy
6204.001730

Timothy
11866.559350

Timothy
1043.271097

Timothy
10709.041610

Timothy
9140.176019

Alex
1441.070260

Alex
7657.788369

Timothy
8474.395790

Timothy
2961.163781

Alex
1871.280008

Timothy
5329.225876

Alex
3866.016554

Timothy
8428.697342

Timothy
8739.626990

Timothy
11714.652449

Alex
1214.402489

Timothy
2668.991672

Timothy
10506.123330

Timothy
6654.408146

Alex
3999.278587

Timothy
10785.964542

Alex
633.356467

Alex
209.969128

Timothy
9648.713540

Timothy
11313.189000

Timothy
12205.236416

Alex
320.289571

Timothy
6237.073674

Timothy
11999.976212

Timothy
8622.062669

Timothy
11495.215331

Timothy
9701.749252

