Timothy
11700.314460

Alex
754.689533

Alex
4091.412965

Timothy
6042.425492

Timothy
2256.604073

Timothy
6880.942076

Timothy
12133.679184

Alex
44.465779

Timothy
1850.959468

Alex
6759.347191

Timothy
270.368630

Timothy
12012.751149

Timothy
3004.536214

Alex
6654.076652

Timothy
8688.483707

Timothy
8571.050450

Timothy
9079.532509

Timothy
7359.587425

Timothy
12071.661798

Timothy
9002.169642

Timothy
2238.315261

Timothy
2652.933021

Timothy
9692.442594

Alex
24.442487

Timothy
8825.308365

Timothy
3798.603030

Alex
2326.317394

Alex
7331.291607

Timothy
12627.028746

Timothy
10341.328583

Alex
818.913223

Timothy
9312.688334

Timothy
8433.598464

Timothy
6106.150704

Timothy
2555.695609

Timothy
12357.195115

Timothy
2468.975915

Alex
1023.740443

Alex
593.134737

Timothy
222.637274

Timothy
8802.182813

Alex
121.033204

Alex
2475.664863

Timothy
6048.302993

Timothy
3286.420073

Timothy
6419.526209

Timothy
11289.567866

Timothy
3112.945498

Timothy
9114.385757

Timothy
3942.793537

Alex
546.966459

Timothy
12220.235115

Timothy
3206.619823

Timothy
8321.335478

Timothy
9501.214422

Alex
266.807315

Timothy
3598.620471

Timothy
4643.053530

Timothy
10911.144326

Timothy
266.612966

Timothy
8777.875576

Timothy
52.776853

Timothy
1401.160773

Timothy
5541.892327

Timothy
7801.853124

Timothy
1733.154023

Timothy
8954.431576

Timothy
12286.726752

Timothy
6803.667996

Timothy
7833.359352

Timothy
5523.131647

Timothy
436.134716

Alex
460.086117

Timothy
9663.240030

Alex
3503.942001

Timothy
5021.352160

Alex
385.321105

Alex
1090.747782

Timothy
6749.729152

Alex
699.273570

Timothy
4103.999215

Timothy
10522.548839

Alex
3457.756773

Alex
4305.336626

Timothy
11391.670589

Alex
2107.616817

Timothy
5848.286542

Alex
1499.094500

Alex
477.826847

Timothy
4267.358955

Timothy
7778.346412

Timothy
372.957001

Timothy
11484.031048

Alex
2512.961071

Alex
108.778789

Timothy
8398.559475

Timothy
5892.548771

Timothy
10688.525315

Timothy
9603.926541

Timothy
38.514083

Alex
743.092270

Timothy
6671.368984

Timothy
6983.341196

Alex
1581.942441

Alex
2604.965617

Timothy
10642.250509

Alex
1000.406716

Alex
1562.343486

Timothy
7458.298766

Timothy
5928.764459

Timothy
8519.896715

Timothy
6482.939227

Timothy
4167.311562

Timothy
8202.891844

Timothy
5865.364283

Timothy
4904.551326

Timothy
10611.480006

Timothy
795.290259

Timothy
10797.782728

Alex
467.100108

Alex
735.456526

Timothy
7266.918641

Alex
1481.934005

Timothy
2333.436817

Timothy
5945.375788

Timothy
3761.696002

Timothy
2777.868540

Timothy
6193.078947

Timothy
10312.918574

Timothy
7841.310362

Timothy
10047.376000

Timothy
1468.018484

Alex
2271.999618

Timothy
7312.488036

Timothy
10739.981046

Timothy
5021.604483

Timothy
7743.848329

Timothy
9451.136073

Timothy
4338.171593

Timothy
11997.244006

Timothy
5154.401900

Timothy
4582.288050

Timothy
11774.637754

Timothy
11121.562636

Timothy
5040.772316

Timothy
4072.524042

Alex
314.124593

Timothy
9408.292157

Timothy
3564.068584

Timothy
7322.923090

Timothy
3517.664420

Timothy
11420.883731

Timothy
11586.082159

Alex
1420.834565

Timothy
127.110150

Timothy
9973.995780

Timothy
12329.419056

Alex
156.467754

Timothy
7579.369422

Timothy
5624.227044

Timothy
1186.701429

Timothy
10367.713200

Timothy
4684.225167

Timothy
109.803853

Timothy
11722.682669

Timothy
7716.058559

Timothy
1549.459069

Timothy
10980.973079

Timothy
3045.276763

Timothy
6859.575453

Alex
4682.613582

Timothy
2729.712246

Alex
611.835194

Timothy
8540.995661

Timothy
8669.519024

Timothy
4334.217516

Timothy
10584.258605

Alex
4057.934090

Timothy
9209.971139

Timothy
3579.480218

Timothy
6520.595394

Timothy
8556.778122

Timothy
9733.043060

Timothy
12237.610766

Alex
244.988917

Timothy
11882.482737

Timothy
8751.650208

Alex
504.968449

Timothy
7180.934193

Alex
1271.194518

Timothy
3696.908907

Alex
2317.611951

Alex
6111.562287

Timothy
8339.172371

Timothy
581.843557

Timothy
3343.907581

Timothy
7394.897931

Alex
6950.335806

Alex
3139.205913

Timothy
7089.533855

Alex
6753.741715

Timothy
2327.007288

Alex
32.695431

Alex
2782.153188

Timothy
3216.934042

Alex
4456.597211

Timothy
1066.982535

Timothy
9537.665309

Timothy
1202.640418

Timothy
975.869553

Timothy
7271.982882

Timothy
3461.293654

Timothy
3930.453501

Alex
214.253263

Timothy
2500.642280

Timothy
12228.931681

Timothy
10105.371498

Timothy
11425.116818

Timothy
1921.735197

Timothy
10587.251814

Timothy
9423.766036

Alex
716.868013

Timothy
10657.801360

Timothy
6334.161028

Timothy
8396.386415

Timothy
5605.749139

Timothy
7143.990869

Alex
85.096049

Timothy
3265.892632

Timothy
12686.050678

Timothy
7079.774670

Timothy
7845.375193

Alex
145.804321

Timothy
3269.141760

Timothy
9428.994055

Timothy
12030.506790

Timothy
7731.627988

Timothy
9978.804070

Timothy
2693.610014

Timothy
1978.828167

Timothy
82.321257

Timothy
9597.971372

Timothy
6109.461755

Timothy
7979.211956

Timothy
8750.353236

Timothy
12137.294137

Timothy
8453.123169

Alex
6585.729487

Timothy
8828.871640

Timothy
6279.983797

Timothy
4080.359731

Timothy
1471.842131

Timothy
5989.342908

Timothy
7371.319624

Timothy
1236.983731

Timothy
5055.975009

Timothy
5830.260567

Timothy
12241.201520

Timothy
9283.901602

Timothy
1314.030361

Timothy
489.992477

Timothy
6330.497914

Alex
1673.367158

Timothy
4439.371448

Timothy
5784.945989

Timothy
11570.115642

Timothy
10778.076094

Timothy
9809.197783

Timothy
12367.809211

Alex
2013.909772

Timothy
6076.980255

Timothy
7945.722519

Alex
3545.456647

Timothy
11780.683015

Timothy
4848.749880

Alex
3019.575996

Timothy
5745.858051

Timothy
9367.579205

Timothy
562.088697

Timothy
10830.352060

Timothy
4227.246439

Timothy
8117.766275

Timothy
1183.578439

Timothy
3245.247082

Timothy
2643.226641

Alex
150.750497

Alex
8700.972047

Timothy
9907.326201

Timothy
8014.108934

Timothy
11216.892911

Timothy
1953.538557

Timothy
10250.971207

Timothy
8156.468296

Timothy
6962.472563

Timothy
5126.838319

Timothy
9039.146723

Timothy
7466.102447

Timothy
12717.654349

Timothy
12378.484773

Timothy
4584.778712

Alex
3766.359115

Timothy
3993.406948

Timothy
6896.980865

Timothy
3095.700956

Timothy
4562.642801

Alex
4264.409511

Timothy
4076.212383

Timothy
6265.503016

Timothy
528.760026

Timothy
81.496764

Timothy
5173.096122

Timothy
6963.369632

Timothy
11166.249502

Timothy
11629.804413

Timothy
5513.266042

Timothy
6178.520649

Timothy
6756.170802

Timothy
5597.984151

Timothy
7735.197299

Alex
3029.542267

Alex
4685.694365

Timothy
8627.455616

Timothy
2022.104211

Alex
1133.337006

Alex
4783.142942

Timothy
8595.911600

Timothy
1365.567435

Timothy
2729.943374

Timothy
4605.757487

Timothy
3911.907077

Timothy
6063.864183

Timothy
8067.742396

Timothy
12496.784858

Timothy
432.208481

Alex
884.703905

Timothy
11181.999390

Timothy
3324.476648

Alex
742.681191

Timothy
10315.428928

Timothy
109.648742

Timothy
10945.061611

Timothy
448.524699

Timothy
567.616761

Timothy
11063.352694

Timothy
1412.005643

Timothy
1804.670196

Timothy
8667.791710

Timothy
9238.091248

Timothy
2748.759714

Timothy
8996.344368

Timothy
2958.219946

Alex
1200.761447

Timothy
2021.508072

Timothy
2012.976856

Timothy
12041.048811

Timothy
12609.561538

Timothy
868.994483

Timothy
11051.112245

Timothy
12383.438677

Alex
7.439704

Timothy
3316.945444

Alex
994.158166

Alex
3360.298561

Timothy
7508.618706

Timothy
7952.446006

Alex
8.128892

Alex
3386.845652

Timothy
4930.797508

Timothy
10037.811755

Timothy
7094.274443

Timothy
4656.249228

Alex
712.959427

Alex
702.839661

Alex
1122.764202

Timothy
6707.625444

Timothy
2933.076523

Timothy
9285.347772

Timothy
5146.940184

Timothy
3105.197191

Timothy
5785.811190

Timothy
8410.501745

Timothy
2154.928805

Timothy
9279.302776

Timothy
4771.302100

Timothy
11336.972968

Timothy
11793.031288

Timothy
2429.089315

Alex
1709.960070

Timothy
333.619261

Timothy
5838.528966

Alex
2328.463325

Alex
607.809302

Timothy
6867.641951

Timothy
9656.931531

Timothy
9098.557326

Timothy
7013.988127

Timothy
12700.867146

Timothy
1031.770050

Alex
1769.699467

Timothy
10812.306362

Alex
1436.585114

Timothy
9025.506485

Alex
1083.929752

Timothy
11297.066148

Alex
4765.567347

Alex
1384.699031

Alex
442.360357

Alex
5338.691319

Timothy
9436.634198

Timothy
6936.692518

Alex
213.268714

Alex
6726.103478

Alex
4987.842800

Timothy
5540.585734

Alex
1121.880260

Timothy
3586.191446

Timothy
10585.805887

Timothy
241.801537

Timothy
11966.415064

Timothy
9916.313240

Alex
885.864197

Timothy
3438.048349

Timothy
7373.301179

Timothy
6309.353747

Alex
83.238937

Timothy
5644.998649

Alex
475.051631

Alex
535.079328

Timothy
10836.952115

Timothy
5655.556220

Alex
2086.558483

Timothy
1791.814927

Alex
5550.503479

Timothy
6752.608455

Alex
5133.546319

Timothy
12126.965032

Timothy
2537.832074

Timothy
10751.364598

Timothy
12126.720336

Timothy
4578.492221

Timothy
10173.589456

Alex
8123.846916

Timothy
11599.170900

Alex
3593.156581

Timothy
6852.867896

Alex
59.925139

Timothy
11354.918478

Timothy
8615.906262

Timothy
4604.397530

Timothy
12305.426133

Timothy
11756.140702

Timothy
6537.509662

Alex
1295.674547

Timothy
1163.857272

Timothy
6821.999276

Timothy
11873.639898

Timothy
3547.877764

Timothy
8997.461064

Alex
1593.256024

Timothy
3147.143757

Timothy
3453.542065

Timothy
3818.035799

Alex
95.584920

Alex
3193.137913

Timothy
493.299618

Alex
517.261565

Timothy
12241.742424

Timothy
5252.355941

Timothy
2225.602501

Timothy
8511.138590

Alex
1495.408836

Alex
807.089651

Alex
115.085303

Alex
6322.756198

Timothy
8105.166168

Timothy
6348.505727

Timothy
12455.930542

Timothy
1525.739558

Timothy
12218.948096

Timothy
1382.203492

Timothy
8838.560298

Alex
51.915154

Timothy
9237.431067

Timothy
2795.584806

Timothy
10291.392600

Timothy
692.164795

Alex
1583.041554

Timothy
6498.059361

Timothy
7899.982075

Timothy
7289.215041

Timothy
8837.858805

Timothy
8697.179550

Alex
390.640039

Timothy
7989.143018

Timothy
7932.502245

Timothy
685.181412

Timothy
1722.221277

Timothy
11661.022918

Alex
2236.058456

Timothy
2986.442130

