Timothy
2649.210764

Timothy
8526.062186

Timothy
5080.860636

Timothy
3082.568794

Timothy
12217.281062

Timothy
6562.615151

Timothy
5585.725152

Timothy
11197.887650

Alex
4265.785515

Alex
2647.996764

Timothy
1773.343652

Alex
1106.179086

Timothy
6562.615151

Timothy
1773.343652

Timothy
12602.040131

Timothy
3937.494542

Timothy
11685.179468

Alex
893.060597

Timothy
3082.568794

Timothy
11250.518228

Timothy
10563.596749

Timothy
7217.148271

Alex
8533.155085

Timothy
4148.389424

Alex
2729.627606

Timothy
5585.725152

Timothy
3405.151388

Timothy
4148.389424

Timothy
5182.638306

Timothy
5585.725152

Timothy
333.546675

Timothy
10746.493803

Timothy
2431.288219

Timothy
2974.560826

Timothy
10176.213669

Timothy
10746.493803

Timothy
8771.014003

Timothy
1331.901679

Alex
3970.261608

Alex
899.215679

Timothy
12336.137234

Timothy
12083.540015

Timothy
3190.342012

Timothy
1663.164741

Timothy
12415.423365

Timothy
4043.095932

Timothy
6371.000000

Timothy
6371.000000

Timothy
9616.509471

Timothy
1773.343652

Timothy
9165.827736

Timothy
10922.025746

Timothy
9469.151366

Timothy
7399.317062

Alex
3207.805113

Alex
21.065825

Timothy
2649.210764

Timothy
1552.859174

Timothy
11685.179468

Alex
719.812222

Timothy
2974.560826

Alex
617.722359

Timothy
10373.459935

Timothy
1993.287954

Alex
4773.490634

Alex
1583.020860

Timothy
8771.014003

Timothy
2649.210764

Timothy
1663.164741

Timothy
8104.908683

Timothy
222.378563

Timothy
11772.073003

Alex
822.825382

Alex
645.845653

Timothy
9760.938294

Alex
4373.638500

Timothy
7489.559685

Timothy
9832.040442

Timothy
6846.271610

Alex
1753.688280

Timothy
5284.021298

Alex
862.175763

Timothy
11594.726514

Timothy
7308.510952

Timothy
6752.231265

Timothy
2103.036594

Timothy
4669.958631

Alex
1195.539665

Alex
1148.798424

Alex
3173.541197

Timothy
2757.873561

Alex
2118.843059

Alex
3770.584422

Alex
3543.434216

Timothy
5182.638306

Timothy
11197.887650

Timothy
8690.023104

Timothy
11814.176675

Timothy
6371.000000

Timothy
1331.901679

Timothy
7399.317062

Timothy
6274.461003

Timothy
10805.828841

Timothy
8018.800423

Timothy
888.836988

Timothy
11353.205131

Timothy
7308.510952

Timothy
666.864754

Timothy
12278.579235

Timothy
6467.053821

Timothy
12737.633635

Timothy
8771.014003

Timothy
6846.271610

Timothy
5182.638306

Timothy
5685.452535

Timothy
2866.326334

Timothy
12585.124836

Timothy
10805.828841

Timothy
6274.461003

Timothy
1993.287954

Timothy
6562.615151

Alex
5187.560037

Timothy
7217.148271

Timothy
7489.559685

Timothy
2757.873561

Timothy
5585.725152

Timothy
3831.593297

Timothy
7579.231949

Alex
1552.017231

Timothy
9832.040442

Timothy
12336.137234

Alex
108.921284

Timothy
9689.092814

Timothy
9902.393841

Timothy
333.546675

Timothy
1993.287954

Timothy
2866.326334

Alex
5773.475356

Timothy
11452.433738

Timothy
5385.001891

Timothy
7399.317062

Timothy
10978.878762

Alex
3151.455129

Timothy
4876.152295

Timothy
12710.961128

Timothy
2431.288219

Alex
589.843678

Timothy
2540.346220

Timothy
9616.509471

Timothy
11302.292036

Timothy
1442.435350

Alex
4679.467987

Timothy
5982.006653

Alex
408.790210

Timothy
6939.790584

Timothy
5385.001891

Timothy
12118.362131

Timothy
10108.908262

Alex
1633.307069

Timothy
3297.872273

Timothy
5883.600830

Timothy
4978.696039

Timothy
6562.615151

Timothy
2431.288219

Timothy
12683.338360

Timothy
1993.287954

Timothy
1442.435350

Timothy
12083.540015

Alex
3165.616310

Alex
1890.598123

Timothy
3190.342012

Alex
3278.936128

Timothy
5685.452535

Alex
167.620653

Timothy
4253.367000

Timothy
666.864754

Alex
3971.120270

Timothy
3937.494542

Alex
470.931545

Timothy
5784.746948

Timothy
555.798234

Timothy
111.193515

Timothy
1331.901679

Timothy
9394.387826

Timothy
9318.908866

Timothy
7668.327025

Alex
217.435426

Timothy
12217.281062

Timothy
8526.062186

Timothy
9009.954606

Timothy
11685.179468

Timothy
555.798234

Timothy
7844.758519

Alex
193.688529

Timothy
666.864754

Timothy
2649.210764

Timothy
7032.781067

Timothy
1110.538474

Alex
1315.929986

Alex
6491.121145

Alex
219.185936

Timothy
2103.036594

Alex
4124.581851

Timothy
5080.860636

Timothy
10864.340974

Timothy
5385.001891

Alex
593.637442

Timothy
6177.444181

Timothy
11302.292036

Timothy
3725.400262

Timothy
11814.176675

Timothy
5485.572396

Timothy
5784.746948

Alex
495.722953

Timothy
5784.746948

Timothy
9689.092814

Alex
2086.441035

Timothy
8018.800423

Alex
1444.264573

Alex
99.879940

Alex
1987.112558

Alex
4768.678086

Timothy
111.193515

Timothy
5080.860636

Timothy
6846.271610

Timothy
8608.370425

Timothy
999.725798

Timothy
12702.720666

Alex
113.702321

Alex
2351.968772

Alex
890.060478

Timothy
2431.288219

Timothy
999.725798

Timothy
7399.317062

Timothy
2431.288219

Timothy
6274.461003

Timothy
2212.625080

Timothy
1993.287954

Timothy
1442.435350

Timothy
1552.859174

Alex
795.360107

Timothy
6562.615151

Timothy
7579.231949

Timothy
8851.336956

Timothy
1110.538474

Timothy
1110.538474

Timothy
1221.266579

Timothy
7399.317062

Timothy
1110.538474

Timothy
555.798234

Alex
2684.183877

Timothy
10805.828841

Timothy
888.836988

Timothy
8851.336956

Timothy
5485.572396

Timothy
9832.040442

Alex
1549.486799

Alex
97.225575

Alex
203.784442

Alex
48.741778

Alex
434.504275

Timothy
9242.720235

Timothy
4043.095932

Timothy
11302.292036

Timothy
7308.510952

Alex
294.907576

Timothy
5080.860636

Timothy
10563.596749

Timothy
3512.171188

Timothy
4876.152295

Timothy
2974.560826

Timothy
777.880491

Alex
6098.197700

Timothy
6079.956923

Alex
1010.470286

Alex
1068.445200

Alex
6335.215077

Timothy
666.864754

Alex
3902.726369

Timothy
6752.231265

Timothy
9616.509471

Timothy
3405.151388

Timothy
1883.387517

Alex
156.013905

Timothy
10978.878762

Timothy
7844.758519

Timothy
10040.833022

Alex
3601.450589

Timothy
9760.938294

Timothy
11144.404308

Timothy
444.689387

Timothy
10308.494542

Alex
3255.078233

Timothy
10040.833022

Timothy
2866.326334

Timothy
9902.393841

Timothy
3725.400262

Timothy
9009.954606

Timothy
3831.593297

Timothy
8275.267032

Timothy
8443.104654

Timothy
444.689387

Timothy
9469.151366

Alex
2813.517835

Timothy
9009.954606

Timothy
6939.790584

Alex
3610.091352

Timothy
5585.725152

Timothy
5585.725152

Timothy
7308.510952

Alex
72.494132

Timothy
6177.444181

Timothy
3512.171188

Timothy
444.689387

Timothy
7756.838128

Timothy
333.546675

Timothy
5585.725152

Timothy
7579.231949

Timothy
12083.540015

Timothy
2322.045066

Timothy
3190.342012

Timothy
3190.342012

Timothy
9832.040442

Alex
4863.413548

Timothy
7668.327025

Timothy
2431.288219

Timothy
2974.560826

Timothy
1331.901679

Alex
3239.420085

Timothy
4669.958631

Timothy
8190.399723

Timothy
888.836988

Timothy
8275.267032

Timothy
2540.346220

Alex
183.751839

Timothy
1883.387517

Timothy
8771.014003

Alex
3245.531104

Alex
4109.494662

Timothy
3405.151388

Timothy
5284.021298

Alex
1684.568015

Timothy
2866.326334

Timothy
11895.681794

Timothy
12278.579235

Timothy
5182.638306

Timothy
7579.231949

Alex
1473.019111

Alex
1564.877808

Alex
3039.930951

Timothy
6846.271610

Timothy
12278.579235

Alex
3917.644773

Alex
3724.001630

Timothy
9394.387826

Alex
493.956342

Timothy
11548.173822

Timothy
9009.954606

Timothy
2540.346220

Timothy
6939.790584

Timothy
1773.343652

Timothy
9009.954606

Timothy
10625.373145

Timothy
10686.340377

Timothy
3831.593297

Timothy
12363.508144

Timothy
1331.901679

Timothy
111.193515

Timothy
10176.213669

Alex
2700.743582

Timothy
2212.625080

Timothy
10176.213669

Timothy
5585.725152

Timothy
8690.023104

Timothy
9394.387826

Alex
872.180357

Timothy
4462.342452

Timothy
6274.461003

Timothy
2212.625080

Timothy
1663.164741

Timothy
6079.956923

Timothy
8359.504147

Alex
4809.266650

Timothy
2757.873561

Timothy
5685.452535

Timothy
4358.020666

Timothy
6079.956923

Timothy
5685.452535

Timothy
3937.494542

Timothy
3937.494542

Timothy
5982.006653

Alex
635.620709

Timothy
2757.873561

Timothy
1221.266579

Timothy
11729.072843

Alex
1018.467097

Timothy
4253.367000

Timothy
9088.237223

Timothy
8443.104654

Timothy
12185.235200

Timothy
4876.152295

Timothy
11452.433738

Alex
1911.299036

Timothy
8690.023104

Alex
75.321156

Timothy
9832.040442

Timothy
8851.336956

Timothy
11895.681794

Timothy
3082.568794

Timothy
9689.092814

Alex
4918.761689

Timothy
5982.006653

Timothy
11814.176675

Alex
939.236487

Timothy
10176.213669

Alex
76.105038

Timothy
4566.324413

Timothy
2212.625080

Timothy
7032.781067

Timothy
12724.537532

Timothy
10978.878762

Timothy
3082.568794

Timothy
222.378563

Timothy
6467.053821

Timothy
12278.579235

Timothy
9469.151366

Timothy
9832.040442

Timothy
1552.859174

Timothy
333.546675

Timothy
1552.859174

Timothy
6752.231265

Timothy
3937.494542

Timothy
11500.741693

Alex
4223.237944

Timothy
11302.292036

Timothy
1442.435350

Timothy
10864.340974

Timothy
4148.389424

Timothy
11685.179468

Timothy
11855.380651

Timothy
11772.073003

Timothy
5080.860636

Timothy
11729.072843

Timothy
12602.040131

Timothy
333.546675

Timothy
6467.053821

Timothy
9242.720235

Timothy
9543.193794

Timothy
7217.148271

Timothy
4462.342452

Timothy
10108.908262

Timothy
6939.790584

Timothy
8018.800423

Timothy
12248.396530

Timothy
777.880491

Timothy
8359.504147

Alex
121.432995

Timothy
4148.389424

Timothy
333.546675

Timothy
7308.510952

Timothy
6846.271610

Timothy
4253.367000

Timothy
9088.237223

Timothy
2212.625080

Timothy
10108.908262

Timothy
7756.838128

Timothy
2212.625080

Timothy
11250.518228

Alex
147.405594

Timothy
1552.859174

Alex
6775.212314

Timothy
12567.251135

Timothy
10922.025746

Alex
2215.748260

Timothy
9009.954606

Timothy
2974.560826

Alex
917.276598

Timothy
4043.095932

Alex
2897.209696

Timothy
10242.744118

Timothy
7217.148271

Timothy
3831.593297

Timothy
8526.062186

Timothy
7756.838128

Alex
1549.033220

Timothy
6657.676712

Alex
534.867189

Timothy
10501.015895

Alex
3269.449971

Timothy
555.798234

Timothy
9760.938294

Timothy
7668.327025

Timothy
3405.151388

Timothy
3297.872273

Timothy
10864.340974

Timothy
4566.324413

Timothy
3725.400262

Alex
822.462665

Timothy
2649.210764

Timothy
10108.908262

