Timothy
7901.304539

Timothy
11976.278013

Alex
366.844650

Alex
278.525321

Timothy
7168.328835

Timothy
1111.711321

Timothy
506.263191

Alex
668.504715

Timothy
9184.866826

Alex
498.405450

Timothy
10594.871817

Timothy
8159.790713

Timothy
6312.852992

Timothy
9472.787666

Timothy
9996.870354

Timothy
8868.866583

Timothy
10165.064575

Timothy
697.695948

Timothy
12476.283951

Timothy
4169.281543

Timothy
10550.076529

Timothy
12544.956189

Timothy
10906.740020

Timothy
8307.037734

Timothy
6851.792147

Alex
1166.072707

Timothy
9128.528142

Timothy
7616.431880

Alex
1527.207531

Alex
7916.952833

Timothy
11858.179559

Timothy
4668.549814

Timothy
12315.089500

Timothy
4402.627897

Timothy
6730.153963

Timothy
4112.561114

Timothy
7516.269349

Timothy
7655.270766

Alex
92.097945

Alex
1390.232110

Timothy
11898.328616

Timothy
7337.900058

Alex
228.840685

Timothy
516.356224

Timothy
7517.231941

Timothy
2814.340201

Timothy
9814.085900

Timothy
7220.695008

Alex
4688.866729

Alex
343.474285

Timothy
2607.641886

Alex
4697.326279

Alex
548.038050

Alex
65.336689

Timothy
2045.842655

Timothy
9218.208747

Alex
498.841212

Timothy
3378.803223

Alex
2879.928244

Timothy
3769.648454

Timothy
6514.797692

Alex
6380.726387

Timothy
1648.327670

Alex
3034.510334

Timothy
6070.843987

Timothy
11224.492831

Timothy
8397.095651

Timothy
5866.251998

Alex
135.572165

Timothy
9251.556316

Alex
1447.954118

Timothy
3827.512654

Timothy
12665.155249

Alex
1782.754221

Timothy
1899.130076

Timothy
9647.509302

Timothy
10686.046767

Timothy
10366.461593

Timothy
4987.124851

Timothy
9340.157492

Timothy
3833.229273

Timothy
4632.982979

Timothy
8327.360052

Timothy
8387.401658

Timothy
5354.695534

Timothy
4515.265130

Timothy
10803.006247

Timothy
9049.634676

Alex
1212.500436

Timothy
9410.287076

Timothy
11830.085177

Timothy
8628.673398

Alex
5033.660233

Timothy
9564.236379

Alex
1198.489097

Timothy
11454.630358

Timothy
10732.443189

Timothy
11601.946950

Timothy
3251.068610

Timothy
9825.404640

Timothy
5942.275418

Timothy
3352.625635

Timothy
5447.129473

Alex
652.165178

Timothy
7653.838406

Timothy
3872.238392

Timothy
1603.549957

Timothy
9954.705876

Timothy
12415.401303

Timothy
12115.312563

Alex
5755.519238

Timothy
4899.783456

Alex
4810.758222

Alex
1602.983631

Timothy
1311.689445

Timothy
1099.936452

Alex
2798.827028

Timothy
8733.544523

Timothy
11316.668767

Alex
4492.440490

Timothy
9819.555306

Timothy
7433.348269

Timothy
5253.043614

Timothy
9457.901524

Timothy
6404.810229

Timothy
5619.380382

Timothy
2384.295125

Timothy
5333.282713

Timothy
3558.468938

Timothy
11113.507410

Alex
1469.750696

Alex
3694.441982

Timothy
2398.721080

Alex
185.522673

Timothy
3846.139552

Alex
1915.248126

Alex
3698.456616

Timothy
8229.646344

Alex
6825.418781

Timothy
3694.605129

Alex
2411.308088

Alex
6619.436078

Alex
7359.329116

Alex
2533.247408

Timothy
7111.736621

Timothy
2101.634560

Timothy
7105.054818

Timothy
10838.390071

Alex
2981.425049

Timothy
8053.298934

Alex
1623.166011

Timothy
10317.499328

Timothy
2176.494327

Timothy
8960.086942

Timothy
8618.845172

Alex
594.444902

Timothy
9557.944369

Timothy
10535.124785

Timothy
2651.407560

Alex
3949.314950

Timothy
10372.621863

Timothy
11751.946282

Alex
2621.872573

Timothy
4058.656708

Alex
3998.052849

Timothy
1720.962855

Timothy
7154.696425

Timothy
11751.205363

Alex
2982.387677

Timothy
6257.384932

Timothy
3719.867629

Timothy
3196.685264

Alex
511.353938

Timothy
5260.961671

Timothy
518.232091

Timothy
9216.867993

Alex
1064.639385

Timothy
6408.819248

Timothy
8915.982320

Timothy
9297.132346

Timothy
9020.323657

Timothy
12532.767190

Timothy
37.549360

Timothy
8660.868559

Timothy
6011.117150

Timothy
12399.458999

Timothy
12691.171978

Timothy
9946.293692

Timothy
10162.711663

Timothy
3940.081163

Timothy
5554.403601

Alex
131.684034

Timothy
5684.564869

Timothy
4992.409186

Timothy
2806.895449

Timothy
11728.158209

Timothy
602.582434

Alex
2543.478527

Timothy
5046.976141

Timothy
8871.895904

Timothy
11315.913738

Timothy
8559.542988

Timothy
10507.749519

Alex
226.089213

Timothy
11172.065333

Alex
476.648364

Timothy
5594.277173

Timothy
10011.589203

Timothy
4574.454840

Timothy
11576.437749

Alex
2905.212142

Timothy
4720.779754

Timothy
3398.705690

Timothy
9760.056311

Alex
384.784143

Alex
5667.265465

Timothy
8250.272776

Timothy
3049.527895

Timothy
9193.579899

Timothy
6685.363509

Timothy
11366.185479

Timothy
8507.996315

Alex
242.287443

Timothy
7459.510053

Timothy
9126.658695

Timothy
12324.225194

Alex
1611.603328

Timothy
1313.706960

Alex
304.939401

Timothy
12286.688633

Timothy
12424.008957

Timothy
8388.033297

Alex
100.645774

Timothy
10867.269284

Timothy
11836.112340

Timothy
12365.014894

Timothy
5624.560895

Timothy
168.507441

Timothy
12040.454732

Timothy
12298.553831

Timothy
10943.802261

Timothy
9180.193708

Timothy
8135.403373

Timothy
1217.545142

Timothy
8193.861785

Timothy
1849.298329

Alex
2458.179919

Timothy
3318.729325

Timothy
4626.063283

Timothy
8416.378231

Timothy
12330.169364

Timothy
8863.215889

Timothy
7991.440755

Timothy
8869.998231

Alex
5224.983361

Timothy
647.030201

Timothy
6363.880161

Timothy
7221.975948

Timothy
4588.976151

Alex
7140.224497

Timothy
11798.831609

Timothy
223.187827

Alex
1628.262030

Timothy
11203.487422

Timothy
2088.978773

Timothy
5723.141744

Timothy
7425.641522

Timothy
10290.930422

Timothy
906.931789

Timothy
10179.115876

Timothy
8552.358266

Alex
4343.198009

Timothy
7031.265238

Timothy
2399.689300

Timothy
10065.814507

Timothy
12594.390837

Timothy
39.473469

Timothy
4114.416096

Timothy
8738.544666

Timothy
8975.404528

Timothy
6419.616498

Timothy
8503.293698

Timothy
9005.070802

Timothy
8253.699535

Timothy
12240.133685

Alex
9.664892

Timothy
9578.666066

Timothy
9868.686270

Timothy
10721.766683

Timothy
11039.750204

Timothy
3440.791737

Alex
7360.690853

Alex
2624.296430

Timothy
7039.924592

Timothy
2453.400559

Timothy
11035.314765

Timothy
7660.490978

Timothy
9471.971427

Timothy
9114.539456

Timothy
3416.454462

Timothy
3673.464758

Timothy
5204.860283

Alex
1197.018629

Alex
6787.816976

Timothy
10447.667972

Alex
532.582510

Timothy
11804.919047

Timothy
8885.412474

Timothy
11303.649120

Timothy
10295.337719

Timothy
12049.136772

Timothy
9628.766603

Timothy
16.540129

Timothy
11620.534769

Alex
1016.713946

Timothy
10253.738035

Timothy
726.896587

Timothy
2926.628393

Timothy
10057.868698

Timothy
10664.809961

Alex
6864.443400

Timothy
10860.565338

Timothy
64.725399

Timothy
7342.156365

Timothy
12341.700797

Timothy
10456.653260

Alex
3012.673434

Alex
1948.709261

Timothy
2016.176322

Timothy
9119.472992

Alex
442.032080

Alex
881.589160

Alex
1100.134373

Alex
182.018992

Timothy
2084.248446

Alex
650.785163

Timothy
6188.346620

Timothy
5557.978382

Alex
1920.694465

Timothy
915.422080

Timothy
4601.549585

Timothy
6783.685956

Timothy
4767.435099

Timothy
8249.240184

Timothy
9114.610554

Timothy
4185.637173

Alex
7455.080850

Timothy
4008.172296

Alex
2635.681127

Timothy
9155.724095

Timothy
11200.424368

Timothy
11380.337300

Timothy
5049.267383

Timothy
8167.656572

Timothy
5289.518284

Timothy
6278.745044

Timothy
3666.937924

Timothy
409.630785

Timothy
6163.710642

Timothy
2906.526944

Timothy
1926.468236

Timothy
6622.832904

Timothy
8510.095131

Timothy
5473.732992

Timothy
10006.984895

Timothy
12024.102479

Timothy
12617.767227

Timothy
11932.315335

Timothy
10717.788103

Timothy
12259.358178

Timothy
1188.512438

Timothy
10892.422208

Timothy
12259.928823

Alex
1771.613880

Timothy
7048.376125

Alex
55.878650

Alex
371.408673

Alex
463.402264

Timothy
3540.070139

Alex
2277.247521

Alex
5173.272060

Timothy
1134.824915

Timothy
11506.093842

Timothy
8428.816757

Timothy
1387.095392

Alex
5698.946751

Timothy
6304.313049

Timothy
3457.648613

Timothy
9872.466886

Timothy
12653.240052

Timothy
10841.987452

Timothy
8909.861890

Alex
5025.802822

Timothy
2973.562412

Alex
3005.466345

Timothy
6306.585588

Alex
282.364534

Alex
3684.189883

Alex
5276.192347

Timothy
7429.201676

Timothy
8019.054047

Timothy
9844.398582

Alex
6687.277077

Alex
2136.357377

Timothy
3157.701449

Timothy
12448.181834

Alex
1696.537402

Timothy
8776.888968

Timothy
2855.447614

Timothy
8915.671314

Timothy
2944.974035

Timothy
8513.739961

Alex
1398.913570

Alex
2136.083991

Alex
781.015377

Timothy
1645.349486

Timothy
2999.258425

Timothy
4676.485691

Timothy
3787.133042

Timothy
3317.006103

Timothy
7883.002242

Timothy
4701.190017

Timothy
275.850948

Timothy
8550.608859

Timothy
8764.004889

Timothy
7619.629180

Alex
2001.821547

Timothy
3561.757989

Timothy
8389.431547

Timothy
4463.855450

Alex
554.141344

Alex
4428.976892

Timothy
3141.765770

Timothy
3086.809737

Timothy
5288.665885

Alex
1319.972324

Alex
1419.862744

Timothy
3347.236581

Alex
1834.418281

Timothy
9539.255003

Timothy
4149.381587

Timothy
10564.288694

Timothy
6378.694653

Timothy
9316.220837

Alex
2646.246088

Alex
61.822033

Timothy
3132.848736

Alex
7934.843276

Alex
2865.743163

Timothy
11735.048065

Timothy
8474.361329

Alex
1215.429134

Alex
1221.574884

Timothy
7453.149292

Timothy
9693.646760

Timothy
11937.795489

Timothy
8429.079099

Alex
1261.518963

Timothy
6285.425042

Timothy
6165.131166

Timothy
6575.067576

Timothy
161.215666

Alex
817.233732

Timothy
338.501132

Timothy
12077.999499

Alex
2580.080106

Timothy
111.717446

Timothy
3885.810607

Timothy
5282.286860

Timothy
6453.352734

Timothy
4451.172570

Alex
781.358976

Timothy
1877.831140

Alex
7092.509431

Timothy
7669.974687

Timothy
4454.927134

Timothy
7168.978582

Timothy
4147.048483

Timothy
643.720734

Alex
5286.268491

Timothy
142.733383

Alex
6254.885549

Alex
230.382548

Timothy
8899.115172

Timothy
6288.810121

Alex
1516.715048

Timothy
8734.914794

Timothy
6887.465061

Alex
2264.978482

Timothy
4830.110720

Timothy
10433.403217

Timothy
8508.239921

Alex
2682.098685

Timothy
3159.908711

Timothy
8783.572885

Alex
908.791141

Timothy
6670.941910

Timothy
9792.604560

Timothy
306.921239

Timothy
8755.645357

