Timothy
5485.572396

Timothy
10978.878762

Timothy
2974.560826

Timothy
2866.326334

Alex
169.551987

Alex
2696.097383

Alex
155.888914

Timothy
4566.324413

Alex
2779.915894

Alex
5064.739981

Alex
4264.362894

Timothy
10625.373145

Timothy
3937.494542

Alex
1250.282901

Timothy
888.836988

Timothy
8104.908683

Timothy
4876.152295

Timothy
2540.346220

Alex
719.825846

Timothy
1331.901679

Alex
1523.855136

Timothy
4566.324413

Timothy
7032.781067

Timothy
3405.151388

Timothy
1773.343652

Timothy
9394.387826

Timothy
444.689387

Timothy
1773.343652

Timothy
7308.510952

Timothy
6467.053821

Timothy
11034.895695

Timothy
10864.340974

Timothy
11729.072843

Timothy
7844.758519

Alex
1408.942561

Timothy
9543.193794

Timothy
9009.954606

Timothy
2757.873561

Timothy
6562.615151

Timothy
666.864754

Timothy
6177.444181

Timothy
7489.559685

Timothy
12415.423365

Timothy
2866.326334

Timothy
9616.509471

Timothy
12528.634032

Alex
2084.218002

Timothy
333.546675

Timothy
6371.000000

Timothy
5080.860636

Alex
0.000000

Timothy
8526.062186

Alex
232.045452

Timothy
888.836988

Timothy
6939.790584

Alex
6992.058345

Alex
4653.462547

Timothy
9242.720235

Timothy
7668.327025

Timothy
2322.045066

Timothy
11973.563374

Timothy
12217.281062

Timothy
10176.213669

Timothy
4773.237213

Timothy
8190.399723

Timothy
5182.638306

Alex
3724.992226

Timothy
9469.151366

Timothy
1883.387517

Timothy
1773.343652

Alex
1098.004030

Alex
4514.862934

Timothy
5982.006653

Timothy
4043.095932

Timothy
9689.092814

Timothy
111.193515

Alex
1438.737714

Alex
4645.573454

Timothy
11729.072843

Alex
874.532844

Alex
4844.924671

Alex
7366.169883

Alex
93.336573

Timothy
9394.387826

Alex
1194.060794

Alex
4711.647600

Timothy
11594.726514

Timothy
12507.893571

Alex
86.503073

Alex
581.370134

Timothy
11973.563374

Alex
2751.738886

Timothy
7308.510952

Alex
2579.499881

Timothy
11090.072278

Timothy
4043.095932

Timothy
9318.908866

Timothy
11250.518228

Timothy
111.193515

Timothy
10373.459935

Alex
5391.840516

Timothy
7668.327025

Timothy
8443.104654

Alex
2841.611836

Timothy
999.725798

Alex
3548.945454

Timothy
7756.838128

Alex
86.558965

Timothy
7032.781067

Timothy
11935.077035

Timothy
7032.781067

Timothy
3082.568794

Timothy
4043.095932

Timothy
2212.625080

Alex
1960.816084

Timothy
11403.253636

Timothy
777.880491

Alex
891.053779

Timothy
4358.020666

Timothy
4043.095932

Alex
2141.103902

Timothy
4669.958631

Timothy
9165.827736

Alex
250.821949

Alex
101.888175

Timothy
2757.873561

Timothy
10805.828841

Timothy
2540.346220

Timothy
6846.271610

Timothy
12248.396530

Timothy
8190.399723

Alex
2267.606065

Timothy
10563.596749

Alex
3437.328354

Timothy
4358.020666

Timothy
5685.452535

Timothy
8275.267032

Timothy
2322.045066

Timothy
7125.235976

Alex
36.823224

Timothy
9165.827736

Alex
6635.868883

Alex
8494.450023

Timothy
3831.593297

Alex
891.309582

Timothy
3082.568794

Alex
51.364293

Timothy
2540.346220

Timothy
4148.389424

Timothy
10373.459935

Timothy
7932.081500

Timothy
9543.193794

Alex
1458.473232

Alex
250.453890

Timothy
5784.746948

Timothy
7668.327025

Alex
6605.929035

Timothy
1552.859174

Alex
821.523051

Alex
553.147338

Timothy
6274.461003

Timothy
9009.954606

Timothy
10563.596749

Timothy
9971.993135

Alex
329.290555

Timothy
10922.025746

Timothy
5284.021298

Timothy
4669.958631

Timothy
2322.045066

Timothy
10563.596749

Timothy
5284.021298

Timothy
6079.956923

Timothy
3618.923522

Timothy
7844.758519

Timothy
9543.193794

Timothy
1993.287954

Alex
4845.653480

Alex
1577.338961

Timothy
3512.171188

Alex
5863.098784

Alex
2770.655621

Timothy
3937.494542

Timothy
9469.151366

Timothy
6939.790584

Timothy
5385.001891

Timothy
8690.023104

Timothy
12632.990424

Timothy
1442.435350

Timothy
3937.494542

Timothy
5284.021298

Timothy
12647.023064

Timothy
6752.231265

Alex
280.037850

Alex
3431.696931

Timothy
9088.237223

Alex
109.108060

Timothy
5385.001891

Timothy
4148.389424

Timothy
9971.993135

Timothy
9469.151366

Alex
3420.822140

Timothy
888.836988

Alex
336.623933

Timothy
8690.023104

Alex
794.962421

Timothy
10805.828841

Timothy
2103.036594

Alex
1671.707294

Timothy
12118.362131

Timothy
11973.563374

Timothy
2649.210764

Timothy
11594.726514

Alex
1093.644580

Timothy
8690.023104

Alex
2648.587235

Alex
3055.839785

Timothy
10864.340974

Alex
792.175050

Timothy
2103.036594

Timothy
8275.267032

Timothy
4876.152295

Alex
471.077473

Timothy
4566.324413

Alex
6017.637276

Alex
639.730044

Timothy
1993.287954

Timothy
11403.253636

Timothy
555.798234

Timothy
2212.625080

Timothy
6939.790584

Timothy
2103.036594

Alex
6442.874188

Timothy
6752.231265

Timothy
9009.954606

Alex
747.884950

Timothy
11594.726514

Alex
392.676417

Timothy
12660.092585

Alex
5697.068385

Timothy
8190.399723

Timothy
4253.367000

Timothy
6079.956923

Timothy
2103.036594

Timothy
2431.288219

Timothy
9971.993135

Alex
997.135770

Timothy
10373.459935

Alex
669.680935

Alex
1874.097818

Timothy
3297.872273

Timothy
6467.053821

Timothy
111.193515

Timothy
11594.726514

Timothy
5883.600830

Timothy
4043.095932

Timothy
9971.993135

Timothy
9318.908866

Timothy
12152.261386

Alex
2488.826250

Timothy
9616.509471

Timothy
7844.758519

Timothy
1552.859174

Timothy
1221.266579

Alex
1668.746043

Timothy
2974.560826

Timothy
333.546675

Alex
157.282419

Timothy
4148.389424

Timothy
7489.559685

Timothy
11729.072843

Alex
3565.068570

Timothy
8608.370425

Alex
5566.092178

Alex
3910.156621

Alex
1195.678117

Timothy
11090.072278

Alex
972.484038

Alex
799.791311

Timothy
3618.923522

Alex
3131.948275

Timothy
10437.635348

Timothy
2212.625080

Timothy
12585.124836

Timothy
2431.288219

Timothy
888.836988

Timothy
10922.025746

Alex
3680.158988

Timothy
555.798234

Timothy
11685.179468

Alex
369.417579

Alex
3979.768993

Timothy
7932.081500

Alex
317.855721

Timothy
9971.993135

Timothy
6274.461003

Timothy
5284.021298

Timothy
1552.859174

Timothy
6079.956923

Timothy
5284.021298

Timothy
3725.400262

Timothy
8851.336956

Timothy
6939.790584

Timothy
12718.233601

Timothy
10686.340377

Alex
139.557122

Alex
6854.633151

Timothy
10040.833022

Timothy
444.689387

Timothy
2103.036594

Timothy
11090.072278

Timothy
1552.859174

Timothy
11197.887650

Timothy
10686.340377

Alex
844.124978

Timothy
999.725798

Timothy
9088.237223

Timothy
6177.444181

Alex
2056.748914

Timothy
4669.958631

Timothy
12047.797690

Alex
3692.754904

Timothy
11640.396221

Timothy
5784.746948

Alex
4292.611448

Timothy
3512.171188

Timothy
9543.193794

Timothy
8190.399723

Timothy
8359.504147

Timothy
6562.615151

Timothy
3937.494542

Timothy
12617.995732

Timothy
11640.396221

Alex
5248.716470

Timothy
6846.271610

Timothy
4043.095932

Timothy
3082.568794

Timothy
4773.237213

Timothy
3937.494542

Timothy
9971.993135

Timothy
10373.459935

Timothy
7308.510952

Timothy
9760.938294

Timothy
10040.833022

Alex
1261.496163

Timothy
6846.271610

Timothy
9760.938294

Timothy
9088.237223

Timothy
6846.271610

Alex
320.477983

Timothy
11594.726514

Timothy
7125.235976

Timothy
9009.954606

Alex
2066.889077

Timothy
333.546675

Alex
1465.577318

Alex
62.494523

Timothy
8443.104654

Timothy
7125.235976

Timothy
6177.444181

Timothy
7844.758519

Timothy
2866.326334

Timothy
888.836988

Timothy
11403.253636

Timothy
2322.045066

Timothy
12363.508144

Timothy
6079.956923

Timothy
9394.387826

Alex
5130.362670

Timothy
11144.404308

Timothy
4978.696039

Timothy
8359.504147

Timothy
11302.292036

Timothy
666.864754

Alex
7064.163339

Timothy
5883.600830

Timothy
2212.625080

Timothy
9469.151366

Alex
4243.014357

Alex
505.232222

Timothy
777.880491

Alex
680.843585

Alex
2793.472162

Timothy
7844.758519

Timothy
4148.389424

Timothy
11353.205131

Timothy
5784.746948

Timothy
8275.267032

Timothy
11855.380651

Timothy
5080.860636

Timothy
11855.380651

Alex
1089.497134

Alex
8606.047257

Timothy
222.378563

Timothy
3831.593297

Alex
7030.800936

Alex
1065.385506

Timothy
4566.324413

Alex
2049.670018

Alex
2945.711827

Timothy
9318.908866

Timothy
2322.045066

Timothy
8018.800423

Alex
1649.515812

Timothy
4253.367000

Timothy
10308.494542

Timothy
4978.696039

Timothy
12548.420389

Timothy
10242.744118

Timothy
2974.560826

Timothy
5982.006653

Timothy
444.689387

Alex
2093.479418

Timothy
9902.393841

Timothy
8359.504147

Alex
6342.381077

Timothy
12415.423365

Timothy
2866.326334

Timothy
7308.510952

Timothy
1663.164741

Timothy
6467.053821

Timothy
11772.073003

Timothy
6752.231265

Timothy
5182.638306

Timothy
10746.493803

Timothy
10746.493803

Timothy
8190.399723

Alex
2515.343263

Timothy
6752.231265

Timothy
2974.560826

Timothy
9760.938294

Timothy
7308.510952

Timothy
7844.758519

Timothy
8851.336956

Timothy
666.864754

Timothy
10746.493803

Timothy
1663.164741

Alex
6062.804469

Alex
4275.978422

Timothy
11090.072278

Timothy
8526.062186

Timothy
10176.213669

Timothy
7125.235976

Alex
3807.977535

Timothy
12602.040131

Alex
1597.278873

Timothy
5284.021298

Timothy
3297.872273

Timothy
1993.287954

Alex
2357.362096

Timothy
7217.148271

Timothy
9616.509471

Timothy
10242.744118

Alex
261.901189

Timothy
4773.237213

Timothy
666.864754

Timothy
3831.593297

Timothy
9242.720235

Timothy
10437.635348

Timothy
2974.560826

Alex
2755.914725

Timothy
4358.020666

Timothy
3082.568794

Alex
311.044114

Alex
6252.884618

Timothy
888.836988

Timothy
12415.423365

Timothy
8526.062186

Alex
560.254670

Timothy
8018.800423

Alex
1073.490168

Timothy
9088.237223

Timothy
11500.741693

Timothy
3937.494542

Timothy
10922.025746

Alex
1998.805651

Timothy
5485.572396

Timothy
9689.092814

Timothy
11090.072278

Alex
2789.476002

Timothy
6274.461003

Timothy
10686.340377

Timothy
111.193515

Timothy
2649.210764

Timothy
2757.873561

Timothy
9009.954606

Timothy
11548.173822

Timothy
3405.151388

Timothy
9971.993135

Timothy
7308.510952

Timothy
6752.231265

Timothy
8443.104654

Alex
4374.736121

Timothy
5883.600830

Timothy
8275.267032

Timothy
2431.288219

Timothy
8690.023104

Timothy
888.836988

Alex
236.017344

Timothy
12363.508144

Alex
1515.131073

