Timothy
4978.696039

Timothy
6752.231265

Timothy
4462.342452

Timothy
9971.993135

Timothy
3405.151388

Timothy
5685.452535

Timothy
1993.287954

Alex
202.657920

Alex
6856.312520

Timothy
9088.237223

Timothy
3831.593297

Timothy
5982.006653

Timothy
3190.342012

Timothy
6562.615151

Alex
375.649001

Timothy
11548.173822

Alex
2625.136476

Timothy
7756.838128

Timothy
888.836988

Alex
415.134439

Alex
4124.884585

Timothy
4043.095932

Alex
7234.325013

Alex
286.839220

Timothy
8930.985846

Timothy
7308.510952

Alex
4668.761923

Timothy
3512.171188

Timothy
10176.213669

Timothy
1221.266579

Timothy
12011.137879

Alex
6819.245647

Alex
142.863795

Timothy
12047.797690

Timothy
12307.826879

Timothy
9543.193794

Alex
31.280967

Timothy
10501.015895

Timothy
10242.744118

Timothy
8275.267032

Timothy
7844.758519

Alex
4724.681926

Timothy
3512.171188

Timothy
7308.510952

Alex
1851.914380

Timothy
5485.572396

Alex
170.832649

Timothy
3297.872273

Timothy
9971.993135

Timothy
2866.326334

Timothy
8104.908683

Timothy
11855.380651

Timothy
11548.173822

Timothy
8275.267032

Timothy
7756.838128

Timothy
12185.235200

Timothy
5080.860636

Alex
3028.410638

Timothy
777.880491

Timothy
222.378563

Timothy
4148.389424

Timothy
12047.797690

Alex
4771.719586

Alex
2540.559082

Timothy
555.798234

Timothy
11548.173822

Timothy
7756.838128

Alex
3443.443040

Timothy
4043.095932

Timothy
2649.210764

Timothy
5685.452535

Alex
1612.835703

Timothy
9242.720235

Timothy
6846.271610

Alex
6938.622509

Alex
7498.557705

Timothy
11548.173822

Timothy
4978.696039

Alex
7574.119373

Timothy
6371.000000

Timothy
11594.726514

Alex
7282.322704

Timothy
7217.148271

Timothy
9088.237223

Timothy
10922.025746

Timothy
10501.015895

Timothy
10242.744118

Timothy
2322.045066

Timothy
5385.001891

Timothy
9832.040442

Timothy
7399.317062

Timothy
2757.873561

Alex
4431.619742

Timothy
2649.210764

Timothy
3725.400262

Timothy
6177.444181

Timothy
9088.237223

Alex
230.804805

Alex
2225.111839

Alex
2296.510545

Alex
15.972653

Timothy
10308.494542

Timothy
10373.459935

Timothy
9689.092814

Timothy
7217.148271

Alex
4994.781070

Alex
253.820421

Timothy
11034.895695

Alex
2864.026432

Timothy
9971.993135

Timothy
2540.346220

Timothy
9242.720235

Timothy
12617.995732

Timothy
3512.171188

Alex
439.564223

Timothy
888.836988

Timothy
9318.908866

Timothy
3405.151388

Alex
2464.366113

Timothy
1663.164741

Timothy
9543.193794

Alex
1520.088125

Timothy
7579.231949

Timothy
6371.000000

Timothy
12548.420389

Timothy
4876.152295

Timothy
12118.362131

Timothy
6079.956923

Timothy
4566.324413

Timothy
1221.266579

Timothy
7125.235976

Timothy
11197.887650

Alex
614.278583

Timothy
9318.908866

Timothy
11973.563374

Timothy
666.864754

Timothy
11895.681794

Timothy
888.836988

Timothy
7579.231949

Timothy
7844.758519

Timothy
5585.725152

Timothy
8526.062186

Timothy
10864.340974

Timothy
3725.400262

Timothy
10437.635348

Timothy
9009.954606

Timothy
9760.938294

Timothy
8190.399723

Timothy
11197.887650

Timothy
3937.494542

Timothy
9394.387826

Alex
91.359150

Timothy
555.798234

Timothy
11594.726514

Timothy
11034.895695

Alex
5101.233797

Timothy
10242.744118

Timothy
10437.635348

Timothy
2649.210764

Timothy
5284.021298

Alex
3209.729448

Timothy
9165.827736

Timothy
11302.292036

Timothy
12507.893571

Timothy
7308.510952

Alex
3719.366141

Timothy
11895.681794

Alex
128.271787

Timothy
666.864754

Timothy
4566.324413

Timothy
6657.676712

Timothy
11302.292036

Timothy
7844.758519

Timothy
10373.459935

Timothy
9318.908866

Alex
1346.639365

Alex
2207.084517

Alex
1320.791099

Timothy
4462.342452

Alex
330.050554

Timothy
1663.164741

Timothy
10501.015895

Alex
4332.137501

Timothy
4462.342452

Alex
6648.008012

Timothy
7844.758519

Timothy
11144.404308

Timothy
3512.171188

Timothy
5585.725152

Timothy
7668.327025

Timothy
2974.560826

Timothy
1663.164741

Timothy
4978.696039

Timothy
1221.266579

Timothy
555.798234

Alex
2098.966285

Alex
2030.105001

Alex
2432.610115

Timothy
9689.092814

Alex
1301.460967

Timothy
6467.053821

Timothy
11452.433738

Timothy
5385.001891

Alex
6918.157848

Timothy
8443.104654

Timothy
999.725798

Alex
692.427468

Alex
1299.060029

Timothy
8275.267032

Alex
1726.062903

Alex
7293.641689

Alex
3524.428834

Timothy
9009.954606

Alex
547.526466

Timothy
9165.827736

Timothy
10864.340974

Timothy
8526.062186

Timothy
4043.095932

Timothy
4358.020666

Timothy
9394.387826

Timothy
8275.267032

Timothy
10746.493803

Timothy
5284.021298

Timothy
11594.726514

Timothy
444.689387

Timothy
2757.873561

Timothy
5284.021298

Timothy
8443.104654

Timothy
8690.023104

Timothy
6939.790584

Timothy
12672.197991

Timothy
11729.072843

Timothy
10625.373145

Timothy
7579.231949

Timothy
11144.404308

Timothy
10242.744118

Timothy
8851.336956

Timothy
8930.985846

Timothy
999.725798

Alex
5985.625794

Timothy
3831.593297

Timothy
7032.781067

Timothy
3618.923522

Timothy
2103.036594

Timothy
12047.797690

Timothy
7932.081500

Timothy
1663.164741

Alex
1320.246737

Timothy
6467.053821

Timothy
11855.380651

Timothy
11500.741693

Alex
1536.681962

Timothy
1331.901679

Alex
2685.588706

Timothy
11090.072278

Timothy
11772.073003

Timothy
11772.073003

Timothy
12548.420389

Timothy
8275.267032

Timothy
3297.872273

Timothy
4358.020666

Timothy
4876.152295

Timothy
9689.092814

Timothy
888.836988

Timothy
12336.137234

Timothy
10864.340974

Timothy
4876.152295

Timothy
4148.389424

Timothy
10108.908262

Timothy
9394.387826

Timothy
12585.124836

Timothy
6467.053821

Timothy
9394.387826

Timothy
2212.625080

Timothy
1773.343652

Timothy
7125.235976

Timothy
4043.095932

Timothy
2757.873561

Timothy
12415.423365

Timothy
3082.568794

Timothy
3190.342012

Timothy
2212.625080

Timothy
10922.025746

Timothy
7489.559685

Timothy
3618.923522

Timothy
7308.510952

Timothy
6846.271610

Alex
2072.516014

Timothy
7668.327025

Alex
4359.625674

Timothy
222.378563

Timothy
12718.233601

Timothy
10563.596749

Alex
551.803605

Alex
556.780283

Timothy
666.864754

Timothy
8359.504147

Alex
1375.471468

Timothy
3082.568794

Alex
1694.348951

Timothy
12660.092585

Timothy
5182.638306

Timothy
12278.579235

Alex
5863.664840

Timothy
3937.494542

Timothy
4043.095932

Timothy
6562.615151

Timothy
333.546675

Alex
235.779703

Alex
4528.776526

Timothy
11548.173822

Timothy
12278.579235

Timothy
10625.373145

Timothy
12248.396530

Timothy
4253.367000

Timothy
2212.625080

Timothy
11302.292036

Timothy
8690.023104

Timothy
6371.000000

Timothy
2649.210764

Timothy
1552.859174

Timothy
9394.387826

Alex
3341.602918

Alex
2855.471500

Timothy
6562.615151

Timothy
9616.509471

Timothy
5385.001891

Alex
1186.227889

Timothy
6939.790584

Timothy
2974.560826

Timothy
4148.389424

Timothy
3831.593297

Timothy
10563.596749

Timothy
9543.193794

Timothy
3512.171188

Timothy
2322.045066

Timothy
9971.993135

Timothy
9832.040442

Alex
1028.649667

Timothy
6177.444181

Alex
180.655056

Alex
2367.829980

Timothy
12118.362131

Timothy
11090.072278

Timothy
12507.893571

Timothy
12047.797690

Timothy
4566.324413

Timothy
3831.593297

Timothy
10978.878762

Timothy
9009.954606

Timothy
11302.292036

Timothy
3297.872273

Alex
1054.760290

Timothy
12118.362131

Timothy
1773.343652

Alex
3457.906870

Timothy
9009.954606

Timothy
11814.176675

Timothy
1883.387517

Timothy
888.836988

Timothy
11302.292036

Timothy
9971.993135

Timothy
10373.459935

Timothy
12185.235200

Timothy
9902.393841

Timothy
5883.600830

Timothy
9009.954606

Alex
855.558527

Timothy
2866.326334

Alex
7589.008067

Timothy
6752.231265

Timothy
4148.389424

Timothy
12710.961128

Timothy
6371.000000

Timothy
666.864754

Timothy
7932.081500

Timothy
12047.797690

Timothy
3831.593297

Timothy
10978.878762

Timothy
2974.560826

Timothy
9971.993135

Timothy
12083.540015

Timothy
8190.399723

Timothy
11935.077035

Timothy
8771.014003

Timothy
2212.625080

Timothy
5385.001891

Timothy
4669.958631

Alex
6372.573096

Timothy
3937.494542

Timothy
12363.508144

Timothy
11895.681794

Timothy
9760.938294

Timothy
11935.077035

Timothy
12415.423365

Alex
334.688704

Alex
6122.143327

Timothy
6657.676712

Timothy
8930.985846

Alex
1156.420851

Timothy
9616.509471

Timothy
8690.023104

Timothy
7844.758519

Alex
2175.221054

Timothy
10864.340974

Timothy
888.836988

Timothy
4358.020666

Timothy
7032.781067

Timothy
12278.579235

Timothy
6467.053821

Timothy
2649.210764

Timothy
9009.954606

Alex
198.016162

Alex
3694.996354

Alex
6578.362360

Alex
86.142711

Alex
146.018049

Timothy
1331.901679

Timothy
666.864754

Alex
2256.948002

Timothy
8771.014003

Timothy
2866.326334

Timothy
10978.878762

Timothy
4253.367000

Timothy
8275.267032

Timothy
6177.444181

Timothy
6562.615151

Timothy
111.193515

Timothy
6752.231265

Timothy
11452.433738

Alex
1214.532312

Alex
77.212214

Alex
1613.690301

Alex
4791.122045

Alex
4377.964367

Timothy
1331.901679

Timothy
8526.062186

Timothy
7308.510952

Timothy
7489.559685

Timothy
9469.151366

Timothy
1663.164741

Alex
85.544030

Timothy
12507.893571

Timothy
7668.327025

Timothy
888.836988

Timothy
3512.171188

Timothy
7032.781067

Timothy
6752.231265

Timothy
2322.045066

Timothy
1331.901679

Timothy
9971.993135

Timothy
3512.171188

Alex
3818.119544

Timothy
11973.563374

Timothy
7932.081500

Timothy
8690.023104

Timothy
9088.237223

Timothy
11895.681794

Timothy
8190.399723

Alex
754.140548

Alex
367.440592

Timothy
8018.800423

Timothy
2103.036594

Timothy
6752.231265

Timothy
9971.993135

Alex
2899.547793

Timothy
7932.081500

Timothy
111.193515

Timothy
1331.901679

Timothy
4148.389424

Timothy
2866.326334

Timothy
3725.400262

Timothy
1663.164741

Timothy
5080.860636

Alex
361.309159

Alex
3085.669445

Timothy
12507.893571

Timothy
7489.559685

Alex
5894.315143

Alex
2502.291852

Timothy
9242.720235

Alex
5294.181725

Timothy
7489.559685

Timothy
11814.176675

Timothy
10373.459935

Timothy
9832.040442

Alex
716.871426

Timothy
3297.872273

Timothy
3937.494542

Timothy
4148.389424

Timothy
5284.021298

Timothy
3618.923522

Timothy
7125.235976

Timothy
12217.281062

Timothy
4773.237213

Timothy
9689.092814

Alex
663.063391

Timothy
12548.420389

Timothy
2757.873561

Timothy
11250.518228

