Timothy
6583.633709

Timothy
10347.945149

Timothy
12282.524345

Alex
2667.108986

Timothy
10349.829257

Timothy
11655.270298

Alex
5578.808922

Alex
2548.674352

Timothy
10055.146870

Timothy
10820.453869

Timothy
10830.101328

Timothy
11110.228650

Alex
3964.470629

Timothy
2786.374365

Alex
313.416227

Alex
133.540593

Timothy
9459.477457

Timothy
8155.725307

Timothy
2185.430646

Timothy
1242.446605

Timothy
3611.882328

Timothy
516.674980

Timothy
2228.336194

Alex
3840.789446

Timothy
1854.438637

Timothy
3350.896835

Alex
3595.718500

Timothy
4088.654561

Alex
510.129317

Timothy
2228.599387

Timothy
12586.726113

Timothy
2476.766901

Timothy
2674.334114

Timothy
5399.203114

Alex
999.740401

Timothy
11339.852224

Alex
76.778600

Alex
1092.217953

Timothy
3811.579521

Timothy
12005.488974

Timothy
1852.886588

Timothy
8875.703745

Alex
3567.519829

Timothy
5058.845377

Timothy
11852.725101

Timothy
1702.910628

Timothy
2969.942812

Timothy
7790.063175

Timothy
9165.993342

Timothy
8784.629854

Timothy
3541.164789

Alex
1268.895731

Timothy
11063.820299

Alex
2549.013200

Timothy
11634.371869

Alex
759.106957

Alex
1939.439293

Alex
1183.061170

Timothy
8435.861272

Alex
2352.693805

Timothy
10870.287617

Timothy
3076.574062

Timothy
8308.929029

Timothy
74.338946

Alex
3203.563367

Timothy
55.977125

Timothy
11657.412973

Timothy
2258.197899

Timothy
4790.337938

Alex
2854.015054

Timothy
7445.919847

Alex
1076.753158

Timothy
7969.718261

Alex
331.572123

Timothy
7423.866718

Alex
1373.994758

Alex
4642.606472

Timothy
6811.665998

Timothy
11635.496832

Timothy
12465.450563

Timothy
10039.662956

Timothy
5957.477101

Timothy
3326.797571

Timothy
2537.289742

Timothy
3296.216686

Timothy
9603.172352

Timothy
9579.202812

Timothy
10744.582261

Timothy
9876.527760

Timothy
4915.586262

Timothy
49.648743

Timothy
10600.118052

Timothy
9131.535478

Alex
1509.019787

Timothy
3844.882272

Timothy
12245.841329

Timothy
4223.030353

Alex
2289.222419

Timothy
4338.293396

Alex
827.824161

Timothy
1549.287555

Timothy
11021.775739

Timothy
4404.826092

Timothy
5262.815637

Timothy
8803.903277

Timothy
9433.064778

Timothy
6457.814703

Timothy
3153.573844

Timothy
7656.323804

Timothy
9696.292549

Timothy
1242.868127

Timothy
4653.802484

Alex
4710.614436

Timothy
12498.017953

Timothy
12067.917966

Timothy
10172.276233

Timothy
599.014382

Alex
7107.136972

Alex
997.280693

Timothy
11943.921947

Timothy
9144.174590

Timothy
9313.832112

Alex
7443.343276

Timothy
12467.148323

Timothy
4383.743728

Timothy
5900.572050

Timothy
821.326151

Alex
933.854099

Timothy
3895.374332

Timothy
10197.035913

Timothy
11553.204777

Alex
66.135728

Timothy
10523.514873

Timothy
3959.752309

Timothy
11262.521561

Timothy
10572.714962

Timothy
10507.124798

Timothy
2917.672029

Timothy
10907.422093

Timothy
3748.072445

Timothy
2055.540090

Timothy
7330.689046

Alex
3253.812856

Timothy
9606.087169

Alex
1821.369863

Timothy
12342.210772

Alex
3394.594110

Timothy
2660.174669

Timothy
1444.435464

Alex
3516.400400

Timothy
4874.285103

Alex
953.465191

Alex
645.708683

Timothy
6242.948663

Timothy
8558.022988

Timothy
6521.196662

Timothy
11327.660853

Timothy
12522.206529

Alex
2499.377445

Alex
312.600805

Timothy
9466.063131

Alex
174.709534

Timothy
152.874901

Timothy
8986.634914

Timothy
1159.101000

Timothy
10716.852883

Alex
515.393783

Timothy
12239.481460

Alex
4106.156887

Timothy
11841.159252

Timothy
8466.018823

Timothy
4374.661556

Timothy
11458.084097

Timothy
11153.512324

Timothy
4829.830017

Alex
6691.901305

Alex
2087.803673

Timothy
10431.787770

Alex
4560.222458

Timothy
8507.687889

Alex
1188.602786

Timothy
12522.469916

Timothy
9837.803260

Timothy
12044.988773

Alex
6951.338262

Alex
1345.688363

Timothy
5708.510887

Timothy
4448.863228

Timothy
5885.263193

Timothy
11921.916633

Timothy
12216.722279

Timothy
2378.627000

Alex
657.422746

Timothy
11469.295791

Timothy
3338.987611

Alex
648.031592

Timothy
10114.729020

Timothy
5228.122562

Timothy
686.170723

Timothy
10097.178914

Timothy
6298.089483

Timothy
11603.327129

Timothy
6924.670223

Timothy
8636.619482

Timothy
9747.780741

Timothy
607.921985

Timothy
4336.220701

Alex
139.684752

Timothy
8703.165972

Alex
251.331858

Timothy
6696.005839

Timothy
4836.832556

Timothy
12059.422693

Timothy
10538.211088

Timothy
9501.432693

Timothy
5932.033886

Timothy
9474.124550

Alex
5270.231019

Timothy
9626.427452

Timothy
11397.912677

Timothy
8926.049634

Alex
372.568550

Timothy
11316.314658

Timothy
11459.325290

Timothy
2420.059543

Timothy
2529.409428

Timothy
3205.030950

Alex
704.093530

Alex
2908.361408

Timothy
12692.477816

Alex
3952.939203

Alex
1697.657907

Timothy
3909.829993

Timothy
698.570848

Timothy
2699.251854

Timothy
8475.805261

Timothy
9538.646651

Timothy
1687.278264

Timothy
2790.804720

Timothy
12426.763576

Timothy
4667.747969

Timothy
2247.698048

Timothy
1985.329239

Timothy
12087.105169

Timothy
11262.657448

Timothy
10116.313193

Timothy
8721.980117

Timothy
5225.827283

Timothy
12153.998623

Timothy
8353.807795

Alex
926.906363

Timothy
11124.865293

Timothy
1512.380817

Timothy
244.501525

Alex
2826.221285

Timothy
8372.670042

Alex
403.138628

Timothy
2042.697858

Timothy
11165.044601

Timothy
7772.997909

Timothy
10092.220121

Timothy
1803.511989

Timothy
10836.156024

Timothy
5765.475895

Timothy
4880.545645

Timothy
1816.935108

Timothy
10248.882897

Timothy
7270.541243

Alex
4981.938732

Alex
1046.695782

Timothy
10580.308886

Alex
1427.801411

Timothy
115.795024

Alex
2240.341920

Timothy
7188.840977

Timothy
7829.190979

Timothy
7021.306564

Timothy
4674.949638

Timothy
8009.707776

Timothy
10858.465304

Timothy
9409.740747

Alex
5429.340194

Timothy
7538.676047

Timothy
10134.767431

Timothy
11310.277107

Timothy
10017.994894

Timothy
12242.813696

Timothy
5492.383866

Timothy
5866.834773

Timothy
6964.303711

Alex
178.686518

Timothy
10280.669105

Alex
5384.315013

Timothy
4914.771603

Timothy
8781.408807

Alex
7261.480315

Timothy
1450.935146

Timothy
7912.030067

Timothy
9984.149317

Timothy
10831.086126

Timothy
2200.478557

Alex
130.478508

Alex
4604.104152

Alex
4029.528544

Alex
2853.091595

Alex
403.032839

Timothy
3307.212212

Timothy
4995.688159

Timothy
2760.047199

Timothy
7990.843669

Alex
4632.165424

Timothy
3113.515353

Timothy
11747.979153

Timothy
12043.125472

Timothy
6499.278557

Timothy
1358.304775

Timothy
4608.696683

Alex
4965.457915

Timothy
342.129795

Alex
1194.583418

Timothy
6661.832567

Alex
1331.232659

Timothy
7885.912691

Timothy
4666.601551

Timothy
6293.425071

Timothy
5627.263751

Timothy
11587.673009

Timothy
4763.279951

Timothy
10420.877435

Timothy
11859.265281

Alex
47.207311

Timothy
8083.008929

Timothy
4735.308577

Timothy
12015.562981

Timothy
1283.841145

Timothy
4938.744344

Alex
361.116862

Alex
274.975125

Timothy
5139.656657

Alex
677.160965

Timothy
11716.012980

Alex
5693.595703

Timothy
5848.831663

Alex
161.833125

Timothy
4149.372125

Timothy
5658.201658

Timothy
1518.928414

Timothy
8236.494893

Timothy
6126.873202

Alex
619.861098

Alex
2448.984901

Timothy
1080.444888

Alex
129.506641

Timothy
8639.901576

Timothy
12033.402590

Timothy
3258.570273

Timothy
2637.360922

Alex
2358.370612

Alex
15.809195

Timothy
8979.111924

Timothy
7975.753364

Timothy
11192.944236

Timothy
10465.755787

Timothy
4982.024234

Timothy
4759.048606

Timothy
800.529357

Timothy
7587.611023

Timothy
6487.848990

Alex
1465.413362

Timothy
5411.119715

Timothy
3987.761941

Alex
4092.241657

Timothy
129.181495

Timothy
6946.574485

Timothy
4274.648003

Timothy
12349.011451

Alex
5624.483233

Timothy
3784.814751

Timothy
8786.542046

Timothy
5485.012966

Alex
246.298032

Timothy
625.888448

Timothy
7417.861857

Timothy
7176.008232

Timothy
5220.687163

Timothy
1814.896248

Timothy
9974.449014

Alex
323.485975

Timothy
11846.986180

Timothy
8071.462415

Alex
287.285434

Timothy
6337.311021

Timothy
10705.083875

Timothy
4915.160008

Alex
3894.787361

Timothy
12300.776701

Timothy
8988.175666

Alex
188.379518

Timothy
7136.748107

Alex
1758.339894

Alex
4622.726341

Timothy
8383.600673

Alex
2508.748569

Timothy
4770.888956

Timothy
10387.645705

Alex
553.962532

Timothy
11817.490925

Timothy
8514.213501

Timothy
11262.989367

Timothy
9596.642587

Timothy
10179.783485

Timothy
8047.485716

Timothy
3694.052390

Timothy
11165.096843

Timothy
9712.971683

Timothy
828.398960

Alex
1187.632585

Timothy
5145.933140

Alex
1741.636445

Timothy
11906.590715

Alex
1646.372698

Alex
1941.699679

Timothy
7375.992794

Timothy
6141.565702

Timothy
8663.061614

Timothy
12632.798336

Timothy
10113.127108

Timothy
7812.809188

Alex
46.151720

Timothy
1672.432696

Timothy
11026.043518

Timothy
698.298830

Timothy
9764.828276

Timothy
5842.569457

Timothy
5628.811833

Timothy
5435.392589

Timothy
11855.896594

Timothy
9767.896048

Timothy
11843.926250

Timothy
10760.206169

Timothy
10100.346762

Timothy
8578.416715

Alex
1496.218817

Timothy
9418.964753

Alex
846.080015

Timothy
11985.502460

Alex
1736.846359

Timothy
660.219989

Timothy
12085.793297

Timothy
9306.306877

Timothy
12243.041731

Timothy
3131.108679

Timothy
10336.812176

Timothy
5904.842460

Alex
618.917913

Timothy
11935.132487

Timothy
818.771751

Alex
5730.530279

Alex
65.011846

Timothy
4522.662390

Alex
107.082583

Alex
464.775463

Timothy
237.266030

Timothy
6477.836660

Timothy
10470.650981

Timothy
459.576678

Timothy
12351.930122

Timothy
3825.482299

Timothy
1817.432242

Timothy
10305.747410

Alex
6547.175546

Alex
351.745744

Timothy
6595.047701

Alex
5833.478523

Alex
5612.241397

Timothy
5392.479007

Timothy
4477.364364

Timothy
4055.296612

Timothy
9921.134457

Timothy
9948.313710

Timothy
4397.479031

Timothy
4961.192019

Timothy
4004.477744

Timothy
1186.522851

Timothy
4712.592604

Timothy
6730.319384

Timothy
11300.797918

Timothy
1803.389365

Timothy
6934.315179

Alex
306.161976

Timothy
7515.273287

Timothy
1592.356636

Timothy
7625.909385

Timothy
9724.234144

Alex
1173.768638

Timothy
9214.134769

Alex
135.041046

Timothy
9776.186474

Timothy
9521.891305

Timothy
737.992920

