Timothy
10864.340974

Timothy
7668.327025

Timothy
9318.908866

Timothy
5982.006653

Timothy
3405.151388

Timothy
8443.104654

Timothy
5284.021298

Timothy
6657.676712

Alex
664.428827

Timothy
11034.895695

Timothy
7399.317062

Timothy
8190.399723

Timothy
4043.095932

Timothy
5080.860636

Timothy
7932.081500

Timothy
8851.336956

Timothy
10805.828841

Timothy
5784.746948

Alex
5217.886853

Timothy
2322.045066

Timothy
9165.827736

Timothy
2212.625080

Alex
3454.287987

Alex
6295.161528

Alex
4010.495189

Timothy
8104.908683

Timothy
111.193515

Timothy
555.798234

Alex
127.666631

Timothy
9971.993135

Timothy
10978.878762

Alex
3045.703327

Timothy
4773.237213

Timothy
12415.423365

Timothy
1331.901679

Timothy
9318.908866

Timothy
9009.954606

Alex
1537.850969

Timothy
777.880491

Timothy
444.689387

Timothy
11353.205131

Timothy
7217.148271

Timothy
9394.387826

Timothy
10176.213669

Alex
4659.841153

Timothy
4876.152295

Alex
379.144347

Alex
6225.001197

Timothy
5385.001891

Timothy
2866.326334

Timothy
7308.510952

Timothy
1773.343652

Timothy
10563.596749

Timothy
2866.326334

Timothy
4978.696039

Timothy
8190.399723

Alex
4058.778987

Timothy
2431.288219

Timothy
9760.938294

Timothy
888.836988

Timothy
7399.317062

Timothy
9242.720235

Alex
4419.112114

Timothy
5784.746948

Timothy
7399.317062

Alex
1528.376173

Alex
471.750835

Timothy
2649.210764

Alex
1583.199608

Timothy
3082.568794

Timothy
8443.104654

Timothy
10805.828841

Timothy
9009.954606

Alex
4216.980795

Timothy
1552.859174

Timothy
2757.873561

Timothy
555.798234

Timothy
9689.092814

Timothy
10625.373145

Timothy
8771.014003

Timothy
9616.509471

Timothy
6079.956923

Timothy
8690.023104

Alex
1012.572367

Timothy
7932.081500

Timothy
3618.923522

Timothy
3297.872273

Alex
3433.510510

Timothy
7668.327025

Timothy
9009.954606

Alex
207.608220

Timothy
555.798234

Alex
1400.174245

Timothy
5883.600830

Timothy
11144.404308

Timothy
7756.838128

Timothy
2322.045066

Timothy
8608.370425

Timothy
11772.073003

Timothy
8443.104654

Alex
1995.279605

Timothy
5182.638306

Timothy
12693.512843

Alex
3192.020384

Timothy
5883.600830

Alex
0.000000

Timothy
7489.559685

Timothy
4669.958631

Timothy
8608.370425

Alex
4307.560181

Timothy
888.836988

Alex
4758.439491

Timothy
6562.615151

Timothy
9165.827736

Alex
686.561783

Timothy
12118.362131

Timothy
6467.053821

Timothy
10308.494542

Alex
43.635524

Timothy
11548.173822

Alex
1360.500065

Alex
968.901543

Timothy
3082.568794

Alex
2457.768995

Timothy
7125.235976

Timothy
9009.954606

Timothy
11594.726514

Timothy
10686.340377

Alex
124.575116

Timothy
11640.396221

Timothy
555.798234

Timothy
10922.025746

Alex
2771.965834

Timothy
7844.758519

Timothy
11452.433738

Timothy
9088.237223

Alex
328.031916

Timothy
10805.828841

Timothy
6846.271610

Alex
214.854325

Timothy
7489.559685

Timothy
4773.237213

Timothy
9469.151366

Timothy
1773.343652

Timothy
8190.399723

Alex
2785.814445

Timothy
1221.266579

Timothy
1552.859174

Alex
655.357379

Timothy
9242.720235

Alex
109.574461

Timothy
6752.231265

Timothy
7399.317062

Timothy
8275.267032

Timothy
4462.342452

Timothy
12152.261386

Timothy
4253.367000

Timothy
10501.015895

Timothy
4978.696039

Timothy
1110.538474

Timothy
12278.579235

Timothy
9543.193794

Timothy
8190.399723

Timothy
1883.387517

Timothy
10501.015895

Timothy
9394.387826

Alex
5631.141779

Timothy
2322.045066

Timothy
6467.053821

Alex
2173.147538

Timothy
9543.193794

Timothy
1221.266579

Timothy
1883.387517

Timothy
8443.104654

Alex
1566.867107

Timothy
1110.538474

Timothy
8275.267032

Timothy
1993.287954

Alex
7043.115946

Timothy
8104.908683

Alex
3496.811594

Timothy
10176.213669

Timothy
11197.887650

Timothy
3831.593297

Timothy
7668.327025

Timothy
555.798234

Alex
572.660793

Timothy
5284.021298

Timothy
4043.095932

Alex
5626.858938

Timothy
8771.014003

Timothy
4566.324413

Timothy
10625.373145

Timothy
7844.758519

Alex
6808.016446

Timothy
8851.336956

Timothy
4043.095932

Alex
242.317993

Alex
1864.101670

Timothy
3725.400262

Timothy
7399.317062

Timothy
6846.271610

Timothy
11250.518228

Alex
927.467898

Timothy
4669.958631

Alex
883.642497

Timothy
777.880491

Timothy
2212.625080

Alex
333.974039

Timothy
10563.596749

Alex
185.897727

Timothy
4358.020666

Timothy
9009.954606

Timothy
7579.231949

Timothy
10176.213669

Timothy
8930.985846

Timothy
6274.461003

Timothy
7125.235976

Timothy
8690.023104

Timothy
6079.956923

Timothy
8851.336956

Timothy
999.725798

Timothy
10746.493803

Alex
995.544520

Timothy
9318.908866

Timothy
3082.568794

Timothy
2103.036594

Timothy
8190.399723

Alex
1829.100081

Timothy
9832.040442

Timothy
7399.317062

Timothy
11548.173822

Timothy
4669.958631

Timothy
6079.956923

Alex
2552.764738

Alex
212.934905

Alex
4080.327637

Timothy
4043.095932

Timothy
8018.800423

Timothy
8104.908683

Timothy
2103.036594

Timothy
3725.400262

Timothy
10746.493803

Alex
2138.557750

Timothy
6562.615151

Timothy
1331.901679

Timothy
3512.171188

Timothy
999.725798

Timothy
6657.676712

Timothy
3831.593297

Alex
5441.245099

Alex
0.000000

Timothy
3405.151388

Timothy
12567.251135

Timothy
8690.023104

Timothy
5284.021298

Alex
567.258028

Timothy
5485.572396

Timothy
5182.638306

Timothy
4978.696039

Timothy
6562.615151

Timothy
4358.020666

Alex
1598.452889

Timothy
3512.171188

Timothy
4876.152295

Alex
514.923780

Timothy
11594.726514

Timothy
9832.040442

Alex
1956.271396

Timothy
2103.036594

Timothy
1773.343652

Timothy
6562.615151

Alex
2515.215107

Alex
6173.000333

Timothy
4669.958631

Timothy
7399.317062

Timothy
10308.494542

Timothy
11250.518228

Timothy
8190.399723

Timothy
222.378563

Alex
4251.965553

Alex
700.380214

Timothy
4876.152295

Timothy
12724.537532

Alex
1039.800010

Alex
3827.314120

Timothy
1331.901679

Timothy
5685.452535

Timothy
9242.720235

Timothy
7668.327025

Timothy
1110.538474

Timothy
2757.873561

Alex
1875.564627

Timothy
5585.725152

Alex
2338.408816

Alex
1328.461907

Timothy
10625.373145

Alex
1706.482375

Timothy
4773.237213

Timothy
10625.373145

Timothy
8608.370425

Timothy
8771.014003

Timothy
11685.179468

Timothy
2212.625080

Timothy
1552.859174

Timothy
1331.901679

Timothy
2649.210764

Timothy
3725.400262

Alex
4024.335352

Timothy
3405.151388

Alex
3014.841423

Timothy
5883.600830

Timothy
10563.596749

Timothy
3190.342012

Timothy
8608.370425

Alex
1458.700933

Timothy
8104.908683

Timothy
10978.878762

Timothy
12660.092585

Timothy
8526.062186

Timothy
555.798234

Timothy
10625.373145

Timothy
9616.509471

Timothy
12336.137234

Timothy
10625.373145

Alex
6600.451713

Timothy
8851.336956

Alex
5058.587312

Alex
3265.860373

Timothy
2103.036594

Timothy
3512.171188

Alex
1515.267215

Timothy
4978.696039

Timothy
8771.014003

Timothy
9394.387826

Timothy
12152.261386

Timothy
3082.568794

Timothy
7579.231949

Timothy
11729.072843

Timothy
111.193515

Timothy
4253.367000

Alex
6308.119797

Timothy
9689.092814

Alex
4698.183621

Timothy
5585.725152

Timothy
8771.014003

Timothy
7668.327025

Timothy
6079.956923

Alex
3920.064260

Timothy
4669.958631

Timothy
11855.380651

Timothy
12548.420389

Alex
1187.482221

Timothy
1663.164741

Timothy
111.193515

Timothy
1993.287954

Timothy
12617.995732

Alex
2513.555823

Timothy
11973.563374

Timothy
10176.213669

Timothy
6846.271610

Timothy
8275.267032

Timothy
6562.615151

Timothy
5080.860636

Timothy
8851.336956

Timothy
4566.324413

Timothy
4876.152295

Alex
75.778505

Timothy
10922.025746

Timothy
10563.596749

Alex
1295.783595

Timothy
999.725798

Timothy
9469.151366

Timothy
8018.800423

Timothy
5385.001891

Timothy
4773.237213

Timothy
333.546675

Timothy
11500.741693

Timothy
5883.600830

Alex
2790.745064

Timothy
9242.720235

Timothy
8275.267032

Timothy
6562.615151

Alex
312.843832

Timothy
999.725798

Alex
6505.678622

Alex
1020.289506

Timothy
10563.596749

Timothy
1993.287954

Timothy
444.689387

Alex
6041.028402

Timothy
666.864754

Timothy
4253.367000

Alex
2045.741323

Alex
855.300350

Timothy
555.798234

Timothy
11935.077035

Timothy
666.864754

Alex
105.520192

Alex
5220.855625

Alex
2877.026098

Timothy
9543.193794

Timothy
6371.000000

Timothy
222.378563

Timothy
5883.600830

Timothy
555.798234

Timothy
4462.342452

Alex
1219.388336

Timothy
9971.993135

Timothy
5982.006653

Alex
1209.295392

Timothy
6079.956923

Timothy
11935.077035

Alex
1777.962857

Timothy
222.378563

Alex
7179.158252

Timothy
7579.231949

Timothy
6939.790584

Timothy
12389.937526

Timothy
10746.493803

Timothy
9616.509471

Alex
57.222753

Timothy
2974.560826

Timothy
10437.635348

Timothy
6752.231265

Timothy
4876.152295

Timothy
9902.393841

Timothy
1221.266579

Timothy
1221.266579

Alex
1541.642153

Timothy
1663.164741

Timothy
5284.021298

Timothy
8275.267032

Alex
1770.979892

Timothy
2103.036594

Timothy
9165.827736

Timothy
4148.389424

Timothy
6846.271610

Timothy
12724.537532

Timothy
6079.956923

Timothy
6177.444181

Timothy
10805.828841

Alex
7638.975477

Timothy
8851.336956

Timothy
7756.838128

Alex
6173.963909

Timothy
11144.404308

Timothy
2974.560826

Timothy
5284.021298

Timothy
7308.510952

Timothy
11302.292036

Alex
3812.259822

Timothy
5485.572396

Timothy
2322.045066

Timothy
8851.336956

Alex
823.397094

Timothy
6467.053821

Timothy
11772.073003

Timothy
9242.720235

Timothy
5182.638306

Timothy
7489.559685

Timothy
10501.015895

Alex
4600.585144

Timothy
3831.593297

Alex
2644.101688

Timothy
8359.504147

Timothy
6467.053821

Timothy
333.546675

Timothy
10805.828841

Timothy
6467.053821

Timothy
7032.781067

Timothy
11452.433738

Alex
351.691741

Timothy
4253.367000

Alex
5659.856475

Timothy
9242.720235

Timothy
9165.827736

Alex
3730.838937

Timothy
5385.001891

Alex
742.965377

Timothy
11500.741693

Timothy
8359.504147

Alex
436.914668

Timothy
5182.638306

Timothy
11729.072843

Timothy
3082.568794

Timothy
11855.380651

Timothy
1993.287954

Timothy
1883.387517

Alex
1689.156757

Timothy
7399.317062

Alex
1016.522650

Timothy
11144.404308

Timothy
2322.045066

Alex
890.472495

Timothy
2649.210764

Timothy
3405.151388

Timothy
6371.000000

Alex
4002.821746

Timothy
10922.025746

