Alex
643.456619

Timothy
7009.982106

Timothy
920.342760

Timothy
8863.373664

Timothy
2467.543361

Alex
3058.725803

Timothy
2186.706640

Timothy
11702.569498

Alex
2553.453905

Timothy
2037.155931

Alex
834.708753

Timothy
10343.511529

Timothy
71.821868

Timothy
2951.966164

Timothy
11504.566104

Timothy
7566.023163

Alex
6247.183681

Timothy
7440.128632

Alex
6339.702037

Timothy
7449.889596

Timothy
8324.199793

Timothy
4084.291729

Timothy
3788.138353

Timothy
6910.235389

Timothy
2802.396202

Alex
455.507936

Alex
4490.074828

Timothy
1650.379488

Timothy
3289.417780

Alex
1549.889307

Timothy
351.255519

Alex
7653.022938

Timothy
9554.553152

Timothy
1114.924749

Timothy
10800.887739

Timothy
11947.769334

Timothy
11792.870386

Timothy
496.765836

Alex
2567.834394

Timothy
5168.249582

Timothy
8637.899602

Timothy
7858.589332

Alex
2888.467721

Alex
4044.970277

Timothy
8055.127669

Timothy
3289.840391

Alex
319.859569

Timothy
931.363768

Timothy
716.565178

Timothy
6469.958804

Alex
428.378303

Timothy
9350.929901

Timothy
11284.280426

Timothy
9433.444435

Timothy
10855.623370

Timothy
2208.563181

Timothy
585.023173

Alex
173.377611

Timothy
11030.243753

Timothy
11228.595669

Timothy
916.093735

Alex
3011.583917

Alex
1518.321771

Timothy
1189.373428

Timothy
7441.947737

Timothy
9938.805591

Timothy
9393.030251

Alex
4814.660196

Timothy
9206.148787

Timothy
11887.226050

Alex
487.265689

Timothy
8085.485895

Timothy
7829.846384

Timothy
7507.064880

Timothy
5601.399509

Timothy
9145.890902

Alex
369.672053

Timothy
9921.817655

Timothy
9310.308590

Timothy
5952.745448

Alex
3482.917543

Timothy
333.271896

Timothy
11859.738704

Timothy
4068.875996

Timothy
2131.045987

Timothy
6109.290405

Timothy
10952.164027

Timothy
1830.369045

Timothy
11623.616505

Timothy
6927.618337

Timothy
8303.511098

Timothy
8494.546010

Alex
2088.252718

Timothy
2678.196309

Alex
592.389946

Timothy
12506.562564

Alex
954.611432

Timothy
3663.301950

Timothy
7769.283699

Alex
2344.583014

Alex
5291.106858

Timothy
10105.432185

Alex
2501.203473

Timothy
2799.829037

Timothy
10481.897773

Timothy
1662.329311

Alex
268.164738

Timothy
3623.748995

Timothy
3686.001803

Alex
4280.793422

Timothy
3299.536285

Alex
279.072329

Alex
1264.105094

Timothy
4622.642066

Timothy
10849.224202

Timothy
2626.033914

Alex
3125.486678

Timothy
8443.685601

Timothy
3529.891150

Timothy
4736.606785

Timothy
675.181475

Timothy
10476.903090

Timothy
1326.762095

Alex
4354.621006

Timothy
9156.248556

Timothy
10892.639375

Timothy
7990.077564

Alex
3149.668666

Timothy
6924.304600

Alex
4417.317881

Alex
131.916024

Timothy
11980.692637

Timothy
2171.460274

Timothy
8156.185100

Timothy
10489.396091

Alex
10.176155

Timothy
8969.014409

Timothy
4667.465921

Timothy
11271.973989

Timothy
1362.871533

Timothy
8553.882472

Timothy
9843.295473

Timothy
1538.979815

Alex
772.061827

Timothy
1095.456003

Timothy
10475.397213

Timothy
10659.502508

Timothy
10941.688820

Timothy
9384.578890

Timothy
9859.891908

Timothy
4729.659017

Timothy
604.027791

Alex
441.240208

Timothy
6238.354223

Timothy
9025.375876

Timothy
3639.970300

Alex
1258.814051

Timothy
10270.999434

Timothy
6794.032236

Timothy
2033.946018

Timothy
7843.741090

Timothy
4934.737531

Alex
7881.223976

Timothy
7663.983090

Alex
6794.747202

Timothy
7927.342341

Timothy
9463.577458

Alex
7729.709631

Timothy
2149.104571

Timothy
7322.049034

Timothy
6027.874764

Timothy
1653.295334

Timothy
11087.393913

Alex
1641.829180

Timothy
3280.299866

Alex
1680.222873

Timothy
8257.697235

Alex
4364.778710

Timothy
9509.429142

Timothy
308.625694

Alex
3995.802788

Timothy
321.417316

Timothy
3389.351758

Timothy
1277.604387

Timothy
2729.909596

Timothy
1575.961270

Alex
3150.995877

Timothy
8356.469776

Timothy
2634.607894

Timothy
9093.383255

Timothy
8759.795614

Timothy
4351.547351

Alex
2680.996017

Timothy
10774.237959

Alex
6456.553716

Timothy
6636.946520

Alex
1063.159854

Timothy
12167.674127

Timothy
8387.838352

Timothy
3339.517823

Alex
2149.507055

Timothy
10195.747970

Timothy
10344.555924

Timothy
2687.442526

Timothy
12066.595505

Alex
4305.530374

Timothy
6480.494965

Timothy
1944.661831

Timothy
6921.794402

Timothy
10931.347813

Timothy
2467.460125

Timothy
11418.735519

Timothy
4361.003171

Timothy
9724.818658

Alex
700.684720

Timothy
10499.244602

Timothy
3268.862544

Timothy
8300.236206

Alex
2251.319903

Timothy
1836.314284

Alex
2417.587687

Alex
143.881243

Alex
8022.710092

Timothy
6205.058222

Timothy
9395.459822

Timothy
6583.545932

Timothy
4307.624609

Timothy
7321.098207

Timothy
407.739554

Alex
1282.291957

Timothy
7338.958160

Timothy
7422.180453

Alex
2674.211801

Timothy
7792.631721

Alex
4187.639432

Timothy
5424.715192

Timothy
3514.136909

Alex
2460.588537

Alex
592.197969

Alex
730.263990

Timothy
4988.419529

Alex
2048.961651

Alex
1388.292726

Timothy
8359.581521

Timothy
8226.231918

Timothy
7960.188726

Alex
1017.417800

Timothy
10656.115247

Timothy
9487.229293

Timothy
7257.986185

Timothy
3505.722397

Timothy
406.266973

Timothy
8862.347161

Alex
703.211930

Timothy
5700.552891

Timothy
12719.603636

Alex
1032.546901

Timothy
5934.510622

Alex
3104.499709

Alex
1570.314006

Alex
6533.617660

Alex
1519.143910

Timothy
11288.399470

Timothy
7673.995451

Timothy
3654.092137

Timothy
6043.460435

Timothy
8348.230826

Alex
8748.104730

Alex
1758.152180

Alex
1841.165405

Timothy
1741.934577

Timothy
9679.899755

Timothy
5179.695219

Alex
327.765909

Timothy
10209.384802

Timothy
6889.437371

Timothy
5647.164555

Timothy
10241.270429

Alex
1048.687406

Timothy
7006.120166

Timothy
8118.248202

Timothy
3011.314226

Timothy
6723.241326

Timothy
371.389711

Timothy
10509.644084

Timothy
8801.150998

Timothy
11478.109073

Alex
1936.015891

Alex
2885.489799

Timothy
3745.422163

Timothy
3560.033528

Timothy
5742.590384

Timothy
1725.748449

Timothy
12555.154362

Timothy
10330.533696

Timothy
927.537430

Alex
154.810037

Timothy
7093.059130

Timothy
7917.238688

Timothy
11595.029864

Timothy
9497.186156

Alex
1797.523632

Timothy
4321.638645

Timothy
12132.459450

Timothy
10900.878581

Timothy
12391.223853

Timothy
10423.552938

Timothy
9599.196957

Alex
282.614432

Alex
559.529808

Timothy
7047.732957

Timothy
8337.369683

Timothy
12266.185571

Alex
1101.476536

Alex
3572.220792

Timothy
8569.061582

Alex
4647.995226

Alex
449.432681

Alex
280.015048

Timothy
4812.686668

Timothy
3921.169534

Timothy
7020.119272

Alex
230.413989

Timothy
1435.553550

Alex
54.261200

Timothy
217.678943

Timothy
10944.093560

Timothy
1832.756367

Timothy
10541.233593

Timothy
4602.823193

Timothy
10923.517280

Timothy
1155.355043

Timothy
10869.749150

Alex
1307.022471

Timothy
8025.696615

Timothy
10062.581918

Timothy
3076.720381

Timothy
6222.796160

Timothy
9688.770870

Timothy
8908.900402

Alex
3373.426929

Timothy
11181.069389

Alex
1304.642840

Timothy
12533.023583

Timothy
10443.858792

Alex
5104.639372

Timothy
11335.083800

Alex
523.051951

Timothy
8358.436299

Timothy
566.689204

Timothy
11074.973549

Timothy
8096.947066

Timothy
6971.784572

Timothy
9861.439980

Timothy
246.712336

Alex
2131.340279

Timothy
7641.091546

Timothy
6902.608927

Timothy
7488.682471

Alex
247.365989

Timothy
10133.160557

Timothy
8111.034654

Timothy
6730.552972

Timothy
4447.685467

Alex
705.091630

Timothy
5780.647425

Timothy
11404.153706

Timothy
11065.672855

Timothy
6440.187260

Alex
220.139127

Timothy
9080.137181

Timothy
1244.207717

Timothy
5556.221379

Alex
707.559482

Timothy
8997.604126

Timothy
9570.629055

Timothy
8084.862297

Timothy
10180.149561

Timothy
12585.823503

Timothy
268.613811

Timothy
10724.567856

Timothy
6869.234969

Timothy
359.594561

Timothy
4410.968288

Timothy
10986.148234

Alex
1172.547856

Alex
3296.657629

Timothy
4379.379011

Alex
538.819187

Timothy
11100.933563

Timothy
9783.526203

Timothy
5588.268322

Timothy
3638.925879

Alex
5761.654216

Timothy
8043.757708

Alex
2916.676676

Timothy
11777.210703

Timothy
3406.909377

Timothy
10680.456786

Timothy
5753.786238

Timothy
277.972158

Timothy
3830.523465

Alex
2862.666849

Timothy
9082.947099

Timothy
7283.785916

Alex
2957.360846

Alex
182.592968

Timothy
3757.798649

Timothy
1230.298776

Timothy
966.845734

Alex
2862.943998

Timothy
9510.961176

Timothy
5357.032363

Timothy
5636.648821

Timothy
10240.771306

Timothy
9598.166496

Timothy
10850.919214

Timothy
5896.649941

Alex
28.885942

Timothy
8672.883074

Alex
781.066859

Timothy
8978.902455

Timothy
10744.317228

Timothy
10846.713489

Timothy
907.227039

Timothy
10457.138056

Timothy
4204.831451

Alex
1158.227619

Timothy
3547.106358

Alex
2909.598256

Timothy
12203.759349

Alex
4973.875280

Timothy
10323.097074

Alex
464.541554

Timothy
8869.483158

Alex
4580.491111

Timothy
4041.798467

Timothy
2164.902641

Timothy
7136.419061

Alex
3020.692861

Alex
538.710691

Timothy
9120.929135

Timothy
1508.882785

Timothy
3680.504829

Alex
59.724491

Timothy
6518.522327

Timothy
10148.992530

Alex
1140.493365

Timothy
11055.046447

Timothy
727.920909

Alex
3094.186983

Timothy
6609.134624

Timothy
3101.561470

Timothy
8205.141285

Alex
3244.852978

Alex
686.302754

Alex
5299.315063

Timothy
6681.550255

Timothy
2475.186180

Timothy
3116.534124

Timothy
8989.235841

Alex
88.629640

Timothy
3920.237011

Timothy
8842.399333

Timothy
104.232739

Alex
914.377789

Alex
6213.180795

Timothy
11532.892398

Timothy
5357.741208

Timothy
5604.679557

Timothy
1288.342340

Timothy
9962.466341

Timothy
5382.824411

Timothy
8022.281402

Alex
52.611043

Alex
424.306703

Alex
1450.751293

Alex
2000.514845

Timothy
10320.339588

Alex
91.721557

Timothy
7074.507780

Alex
1295.132971

Timothy
9880.642573

Timothy
421.885609

Timothy
7512.666922

Timothy
5403.813092

Timothy
10329.131992

Alex
4572.118603

Timothy
2102.825589

Timothy
12327.000327

Timothy
4648.744616

Timothy
1888.986964

Timothy
6778.601615

Timothy
4589.116606

Alex
887.389073

Alex
4652.391279

Timothy
7794.751865

Timothy
1065.860858

Timothy
753.915363

Timothy
9813.901722

