Timothy
9165.827736

Timothy
8851.336956

Alex
2303.322003

Timothy
11144.404308

Timothy
666.864754

Timothy
6752.231265

Alex
2160.728982

Alex
1186.255090

Timothy
8771.014003

Alex
983.473859

Timothy
7489.559685

Timothy
5982.006653

Timothy
666.864754

Alex
2369.536654

Timothy
5485.572396

Timothy
11814.176675

Timothy
5385.001891

Timothy
6079.956923

Timothy
9543.193794

Timothy
3725.400262

Timothy
3725.400262

Timothy
11034.895695

Timothy
10437.635348

Alex
1328.062179

Alex
189.379710

Timothy
6752.231265

Timothy
8526.062186

Timothy
7217.148271

Timothy
11685.179468

Alex
99.482041

Timothy
10308.494542

Timothy
7579.231949

Timothy
12389.937526

Timothy
9971.993135

Timothy
9242.720235

Alex
678.807439

Alex
217.196315

Alex
1059.955113

Timothy
1552.859174

Timothy
8018.800423

Timothy
8851.336956

Timothy
3725.400262

Timothy
1110.538474

Timothy
5784.746948

Timothy
555.798234

Timothy
7668.327025

Timothy
9760.938294

Timothy
5982.006653

Timothy
2322.045066

Timothy
11772.073003

Alex
7290.099122

Timothy
4876.152295

Timothy
3831.593297

Timothy
5284.021298

Timothy
2540.346220

Alex
6526.454140

Alex
6408.499413

Alex
231.061771

Timothy
11302.292036

Timothy
5385.001891

Timothy
5385.001891

Timothy
11594.726514

Timothy
3512.171188

Timothy
222.378563

Timothy
8690.023104

Alex
164.042677

Alex
5544.299035

Alex
326.925630

Timothy
11090.072278

Alex
330.635865

Alex
5189.733745

Timothy
8018.800423

Timothy
7308.510952

Timothy
9394.387826

Timothy
1221.266579

Alex
5665.082520

Alex
1065.577985

Timothy
8608.370425

Timothy
7932.081500

Alex
5047.530286

Alex
1871.309496

Timothy
11452.433738

Alex
5811.058127

Timothy
2103.036594

Timothy
9760.938294

Timothy
11594.726514

Timothy
8443.104654

Timothy
11403.253636

Alex
6759.923256

Alex
1527.864343

Timothy
3725.400262

Timothy
9902.393841

Timothy
1883.387517

Timothy
12672.197991

Timothy
444.689387

Timothy
7668.327025

Timothy
2866.326334

Alex
1189.389444

Timothy
7756.838128

Timothy
2757.873561

Timothy
12363.508144

Alex
5930.275692

Timothy
12217.281062

Timothy
3082.568794

Timothy
4773.237213

Timothy
11250.518228

Timothy
5485.572396

Alex
582.430508

Alex
1439.344721

Timothy
1663.164741

Timothy
5585.725152

Timothy
3512.171188

Timothy
10308.494542

Alex
840.664152

Alex
1568.033343

Timothy
6657.676712

Timothy
11197.887650

Timothy
10563.596749

Timothy
9616.509471

Timothy
11594.726514

Timothy
4978.696039

Timothy
10746.493803

Timothy
10308.494542

Timothy
12118.362131

Alex
3568.643889

Timothy
1110.538474

Timothy
10437.635348

Timothy
5385.001891

Timothy
11353.205131

Timothy
5485.572396

Timothy
5182.638306

Timothy
2649.210764

Alex
665.034503

Timothy
9318.908866

Alex
1844.124776

Timothy
7489.559685

Timothy
10686.340377

Alex
141.105777

Timothy
1993.287954

Timothy
2649.210764

Timothy
12439.963723

Timothy
5883.600830

Timothy
12486.200586

Timothy
8771.014003

Timothy
4773.237213

Timothy
6274.461003

Alex
435.454038

Timothy
6079.956923

Timothy
10501.015895

Timothy
7844.758519

Timothy
4253.367000

Timothy
12632.990424

Alex
1540.779470

Alex
2224.734398

Timothy
6467.053821

Alex
187.885170

Alex
598.588412

Timothy
222.378563

Alex
2852.539965

Alex
693.307931

Timothy
6939.790584

Alex
5421.023660

Timothy
555.798234

Timothy
10373.459935

Timothy
9165.827736

Timothy
10437.635348

Alex
1722.504361

Timothy
1221.266579

Timothy
7932.081500

Timothy
9760.938294

Timothy
11353.205131

Timothy
7399.317062

Alex
3826.941292

Timothy
4669.958631

Timothy
11403.253636

Alex
1796.570089

Timothy
6177.444181

Timothy
8359.504147

Timothy
11250.518228

Timothy
10501.015895

Timothy
6939.790584

Alex
362.545684

Timothy
11403.253636

Timothy
8930.985846

Timothy
6562.615151

Timothy
4043.095932

Alex
360.647768

Timothy
4566.324413

Alex
3800.983149

Timothy
333.546675

Alex
917.841574

Timothy
2866.326334

Timothy
5182.638306

Timothy
12439.963723

Alex
3987.740045

Timothy
12278.579235

Alex
850.762071

Timothy
2212.625080

Timothy
8930.985846

Timothy
9760.938294

Timothy
5182.638306

Timothy
6562.615151

Timothy
7308.510952

Timothy
2540.346220

Alex
63.753921

Timothy
8190.399723

Timothy
9165.827736

Timothy
6657.676712

Timothy
7579.231949

Timothy
8851.336956

Alex
71.046062

Timothy
6371.000000

Alex
1906.098872

Timothy
9616.509471

Timothy
7308.510952

Timothy
1331.901679

Timothy
9469.151366

Timothy
8771.014003

Alex
814.559257

Timothy
12647.023064

Timothy
10176.213669

Timothy
2866.326334

Alex
443.278839

Timothy
11772.073003

Timothy
5385.001891

Timothy
2649.210764

Timothy
9543.193794

Alex
454.516945

Timothy
11090.072278

Timothy
2322.045066

Timothy
11500.741693

Timothy
444.689387

Timothy
10176.213669

Timothy
222.378563

Alex
274.523059

Alex
1681.797812

Timothy
11500.741693

Timothy
4773.237213

Timothy
11855.380651

Timothy
6371.000000

Timothy
11144.404308

Alex
1234.942637

Alex
3367.012602

Alex
3388.840007

Alex
359.666441

Alex
6363.675947

Alex
101.916766

Timothy
9971.993135

Alex
3131.498582

Timothy
7932.081500

Timothy
10746.493803

Alex
46.989105

Alex
194.306271

Timothy
4148.389424

Timothy
12672.197991

Timothy
1883.387517

Timothy
9832.040442

Timothy
12389.937526

Timothy
3618.923522

Alex
3076.323043

Alex
375.544077

Timothy
2757.873561

Timothy
3297.872273

Alex
4965.956117

Alex
1169.738600

Alex
3291.490304

Timothy
9760.938294

Alex
5481.190106

Timothy
2757.873561

Timothy
1442.435350

Alex
1182.228255

Alex
6801.011612

Timothy
4043.095932

Timothy
2974.560826

Timothy
12307.826879

Timothy
1110.538474

Alex
5612.384519

Timothy
10501.015895

Alex
3411.751023

Timothy
5485.572396

Alex
3835.474125

Timothy
4773.237213

Timothy
10746.493803

Timothy
7844.758519

Timothy
10108.908262

Timothy
8190.399723

Alex
286.931802

Alex
614.108994

Timothy
3297.872273

Timothy
1110.538474

Timothy
5080.860636

Timothy
8690.023104

Timothy
6467.053821

Alex
1381.805160

Timothy
10864.340974

Alex
563.527609

Timothy
10308.494542

Alex
175.505890

Timothy
1663.164741

Timothy
3618.923522

Timothy
12083.540015

Timothy
4669.958631

Timothy
8608.370425

Timothy
7032.781067

Alex
2771.588211

Alex
1035.090131

Timothy
10563.596749

Timothy
1883.387517

Timothy
3512.171188

Timothy
9760.938294

Alex
2582.632850

Timothy
3937.494542

Timothy
5284.021298

Timothy
7217.148271

Timothy
9394.387826

Alex
1208.642451

Timothy
9543.193794

Timothy
7579.231949

Timothy
9543.193794

Alex
5214.307613

Timothy
11353.205131

Alex
654.025689

Alex
615.775330

Timothy
4358.020666

Timothy
4773.237213

Alex
155.774672

Timothy
5485.572396

Timothy
10864.340974

Timothy
6467.053821

Timothy
5284.021298

Timothy
12737.633635

Alex
3476.937852

Timothy
10040.833022

Alex
4410.395809

Timothy
7489.559685

Timothy
8104.908683

Timothy
5784.746948

Timothy
8690.023104

Alex
7005.199753

Alex
2224.720635

Timothy
3937.494542

Timothy
4978.696039

Timothy
10686.340377

Alex
6196.186067

Timothy
4148.389424

Timothy
10437.635348

Timothy
1993.287954

Timothy
6657.676712

Alex
1455.539829

Timothy
3082.568794

Timothy
2431.288219

Timothy
6079.956923

Alex
3851.344217

Timothy
8851.336956

Alex
550.184501

Timothy
3082.568794

Timothy
4566.324413

Timothy
444.689387

Timothy
11895.681794

Timothy
6939.790584

Alex
2202.148745

Timothy
9242.720235

Timothy
11594.726514

Alex
1898.786710

Timothy
10040.833022

Timothy
3297.872273

Timothy
8608.370425

Timothy
7489.559685

Timothy
11548.173822

Timothy
10108.908262

Timothy
1221.266579

Timothy
1552.859174

Timothy
5385.001891

Timothy
10686.340377

Timothy
11895.681794

Timothy
4358.020666

Timothy
9543.193794

Timothy
4773.237213

Timothy
5685.452535

Timothy
6079.956923

Alex
8525.291107

Alex
1388.923307

Timothy
8851.336956

Timothy
3512.171188

Timothy
7668.327025

Timothy
7756.838128

Timothy
5585.725152

Timothy
222.378563

Timothy
11403.253636

Timothy
10108.908262

Alex
4336.954124

Alex
605.786033

Alex
14.108485

Timothy
5585.725152

Timothy
5182.638306

Timothy
10308.494542

Timothy
8275.267032

Timothy
5982.006653

Alex
4155.943226

Timothy
4566.324413

Timothy
1221.266579

Timothy
8443.104654

Alex
196.649579

Timothy
5982.006653

Timothy
9009.954606

Alex
16.107705

Timothy
2540.346220

Timothy
444.689387

Timothy
7032.781067

Timothy
4669.958631

Alex
1062.777143

Timothy
5080.860636

Timothy
8930.985846

Alex
2036.210207

Timothy
4773.237213

Timothy
1442.435350

Timothy
12278.579235

Timothy
1883.387517

Timothy
11685.179468

Timothy
11144.404308

Timothy
9088.237223

Timothy
5182.638306

Timothy
7032.781067

Timothy
9242.720235

Timothy
11302.292036

Timothy
9469.151366

Timothy
3082.568794

Timothy
10686.340377

Timothy
2866.326334

Timothy
11640.396221

Timothy
222.378563

Alex
2743.041491

Timothy
2103.036594

Timothy
10805.828841

Alex
1408.171710

Alex
2219.308739

Alex
540.273224

Timothy
2431.288219

Timothy
11772.073003

Alex
4953.754689

Timothy
1773.343652

Timothy
4358.020666

Timothy
12486.200586

Alex
1025.038967

Timothy
10978.878762

Alex
1325.617444

Timothy
3618.923522

Timothy
1663.164741

Timothy
3405.151388

Timothy
11973.563374

Alex
2207.662384

Timothy
555.798234

Timothy
9902.393841

Alex
193.119407

Timothy
8771.014003

Alex
1366.401005

Alex
3067.270606

Timothy
777.880491

Alex
100.521656

Timothy
12439.963723

Timothy
9242.720235

Timothy
2974.560826

Timothy
4669.958631

Timothy
5585.725152

Timothy
8018.800423

Alex
760.973259

Timothy
12632.990424

Timothy
8359.504147

Timothy
1552.859174

Alex
3078.204051

Timothy
7032.781067

Timothy
10242.744118

Timothy
5883.600830

Timothy
777.880491

Timothy
8526.062186

Alex
42.626809

Timothy
444.689387

Timothy
5080.860636

Alex
5305.962234

Alex
1401.949269

Timothy
3082.568794

Timothy
11034.895695

Alex
3436.928672

Timothy
999.725798

Timothy
1221.266579

Timothy
5182.638306

Timothy
4043.095932

Timothy
1110.538474

Alex
153.516794

Alex
1791.139044

Timothy
5182.638306

Timothy
777.880491

Alex
736.904547

Timothy
7668.327025

Timothy
6274.461003

Timothy
8690.023104

Timothy
11500.741693

Timothy
10625.373145

Timothy
11594.726514

Alex
5772.647699

