Timothy
4669.958631

Timothy
8771.014003

Alex
3831.901008

Timothy
5883.600830

Timothy
11250.518228

Alex
883.019422

Timothy
2649.210764

Alex
457.805881

Timothy
6846.271610

Timothy
999.725798

Timothy
2974.560826

Timothy
12083.540015

Alex
1673.774623

Alex
3566.810224

Timothy
10176.213669

Alex
3265.728226

Timothy
888.836988

Timothy
11640.396221

Alex
663.241320

Timothy
3831.593297

Alex
432.204217

Timothy
7932.081500

Timothy
4876.152295

Alex
178.225453

Timothy
333.546675

Timothy
5284.021298

Alex
264.321672

Timothy
7844.758519

Timothy
7844.758519

Timothy
5284.021298

Timothy
9009.954606

Alex
709.302746

Timothy
9689.092814

Alex
2482.761910

Timothy
10108.908262

Timothy
7308.510952

Timothy
6079.956923

Alex
382.582996

Alex
4020.635023

Timothy
6274.461003

Timothy
3512.171188

Timothy
12278.579235

Timothy
999.725798

Alex
684.985801

Timothy
5883.600830

Alex
161.357180

Timothy
11548.173822

Alex
2577.849055

Timothy
11452.433738

Timothy
10108.908262

Alex
5383.477231

Alex
5080.962831

Timothy
6371.000000

Timothy
5982.006653

Alex
2332.760240

Timothy
3297.872273

Alex
1190.620418

Timothy
3405.151388

Alex
2779.572308

Alex
643.288323

Timothy
1993.287954

Timothy
1221.266579

Timothy
2649.210764

Timothy
7668.327025

Timothy
8771.014003

Timothy
1110.538474

Timothy
7932.081500

Timothy
11090.072278

Alex
1739.583972

Timothy
222.378563

Timothy
10686.340377

Timothy
999.725798

Alex
2477.567410

Timothy
12507.893571

Alex
1111.035286

Timothy
7399.317062

Timothy
2103.036594

Alex
25.138391

Alex
2360.560110

Timothy
3725.400262

Alex
1015.328623

Timothy
8608.370425

Timothy
777.880491

Timothy
12693.512843

Alex
638.624725

Timothy
9088.237223

Alex
508.735340

Alex
1903.777460

Timothy
8526.062186

Timothy
4358.020666

Timothy
8275.267032

Timothy
3937.494542

Timothy
8104.908683

Timothy
6939.790584

Timothy
4148.389424

Timothy
10040.833022

Alex
3649.204675

Alex
243.070179

Timothy
11353.205131

Alex
2617.830214

Timothy
11729.072843

Timothy
5385.001891

Timothy
1110.538474

Timothy
12011.137879

Timothy
333.546675

Alex
166.287697

Alex
5128.670902

Timothy
4148.389424

Timothy
8443.104654

Timothy
7668.327025

Timothy
888.836988

Timothy
11250.518228

Timothy
6177.444181

Timothy
6371.000000

Timothy
5585.725152

Timothy
7399.317062

Timothy
5685.452535

Timothy
3297.872273

Timothy
4253.367000

Timothy
7399.317062

Timothy
12734.237918

Timothy
10805.828841

Timothy
3937.494542

Timothy
5883.600830

Alex
1489.703203

Timothy
7125.235976

Timothy
9165.827736

Timothy
888.836988

Timothy
11855.380651

Timothy
2757.873561

Alex
5283.376523

Timothy
1442.435350

Timothy
9394.387826

Timothy
4148.389424

Timothy
222.378563

Timothy
11855.380651

Alex
706.504216

Timothy
10978.878762

Timothy
9760.938294

Timothy
444.689387

Timothy
3831.593297

Timothy
5585.725152

Timothy
11855.380651

Timothy
2974.560826

Timothy
9242.720235

Timothy
7308.510952

Alex
3290.577432

Alex
3524.359852

Timothy
8018.800423

Timothy
8104.908683

Timothy
6752.231265

Timothy
2103.036594

Timothy
10922.025746

Timothy
11973.563374

Timothy
666.864754

Alex
2496.988629

Alex
887.237384

Timothy
7489.559685

Timothy
222.378563

Timothy
9318.908866

Timothy
12439.963723

Timothy
11403.253636

Alex
511.973796

Timothy
8190.399723

Timothy
8526.062186

Alex
5253.953135

Timothy
9394.387826

Timothy
1993.287954

Alex
6599.633561

Timothy
10040.833022

Timothy
6939.790584

Timothy
12011.137879

Alex
6841.247450

Timothy
9971.993135

Timothy
444.689387

Timothy
8104.908683

Timothy
10746.493803

Timothy
10108.908262

Alex
4711.862617

Alex
1725.750625

Alex
3188.296644

Timothy
8690.023104

Timothy
5982.006653

Alex
4980.946650

Timothy
9242.720235

Alex
860.212086

Timothy
6079.956923

Timothy
9689.092814

Timothy
8526.062186

Timothy
9318.908866

Timothy
666.864754

Timothy
10746.493803

Timothy
11772.073003

Timothy
888.836988

Timothy
3618.923522

Timothy
2103.036594

Timothy
2649.210764

Alex
1929.310145

Timothy
3190.342012

Timothy
1552.859174

Timothy
12152.261386

Timothy
12463.556729

Timothy
4773.237213

Alex
4286.960710

Timothy
12011.137879

Timothy
11855.380651

Alex
4213.697682

Alex
2488.619537

Timothy
8851.336956

Timothy
1552.859174

Timothy
9689.092814

Timothy
9009.954606

Timothy
5685.452535

Timothy
10108.908262

Timothy
10864.340974

Timothy
7489.559685

Timothy
5080.860636

Alex
2702.518078

Timothy
1331.901679

Alex
3586.191563

Timothy
6939.790584

Timothy
9318.908866

Timothy
6274.461003

Timothy
8526.062186

Alex
326.943322

Timothy
333.546675

Timothy
1993.287954

Timothy
1331.901679

Alex
6896.469145

Timothy
9832.040442

Alex
2217.660295

Timothy
2757.873561

Timothy
8275.267032

Timothy
8526.062186

Timothy
10563.596749

Timothy
12463.556729

Timothy
8359.504147

Timothy
2212.625080

Alex
3158.374949

Alex
3678.559482

Timothy
2431.288219

Timothy
3937.494542

Timothy
1993.287954

Timothy
888.836988

Timothy
7932.081500

Timothy
777.880491

Timothy
11302.292036

Alex
2214.178095

Timothy
6467.053821

Timothy
11197.887650

Alex
3770.286253

Timothy
1993.287954

Alex
124.740831

Alex
483.250069

Timothy
12693.512843

Timothy
2649.210764

Timothy
6752.231265

Timothy
10864.340974

Timothy
10437.635348

Alex
3167.855334

Alex
12.331287

Alex
3767.372620

Timothy
6177.444181

Timothy
11548.173822

Timothy
3937.494542

Timothy
10563.596749

Timothy
8851.336956

Timothy
4148.389424

Timothy
4876.152295

Timothy
11197.887650

Alex
1848.189088

Timothy
10686.340377

Alex
4744.288863

Timothy
9318.908866

Timothy
6274.461003

Timothy
11144.404308

Timothy
8771.014003

Timothy
1773.343652

Timothy
10176.213669

Alex
8511.698574

Timothy
111.193515

Timothy
10308.494542

Timothy
6177.444181

Alex
427.665467

Alex
102.826474

Timothy
12567.251135

Timothy
9009.954606

Timothy
999.725798

Timothy
9088.237223

Alex
3388.864620

Timothy
9088.237223

Timothy
10501.015895

Alex
2970.259134

Timothy
8771.014003

Timothy
2974.560826

Timothy
8690.023104

Timothy
6274.461003

Alex
620.924170

Timothy
12278.579235

Alex
1927.837620

Timothy
6752.231265

Alex
3530.887577

Timothy
7932.081500

Alex
176.218800

Alex
3242.077975

Timothy
9009.954606

Alex
6783.462050

Timothy
3190.342012

Timothy
10437.635348

Alex
644.046943

Timothy
6846.271610

Timothy
333.546675

Timothy
6467.053821

Timothy
11594.726514

Timothy
9616.509471

Timothy
3618.923522

Alex
2543.275194

Alex
2278.831563

Timothy
8771.014003

Alex
4460.498050

Timothy
7932.081500

Timothy
10746.493803

Timothy
10176.213669

Alex
3844.340620

Timothy
6177.444181

Alex
7013.688366

Timothy
111.193515

Alex
352.829041

Timothy
8104.908683

Alex
291.853861

Timothy
3190.342012

Alex
3017.534474

Alex
8207.603319

Timothy
6846.271610

Alex
1981.756355

Timothy
8771.014003

Timothy
5883.600830

Timothy
8608.370425

Timothy
12278.579235

Timothy
9165.827736

Timothy
12118.362131

Timothy
7125.235976

Timothy
12734.237918

Timothy
222.378563

Timothy
11973.563374

Timothy
9902.393841

Timothy
3512.171188

Alex
7349.187990

Alex
7738.795736

Timothy
111.193515

Timothy
10176.213669

Timothy
8771.014003

Timothy
11855.380651

Timothy
4253.367000

Alex
7723.268573

Timothy
10373.459935

Alex
5932.114769

Alex
94.249347

Alex
8736.342257

Timothy
1110.538474

Timothy
1552.859174

Timothy
6846.271610

Timothy
5982.006653

Timothy
2212.625080

Timothy
5883.600830

Timothy
5685.452535

Timothy
11548.173822

Alex
3396.236898

Timothy
7844.758519

Timothy
4773.237213

Timothy
9009.954606

Timothy
4358.020666

Timothy
2866.326334

Timothy
12047.797690

Timothy
4462.342452

Timothy
111.193515

Timothy
6939.790584

Alex
4320.441567

Timothy
3725.400262

Timothy
6846.271610

Timothy
10373.459935

Alex
6557.936794

Timothy
2540.346220

Alex
3611.565046

Timothy
8851.336956

Alex
7619.908425

Timothy
10108.908262

Timothy
3831.593297

Alex
948.121246

Timothy
1110.538474

Timothy
8851.336956

Alex
1222.207705

Alex
2430.083209

Timothy
12217.281062

Timothy
333.546675

Timothy
6657.676712

Timothy
1773.343652

Timothy
7579.231949

Alex
189.012962

Timothy
10978.878762

Timothy
5080.860636

Timothy
8275.267032

Alex
5625.266734

Timothy
888.836988

Alex
7502.551829

Timothy
10242.744118

Timothy
2757.873561

Alex
430.162700

Alex
5769.986750

Timothy
10501.015895

Timothy
1552.859174

Timothy
1663.164741

Timothy
1773.343652

Timothy
10242.744118

Timothy
8771.014003

Timothy
8190.399723

Timothy
9009.954606

Timothy
8443.104654

Timothy
8690.023104

Alex
803.645133

Timothy
5685.452535

Timothy
9394.387826

Alex
6509.036670

Timothy
11403.253636

Timothy
444.689387

Timothy
1442.435350

Alex
434.909741

Alex
6642.801467

Timothy
9543.193794

Timothy
11973.563374

Timothy
8443.104654

Timothy
1552.859174

Timothy
3618.923522

Alex
1571.505441

Timothy
11640.396221

Alex
2707.811948

Timothy
8190.399723

Alex
1340.861717

Alex
883.210589

Timothy
9242.720235

Timothy
8851.336956

Timothy
5182.638306

Alex
3226.242151

Timothy
6846.271610

Timothy
4669.958631

Alex
156.391959

Alex
3803.585952

Timothy
7217.148271

Timothy
3297.872273

Alex
188.730026

Alex
802.147630

Timothy
9469.151366

Alex
431.106300

Timothy
10686.340377

Timothy
5883.600830

Timothy
3190.342012

Timothy
12185.235200

Timothy
10437.635348

Timothy
11452.433738

Timothy
8526.062186

Timothy
222.378563

Alex
3260.242795

Timothy
2212.625080

Alex
363.047878

Timothy
11250.518228

Timothy
8443.104654

Alex
941.418783

Timothy
1221.266579

Alex
0.000000

Alex
1667.872881

Timothy
4253.367000

Timothy
8690.023104

Timothy
2103.036594

Timothy
5585.725152

Timothy
9689.092814

Timothy
8443.104654

Timothy
10746.493803

Alex
842.532598

Timothy
6657.676712

Timothy
6274.461003

Alex
2354.719193

Alex
2954.575878

Timothy
4773.237213

Timothy
10625.373145

Timothy
10864.340974

Timothy
7125.235976

Timothy
11729.072843

Alex
2852.929899

Timothy
9165.827736

Timothy
10563.596749

Timothy
999.725798

Timothy
9902.393841

Alex
5275.079538

Timothy
6079.956923

Alex
4058.636194

Timothy
1331.901679

Alex
4136.239214

Alex
4396.963490

Timothy
4358.020666

Alex
1303.217950

