Timothy
10913.312018

Timothy
611.837225

Timothy
8960.812600

Alex
4557.396060

Timothy
6599.438256

Alex
7163.100707

Alex
5710.866553

Timothy
6898.894554

Alex
5822.157480

Timothy
8461.577973

Alex
1294.642365

Alex
938.039800

Alex
2993.179131

Timothy
10484.694634

Alex
1259.705632

Alex
2722.325111

Alex
285.906664

Timothy
8479.236869

Alex
5261.747671

Timothy
6617.389912

Timothy
6528.563806

Timothy
12341.698475

Timothy
5543.110842

Timothy
5867.766647

Timothy
9418.061558

Timothy
8581.830759

Timothy
9664.702282

Alex
3646.079245

Timothy
8206.068024

Timothy
11298.832573

Timothy
9620.236793

Timothy
10324.354438

Timothy
9306.766908

Timothy
4814.730937

Timothy
7061.141867

Timothy
1676.883138

Timothy
9597.463351

Timothy
4887.992315

Timothy
4102.830389

Timothy
4135.021350

Alex
548.085026

Alex
7016.913118

Timothy
11309.815311

Alex
6853.532470

Timothy
8452.314659

Timothy
818.280618

Timothy
8177.290006

Timothy
2038.039202

Timothy
4750.503608

Timothy
10244.825925

Timothy
399.455577

Alex
3019.147471

Timothy
9238.413048

Timothy
8251.435761

Alex
1584.730861

Timothy
8818.714393

Alex
5818.836914

Timothy
12381.221472

Alex
641.293001

Alex
2405.925568

Alex
1761.633676

Timothy
12161.128412

Timothy
6586.978614

Timothy
6948.001582

Timothy
9042.640058

Timothy
12684.072830

Timothy
6186.520529

Timothy
9728.508619

Alex
3725.778101

Timothy
12261.548279

Timothy
5503.700944

Timothy
6568.923753

Timothy
5155.747237

Timothy
8204.012408

Alex
3825.400025

Timothy
10453.558372

Timothy
4907.008229

Timothy
8912.629261

Alex
234.672810

Timothy
10091.062849

Timothy
9259.076664

Timothy
3381.046090

Timothy
11536.106636

Timothy
16.483754

Timothy
2319.162550

Alex
2346.087200

Alex
3239.300763

Timothy
9574.366657

Timothy
7391.662475

Timothy
4104.134907

Timothy
10596.523952

Timothy
7331.027739

Timothy
7723.724614

Timothy
5833.198353

Timothy
7404.085616

Timothy
1580.593617

Timothy
8320.185977

Timothy
11308.349156

Timothy
5856.281614

Timothy
12628.076800

Timothy
952.723516

Alex
2115.820493

Timothy
2693.042257

Alex
1583.760101

Alex
5003.498714

Timothy
2849.540646

Timothy
7977.077990

Alex
522.631518

Alex
45.391678

Timothy
659.962141

Alex
2457.241707

Timothy
11240.190150

Timothy
10777.649277

Timothy
4844.007405

Timothy
9433.463496

Timothy
8378.658348

Timothy
7435.771613

Timothy
5923.282080

Timothy
5151.575146

Timothy
3998.299268

Alex
39.969698

Timothy
11132.287533

Alex
5488.844610

Alex
1206.900361

Timothy
4564.332869

Alex
5603.674226

Alex
304.369846

Timothy
3163.326268

Alex
4027.859364

Timothy
9414.629889

Alex
1333.583781

Timothy
3133.390228

Timothy
1343.429474

Timothy
12688.471100

Timothy
2626.756611

Timothy
876.917365

Timothy
1107.195010

Timothy
11036.566186

Timothy
4907.769342

Timothy
1288.633283

Timothy
1444.981115

Timothy
9662.701349

Timothy
781.969342

Timothy
5216.609229

Timothy
5485.068368

Timothy
581.067003

Timothy
8364.441310

Timothy
2186.816186

Timothy
1733.898492

Timothy
3358.466268

Timothy
9177.038144

Timothy
11512.476924

Alex
178.105460

Timothy
4404.488030

Alex
2483.253376

Alex
137.758609

Timothy
9658.423578

Timothy
8126.218715

Timothy
10496.649421

Timothy
5898.063413

Timothy
6143.491239

Alex
3445.264702

Timothy
775.131978

Timothy
9353.360216

Timothy
2688.252940

Timothy
7333.919592

Timothy
11997.448065

Timothy
12514.354237

Timothy
6346.905146

Timothy
9894.251301

Timothy
6590.503336

Timothy
4427.368823

Alex
784.662050

Timothy
1370.663335

Timothy
4693.271431

Alex
941.203129

Timothy
427.731989

Alex
55.637099

Timothy
8149.906205

Timothy
6621.182291

Alex
1845.020260

Timothy
10569.194731

Timothy
2523.476924

Alex
1236.657420

Timothy
4174.504375

Timothy
4590.078816

Alex
2881.161375

Timothy
11374.461034

Alex
1784.231588

Alex
99.437049

Timothy
631.541265

Timothy
6106.106493

Timothy
10532.269654

Timothy
7307.576294

Timothy
8753.366146

Timothy
3254.062260

Timothy
6120.673718

Timothy
5930.759538

Timothy
12608.245835

Timothy
7952.884224

Timothy
3848.623142

Timothy
5721.785014

Timothy
10146.026271

Timothy
8745.290358

Alex
1191.414001

Timothy
3198.203162

Timothy
7568.722747

Timothy
1797.898953

Alex
221.512386

Alex
457.264129

Timothy
240.068540

Alex
169.637410

Timothy
6272.679412

Timothy
6181.044272

Timothy
4481.577490

Timothy
8280.207419

Timothy
11003.327481

Timothy
6306.980566

Timothy
8785.457338

Timothy
10494.169372

Timothy
4641.797858

Timothy
11034.489478

Timothy
1025.006737

Timothy
1956.284310

Timothy
368.727049

Timothy
6629.888780

Timothy
7291.214083

Alex
3331.815166

Timothy
7720.342232

Timothy
8575.798573

Timothy
11484.684609

Timothy
7251.828537

Timothy
6464.613986

Alex
212.245167

Timothy
9853.695145

Alex
597.731993

Timothy
58.265160

Timothy
8579.335815

Timothy
9944.388997

Timothy
10697.769045

Timothy
3769.434426

Alex
5726.641464

Timothy
3433.013055

Timothy
6101.253262

Timothy
5822.583992

Alex
2341.565079

Alex
1230.967733

Alex
1061.319549

Timothy
2970.758447

Timothy
10290.234296

Timothy
10222.790524

Timothy
8526.007482

Timothy
7071.441063

Alex
56.576219

Alex
3276.197204

Timothy
933.656780

Timothy
3767.017361

Timothy
10774.117093

Timothy
2789.240633

Timothy
5786.169526

Timothy
9687.441201

Timothy
8373.271684

Timothy
10210.716037

Alex
4022.792320

Timothy
8715.235743

Timothy
8760.689322

Alex
3304.787297

Timothy
11085.343283

Alex
57.135733

Timothy
681.601647

Timothy
5005.238666

Timothy
3525.357668

Alex
351.869614

Timothy
8059.042440

Alex
2576.046407

Timothy
11158.350286

Timothy
9789.994066

Timothy
7425.392755

Timothy
11270.993057

Timothy
1604.131183

Timothy
8635.307313

Timothy
6448.460534

Timothy
4759.672645

Timothy
11974.223985

Alex
302.246612

Timothy
11614.893826

Alex
443.968420

Timothy
12707.682247

Timothy
5179.347566

Timothy
503.920599

Timothy
12430.427393

Timothy
9521.877931

Alex
312.121521

Alex
5917.586307

Timothy
7211.414007

Timothy
12038.045720

Timothy
2098.165555

Timothy
11936.417479

Alex
1901.476170

Timothy
5344.300700

Timothy
7971.865900

Timothy
10577.204724

Timothy
9112.431499

Timothy
6995.858227

Timothy
2205.182798

Timothy
7420.718798

Timothy
4023.304955

Alex
38.113912

Timothy
5507.023432

Timothy
6645.054249

Timothy
3713.392775

Timothy
11691.941140

Alex
256.608448

Timothy
12631.955897

Timothy
7129.799563

Alex
287.639822

Timothy
11671.998396

Alex
1107.082491

Timothy
11534.207141

Timothy
6557.539139

Alex
8825.991577

Timothy
206.023768

Alex
2202.534472

Timothy
8313.852590

Timothy
1863.606243

Timothy
9549.997176

Timothy
7337.717337

Alex
2548.280447

Timothy
9093.697465

Timothy
7576.029368

Timothy
9111.156607

Timothy
985.003964

Timothy
4243.691122

Timothy
10620.340698

Alex
4032.311345

Timothy
4146.736213

Timothy
2582.937490

Timothy
8687.456633

Alex
318.708242

Alex
16.105107

Alex
3620.134153

Timothy
591.467824

Timothy
12179.807521

Timothy
11411.042123

Timothy
9495.499334

Timothy
4878.140168

Timothy
11188.107846

Timothy
6392.567814

Timothy
12006.599893

Timothy
7164.999324

Alex
3542.623767

Timothy
2613.410534

Timothy
6936.293489

Timothy
5675.667503

Alex
2508.974123

Timothy
10906.176741

Timothy
9467.081616

Timothy
5066.729972

Timothy
10509.962646

Timothy
12615.647970

Timothy
6960.723077

Timothy
8799.274424

Timothy
12677.336495

Alex
6944.312222

Timothy
6356.294711

Alex
113.140993

Timothy
9899.554314

Timothy
11696.572818

Timothy
2600.230189

Timothy
2311.103780

Timothy
8021.846075

Timothy
669.833347

Alex
324.890734

Timothy
4417.529125

Timothy
12686.205433

Timothy
9303.752801

Timothy
8562.153540

Timothy
6697.293440

Alex
55.441530

Timothy
9048.170036

Timothy
552.956339

Timothy
452.627449

Timothy
3231.125983

Timothy
5455.492090

Timothy
1758.822789

Alex
1239.609495

Timothy
11578.274337

Timothy
5453.459842

Alex
843.267345

Timothy
9349.673068

Alex
2192.603510

Timothy
4549.806953

Timothy
7162.346990

Timothy
5090.323438

Timothy
6497.779299

Alex
1908.058181

Timothy
8134.735397

Timothy
4788.006822

Timothy
12484.168481

Alex
1296.529503

Timothy
10434.946111

Timothy
7715.751764

Timothy
2377.843087

Timothy
10064.709574

Timothy
8547.946514

Timothy
2624.268915

Timothy
357.335085

Timothy
10291.310448

Alex
177.323109

Timothy
10410.482066

Timothy
4819.701710

Timothy
2890.758849

Alex
2405.749993

Timothy
7843.867013

Timothy
1674.987311

Timothy
11284.359752

Timothy
11308.333271

Timothy
10407.316919

Timothy
1748.816550

Timothy
12107.240559

Timothy
10135.596951

Timothy
6406.921245

Timothy
11693.519368

Timothy
1347.182668

Timothy
10980.301353

Timothy
1098.643534

Timothy
8324.340384

Timothy
9195.736602

Timothy
9587.973135

Timothy
7873.329798

Timothy
882.748043

Timothy
4247.578095

Timothy
5619.343756

Timothy
9449.140999

Timothy
8425.303625

Alex
732.566459

Timothy
5163.023882

Alex
4672.479994

Timothy
12447.000131

Timothy
10118.992457

Alex
4296.992038

Timothy
8512.477251

Alex
2572.447837

Timothy
2270.823772

Alex
108.354561

Timothy
1916.577229

Alex
95.274832

Timothy
11665.446588

Timothy
3354.594337

Alex
6449.392591

Timothy
6465.248217

Timothy
9490.653939

Timothy
8849.888442

Alex
1436.953226

Timothy
5087.880418

Timothy
7506.982310

Timothy
5049.094133

Timothy
7391.266483

Timothy
7222.367025

Timothy
1237.908041

Alex
1637.834233

Timothy
11954.349638

Timothy
1024.267248

Alex
2245.876635

Alex
0.217379

Timothy
7984.043037

Timothy
10471.875177

Timothy
11976.093261

Timothy
3970.297969

Alex
5789.760653

Timothy
9728.539498

Timothy
10542.175516

Timothy
5614.372700

Timothy
11799.745519

Timothy
11289.584931

Timothy
10195.434576

Alex
216.931552

Timothy
8428.365773

Timothy
8648.651577

Alex
1539.725091

Timothy
3189.417370

Timothy
4344.317734

Timothy
2018.077823

Timothy
11139.024887

Alex
1879.810703

Timothy
9273.683576

Timothy
10353.464876

Timothy
3147.070272

Timothy
135.242738

Timothy
2218.171652

Timothy
4660.125233

Timothy
9073.793745

Timothy
6106.530347

Timothy
4553.260260

Timothy
9060.920795

Timothy
4754.605166

Timothy
1492.288143

Timothy
911.462080

Alex
19.539760

Timothy
2405.290195

